{"target": 0.7590265294735372, "params": {"learning_rate": 0.387226060156836, "num_iterations": 492.81431624881435, "num_leaves": 10.5950251093827}, "datetime": {"datetime": "2022-12-08 19:41:39", "elapsed": 0.0, "delta": 0.0}}
{"target": 0.7588195834821232, "params": {"learning_rate": 0.24341569598417045, "num_iterations": 196.76780580812934, "num_leaves": 27.287267328391984}, "datetime": {"datetime": "2022-12-08 19:42:26", "elapsed": 47.240129, "delta": 47.240129}}
{"target": 0.7586961850278697, "params": {"learning_rate": 0.5108973870459041, "num_iterations": 499.65533150440905, "num_leaves": 17.584091770724754}, "datetime": {"datetime": "2022-12-08 19:43:09", "elapsed": 90.019112, "delta": 42.778983}}
{"target": 0.7590852571513798, "params": {"learning_rate": 0.3513031581526833, "num_iterations": 303.5512811272934, "num_leaves": 26.620171858300694}, "datetime": {"datetime": "2022-12-08 19:43:59", "elapsed": 139.843007, "delta": 49.823895}}
{"target": 0.7586696176398279, "params": {"learning_rate": 0.3663100026503623, "num_iterations": 307.63083850697836, "num_leaves": 9.718609661819979}, "datetime": {"datetime": "2022-12-08 19:45:10", "elapsed": 211.422169, "delta": 71.579162}}
{"target": 0.7592394180145978, "params": {"learning_rate": 0.27147843481876477, "num_iterations": 323.56299826760153, "num_leaves": 13.136536211571924}, "datetime": {"datetime": "2022-12-08 19:46:27", "elapsed": 287.994617, "delta": 76.572448}}
{"target": 0.5399096219707391, "params": {"learning_rate": 0.009313755911960042, "num_iterations": 222.0397502994073, "num_leaves": 14.844101918443789}, "datetime": {"datetime": "2022-12-08 19:46:34", "elapsed": 294.91308, "delta": 6.918463}}
{"target": 0.7584000983184318, "params": {"learning_rate": 0.48652933632361883, "num_iterations": 494.4374816589699, "num_leaves": 34.55568011298523}, "datetime": {"datetime": "2022-12-08 19:47:12", "elapsed": 332.66699, "delta": 37.75391}}
{"target": 0.7525972235475492, "params": {"learning_rate": 0.7197897523549702, "num_iterations": 39.539503727585796, "num_leaves": 12.451093978258777}, "datetime": {"datetime": "2022-12-08 19:47:27", "elapsed": 348.436681, "delta": 15.769691}}
{"target": 0.7587356864671772, "params": {"learning_rate": 0.18645711857458003, "num_iterations": 214.60544194781338, "num_leaves": 17.611059210014183}, "datetime": {"datetime": "2022-12-08 19:48:33", "elapsed": 414.063502, "delta": 65.626821}}
{"target": 0.7578792381719803, "params": {"learning_rate": 0.3861077431000365, "num_iterations": 118.75036492318608, "num_leaves": 17.30980874272168}, "datetime": {"datetime": "2022-12-08 19:49:12", "elapsed": 452.765039, "delta": 38.701537}}
{"target": 0.757835891392876, "params": {"learning_rate": 0.4844976527074406, "num_iterations": 215.26873941727115, "num_leaves": 17.29225234986316}, "datetime": {"datetime": "2022-12-08 19:49:48", "elapsed": 488.5704, "delta": 35.805361}}
{"target": 0.7581312786985142, "params": {"learning_rate": 0.6007551554940637, "num_iterations": 492.8081607802481, "num_leaves": 17.344641120552268}, "datetime": {"datetime": "2022-12-08 19:50:33", "elapsed": 533.590766, "delta": 45.020366}}
{"target": 0.7554899221240736, "params": {"learning_rate": 0.9312648045252009, "num_iterations": 496.80370227481154, "num_leaves": 24.322544455032308}, "datetime": {"datetime": "2022-12-08 19:50:56", "elapsed": 556.64721, "delta": 23.056444}}
{"target": 0.7554640536397901, "params": {"learning_rate": 0.9205687925124183, "num_iterations": 499.83088749562074, "num_leaves": 10.05625882072729}, "datetime": {"datetime": "2022-12-08 19:51:24", "elapsed": 585.157137, "delta": 28.509927}}
{"target": 0.7579872552137674, "params": {"learning_rate": 0.4717499592418817, "num_iterations": 315.1064599133311, "num_leaves": 11.274038993058848}, "datetime": {"datetime": "2022-12-08 19:52:14", "elapsed": 635.372344, "delta": 50.215207}}
{"target": 0.7566193850478908, "params": {"learning_rate": 0.8907584448677478, "num_iterations": 309.38636335309394, "num_leaves": 17.143907024027975}, "datetime": {"datetime": "2022-12-08 19:52:49", "elapsed": 669.632981, "delta": 34.260637}}
{"target": 0.7595400489788332, "params": {"learning_rate": 0.16872101386662808, "num_iterations": 317.2310149443282, "num_leaves": 19.137406652104406}, "datetime": {"datetime": "2022-12-08 19:54:18", "elapsed": 759.481088, "delta": 89.848107}}
{"target": 0.7589866783741221, "params": {"learning_rate": 0.17223224759246325, "num_iterations": 311.7351704829362, "num_leaves": 24.936635652050686}, "datetime": {"datetime": "2022-12-08 19:55:22", "elapsed": 823.270203, "delta": 63.789115}}
{"target": 0.7560104327023117, "params": {"learning_rate": 1.0, "num_iterations": 324.75018906398964, "num_leaves": 20.68930635114393}, "datetime": {"datetime": "2022-12-08 19:55:53", "elapsed": 853.7973, "delta": 30.527097}}
