{"target": 0.7579297518986783, "params": {"learning_rate": 0.7184244494910251, "num_iterations": 340.1565021669227, "num_leaves": 8.118769531196357}, "datetime": {"datetime": "2022-12-08 18:34:43", "elapsed": 0.0, "delta": 0.0}}
{"target": 0.7586790055071446, "params": {"learning_rate": 0.728204769217264, "num_iterations": 420.78013373336785, "num_leaves": 9.765044050542805}, "datetime": {"datetime": "2022-12-08 18:35:52", "elapsed": 68.536669, "delta": 68.536669}}
{"target": 0.7574390334178062, "params": {"learning_rate": 0.8387647404362558, "num_iterations": 101.98995898009939, "num_leaves": 14.394049632148901}, "datetime": {"datetime": "2022-12-08 18:36:36", "elapsed": 112.46267, "delta": 43.926001}}
{"target": 0.7527878906167239, "params": {"learning_rate": 0.7034498358998297, "num_iterations": 13.998798526082595, "num_leaves": 37.99164353385452}, "datetime": {"datetime": "2022-12-08 18:36:51", "elapsed": 128.091812, "delta": 15.629142}}
{"target": 0.757760243786597, "params": {"learning_rate": 0.6328275084834327, "num_iterations": 381.01918326679396, "num_leaves": 6.348179959023696}, "datetime": {"datetime": "2022-12-08 18:38:08", "elapsed": 205.205649, "delta": 77.113837}}
{"target": 0.7565537458249848, "params": {"learning_rate": 0.1251505328513468, "num_iterations": 349.41670947014705, "num_leaves": 8.8971342559929}, "datetime": {"datetime": "2022-12-08 18:40:21", "elapsed": 338.175598, "delta": 132.969949}}
{"target": 0.7587466666052751, "params": {"learning_rate": 0.4290707264453473, "num_iterations": 209.49698711324433, "num_leaves": 34.70500479013046}, "datetime": {"datetime": "2022-12-08 18:41:15", "elapsed": 391.611661, "delta": 53.436063}}
{"target": 0.756686930575188, "params": {"learning_rate": 0.162233721435892, "num_iterations": 292.7393531018685, "num_leaves": 8.999360419180423}, "datetime": {"datetime": "2022-12-08 18:43:15", "elapsed": 512.072784, "delta": 120.461123}}
{"target": 0.7576669433774007, "params": {"learning_rate": 0.6984039326072953, "num_iterations": 128.9533789004911, "num_leaves": 10.365724326725504}, "datetime": {"datetime": "2022-12-08 18:44:11", "elapsed": 568.158469, "delta": 56.085685}}
{"target": 0.7568397014560118, "params": {"learning_rate": 0.9330133350951999, "num_iterations": 122.36432184776628, "num_leaves": 28.81887874085264}, "datetime": {"datetime": "2022-12-08 18:44:43", "elapsed": 600.130808, "delta": 31.972339}}
{"target": 0.759226345649558, "params": {"learning_rate": 0.48496968636055393, "num_iterations": 209.8057494112383, "num_leaves": 34.66400052159129}, "datetime": {"datetime": "2022-12-08 18:45:23", "elapsed": 639.562243, "delta": 39.431435}}
{"target": 0.7599869949472902, "params": {"learning_rate": 0.36067114301168424, "num_iterations": 211.50703161806132, "num_leaves": 35.20704466221009}, "datetime": {"datetime": "2022-12-08 18:46:11", "elapsed": 687.948496, "delta": 48.386253}}
{"target": 0.7606668077134735, "params": {"learning_rate": 0.2426460028859947, "num_iterations": 212.26418613503327, "num_leaves": 33.15874653112071}, "datetime": {"datetime": "2022-12-08 18:47:16", "elapsed": 752.79876, "delta": 64.850264}}
{"target": 0.7581505397524038, "params": {"learning_rate": 0.6136133787162052, "num_iterations": 210.4916594287379, "num_leaves": 30.412940659071324}, "datetime": {"datetime": "2022-12-08 18:47:45", "elapsed": 782.183082, "delta": 29.384322}}
{"target": 0.7594396552213335, "params": {"learning_rate": 0.3824478498496593, "num_iterations": 215.562525311585, "num_leaves": 33.755084071579944}, "datetime": {"datetime": "2022-12-08 18:48:23", "elapsed": 820.166305, "delta": 37.983223}}
{"target": 0.7570113459712337, "params": {"learning_rate": 0.8899877079066716, "num_iterations": 218.13108176190698, "num_leaves": 29.501897796456582}, "datetime": {"datetime": "2022-12-08 18:48:54", "elapsed": 850.435616, "delta": 30.269311}}
{"target": 0.755533848709157, "params": {"learning_rate": 0.985767969832432, "num_iterations": 215.45562860289334, "num_leaves": 37.46562150582626}, "datetime": {"datetime": "2022-12-08 18:49:20", "elapsed": 877.261548, "delta": 26.825932}}
{"target": 0.7571050028745601, "params": {"learning_rate": 0.8361720650856203, "num_iterations": 214.14538108305328, "num_leaves": 31.370898133463818}, "datetime": {"datetime": "2022-12-08 18:49:59", "elapsed": 915.548114, "delta": 38.286566}}
{"target": 0.7594474895860295, "params": {"learning_rate": 0.46075891326633023, "num_iterations": 212.76527469362105, "num_leaves": 34.931598773846574}, "datetime": {"datetime": "2022-12-08 18:50:54", "elapsed": 970.633918, "delta": 55.085804}}
{"target": 0.7552600008111464, "params": {"learning_rate": 0.06266765475878888, "num_iterations": 424.59856259904797, "num_leaves": 10.317440867376405}, "datetime": {"datetime": "2022-12-08 18:54:18", "elapsed": 1174.553147, "delta": 203.919229}}
