{"target": 0.7371231779815388, "params": {"batch_size": 10.0, "learning_rate": 0.23018383350452096, "nFile": 20.0, "num_iterations": 214.9285163696133, "num_leaves": 9.052140266108413}, "datetime": {"datetime": "2022-12-09 09:39:28", "elapsed": 0.0, "delta": 0.0}}
{"target": 0.7390989857456239, "params": {"batch_size": 10.0, "learning_rate": 0.4575952879878357, "nFile": 20.0, "num_iterations": 324.68353055449063, "num_leaves": 30.385771305196705}, "datetime": {"datetime": "2022-12-09 09:40:44", "elapsed": 75.781565, "delta": 75.781565}}
{"target": 0.7372324610313535, "params": {"batch_size": 10.0, "learning_rate": 0.3012510877476095, "nFile": 20.0, "num_iterations": 131.49423362091528, "num_leaves": 11.365227931999655}, "datetime": {"datetime": "2022-12-09 09:42:05", "elapsed": 156.886394, "delta": 81.104829}}
{"target": 0.7363456123783654, "params": {"batch_size": 10.0, "learning_rate": 0.07020360043854171, "nFile": 20.0, "num_iterations": 471.1124881360914, "num_leaves": 18.94625611110068}, "datetime": {"datetime": "2022-12-09 09:44:23", "elapsed": 295.27397, "delta": 138.387576}}
{"target": 0.7392921063730797, "params": {"batch_size": 10.0, "learning_rate": 0.2647404804048327, "nFile": 20.0, "num_iterations": 398.13558335305885, "num_leaves": 37.354188738214894}, "datetime": {"datetime": "2022-12-09 09:45:50", "elapsed": 382.240434, "delta": 86.966464}}
{"target": 0.7357865470833724, "params": {"batch_size": 10.0, "learning_rate": 0.026462665140568286, "nFile": 20.0, "num_iterations": 242.56043323894218, "num_leaves": 39.11053913939637}, "datetime": {"datetime": "2022-12-09 09:48:26", "elapsed": 538.254952, "delta": 156.014518}}
{"target": 0.7392091281986787, "params": {"batch_size": 10.0, "learning_rate": 0.4904109720347534, "nFile": 20.0, "num_iterations": 170.86252879866453, "num_leaves": 22.019920148573487}, "datetime": {"datetime": "2022-12-09 09:49:25", "elapsed": 596.745493, "delta": 58.490541}}
{"target": 0.7386068864376708, "params": {"batch_size": 10.0, "learning_rate": 0.434395979686392, "nFile": 20.0, "num_iterations": 85.6123611919352, "num_leaves": 29.948115723993865}, "datetime": {"datetime": "2022-12-09 09:50:17", "elapsed": 648.974349, "delta": 52.228856}}
{"target": 0.739155140847368, "params": {"batch_size": 10.0, "learning_rate": 0.4350287247321385, "nFile": 20.0, "num_iterations": 568.1946451062012, "num_leaves": 10.282075443906633}, "datetime": {"datetime": "2022-12-09 09:51:50", "elapsed": 741.984327, "delta": 93.009978}}
{"target": 0.7395998972629072, "params": {"batch_size": 10.0, "learning_rate": 0.2562650079833451, "nFile": 20.0, "num_iterations": 871.5770631932637, "num_leaves": 39.71843101774409}, "datetime": {"datetime": "2022-12-09 09:53:15", "elapsed": 826.680293, "delta": 84.695966}}
{"target": 0.7384756251854576, "params": {"batch_size": 10.0, "learning_rate": 0.09833505500838124, "nFile": 20.0, "num_iterations": 869.9081498259173, "num_leaves": 36.97324207230749}, "datetime": {"datetime": "2022-12-09 09:56:01", "elapsed": 992.987761, "delta": 166.307468}}
{"target": 0.7396994364907861, "params": {"batch_size": 10.0, "learning_rate": 0.3093655416154457, "nFile": 20.0, "num_iterations": 876.8591352989263, "num_leaves": 39.01411089920976}, "datetime": {"datetime": "2022-12-09 09:57:49", "elapsed": 1100.640982, "delta": 107.653221}}
{"target": 0.7395214153899023, "params": {"batch_size": 10.0, "learning_rate": 0.25327293628317815, "nFile": 20.0, "num_iterations": 885.7415692968307, "num_leaves": 38.86671744838278}, "datetime": {"datetime": "2022-12-09 09:59:16", "elapsed": 1188.606893, "delta": 87.965911}}
{"target": 0.7389004414938043, "params": {"batch_size": 10.0, "learning_rate": 0.17426221070675443, "nFile": 20.0, "num_iterations": 887.0968165582112, "num_leaves": 28.949870768252445}, "datetime": {"datetime": "2022-12-09 10:00:45", "elapsed": 1277.505931, "delta": 88.899038}}
{"target": 0.7374970133843539, "params": {"batch_size": 10.0, "learning_rate": 0.06354873327534423, "nFile": 20.0, "num_iterations": 895.9283253434423, "num_leaves": 38.86415986974651}, "datetime": {"datetime": "2022-12-09 10:03:03", "elapsed": 1415.238022, "delta": 137.732091}}
