{"target": 0.7400261336173912, "params": {"bagging_fraction": 0.5655680954619303, "bagging_freq": 9.522663434333326, "batch_size": 10.0, "learning_rate": 0.02895718855274416, "nFile": 90.0, "num_iterations": 717.5998767137202, "num_leaves": 20.878224294505344}, "datetime": {"datetime": "2022-12-09 23:53:41", "elapsed": 0.0, "delta": 0.0}}
{"target": 0.7400038714858163, "params": {"bagging_fraction": 0.4531982198185276, "bagging_freq": 6.562471125275283, "batch_size": 10.0, "learning_rate": 0.001244023238887731, "nFile": 90.0, "num_iterations": 896.4527845388262, "num_leaves": 33.53892048981569}, "datetime": {"datetime": "2022-12-09 23:54:38", "elapsed": 56.928562, "delta": 56.928562}}
{"target": 0.7400087233173922, "params": {"bagging_fraction": 0.6306236786932431, "bagging_freq": 9.805842244133478, "batch_size": 10.0, "learning_rate": 0.007442468466662155, "nFile": 90.0, "num_iterations": 359.14099687052175, "num_leaves": 83.13430221482614}, "datetime": {"datetime": "2022-12-09 23:55:39", "elapsed": 118.132394, "delta": 61.203832}}
{"target": 0.7400173307832807, "params": {"bagging_fraction": 0.6635647341642215, "bagging_freq": 1.9942994252230641, "batch_size": 10.0, "learning_rate": 0.09427445705269447, "nFile": 90.0, "num_iterations": 479.43687354954375, "num_leaves": 37.9164968141117}, "datetime": {"datetime": "2022-12-09 23:56:35", "elapsed": 174.29686, "delta": 56.164466}}
{"target": 0.7400097917749635, "params": {"bagging_fraction": 0.8828065759574634, "bagging_freq": 4.857416311170577, "batch_size": 10.0, "learning_rate": 0.07206733198437779, "nFile": 90.0, "num_iterations": 636.745755438648, "num_leaves": 17.326848281992092}, "datetime": {"datetime": "2022-12-09 23:57:34", "elapsed": 232.563999, "delta": 58.267139}}
{"target": 0.7399988422077388, "params": {"bagging_fraction": 0.16978068255445947, "bagging_freq": 8.480847301213762, "batch_size": 10.0, "learning_rate": 0.01703923542127215, "nFile": 90.0, "num_iterations": 629.6372396581083, "num_leaves": 78.49325106219476}, "datetime": {"datetime": "2022-12-09 23:58:31", "elapsed": 289.642029, "delta": 57.07803}}
{"target": 0.7400105159497571, "params": {"bagging_fraction": 0.690260912206213, "bagging_freq": 6.019360835305807, "batch_size": 10.0, "learning_rate": 0.0248177695905833, "nFile": 90.0, "num_iterations": 457.0711289468461, "num_leaves": 50.89024261707944}, "datetime": {"datetime": "2022-12-09 23:59:31", "elapsed": 350.116251, "delta": 60.474222}}
{"target": 0.7400137453729649, "params": {"bagging_fraction": 0.9601658569793673, "bagging_freq": 9.114419735266427, "batch_size": 10.0, "learning_rate": 0.08224944703112858, "nFile": 90.0, "num_iterations": 308.650012841849, "num_leaves": 12.51027120846839}, "datetime": {"datetime": "2022-12-10 00:00:29", "elapsed": 408.249988, "delta": 58.133737}}
{"target": 0.7400424762818039, "params": {"bagging_fraction": 0.5191866338311598, "bagging_freq": 8.910782275638457, "batch_size": 10.0, "learning_rate": 0.023893879225742227, "nFile": 90.0, "num_iterations": 216.1571748455536, "num_leaves": 92.05873359625475}, "datetime": {"datetime": "2022-12-10 00:01:34", "elapsed": 473.20744, "delta": 64.957452}}
{"target": 0.7400008225050838, "params": {"bagging_fraction": 0.3113177958201674, "bagging_freq": 6.543880917755522, "batch_size": 10.0, "learning_rate": 0.026257951152511252, "nFile": 90.0, "num_iterations": 975.2660023838444, "num_leaves": 27.74024482535567}, "datetime": {"datetime": "2022-12-10 00:02:36", "elapsed": 534.915247, "delta": 61.707807}}
{"target": 0.7400004583623402, "params": {"bagging_fraction": 0.80241115064651, "bagging_freq": 9.305070853904525, "batch_size": 10.0, "learning_rate": 0.03842651576729021, "nFile": 90.0, "num_iterations": 217.70930118578147, "num_leaves": 89.92506204485761}, "datetime": {"datetime": "2022-12-10 00:03:37", "elapsed": 596.15748, "delta": 61.242233}}
{"target": 0.7400058501529811, "params": {"bagging_fraction": 0.8263761326022198, "bagging_freq": 9.975824518645283, "batch_size": 10.0, "learning_rate": 0.05775208357181899, "nFile": 90.0, "num_iterations": 715.155687342382, "num_leaves": 20.924492003245764}, "datetime": {"datetime": "2022-12-10 00:04:36", "elapsed": 655.129089, "delta": 58.971609}}
{"target": 0.7400080053430007, "params": {"bagging_fraction": 0.6173137339432256, "bagging_freq": 9.197028523964228, "batch_size": 10.0, "learning_rate": 0.04233694912002793, "nFile": 90.0, "num_iterations": 715.8453051405079, "num_leaves": 18.015410522103906}, "datetime": {"datetime": "2022-12-10 00:05:36", "elapsed": 714.49843, "delta": 59.369341}}
{"target": 0.74001374896627, "params": {"bagging_fraction": 0.10511545951676188, "bagging_freq": 7.335284892824057, "batch_size": 10.0, "learning_rate": 0.045805261691534316, "nFile": 90.0, "num_iterations": 715.461200078909, "num_leaves": 20.23479992827687}, "datetime": {"datetime": "2022-12-10 00:06:36", "elapsed": 775.109271, "delta": 60.610841}}
{"target": 0.7400931088115033, "params": {"bagging_fraction": 0.8834423899093218, "bagging_freq": 9.491605573769318, "batch_size": 10.0, "learning_rate": 0.018798605017702766, "nFile": 90.0, "num_iterations": 219.28468312085715, "num_leaves": 93.50326241616284}, "datetime": {"datetime": "2022-12-10 00:08:06", "elapsed": 864.886258, "delta": 89.776987}}
{"target": 0.7400255952858361, "params": {"bagging_fraction": 0.553548531192609, "bagging_freq": 6.36432043585451, "batch_size": 10.0, "learning_rate": 0.05998211703904784, "nFile": 90.0, "num_iterations": 216.27856001640413, "num_leaves": 95.14427280796927}, "datetime": {"datetime": "2022-12-10 00:09:11", "elapsed": 929.842692, "delta": 64.956434}}
{"target": 0.7400239840181693, "params": {"bagging_fraction": 0.27114243241548003, "bagging_freq": 6.34140908935781, "batch_size": 10.0, "learning_rate": 0.06073840970408843, "nFile": 90.0, "num_iterations": 217.5790267059062, "num_leaves": 90.90479020577774}, "datetime": {"datetime": "2022-12-10 00:10:15", "elapsed": 993.652345, "delta": 63.809653}}
{"target": 0.7400512630643502, "params": {"bagging_fraction": 0.5532127808778862, "bagging_freq": 6.722021373295996, "batch_size": 10.0, "learning_rate": 0.07417744106883427, "nFile": 90.0, "num_iterations": 221.26382483671097, "num_leaves": 91.68599405218048}, "datetime": {"datetime": "2022-12-10 00:11:22", "elapsed": 1061.005672, "delta": 67.353327}}
{"target": 0.7400092555327231, "params": {"bagging_fraction": 0.26766208805009917, "bagging_freq": 3.71183026013451, "batch_size": 10.0, "learning_rate": 0.02853671517105301, "nFile": 90.0, "num_iterations": 220.58665380851266, "num_leaves": 95.29765196905119}, "datetime": {"datetime": "2022-12-10 00:12:35", "elapsed": 1134.181236, "delta": 73.175564}}
{"target": 0.7400123082280801, "params": {"bagging_fraction": 0.18395649443095713, "bagging_freq": 8.034645887070889, "batch_size": 10.0, "learning_rate": 0.029341580178806857, "nFile": 90.0, "num_iterations": 221.70706907353775, "num_leaves": 98.21596564328706}, "datetime": {"datetime": "2022-12-10 00:13:47", "elapsed": 1206.383604, "delta": 72.202368}}
{"target": 0.7400308017898256, "params": {"bagging_fraction": 0.5322188279315931, "bagging_freq": 9.564607773722727, "batch_size": 10.0, "learning_rate": 0.042299320807030305, "nFile": 90.0, "num_iterations": 217.47179617030497, "num_leaves": 97.06569424313416}, "datetime": {"datetime": "2022-12-10 00:14:58", "elapsed": 1277.216399, "delta": 70.832795}}
{"target": 0.7400141064824222, "params": {"bagging_fraction": 0.699784886291752, "bagging_freq": 9.957471353184298, "batch_size": 10.0, "learning_rate": 0.048467600852603356, "nFile": 90.0, "num_iterations": 223.93706035344832, "num_leaves": 93.58494235611194}, "datetime": {"datetime": "2022-12-10 00:16:01", "elapsed": 1339.869904, "delta": 62.653505}}
{"target": 0.7400205694100194, "params": {"bagging_fraction": 0.674880531943687, "bagging_freq": 3.6848048034709406, "batch_size": 10.0, "learning_rate": 0.09829805650184972, "nFile": 90.0, "num_iterations": 225.1403349944966, "num_leaves": 94.16010357437727}, "datetime": {"datetime": "2022-12-10 00:17:04", "elapsed": 1403.315369, "delta": 63.445465}}
{"target": 0.7400167945525423, "params": {"bagging_fraction": 0.4338461999467448, "bagging_freq": 2.8524840958163606, "batch_size": 10.0, "learning_rate": 0.08668398980116183, "nFile": 90.0, "num_iterations": 224.58036810869243, "num_leaves": 99.32109490202681}, "datetime": {"datetime": "2022-12-10 00:18:11", "elapsed": 1469.747999, "delta": 66.43263}}
{"target": 0.7400566521111255, "params": {"bagging_fraction": 0.31753339592465113, "bagging_freq": 5.362842177477549, "batch_size": 10.0, "learning_rate": 0.07963577717495257, "nFile": 90.0, "num_iterations": 229.71574034250287, "num_leaves": 96.1156824372074}, "datetime": {"datetime": "2022-12-10 00:19:16", "elapsed": 1535.3506, "delta": 65.602601}}
