{"target": 0.7586574649898645, "params": {"learning_rate": 0.8232980671828832, "num_iterations": 149.65141731727266, "num_leaves": 17.65598206368688}, "datetime": {"datetime": "2022-12-08 20:39:24", "elapsed": 0.0, "delta": 0.0}}
{"target": 0.749913716397373, "params": {"learning_rate": 0.9780386678218449, "num_iterations": 35.37210531330852, "num_leaves": 8.301765065228155}, "datetime": {"datetime": "2022-12-08 20:39:37", "elapsed": 13.132104, "delta": 13.132104}}
{"target": 0.7605399808934991, "params": {"learning_rate": 0.2247780553007077, "num_iterations": 421.02902661933786, "num_leaves": 24.81950271628105}, "datetime": {"datetime": "2022-12-08 20:40:33", "elapsed": 68.816609, "delta": 55.684505}}
{"target": 0.759956897381126, "params": {"learning_rate": 0.10776249630216927, "num_iterations": 223.4729664622061, "num_leaves": 23.980454777133662}, "datetime": {"datetime": "2022-12-08 20:42:07", "elapsed": 162.684604, "delta": 93.867995}}
{"target": 0.7549799670737785, "params": {"learning_rate": 0.04909780872067193, "num_iterations": 162.46009590536605, "num_leaves": 28.30279290426247}, "datetime": {"datetime": "2022-12-08 20:43:34", "elapsed": 249.242224, "delta": 86.55762}}
{"target": 0.7589722300133, "params": {"learning_rate": 0.7135553307934442, "num_iterations": 322.9990812365718, "num_leaves": 18.06970619602787}, "datetime": {"datetime": "2022-12-08 20:44:09", "elapsed": 284.189211, "delta": 34.946987}}
{"target": 0.7615132154087034, "params": {"learning_rate": 0.14300101389289943, "num_iterations": 396.81724374734137, "num_leaves": 27.51934646606702}, "datetime": {"datetime": "2022-12-08 20:45:53", "elapsed": 388.821562, "delta": 104.632351}}
{"target": 0.7593788161948047, "params": {"learning_rate": 0.5428037289723542, "num_iterations": 143.49091458498714, "num_leaves": 15.075917817265347}, "datetime": {"datetime": "2022-12-08 20:46:30", "elapsed": 425.814661, "delta": 36.993099}}
{"target": 0.7595024354536172, "params": {"learning_rate": 0.5781910466883469, "num_iterations": 309.8111675942842, "num_leaves": 18.69752968719552}, "datetime": {"datetime": "2022-12-08 20:47:08", "elapsed": 463.502922, "delta": 37.688261}}
{"target": 0.7612520426397895, "params": {"learning_rate": 0.14457173210939356, "num_iterations": 377.2810503132295, "num_leaves": 26.282887623662717}, "datetime": {"datetime": "2022-12-08 20:49:26", "elapsed": 601.22219, "delta": 137.719268}}
{"target": 0.7571447354214917, "params": {"learning_rate": 0.8207228959658189, "num_iterations": 261.8389463492203, "num_leaves": 39.63523916706652}, "datetime": {"datetime": "2022-12-08 20:50:04", "elapsed": 639.843572, "delta": 38.621382}}
{"target": 0.7598161287361553, "params": {"learning_rate": 0.5297301580789199, "num_iterations": 396.4227684984674, "num_leaves": 26.20460124753968}, "datetime": {"datetime": "2022-12-08 20:51:07", "elapsed": 702.267299, "delta": 62.423727}}
{"target": 0.7551571786044726, "params": {"learning_rate": 0.019316234140266397, "num_iterations": 400.14727295034135, "num_leaves": 30.16106664968336}, "datetime": {"datetime": "2022-12-08 20:54:55", "elapsed": 930.519394, "delta": 228.252095}}
{"target": 0.757673154155696, "params": {"learning_rate": 0.8055977297536155, "num_iterations": 394.8499954685635, "num_leaves": 28.81157024722404}, "datetime": {"datetime": "2022-12-08 20:55:19", "elapsed": 954.223557, "delta": 23.704163}}
{"target": 0.7591794533312762, "params": {"learning_rate": 0.6094043369409511, "num_iterations": 379.05142332571745, "num_leaves": 26.587482906980707}, "datetime": {"datetime": "2022-12-08 20:55:53", "elapsed": 988.519244, "delta": 34.295687}}
{"target": 0.7612506135549122, "params": {"learning_rate": 0.15492488735692667, "num_iterations": 376.24433239260003, "num_leaves": 24.36473976161117}, "datetime": {"datetime": "2022-12-08 20:57:22", "elapsed": 1077.599864, "delta": 89.08062}}
{"target": 0.7604381556603044, "params": {"learning_rate": 0.38830096160310335, "num_iterations": 374.3091830756229, "num_leaves": 25.841434206291563}, "datetime": {"datetime": "2022-12-08 20:58:08", "elapsed": 1123.915566, "delta": 46.315702}}
{"target": 0.7565448598214968, "params": {"learning_rate": 0.9890181739807049, "num_iterations": 375.4072509432809, "num_leaves": 29.643905082291514}, "datetime": {"datetime": "2022-12-08 20:58:30", "elapsed": 1145.913187, "delta": 21.997621}}
{"target": 0.7603259692454334, "params": {"learning_rate": 0.08073837807191842, "num_iterations": 373.28881251872303, "num_leaves": 22.951121685732158}, "datetime": {"datetime": "2022-12-08 21:00:32", "elapsed": 1267.219684, "delta": 121.306497}}
{"target": 0.7596478489479037, "params": {"learning_rate": 0.5772900413246003, "num_iterations": 376.39431325683057, "num_leaves": 21.44826512778355}, "datetime": {"datetime": "2022-12-08 21:01:11", "elapsed": 1306.972778, "delta": 39.753094}}
