{"target": 0.7597371451176524, "params": {"learning_rate": 0.30235584535338145, "num_iterations": 402.3272131095314, "num_leaves": 9.882611889101025}, "datetime": {"datetime": "2022-12-08 20:02:28", "elapsed": 0.0, "delta": 0.0}}
{"target": 0.5416958060482759, "params": {"learning_rate": 0.007769760299746631, "num_iterations": 137.5001348048625, "num_leaves": 18.160527469461286}, "datetime": {"datetime": "2022-12-08 20:02:35", "elapsed": 7.127542, "delta": 7.127542}}
{"target": 0.7576698384442042, "params": {"learning_rate": 0.7515270618026958, "num_iterations": 461.6858151839331, "num_leaves": 18.351905666042228}, "datetime": {"datetime": "2022-12-08 20:03:05", "elapsed": 37.423808, "delta": 30.296266}}
{"target": 0.7546810209026498, "params": {"learning_rate": 0.4070431869639225, "num_iterations": 45.23561112948801, "num_leaves": 15.227631436198543}, "datetime": {"datetime": "2022-12-08 20:03:24", "elapsed": 56.311478, "delta": 18.88767}}
{"target": 0.7568546421683938, "params": {"learning_rate": 0.7884989210812443, "num_iterations": 492.19991293875967, "num_leaves": 34.73896273846495}, "datetime": {"datetime": "2022-12-08 20:03:47", "elapsed": 79.180878, "delta": 22.8694}}
{"target": 0.7588287028206921, "params": {"learning_rate": 0.17064385306493157, "num_iterations": 80.94264584168472, "num_leaves": 37.9687941157038}, "datetime": {"datetime": "2022-12-08 20:04:28", "elapsed": 120.64008, "delta": 41.459202}}
{"target": 0.7597812956958484, "params": {"learning_rate": 0.25192272363569657, "num_iterations": 336.15942406855464, "num_leaves": 15.8674765795203}, "datetime": {"datetime": "2022-12-08 20:05:31", "elapsed": 183.261628, "delta": 62.621548}}
{"target": 0.7538478111909354, "params": {"learning_rate": 0.6249992338409259, "num_iterations": 22.439395993141215, "num_leaves": 26.187923631225523}, "datetime": {"datetime": "2022-12-08 20:05:45", "elapsed": 196.755295, "delta": 13.493667}}
{"target": 0.7545637569669612, "params": {"learning_rate": 0.6305437930685922, "num_iterations": 145.25719986582982, "num_leaves": 5.33363538890315}, "datetime": {"datetime": "2022-12-08 20:06:19", "elapsed": 230.919883, "delta": 34.164588}}
{"target": 0.7573466562118097, "params": {"learning_rate": 0.7424810495510568, "num_iterations": 232.28348780537593, "num_leaves": 22.181589369179555}, "datetime": {"datetime": "2022-12-08 20:06:48", "elapsed": 260.518262, "delta": 29.598379}}
{"target": 0.7563198903652842, "params": {"learning_rate": 0.8249446834979853, "num_iterations": 303.7064344650213, "num_leaves": 6.511037283057409}, "datetime": {"datetime": "2022-12-08 20:07:26", "elapsed": 298.022978, "delta": 37.504716}}
{"target": 0.7570365425505612, "params": {"learning_rate": 0.911628782834396, "num_iterations": 461.61842140200383, "num_leaves": 17.900026317008454}, "datetime": {"datetime": "2022-12-08 20:07:59", "elapsed": 330.946242, "delta": 32.923264}}
{"target": 0.7575606982149038, "params": {"learning_rate": 0.8244062717246069, "num_iterations": 320.2358275791055, "num_leaves": 12.611149110707945}, "datetime": {"datetime": "2022-12-08 20:08:32", "elapsed": 364.663805, "delta": 33.717563}}
{"target": 0.7564911946086846, "params": {"learning_rate": 0.9543897798934252, "num_iterations": 477.338111044046, "num_leaves": 25.268485726735875}, "datetime": {"datetime": "2022-12-08 20:09:02", "elapsed": 394.489196, "delta": 29.825391}}
{"target": 0.6929496824690415, "params": {"learning_rate": 0.05079965108644924, "num_iterations": 161.48139126037694, "num_leaves": 5.21037307736369}, "datetime": {"datetime": "2022-12-08 20:09:11", "elapsed": 402.878508, "delta": 8.389312}}
{"target": 0.7576980948142497, "params": {"learning_rate": 0.7284677113446044, "num_iterations": 326.38243328905565, "num_leaves": 26.105250699931343}, "datetime": {"datetime": "2022-12-08 20:09:45", "elapsed": 437.204052, "delta": 34.325544}}
{"target": 0.7597692867385791, "params": {"learning_rate": 0.43642661331693444, "num_iterations": 308.56407596031937, "num_leaves": 22.257543109707136}, "datetime": {"datetime": "2022-12-08 20:10:33", "elapsed": 485.478944, "delta": 48.274892}}
{"target": 0.7600638593963027, "params": {"learning_rate": 0.24844720681968263, "num_iterations": 293.34505407545083, "num_leaves": 18.921804383443195}, "datetime": {"datetime": "2022-12-08 20:11:36", "elapsed": 548.074612, "delta": 62.595668}}
{"target": 0.7562467770077916, "params": {"learning_rate": 0.9018056064319812, "num_iterations": 297.58683414477844, "num_leaves": 34.04713765996481}, "datetime": {"datetime": "2022-12-08 20:12:02", "elapsed": 573.825571, "delta": 25.750959}}
{"target": 0.7555884035857333, "params": {"learning_rate": 1.0, "num_iterations": 314.1468843207583, "num_leaves": 37.96836820109746}, "datetime": {"datetime": "2022-12-08 20:12:25", "elapsed": 597.49345, "delta": 23.667879}}
