{"target": 0.7592441886957958, "params": {"learning_rate": 0.10880822012879321, "num_iterations": 315.09342508879377, "num_leaves": 21.797548421312296}, "datetime": {"datetime": "2022-12-08 21:07:40", "elapsed": 0.0, "delta": 0.0}}
{"target": 0.7571964907184315, "params": {"learning_rate": 0.9503342660204189, "num_iterations": 406.6623818544011, "num_leaves": 13.181869469948069}, "datetime": {"datetime": "2022-12-08 21:08:07", "elapsed": 26.030184, "delta": 26.030184}}
{"target": 0.7591619532589441, "params": {"learning_rate": 0.4835096895751688, "num_iterations": 409.08473842760657, "num_leaves": 26.167839793190453}, "datetime": {"datetime": "2022-12-08 21:08:40", "elapsed": 59.357325, "delta": 33.327141}}
{"target": 0.7569138286541014, "params": {"learning_rate": 0.9609276710711109, "num_iterations": 86.98023471684684, "num_leaves": 22.907932900964223}, "datetime": {"datetime": "2022-12-08 21:09:06", "elapsed": 85.210604, "delta": 25.853279}}
{"target": 0.7612388430364029, "params": {"learning_rate": 0.21820192092915358, "num_iterations": 370.133920160105, "num_leaves": 28.075621923370395}, "datetime": {"datetime": "2022-12-08 21:10:18", "elapsed": 157.6076, "delta": 72.396996}}
{"target": 0.7594179155061146, "params": {"learning_rate": 0.4280636159982658, "num_iterations": 326.62800575832165, "num_leaves": 17.218668509177256}, "datetime": {"datetime": "2022-12-08 21:10:59", "elapsed": 198.592608, "delta": 40.985008}}
{"target": 0.7589358948069924, "params": {"learning_rate": 0.15950165535470306, "num_iterations": 90.87495463661284, "num_leaves": 36.96382082580037}, "datetime": {"datetime": "2022-12-08 21:11:44", "elapsed": 243.691638, "delta": 45.09903}}
{"target": 0.5418069297061454, "params": {"learning_rate": 0.009397587053873058, "num_iterations": 77.78525359121988, "num_leaves": 30.809769675995827}, "datetime": {"datetime": "2022-12-08 21:11:52", "elapsed": 251.174179, "delta": 7.482541}}
{"target": 0.7581811799752796, "params": {"learning_rate": 0.7379286240421857, "num_iterations": 424.20114174959656, "num_leaves": 22.039257665665378}, "datetime": {"datetime": "2022-12-08 21:12:27", "elapsed": 286.928995, "delta": 35.754816}}
{"target": 0.7575884440343352, "params": {"learning_rate": 0.7599619042211478, "num_iterations": 213.104442551298, "num_leaves": 8.248322960353715}, "datetime": {"datetime": "2022-12-08 21:13:06", "elapsed": 325.915534, "delta": 38.986539}}
{"target": 0.7577251470981927, "params": {"learning_rate": 0.7040136315290348, "num_iterations": 123.79104849226576, "num_leaves": 37.329635222843685}, "datetime": {"datetime": "2022-12-08 21:13:29", "elapsed": 348.956678, "delta": 23.041144}}
{"target": 0.7574125812386436, "params": {"learning_rate": 0.8570186214077015, "num_iterations": 86.93181578498451, "num_leaves": 22.96505098341847}, "datetime": {"datetime": "2022-12-08 21:13:58", "elapsed": 377.58695, "delta": 28.630272}}
{"target": 0.7413343073426633, "params": {"learning_rate": 0.027034258571077552, "num_iterations": 96.03541772048922, "num_leaves": 28.04733860383716}, "datetime": {"datetime": "2022-12-08 21:14:49", "elapsed": 428.813918, "delta": 51.226968}}
