{"target": 0.7394570805604581, "params": {"bagging_fraction": 0.5655680954619303, "bagging_freq": 9.522663434333326, "batch_size": 10.0, "learning_rate": 0.02895718855274416, "nFile": 50.0, "num_iterations": 717.5998767137202, "num_leaves": 20.878224294505344}, "datetime": {"datetime": "2022-12-09 21:45:32", "elapsed": 0.0, "delta": 0.0}}
{"target": 0.7393315939808943, "params": {"bagging_fraction": 0.4531982198185276, "bagging_freq": 6.562471125275283, "batch_size": 10.0, "learning_rate": 0.001244023238887731, "nFile": 50.0, "num_iterations": 896.4527845388262, "num_leaves": 33.53892048981569}, "datetime": {"datetime": "2022-12-09 21:46:24", "elapsed": 52.343448, "delta": 52.343448}}
{"target": 0.7393480869526007, "params": {"bagging_fraction": 0.6306236786932431, "bagging_freq": 9.805842244133478, "batch_size": 10.0, "learning_rate": 0.007442468466662155, "nFile": 50.0, "num_iterations": 359.14099687052175, "num_leaves": 83.13430221482614}, "datetime": {"datetime": "2022-12-09 21:47:21", "elapsed": 109.195718, "delta": 56.85227}}
{"target": 0.7395580967148969, "params": {"bagging_fraction": 0.6635647341642215, "bagging_freq": 1.9942994252230641, "batch_size": 10.0, "learning_rate": 0.09427445705269447, "nFile": 50.0, "num_iterations": 479.43687354954375, "num_leaves": 37.9164968141117}, "datetime": {"datetime": "2022-12-09 21:48:17", "elapsed": 165.586916, "delta": 56.391198}}
{"target": 0.7396532177140606, "params": {"bagging_fraction": 0.8828065759574634, "bagging_freq": 4.857416311170577, "batch_size": 10.0, "learning_rate": 0.07206733198437779, "nFile": 50.0, "num_iterations": 636.745755438648, "num_leaves": 17.326848281992092}, "datetime": {"datetime": "2022-12-09 21:49:55", "elapsed": 263.602708, "delta": 98.015792}}
{"target": 0.7393598878543113, "params": {"bagging_fraction": 0.16978068255445947, "bagging_freq": 8.480847301213762, "batch_size": 10.0, "learning_rate": 0.01703923542127215, "nFile": 50.0, "num_iterations": 629.6372396581083, "num_leaves": 78.49325106219476}, "datetime": {"datetime": "2022-12-09 21:50:56", "elapsed": 323.923701, "delta": 60.320993}}
{"target": 0.7394669909392305, "params": {"bagging_fraction": 0.690260912206213, "bagging_freq": 6.019360835305807, "batch_size": 10.0, "learning_rate": 0.0248177695905833, "nFile": 50.0, "num_iterations": 457.0711289468461, "num_leaves": 50.89024261707944}, "datetime": {"datetime": "2022-12-09 21:52:04", "elapsed": 392.653974, "delta": 68.730273}}
{"target": 0.7394633301513798, "params": {"bagging_fraction": 0.9601658569793673, "bagging_freq": 9.114419735266427, "batch_size": 10.0, "learning_rate": 0.08224944703112858, "nFile": 50.0, "num_iterations": 308.650012841849, "num_leaves": 12.51027120846839}, "datetime": {"datetime": "2022-12-09 21:53:17", "elapsed": 465.495408, "delta": 72.841434}}
{"target": 0.7395114088841998, "params": {"bagging_fraction": 0.5191866338311598, "bagging_freq": 8.910782275638457, "batch_size": 10.0, "learning_rate": 0.023893879225742227, "nFile": 50.0, "num_iterations": 216.1571748455536, "num_leaves": 92.05873359625475}, "datetime": {"datetime": "2022-12-09 21:54:29", "elapsed": 537.404054, "delta": 71.908646}}
{"target": 0.739357450374833, "params": {"bagging_fraction": 0.3113177958201674, "bagging_freq": 6.543880917755522, "batch_size": 10.0, "learning_rate": 0.026257951152511252, "nFile": 50.0, "num_iterations": 975.2660023838444, "num_leaves": 27.74024482535567}, "datetime": {"datetime": "2022-12-09 21:55:23", "elapsed": 591.277829, "delta": 53.873775}}
{"target": 0.7398196504820933, "params": {"bagging_fraction": 0.7020823151063987, "bagging_freq": 1.7104368199383368, "batch_size": 10.0, "learning_rate": 0.08867095364968776, "nFile": 50.0, "num_iterations": 442.5750211707464, "num_leaves": 46.24564314702594}, "datetime": {"datetime": "2022-12-09 21:56:38", "elapsed": 666.175173, "delta": 74.897344}}
{"target": 0.7393659606369961, "params": {"bagging_fraction": 0.5890347664935304, "bagging_freq": 8.167902948557769, "batch_size": 10.0, "learning_rate": 0.020850354426428234, "nFile": 50.0, "num_iterations": 443.2785412122545, "num_leaves": 51.504922801561555}, "datetime": {"datetime": "2022-12-09 21:57:35", "elapsed": 723.356118, "delta": 57.180945}}
{"target": 0.7397304358633208, "params": {"bagging_fraction": 0.6656337632931454, "bagging_freq": 2.5261977327726526, "batch_size": 10.0, "learning_rate": 0.060184732074982046, "nFile": 50.0, "num_iterations": 436.7778951387261, "num_leaves": 41.96717946046993}, "datetime": {"datetime": "2022-12-09 21:59:07", "elapsed": 815.151134, "delta": 91.795016}}
{"target": 0.7393302066174446, "params": {"bagging_fraction": 0.25799396435149174, "bagging_freq": 2.4904892490678208, "batch_size": 10.0, "learning_rate": 0.014814127354642555, "nFile": 50.0, "num_iterations": 449.54219970690866, "num_leaves": 39.286249856209835}, "datetime": {"datetime": "2022-12-09 21:59:58", "elapsed": 866.749931, "delta": 51.598797}}
{"target": 0.7396828731420967, "params": {"bagging_fraction": 0.6998609847785449, "bagging_freq": 2.6892141704811707, "batch_size": 10.0, "learning_rate": 0.04458763925222431, "nFile": 50.0, "num_iterations": 428.24225583118795, "num_leaves": 48.51336990663395}, "datetime": {"datetime": "2022-12-09 22:01:39", "elapsed": 967.642038, "delta": 100.892107}}
{"target": 0.7393288182295982, "params": {"bagging_fraction": 0.13188326813765372, "bagging_freq": 1.7703365701549607, "batch_size": 10.0, "learning_rate": 0.03491608389240686, "nFile": 50.0, "num_iterations": 284.18052778288416, "num_leaves": 72.77494447845635}, "datetime": {"datetime": "2022-12-09 22:02:31", "elapsed": 1019.810543, "delta": 52.168505}}
{"target": 0.7394367675026364, "params": {"bagging_fraction": 0.3571425366503673, "bagging_freq": 5.7496880414877465, "batch_size": 10.0, "learning_rate": 0.07670846737804748, "nFile": 50.0, "num_iterations": 170.97100227656415, "num_leaves": 16.60468658005017}, "datetime": {"datetime": "2022-12-09 22:03:30", "elapsed": 1078.392347, "delta": 58.581804}}
{"target": 0.7393364524586056, "params": {"bagging_fraction": 0.36064076881140184, "bagging_freq": 5.6665435077635715, "batch_size": 10.0, "learning_rate": 0.007430560835791875, "nFile": 50.0, "num_iterations": 808.4211867944961, "num_leaves": 62.3342289580909}, "datetime": {"datetime": "2022-12-09 22:04:23", "elapsed": 1131.275408, "delta": 52.883061}}
{"target": 0.73962405266677, "params": {"bagging_fraction": 0.8444929837195639, "bagging_freq": 8.141158960731076, "batch_size": 10.0, "learning_rate": 0.06713739494999867, "nFile": 50.0, "num_iterations": 596.2042056804008, "num_leaves": 28.854627691297573}, "datetime": {"datetime": "2022-12-09 22:05:37", "elapsed": 1205.733078, "delta": 74.45767}}
{"target": 0.7393729035059169, "params": {"bagging_fraction": 0.20681383573606407, "bagging_freq": 3.682370570612126, "batch_size": 10.0, "learning_rate": 0.048510824705112233, "nFile": 50.0, "num_iterations": 425.2276602002551, "num_leaves": 27.737047900435126}, "datetime": {"datetime": "2022-12-09 22:06:30", "elapsed": 1258.778586, "delta": 53.045508}}
{"target": 0.739465929656879, "params": {"bagging_fraction": 0.2915165742935249, "bagging_freq": 1.6043558571625764, "batch_size": 10.0, "learning_rate": 0.09480126982082787, "nFile": 50.0, "num_iterations": 477.07942967791394, "num_leaves": 55.49405472181991}, "datetime": {"datetime": "2022-12-09 22:07:34", "elapsed": 1322.103507, "delta": 63.324921}}
{"target": 0.7395967970757729, "params": {"bagging_fraction": 0.8726791629594298, "bagging_freq": 9.652919434155752, "batch_size": 10.0, "learning_rate": 0.0790861542815654, "nFile": 50.0, "num_iterations": 658.1365187712868, "num_leaves": 21.131997736809435}, "datetime": {"datetime": "2022-12-09 22:08:45", "elapsed": 1393.780463, "delta": 71.676956}}
{"target": 0.7393914730552038, "params": {"bagging_fraction": 0.6580947085269073, "bagging_freq": 4.372413387848691, "batch_size": 10.0, "learning_rate": 0.04783480459107825, "nFile": 50.0, "num_iterations": 618.1162222016919, "num_leaves": 6.819931949139161}, "datetime": {"datetime": "2022-12-09 22:09:41", "elapsed": 1448.944678, "delta": 55.164215}}
{"target": 0.7393466980050631, "params": {"bagging_fraction": 0.20228517205432622, "bagging_freq": 2.690511041083937, "batch_size": 10.0, "learning_rate": 0.0712399157717371, "nFile": 50.0, "num_iterations": 633.7584167601673, "num_leaves": 34.319134199373295}, "datetime": {"datetime": "2022-12-09 22:10:31", "elapsed": 1499.576585, "delta": 50.631907}}
{"target": 0.7398453264570819, "params": {"bagging_fraction": 0.8821753369209275, "bagging_freq": 2.1035470022982974, "batch_size": 10.0, "learning_rate": 0.0497499642814334, "nFile": 50.0, "num_iterations": 422.9965048096091, "num_leaves": 62.27869043114572}, "datetime": {"datetime": "2022-12-09 22:12:22", "elapsed": 1610.717203, "delta": 111.140618}}
