{"target": 0.7374741356349133, "params": {"batch_size": 10.0, "learning_rate": 0.4817902982764104, "nFile": 10.0, "num_iterations": 74.02408943605941, "num_leaves": 34.03528811089907}, "datetime": {"datetime": "2022-12-09 02:18:29", "elapsed": 0.0, "delta": 0.0}}
{"target": 0.7376105882481756, "params": {"batch_size": 10.0, "learning_rate": 0.3755202528520731, "nFile": 10.0, "num_iterations": 859.5250068946892, "num_leaves": 12.898177824155574}, "datetime": {"datetime": "2022-12-09 02:19:35", "elapsed": 66.35211, "delta": 66.35211}}
{"target": 0.7374203776077944, "params": {"batch_size": 10.0, "learning_rate": 0.14079540750921216, "nFile": 10.0, "num_iterations": 139.98157607619473, "num_leaves": 32.444904138898124}, "datetime": {"datetime": "2022-12-09 02:20:47", "elapsed": 138.833436, "delta": 72.481326}}
{"target": 0.7399610612644637, "params": {"batch_size": 10.0, "learning_rate": 0.15304860497975292, "nFile": 10.0, "num_iterations": 913.5357012130866, "num_leaves": 38.975136003396585}, "datetime": {"datetime": "2022-12-09 02:22:55", "elapsed": 266.575135, "delta": 127.741699}}
{"target": 0.5422335999106894, "params": {"batch_size": 10.0, "learning_rate": 0.008955004044926267, "nFile": 10.0, "num_iterations": 115.90069286490424, "num_leaves": 20.288996026817593}, "datetime": {"datetime": "2022-12-09 02:23:06", "elapsed": 276.961365, "delta": 10.38623}}
{"target": 0.7293824368752042, "params": {"batch_size": 10.0, "learning_rate": 0.4881778572252565, "nFile": 10.0, "num_iterations": 58.987075957919615, "num_leaves": 8.873353059775303}, "datetime": {"datetime": "2022-12-09 02:23:29", "elapsed": 300.27588, "delta": 23.314515}}
{"target": 0.7249141536585356, "params": {"batch_size": 10.0, "learning_rate": 0.32788712839471046, "nFile": 10.0, "num_iterations": 40.70879035896103, "num_leaves": 9.657860271818961}, "datetime": {"datetime": "2022-12-09 02:23:49", "elapsed": 320.848896, "delta": 20.573016}}
{"target": 0.7392352986302402, "params": {"batch_size": 10.0, "learning_rate": 0.22540554387744718, "nFile": 10.0, "num_iterations": 412.7588627413187, "num_leaves": 38.85520653621576}, "datetime": {"datetime": "2022-12-09 02:25:05", "elapsed": 396.615654, "delta": 75.766758}}
{"target": 0.7369259486848618, "params": {"batch_size": 10.0, "learning_rate": 0.242076559275889, "nFile": 10.0, "num_iterations": 546.4554120732547, "num_leaves": 17.76938905228309}, "datetime": {"datetime": "2022-12-09 02:26:09", "elapsed": 460.094158, "delta": 63.478504}}
{"target": 0.7153859940556639, "params": {"batch_size": 10.0, "learning_rate": 0.1452219602982391, "nFile": 10.0, "num_iterations": 48.84489687692466, "num_leaves": 8.688887988253292}, "datetime": {"datetime": "2022-12-09 02:26:32", "elapsed": 483.056253, "delta": 22.962095}}
{"target": 0.7393428567668237, "params": {"batch_size": 10.0, "learning_rate": 0.28855064569599465, "nFile": 10.0, "num_iterations": 914.3346093077191, "num_leaves": 36.609435847611664}, "datetime": {"datetime": "2022-12-09 02:27:50", "elapsed": 560.935288, "delta": 77.879035}}
{"target": 0.7380440137255262, "params": {"batch_size": 10.0, "learning_rate": 0.4655389523151569, "nFile": 10.0, "num_iterations": 163.71780152161102, "num_leaves": 38.56066069780021}, "datetime": {"datetime": "2022-12-09 02:28:36", "elapsed": 607.307817, "delta": 46.372529}}
{"target": 0.7378023285537696, "params": {"batch_size": 10.0, "learning_rate": 0.5, "nFile": 10.0, "num_iterations": 882.4714371311579, "num_leaves": 35.42025108949363}, "datetime": {"datetime": "2022-12-09 02:29:19", "elapsed": 650.314407, "delta": 43.00659}}
{"target": 0.5422335999106894, "params": {"batch_size": 10.0, "learning_rate": 0.001, "nFile": 10.0, "num_iterations": 892.455390184215, "num_leaves": 5.0}, "datetime": {"datetime": "2022-12-09 02:29:28", "elapsed": 659.163322, "delta": 8.848915}}
{"target": 0.7383468124872585, "params": {"batch_size": 10.0, "learning_rate": 0.32527539082015566, "nFile": 10.0, "num_iterations": 855.2206138696172, "num_leaves": 40.0}, "datetime": {"datetime": "2022-12-09 02:30:21", "elapsed": 712.658268, "delta": 53.494946}}
{"target": 0.7364227156717107, "params": {"batch_size": 10.0, "learning_rate": 0.12156955411265963, "nFile": 10.0, "num_iterations": 833.0253464461338, "num_leaves": 19.441396271556556}, "datetime": {"datetime": "2022-12-09 02:31:50", "elapsed": 800.928506, "delta": 88.270238}}
{"target": 0.7363928935890816, "params": {"batch_size": 10.0, "learning_rate": 0.3819930274852664, "nFile": 10.0, "num_iterations": 42.118075876841786, "num_leaves": 39.69728625315156}, "datetime": {"datetime": "2022-12-09 02:32:19", "elapsed": 830.8553, "delta": 29.926794}}
{"target": 0.6860046043813719, "params": {"batch_size": 10.0, "learning_rate": 0.03933127050487208, "nFile": 10.0, "num_iterations": 10.132590012255777, "num_leaves": 25.153881528253248}, "datetime": {"datetime": "2022-12-09 02:32:33", "elapsed": 844.542547, "delta": 13.687247}}
{"target": 0.7374548915823298, "params": {"batch_size": 10.0, "learning_rate": 0.4963135982667001, "nFile": 10.0, "num_iterations": 941.5758228060716, "num_leaves": 37.95809448046401}, "datetime": {"datetime": "2022-12-09 02:33:14", "elapsed": 885.887251, "delta": 41.344704}}
{"target": 0.7331366383213498, "params": {"batch_size": 10.0, "learning_rate": 0.17556971286550926, "nFile": 10.0, "num_iterations": 164.6841667971167, "num_leaves": 10.93238309976898}, "datetime": {"datetime": "2022-12-09 02:34:15", "elapsed": 946.16921, "delta": 60.281959}}
