{"target": 0.7386438029380877, "params": {"bagging_fraction": 0.5655680954619303, "bagging_freq": 9.522663434333326, "batch_size": 10.0, "learning_rate": 0.02895718855274416, "nFile": 30.0, "num_iterations": 717.5998767137202, "num_leaves": 20.878224294505344}, "datetime": {"datetime": "2022-12-09 20:42:14", "elapsed": 0.0, "delta": 0.0}}
{"target": 0.7386319361145315, "params": {"bagging_fraction": 0.4531982198185276, "bagging_freq": 6.562471125275283, "batch_size": 10.0, "learning_rate": 0.001244023238887731, "nFile": 30.0, "num_iterations": 896.4527845388262, "num_leaves": 33.53892048981569}, "datetime": {"datetime": "2022-12-09 20:42:56", "elapsed": 41.388944, "delta": 41.388944}}
{"target": 0.7388030740181865, "params": {"bagging_fraction": 0.6306236786932431, "bagging_freq": 9.805842244133478, "batch_size": 10.0, "learning_rate": 0.007442468466662155, "nFile": 30.0, "num_iterations": 359.14099687052175, "num_leaves": 83.13430221482614}, "datetime": {"datetime": "2022-12-09 20:44:06", "elapsed": 111.940695, "delta": 70.551751}}
{"target": 0.7393319770219688, "params": {"bagging_fraction": 0.6635647341642215, "bagging_freq": 1.9942994252230641, "batch_size": 10.0, "learning_rate": 0.09427445705269447, "nFile": 30.0, "num_iterations": 479.43687354954375, "num_leaves": 37.9164968141117}, "datetime": {"datetime": "2022-12-09 20:45:12", "elapsed": 177.091049, "delta": 65.150354}}
{"target": 0.7388475720485409, "params": {"bagging_fraction": 0.8828065759574634, "bagging_freq": 4.857416311170577, "batch_size": 10.0, "learning_rate": 0.07206733198437779, "nFile": 30.0, "num_iterations": 636.745755438648, "num_leaves": 17.326848281992092}, "datetime": {"datetime": "2022-12-09 20:46:13", "elapsed": 238.659816, "delta": 61.568767}}
{"target": 0.7386449348574194, "params": {"bagging_fraction": 0.16978068255445947, "bagging_freq": 8.480847301213762, "batch_size": 10.0, "learning_rate": 0.01703923542127215, "nFile": 30.0, "num_iterations": 629.6372396581083, "num_leaves": 78.49325106219476}, "datetime": {"datetime": "2022-12-09 20:46:56", "elapsed": 281.96097, "delta": 43.301154}}
{"target": 0.7390565549690699, "params": {"bagging_fraction": 0.690260912206213, "bagging_freq": 6.019360835305807, "batch_size": 10.0, "learning_rate": 0.0248177695905833, "nFile": 30.0, "num_iterations": 457.0711289468461, "num_leaves": 50.89024261707944}, "datetime": {"datetime": "2022-12-09 20:48:28", "elapsed": 373.898159, "delta": 91.937189}}
{"target": 0.7387283745272654, "params": {"bagging_fraction": 0.9601658569793673, "bagging_freq": 9.114419735266427, "batch_size": 10.0, "learning_rate": 0.08224944703112858, "nFile": 30.0, "num_iterations": 308.650012841849, "num_leaves": 12.51027120846839}, "datetime": {"datetime": "2022-12-09 20:49:20", "elapsed": 425.555928, "delta": 51.657769}}
{"target": 0.7390052151476747, "params": {"bagging_fraction": 0.5191866338311598, "bagging_freq": 8.910782275638457, "batch_size": 10.0, "learning_rate": 0.023893879225742227, "nFile": 30.0, "num_iterations": 216.1571748455536, "num_leaves": 92.05873359625475}, "datetime": {"datetime": "2022-12-09 20:50:47", "elapsed": 512.385475, "delta": 86.829547}}
{"target": 0.7386343423761454, "params": {"bagging_fraction": 0.3113177958201674, "bagging_freq": 6.543880917755522, "batch_size": 10.0, "learning_rate": 0.026257951152511252, "nFile": 30.0, "num_iterations": 975.2660023838444, "num_leaves": 27.74024482535567}, "datetime": {"datetime": "2022-12-09 20:51:29", "elapsed": 554.648757, "delta": 42.263282}}
{"target": 0.7388097386757102, "params": {"bagging_fraction": 0.6839742692920188, "bagging_freq": 8.568930479406701, "batch_size": 10.0, "learning_rate": 0.014994858242150137, "nFile": 30.0, "num_iterations": 491.41252254898205, "num_leaves": 91.55350403622634}, "datetime": {"datetime": "2022-12-09 20:52:36", "elapsed": 621.627461, "delta": 66.978704}}
{"target": 0.7387038793275034, "params": {"bagging_fraction": 0.3168861011953927, "bagging_freq": 2.4515556642195753, "batch_size": 10.0, "learning_rate": 0.03551548335388889, "nFile": 30.0, "num_iterations": 487.55842450226703, "num_leaves": 45.131685135980995}, "datetime": {"datetime": "2022-12-09 20:53:28", "elapsed": 673.173718, "delta": 51.546257}}
{"target": 0.7388705812717316, "params": {"bagging_fraction": 0.3302021274509294, "bagging_freq": 5.236861649191775, "batch_size": 10.0, "learning_rate": 0.08177899719509876, "nFile": 30.0, "num_iterations": 456.94876393690254, "num_leaves": 52.52297921848181}, "datetime": {"datetime": "2022-12-09 20:54:21", "elapsed": 726.642784, "delta": 53.469066}}
{"target": 0.738965361187335, "params": {"bagging_fraction": 0.6525846285550065, "bagging_freq": 1.752152003729083, "batch_size": 10.0, "learning_rate": 0.09381631827430634, "nFile": 30.0, "num_iterations": 482.8564254143547, "num_leaves": 35.03400690490419}, "datetime": {"datetime": "2022-12-09 20:55:13", "elapsed": 778.096648, "delta": 51.453864}}
{"target": 0.7392239960775794, "params": {"bagging_fraction": 0.49983861442960253, "bagging_freq": 1.4866995650519126, "batch_size": 10.0, "learning_rate": 0.07299408974054071, "nFile": 30.0, "num_iterations": 473.7869289442844, "num_leaves": 42.58775478265352}, "datetime": {"datetime": "2022-12-09 20:56:47", "elapsed": 872.909964, "delta": 94.813316}}
{"target": 0.7391364506129936, "params": {"bagging_fraction": 0.7497169787854934, "bagging_freq": 5.273175251311475, "batch_size": 10.0, "learning_rate": 0.07059769432122921, "nFile": 30.0, "num_iterations": 478.9470346326716, "num_leaves": 40.522477174431486}, "datetime": {"datetime": "2022-12-09 20:57:56", "elapsed": 941.093473, "delta": 68.183509}}
{"target": 0.7393029678904796, "params": {"bagging_fraction": 0.599354183327639, "bagging_freq": 1.6748494431379712, "batch_size": 10.0, "learning_rate": 0.08763714420793434, "nFile": 30.0, "num_iterations": 477.06100809345537, "num_leaves": 60.83323662376108}, "datetime": {"datetime": "2022-12-09 20:58:58", "elapsed": 1003.677325, "delta": 62.583852}}
{"target": 0.7391754253429114, "params": {"bagging_fraction": 0.7574766072155356, "bagging_freq": 6.82314041047171, "batch_size": 10.0, "learning_rate": 0.041566410664834234, "nFile": 30.0, "num_iterations": 473.22225663937803, "num_leaves": 64.1979906164544}, "datetime": {"datetime": "2022-12-09 21:00:24", "elapsed": 1089.81861, "delta": 86.141285}}
{"target": 0.7386449101291274, "params": {"bagging_fraction": 0.16688685538364745, "bagging_freq": 1.1801128605173539, "batch_size": 10.0, "learning_rate": 0.038146781916470765, "nFile": 30.0, "num_iterations": 472.39768167915844, "num_leaves": 35.09230515423634}, "datetime": {"datetime": "2022-12-09 21:01:10", "elapsed": 1135.226119, "delta": 45.407509}}
{"target": 0.7389853845272034, "params": {"bagging_fraction": 0.3631373055780561, "bagging_freq": 5.6317793187239555, "batch_size": 10.0, "learning_rate": 0.04412196724525201, "nFile": 30.0, "num_iterations": 472.7382643907147, "num_leaves": 56.202637511533105}, "datetime": {"datetime": "2022-12-09 21:02:18", "elapsed": 1204.027689, "delta": 68.80157}}
{"target": 0.7394350047136233, "params": {"bagging_fraction": 0.9228316394081257, "bagging_freq": 1.4453929336412321, "batch_size": 10.0, "learning_rate": 0.08018207341090633, "nFile": 30.0, "num_iterations": 482.84030105942537, "num_leaves": 65.77231638217259}, "datetime": {"datetime": "2022-12-09 21:03:30", "elapsed": 1275.366718, "delta": 71.339029}}
{"target": 0.7391149842466769, "params": {"bagging_fraction": 0.360608131042921, "bagging_freq": 4.965922492062223, "batch_size": 10.0, "learning_rate": 0.06950184441628729, "nFile": 30.0, "num_iterations": 479.0135163271882, "num_leaves": 67.36526086739997}, "datetime": {"datetime": "2022-12-09 21:04:36", "elapsed": 1341.677171, "delta": 66.310453}}
{"target": 0.7391491354623458, "params": {"bagging_fraction": 0.3683743296034334, "bagging_freq": 4.991472370080718, "batch_size": 10.0, "learning_rate": 0.05243318400347978, "nFile": 30.0, "num_iterations": 484.7417753684348, "num_leaves": 61.86337656208979}, "datetime": {"datetime": "2022-12-09 21:05:56", "elapsed": 1421.591386, "delta": 79.914215}}
{"target": 0.7389041191902506, "params": {"bagging_fraction": 0.7637847410421216, "bagging_freq": 2.9144110934607457, "batch_size": 10.0, "learning_rate": 0.03596419077908519, "nFile": 30.0, "num_iterations": 486.39157569670135, "num_leaves": 72.06167623867745}, "datetime": {"datetime": "2022-12-09 21:07:01", "elapsed": 1486.641735, "delta": 65.050349}}
{"target": 0.7391820816799295, "params": {"bagging_fraction": 0.8388831036291274, "bagging_freq": 1.0064162461229949, "batch_size": 10.0, "learning_rate": 0.06413076272303998, "nFile": 30.0, "num_iterations": 484.9454383926801, "num_leaves": 60.97811902531768}, "datetime": {"datetime": "2022-12-09 21:08:03", "elapsed": 1548.952324, "delta": 62.310589}}
