{"target": 0.6801251861499156, "params": {"learning_rate": 0.7415824020767156, "num_iterations": 101.80319701296389, "num_leaves": 30.95958203032944}, "datetime": {"datetime": "2022-12-08 00:18:52", "elapsed": 0.0, "delta": 0.0}}
{"target": 0.6801416384589175, "params": {"learning_rate": 0.3442703736758512, "num_iterations": 45.92741741374371, "num_leaves": 18.52790213105817}, "datetime": {"datetime": "2022-12-08 00:19:13", "elapsed": 20.341187, "delta": 20.341187}}
{"target": 0.6805882390403739, "params": {"learning_rate": 0.5080787982557925, "num_iterations": 224.14249577602567, "num_leaves": 32.70176765064711}, "datetime": {"datetime": "2022-12-08 00:19:34", "elapsed": 41.186361, "delta": 20.845174}}
{"target": 0.6803557838357657, "params": {"learning_rate": 0.4442696808507942, "num_iterations": 346.9258912720612, "num_leaves": 7.931243030227638}, "datetime": {"datetime": "2022-12-08 00:20:09", "elapsed": 76.327584, "delta": 35.141223}}
{"target": 0.6795833213921413, "params": {"learning_rate": 0.9550669683078469, "num_iterations": 201.63402890087784, "num_leaves": 16.829532843089233}, "datetime": {"datetime": "2022-12-08 00:20:22", "elapsed": 89.878277, "delta": 13.550693}}
{"target": 0.6791757287046088, "params": {"learning_rate": 0.12202319479290713, "num_iterations": 50.94188027395617, "num_leaves": 14.985138421548678}, "datetime": {"datetime": "2022-12-08 00:20:46", "elapsed": 113.59613, "delta": 23.717853}}
{"target": 0.6805189801266721, "params": {"learning_rate": 0.09319954714692924, "num_iterations": 233.63057059096894, "num_leaves": 36.31077116395567}, "datetime": {"datetime": "2022-12-08 00:21:45", "elapsed": 172.046981, "delta": 58.450851}}
{"target": 0.6802729915711105, "params": {"learning_rate": 0.6293970621812489, "num_iterations": 128.32247999431655, "num_leaves": 37.5166710970652}, "datetime": {"datetime": "2022-12-08 00:22:01", "elapsed": 188.927404, "delta": 16.880423}}
{"target": 0.6797605817536463, "params": {"learning_rate": 0.8519723747990217, "num_iterations": 316.7570907263373, "num_leaves": 7.963342718133161}, "datetime": {"datetime": "2022-12-08 00:22:25", "elapsed": 212.217092, "delta": 23.289688}}
{"target": 0.6797759726233579, "params": {"learning_rate": 0.9194052456659602, "num_iterations": 431.64962975056307, "num_leaves": 28.580897198042766}, "datetime": {"datetime": "2022-12-08 00:22:41", "elapsed": 228.340779, "delta": 16.123687}}
{"target": 0.6799550905036211, "params": {"learning_rate": 0.2478802578898015, "num_iterations": 70.62015896012448, "num_leaves": 11.465823176632806}, "datetime": {"datetime": "2022-12-08 00:23:11", "elapsed": 258.168617, "delta": 29.827838}}
{"target": 0.6798892812676132, "params": {"learning_rate": 0.35862832222799745, "num_iterations": 70.55963184904546, "num_leaves": 8.752416762299038}, "datetime": {"datetime": "2022-12-08 00:23:36", "elapsed": 283.314086, "delta": 25.145469}}
{"target": 0.6808395347923878, "params": {"learning_rate": 0.19886806739750162, "num_iterations": 228.37607860128554, "num_leaves": 34.585367877346286}, "datetime": {"datetime": "2022-12-08 00:24:17", "elapsed": 324.471513, "delta": 41.157427}}
{"target": 0.6811728267295888, "params": {"learning_rate": 0.23657756975785438, "num_iterations": 230.38162891764887, "num_leaves": 29.969741222294875}, "datetime": {"datetime": "2022-12-08 00:25:10", "elapsed": 377.329933, "delta": 52.85842}}
{"target": 0.6803971799680931, "params": {"learning_rate": 0.5052088125819046, "num_iterations": 230.46120724603801, "num_leaves": 24.30253819094522}, "datetime": {"datetime": "2022-12-08 00:25:33", "elapsed": 400.791625, "delta": 23.461692}}
{"target": 0.6802209810458786, "params": {"learning_rate": 0.674657980657876, "num_iterations": 234.96121804934003, "num_leaves": 29.658735215179696}, "datetime": {"datetime": "2022-12-08 00:25:50", "elapsed": 417.721089, "delta": 16.929464}}
{"target": 0.67967460517112, "params": {"learning_rate": 0.9508756071338377, "num_iterations": 227.65389836206566, "num_leaves": 29.75920849390925}, "datetime": {"datetime": "2022-12-08 00:26:05", "elapsed": 432.957581, "delta": 15.236492}}
{"target": 0.6809053440283956, "params": {"learning_rate": 0.3267268784237587, "num_iterations": 224.31040437408456, "num_leaves": 16.301247023574632}, "datetime": {"datetime": "2022-12-08 00:26:44", "elapsed": 471.343906, "delta": 38.386325}}
{"target": 0.6806418417245417, "params": {"learning_rate": 0.4973820378754339, "num_iterations": 224.257107234408, "num_leaves": 32.686048752841984}, "datetime": {"datetime": "2022-12-08 00:27:10", "elapsed": 497.535289, "delta": 26.191383}}
{"target": 0.6803515380786038, "params": {"learning_rate": 0.6560806471724759, "num_iterations": 231.01409709148166, "num_leaves": 30.040653428264818}, "datetime": {"datetime": "2022-12-08 00:27:32", "elapsed": 519.307573, "delta": 21.772284}}
