{"target": 0.7578304027102806, "params": {"learning_rate": 0.6655614026070139, "num_iterations": 87.75642427429214, "num_leaves": 25.908915436582923}, "datetime": {"datetime": "2022-12-08 19:00:03", "elapsed": 0.0, "delta": 0.0}}
{"target": 0.7585494733337148, "params": {"learning_rate": 0.41706962028974814, "num_iterations": 423.46390968003374, "num_leaves": 9.56285543919466}, "datetime": {"datetime": "2022-12-08 19:01:05", "elapsed": 62.254549, "delta": 62.254549}}
{"target": 0.7571619310146388, "params": {"learning_rate": 0.9226993236105712, "num_iterations": 406.5204542890225, "num_leaves": 9.88305353921912}, "datetime": {"datetime": "2022-12-08 19:01:47", "elapsed": 104.423742, "delta": 42.169193}}
{"target": 0.7567261415656319, "params": {"learning_rate": 0.8870064508285525, "num_iterations": 130.18156911443214, "num_leaves": 25.455843277835584}, "datetime": {"datetime": "2022-12-08 19:02:17", "elapsed": 133.901064, "delta": 29.477322}}
{"target": 0.7587365457696089, "params": {"learning_rate": 0.5721415086255817, "num_iterations": 240.55186976858752, "num_leaves": 10.545122179167517}, "datetime": {"datetime": "2022-12-08 19:03:05", "elapsed": 182.755159, "delta": 48.854095}}
{"target": 0.7580965801117225, "params": {"learning_rate": 0.6115444499525143, "num_iterations": 184.48650414392893, "num_leaves": 19.3594081754917}, "datetime": {"datetime": "2022-12-08 19:03:39", "elapsed": 216.363047, "delta": 33.607888}}
{"target": 0.759281371677694, "params": {"learning_rate": 0.17812688593393144, "num_iterations": 257.57743124488366, "num_leaves": 27.691528520238396}, "datetime": {"datetime": "2022-12-08 19:04:38", "elapsed": 275.266726, "delta": 58.903679}}
{"target": 0.755743744439609, "params": {"learning_rate": 0.9148703806954352, "num_iterations": 280.9979908885858, "num_leaves": 38.87957389204567}, "datetime": {"datetime": "2022-12-08 19:05:01", "elapsed": 298.794773, "delta": 23.528047}}
{"target": 0.7557900672204956, "params": {"learning_rate": 0.6783416899933101, "num_iterations": 106.95124427876377, "num_leaves": 8.723597210809048}, "datetime": {"datetime": "2022-12-08 19:05:31", "elapsed": 327.869826, "delta": 29.075053}}
{"target": 0.7588641111801459, "params": {"learning_rate": 0.49659103659389336, "num_iterations": 181.7140865746369, "num_leaves": 36.39059043370861}, "datetime": {"datetime": "2022-12-08 19:06:05", "elapsed": 361.904059, "delta": 34.034233}}
{"target": 0.7554130718835828, "params": {"learning_rate": 0.9878583297882084, "num_iterations": 272.9073027185479, "num_leaves": 25.331133905779676}, "datetime": {"datetime": "2022-12-08 19:06:27", "elapsed": 384.291121, "delta": 22.387062}}
{"target": 0.7565572419783024, "params": {"learning_rate": 0.8087517236803816, "num_iterations": 441.21132776441476, "num_leaves": 33.04624960801553}, "datetime": {"datetime": "2022-12-08 19:06:55", "elapsed": 412.480469, "delta": 28.189348}}
{"target": 0.7587279936855513, "params": {"learning_rate": 0.46948836828464335, "num_iterations": 344.4848887613929, "num_leaves": 22.84542051701439}, "datetime": {"datetime": "2022-12-08 19:07:37", "elapsed": 454.165933, "delta": 41.685464}}
{"target": 0.7583513549263993, "params": {"learning_rate": 0.5399395241787652, "num_iterations": 133.87090372323854, "num_leaves": 24.713000544244473}, "datetime": {"datetime": "2022-12-08 19:08:07", "elapsed": 484.478607, "delta": 30.312674}}
{"target": 0.7453888457754156, "params": {"learning_rate": 0.8469625674653201, "num_iterations": 13.879401979868682, "num_leaves": 14.414941723316748}, "datetime": {"datetime": "2022-12-08 19:08:16", "elapsed": 493.581543, "delta": 9.102936}}
{"target": 0.7592578539738409, "params": {"learning_rate": 0.22167373098345, "num_iterations": 154.69829712290084, "num_leaves": 25.366594075276105}, "datetime": {"datetime": "2022-12-08 19:09:10", "elapsed": 547.443778, "delta": 53.862235}}
{"target": 0.759298118896789, "params": {"learning_rate": 0.37258163716361625, "num_iterations": 309.74267339897546, "num_leaves": 36.467203440017585}, "datetime": {"datetime": "2022-12-08 19:09:49", "elapsed": 585.88164, "delta": 38.437862}}
{"target": 0.7569716519797455, "params": {"learning_rate": 0.7529330795313246, "num_iterations": 237.77903379445357, "num_leaves": 36.63417607879389}, "datetime": {"datetime": "2022-12-08 19:10:14", "elapsed": 611.498695, "delta": 25.617055}}
{"target": 0.7410915260683377, "params": {"learning_rate": 0.09150218473055904, "num_iterations": 146.02543146222035, "num_leaves": 6.562286101139103}, "datetime": {"datetime": "2022-12-08 19:10:54", "elapsed": 651.749442, "delta": 40.250747}}
{"target": 0.7587137406834337, "params": {"learning_rate": 0.5244303210028667, "num_iterations": 145.09916996280396, "num_leaves": 32.21192007690323}, "datetime": {"datetime": "2022-12-08 19:11:28", "elapsed": 684.970499, "delta": 33.221057}}
