{"target": 0.7550045923742159, "params": {"learning_rate": 0.9929218889717679, "num_iterations": 121.97315895917401, "num_leaves": 33.24056204114005}, "datetime": {"datetime": "2022-12-08 20:18:04", "elapsed": 0.0, "delta": 0.0}}
{"target": 0.756875638791315, "params": {"learning_rate": 0.8214553934208763, "num_iterations": 78.81542904542204, "num_leaves": 36.4955539909945}, "datetime": {"datetime": "2022-12-08 20:18:27", "elapsed": 22.986218, "delta": 22.986218}}
{"target": 0.7527689176726753, "params": {"learning_rate": 0.19884718321575934, "num_iterations": 138.22720199248374, "num_leaves": 8.332609478194348}, "datetime": {"datetime": "2022-12-08 20:19:07", "elapsed": 62.708694, "delta": 39.722476}}
{"target": 0.7447760447913755, "params": {"learning_rate": 0.16598548169201244, "num_iterations": 146.86681577442423, "num_leaves": 5.927786951217226}, "datetime": {"datetime": "2022-12-08 20:19:44", "elapsed": 99.743948, "delta": 37.035254}}
{"target": 0.7577375812535689, "params": {"learning_rate": 0.8256471318783255, "num_iterations": 259.93064413117645, "num_leaves": 13.261735648794414}, "datetime": {"datetime": "2022-12-08 20:20:24", "elapsed": 139.712703, "delta": 39.968755}}
{"target": 0.7598109309700185, "params": {"learning_rate": 0.28501600206925415, "num_iterations": 265.03066079014076, "num_leaves": 14.230906372902563}, "datetime": {"datetime": "2022-12-08 20:21:34", "elapsed": 209.837294, "delta": 70.124591}}
{"target": 0.7601631521098764, "params": {"learning_rate": 0.24903850675942008, "num_iterations": 412.9430448048066, "num_leaves": 31.832722559585566}, "datetime": {"datetime": "2022-12-08 20:22:36", "elapsed": 272.109888, "delta": 62.272594}}
{"target": 0.7591588737158508, "params": {"learning_rate": 0.45999602694488506, "num_iterations": 317.3996807778952, "num_leaves": 30.572850450506493}, "datetime": {"datetime": "2022-12-08 20:23:20", "elapsed": 315.546867, "delta": 43.436979}}
{"target": 0.758450639980057, "params": {"learning_rate": 0.6513026219433314, "num_iterations": 361.9897096208184, "num_leaves": 22.167399413839636}, "datetime": {"datetime": "2022-12-08 20:24:00", "elapsed": 355.701862, "delta": 40.154995}}
{"target": 0.7601793501071555, "params": {"learning_rate": 0.17763545938715675, "num_iterations": 367.0482734795211, "num_leaves": 26.335812532042606}, "datetime": {"datetime": "2022-12-08 20:25:15", "elapsed": 431.167706, "delta": 75.465844}}
{"target": 0.7586998141329739, "params": {"learning_rate": 0.49655228189274137, "num_iterations": 278.6748585489114, "num_leaves": 14.246759127149947}, "datetime": {"datetime": "2022-12-08 20:26:01", "elapsed": 477.312105, "delta": 46.144399}}
{"target": 0.7584699397760724, "params": {"learning_rate": 0.5508269294444262, "num_iterations": 381.43430750096593, "num_leaves": 27.034311071378955}, "datetime": {"datetime": "2022-12-08 20:26:37", "elapsed": 512.654681, "delta": 35.342576}}
{"target": 0.7602651653702589, "params": {"learning_rate": 0.13136286838503264, "num_iterations": 368.4951175150781, "num_leaves": 39.856500671892874}, "datetime": {"datetime": "2022-12-08 20:28:04", "elapsed": 599.628449, "delta": 86.973768}}
{"target": 0.7586750001093898, "params": {"learning_rate": 0.4859875995133909, "num_iterations": 399.61607098134726, "num_leaves": 39.78042324008331}, "datetime": {"datetime": "2022-12-08 20:28:40", "elapsed": 635.721686, "delta": 36.093237}}
{"target": 0.7594459580001499, "params": {"learning_rate": 0.08715244025026825, "num_iterations": 268.92489594176595, "num_leaves": 29.625417149040572}, "datetime": {"datetime": "2022-12-08 20:30:26", "elapsed": 741.760627, "delta": 106.038941}}
{"target": 0.7588156128349502, "params": {"learning_rate": 0.5866395695069672, "num_iterations": 407.1445751901287, "num_leaves": 16.389185204348024}, "datetime": {"datetime": "2022-12-08 20:31:09", "elapsed": 784.795949, "delta": 43.035322}}
{"target": 0.7603909587433266, "params": {"learning_rate": 0.31324548642064953, "num_iterations": 351.6189460593903, "num_leaves": 39.9280969613946}, "datetime": {"datetime": "2022-12-08 20:32:07", "elapsed": 842.719583, "delta": 57.923634}}
{"target": 0.7581745839983868, "params": {"learning_rate": 0.6114340077682885, "num_iterations": 353.23212098902553, "num_leaves": 39.07034946643303}, "datetime": {"datetime": "2022-12-08 20:32:37", "elapsed": 872.813226, "delta": 30.093643}}
{"target": 0.7596830698055597, "params": {"learning_rate": 0.32057384412131185, "num_iterations": 344.37209575753633, "num_leaves": 39.49739322863956}, "datetime": {"datetime": "2022-12-08 20:33:19", "elapsed": 915.091517, "delta": 42.278291}}
{"target": 0.7568735707039338, "params": {"learning_rate": 0.8372477835054837, "num_iterations": 374.88768535548127, "num_leaves": 34.689168368813995}, "datetime": {"datetime": "2022-12-08 20:33:43", "elapsed": 939.119564, "delta": 24.028047}}
