{"target": 0.693141063990548, "params": {"bagging_fraction": 0.8, "bagging_freq": 2.0, "batch_size": 10.0, "feature_fraction": 0.7282395843967112, "learning_rate": 0.05199861901971399, "min_gain_to_split": 0.06862220852374669, "nFile": 10.0, "num_iterations": 778.4884932930062, "num_leaves": 19.305465723078658}, "datetime": {"datetime": "2023-01-07 02:29:39", "elapsed": 0.0, "delta": 0.0}}
{"target": 0.6795082070412095, "params": {"bagging_fraction": 0.8, "bagging_freq": 2.0, "batch_size": 10.0, "feature_fraction": 0.7884947538376474, "learning_rate": 0.06707784097963138, "min_gain_to_split": 0.05895818652147146, "nFile": 10.0, "num_iterations": 869.0187644252622, "num_leaves": 3.8221122936014176}, "datetime": {"datetime": "2023-01-07 03:01:12", "elapsed": 1893.066235, "delta": 1893.066235}}
{"target": 0.6880004378745426, "params": {"bagging_fraction": 0.8, "bagging_freq": 2.0, "batch_size": 10.0, "feature_fraction": 0.7626183037960246, "learning_rate": 0.03099076564359802, "min_gain_to_split": 5.2881116927605555e-05, "nFile": 10.0, "num_iterations": 728.3001515450379, "num_leaves": 13.804702732652473}, "datetime": {"datetime": "2023-01-07 03:43:30", "elapsed": 4430.49443, "delta": 2537.428195}}
{"target": 0.6868162400016472, "params": {"bagging_fraction": 0.8, "bagging_freq": 2.0, "batch_size": 10.0, "feature_fraction": 0.7828751484322756, "learning_rate": 0.1463918492629473, "min_gain_to_split": 0.011922669418412269, "nFile": 10.0, "num_iterations": 725.9512595410359, "num_leaves": 4.170954568360961}, "datetime": {"datetime": "2023-01-07 04:11:43", "elapsed": 6123.451278, "delta": 1692.956848}}
{"target": 0.6902393039050875, "params": {"bagging_fraction": 0.8, "bagging_freq": 2.0, "batch_size": 10.0, "feature_fraction": 0.7547975292093007, "learning_rate": 0.12181230615004508, "min_gain_to_split": 0.07736131690757343, "nFile": 10.0, "num_iterations": 811.5413518956846, "num_leaves": 6.990923463964013}, "datetime": {"datetime": "2023-01-07 04:46:13", "elapsed": 8193.982078, "delta": 2070.5308}}
{"target": 0.6974671882636412, "params": {"bagging_fraction": 0.8, "bagging_freq": 2.0, "batch_size": 10.0, "feature_fraction": 0.7483055185442942, "learning_rate": 0.19159056980675532, "min_gain_to_split": 0.09016021928073809, "nFile": 10.0, "num_iterations": 864.140297032583, "num_leaves": 25.17604593009947}, "datetime": {"datetime": "2023-01-07 05:27:01", "elapsed": 10641.867738, "delta": 2447.88566}}
{"target": 0.6935974182732141, "params": {"bagging_fraction": 0.8, "bagging_freq": 2.0, "batch_size": 10.0, "feature_fraction": 0.7878975808404274, "learning_rate": 0.038025581154112156, "min_gain_to_split": 0.02312513053105275, "nFile": 10.0, "num_iterations": 725.8127055212342, "num_leaves": 27.659416217843507}, "datetime": {"datetime": "2023-01-07 06:15:04", "elapsed": 13524.591375, "delta": 2882.723637}}
{"target": 0.6952294319090015, "params": {"bagging_fraction": 0.8, "bagging_freq": 2.0, "batch_size": 10.0, "feature_fraction": 0.7255130819722335, "learning_rate": 0.09554847818554817, "min_gain_to_split": 0.09725177804264938, "nFile": 10.0, "num_iterations": 739.7362605389258, "num_leaves": 21.26249855378877}, "datetime": {"datetime": "2023-01-07 06:53:35", "elapsed": 15835.920404, "delta": 2311.329029}}
{"target": 0.6920775087436335, "params": {"bagging_fraction": 0.8, "bagging_freq": 2.0, "batch_size": 10.0, "feature_fraction": 0.7622847970552664, "learning_rate": 0.025860428003359096, "min_gain_to_split": 0.0053267094648937535, "nFile": 10.0, "num_iterations": 881.0950450435486, "num_leaves": 24.36080580581978}, "datetime": {"datetime": "2023-01-07 07:52:07", "elapsed": 19347.724415, "delta": 3511.804011}}
{"target": 0.6960207710122006, "params": {"bagging_fraction": 0.8, "bagging_freq": 2.0, "batch_size": 10.0, "feature_fraction": 0.7534397281230976, "learning_rate": 0.10638779744428203, "min_gain_to_split": 0.05035347736778056, "nFile": 10.0, "num_iterations": 858.2581182112694, "num_leaves": 18.689435115449587}, "datetime": {"datetime": "2023-01-07 08:34:25", "elapsed": 21885.473968, "delta": 2537.749553}}
{"target": 0.7003659953011803, "params": {"bagging_fraction": 0.8, "bagging_freq": 2.0, "batch_size": 10.0, "feature_fraction": 0.7690768170274349, "learning_rate": 0.18515021944572177, "min_gain_to_split": 0.004608737641986482, "nFile": 10.0, "num_iterations": 854.8023097615292, "num_leaves": 29.757608548043788}, "datetime": {"datetime": "2023-01-07 09:14:36", "elapsed": 24297.309442, "delta": 2411.835474}}
{"target": 0.695320354722353, "params": {"bagging_fraction": 0.8, "bagging_freq": 2.0, "batch_size": 10.0, "feature_fraction": 0.7610980269949692, "learning_rate": 0.05080402762441491, "min_gain_to_split": 0.06893081933955993, "nFile": 10.0, "num_iterations": 855.32550864904, "num_leaves": 28.819492611657182}, "datetime": {"datetime": "2023-01-07 10:05:35", "elapsed": 27356.288389, "delta": 3058.978947}}
{"target": 0.6979013750918543, "params": {"bagging_fraction": 0.8, "bagging_freq": 2.0, "batch_size": 10.0, "feature_fraction": 0.7866170802525874, "learning_rate": 0.09853656801871964, "min_gain_to_split": 0.04021503754355539, "nFile": 10.0, "num_iterations": 853.4251576314775, "num_leaves": 29.106605567472073}, "datetime": {"datetime": "2023-01-07 10:49:24", "elapsed": 29984.662396, "delta": 2628.374007}}
{"target": 0.6974114139501384, "params": {"bagging_fraction": 0.8, "bagging_freq": 2.0, "batch_size": 10.0, "feature_fraction": 0.7458673642908995, "learning_rate": 0.16165185674447868, "min_gain_to_split": 0.07260695584086195, "nFile": 10.0, "num_iterations": 862.4902486476605, "num_leaves": 23.33397470513005}, "datetime": {"datetime": "2023-01-07 11:29:09", "elapsed": 32370.336033, "delta": 2385.673637}}
{"target": 0.6959326596522782, "params": {"bagging_fraction": 0.8, "bagging_freq": 2.0, "batch_size": 10.0, "feature_fraction": 0.759299854414293, "learning_rate": 0.07991850681950922, "min_gain_to_split": 0.0478827001923797, "nFile": 10.0, "num_iterations": 865.3412200930258, "num_leaves": 22.589685728159104}, "datetime": {"datetime": "2023-01-07 12:14:02", "elapsed": 35062.863479, "delta": 2692.527446}}
{"target": 0.6975359138083348, "params": {"bagging_fraction": 0.8, "bagging_freq": 2.0, "batch_size": 10.0, "feature_fraction": 0.7160563855268404, "learning_rate": 0.09833012068011183, "min_gain_to_split": 0.03409177634356042, "nFile": 10.0, "num_iterations": 861.1973869094046, "num_leaves": 26.49401785172916}, "datetime": {"datetime": "2023-01-07 12:57:14", "elapsed": 37655.183511, "delta": 2592.320032}}
{"target": 0.6990976378379978, "params": {"bagging_fraction": 0.8, "bagging_freq": 2.0, "batch_size": 10.0, "feature_fraction": 0.7338476029781256, "learning_rate": 0.11596588319183455, "min_gain_to_split": 0.0, "nFile": 10.0, "num_iterations": 863.6664254073243, "num_leaves": 29.045312332997185}, "datetime": {"datetime": "2023-01-07 13:39:17", "elapsed": 40178.152326, "delta": 2522.968815}}
{"target": 0.6995973291817121, "params": {"bagging_fraction": 0.8, "bagging_freq": 2.0, "batch_size": 10.0, "feature_fraction": 0.7788626611410739, "learning_rate": 0.1467554136327956, "min_gain_to_split": 0.026235122201243202, "nFile": 10.0, "num_iterations": 867.0664136230156, "num_leaves": 29.262421956140027}, "datetime": {"datetime": "2023-01-07 14:20:54", "elapsed": 42675.400592, "delta": 2497.248266}}
{"target": 0.6941111951273583, "params": {"bagging_fraction": 0.8, "bagging_freq": 2.0, "batch_size": 10.0, "feature_fraction": 0.7616933991151302, "learning_rate": 0.037058331790832594, "min_gain_to_split": 0.025690529128248152, "nFile": 10.0, "num_iterations": 870.1829971210602, "num_leaves": 26.79371813014249}, "datetime": {"datetime": "2023-01-07 15:16:28", "elapsed": 46008.879353, "delta": 3333.478761}}
{"target": 0.6957273988402566, "params": {"bagging_fraction": 0.8, "bagging_freq": 2.0, "batch_size": 10.0, "feature_fraction": 0.7827975191070293, "learning_rate": 0.05373649688339521, "min_gain_to_split": 0.06125070136976027, "nFile": 10.0, "num_iterations": 848.8123483786048, "num_leaves": 29.989127064733335}, "datetime": {"datetime": "2023-01-07 16:06:26", "elapsed": 49006.662376, "delta": 2997.783023}}
{"target": 0.6828829868508168, "params": {"bagging_fraction": 0.8, "bagging_freq": 2.0, "batch_size": 10.0, "feature_fraction": 0.8, "learning_rate": 0.01, "min_gain_to_split": 0.0, "nFile": 10.0, "num_iterations": 863.1208018016943, "num_leaves": 17.456254741149962}, "datetime": {"datetime": "2023-01-07 17:04:51", "elapsed": 52512.018025, "delta": 3505.355649}}
{"target": 0.6920851819321316, "params": {"bagging_fraction": 0.8, "bagging_freq": 2.0, "batch_size": 10.0, "feature_fraction": 0.7344705970725202, "learning_rate": 0.04183860956766578, "min_gain_to_split": 0.07992220304657488, "nFile": 10.0, "num_iterations": 854.1645707415121, "num_leaves": 17.972567989959956}, "datetime": {"datetime": "2023-01-07 17:54:09", "elapsed": 55469.711901, "delta": 2957.693876}}
{"target": 0.6935085496072126, "params": {"bagging_fraction": 0.8, "bagging_freq": 2.0, "batch_size": 10.0, "feature_fraction": 0.7048258612766393, "learning_rate": 0.032238980893949776, "min_gain_to_split": 0.052141587595480904, "nFile": 10.0, "num_iterations": 866.2782969901428, "num_leaves": 27.18351542410713}, "datetime": {"datetime": "2023-01-07 18:51:54", "elapsed": 58934.69379, "delta": 3464.981889}}
{"target": 0.6948983768380159, "params": {"bagging_fraction": 0.8, "bagging_freq": 2.0, "batch_size": 10.0, "feature_fraction": 0.7747562086907729, "learning_rate": 0.043202513664862066, "min_gain_to_split": 0.08943713852525079, "nFile": 10.0, "num_iterations": 861.3324594615723, "num_leaves": 29.419953445015665}, "datetime": {"datetime": "2023-01-07 19:46:16", "elapsed": 62196.901242, "delta": 3262.207452}}
{"target": 0.7008769811203635, "params": {"bagging_fraction": 0.8, "bagging_freq": 2.0, "batch_size": 10.0, "feature_fraction": 0.7, "learning_rate": 0.2, "min_gain_to_split": 0.0, "nFile": 10.0, "num_iterations": 869.2453540458564, "num_leaves": 30.0}, "datetime": {"datetime": "2023-01-07 20:25:42", "elapsed": 64563.063233, "delta": 2366.161991}}
{"target": 0.6987889121179672, "params": {"bagging_fraction": 0.8, "bagging_freq": 2.0, "batch_size": 10.0, "feature_fraction": 0.770506234538714, "learning_rate": 0.11523210939359985, "min_gain_to_split": 0.024035352189334416, "nFile": 10.0, "num_iterations": 873.3003175937514, "num_leaves": 29.468482172966866}, "datetime": {"datetime": "2023-01-07 21:08:07", "elapsed": 67108.302694, "delta": 2545.239461}}
{"target": 0.6950692384089088, "params": {"bagging_fraction": 0.8, "bagging_freq": 2.0, "batch_size": 10.0, "feature_fraction": 0.7490566379540197, "learning_rate": 0.04495709885666845, "min_gain_to_split": 0.07856979235935312, "nFile": 10.0, "num_iterations": 876.6600165097445, "num_leaves": 29.617599723382256}, "datetime": {"datetime": "2023-01-07 22:02:44", "elapsed": 70384.58207, "delta": 3276.279376}}
{"target": 0.6991456289230978, "params": {"bagging_fraction": 0.8, "bagging_freq": 2.0, "batch_size": 10.0, "feature_fraction": 0.7522742913926884, "learning_rate": 0.1961860592371551, "min_gain_to_split": 0.0210555419992283, "nFile": 10.0, "num_iterations": 858.5404512349905, "num_leaves": 22.942271292774784}, "datetime": {"datetime": "2023-01-07 22:40:55", "elapsed": 72675.584706, "delta": 2291.002636}}
{"target": 0.692731028195277, "params": {"bagging_fraction": 0.8, "bagging_freq": 2.0, "batch_size": 10.0, "feature_fraction": 0.7430625896784271, "learning_rate": 0.026392853747388513, "min_gain_to_split": 0.017026867269536484, "nFile": 10.0, "num_iterations": 842.8259257381479, "num_leaves": 28.673870673583224}, "datetime": {"datetime": "2023-01-07 23:41:24", "elapsed": 76304.763723, "delta": 3629.179017}}
{"target": 0.696996000606741, "params": {"bagging_fraction": 0.8, "bagging_freq": 2.0, "batch_size": 10.0, "feature_fraction": 0.7271783282079831, "learning_rate": 0.15206587136810185, "min_gain_to_split": 0.0634256035332335, "nFile": 10.0, "num_iterations": 745.4060327943764, "num_leaves": 23.247705972767648}, "datetime": {"datetime": "2023-01-08 00:19:00", "elapsed": 78560.450939, "delta": 2255.687216}}
{"target": 0.6939087722191566, "params": {"bagging_fraction": 0.8, "bagging_freq": 2.0, "batch_size": 10.0, "feature_fraction": 0.7134719328351734, "learning_rate": 0.07224623858470618, "min_gain_to_split": 0.08437660668493557, "nFile": 10.0, "num_iterations": 745.8621452611856, "num_leaves": 18.851368561272842}, "datetime": {"datetime": "2023-01-08 00:59:16", "elapsed": 80977.088131, "delta": 2416.637192}}
{"target": 0.6982370370086858, "params": {"bagging_fraction": 0.8, "bagging_freq": 2.0, "batch_size": 10.0, "feature_fraction": 0.74151352443671, "learning_rate": 0.19687650633517298, "min_gain_to_split": 0.05059844807169572, "nFile": 10.0, "num_iterations": 743.1107191853308, "num_leaves": 26.54584768432159}, "datetime": {"datetime": "2023-01-08 01:35:33", "elapsed": 83154.316462, "delta": 2177.228331}}
{"target": 0.6955149917438265, "params": {"bagging_fraction": 0.8, "bagging_freq": 2.0, "batch_size": 10.0, "feature_fraction": 0.7435841738097204, "learning_rate": 0.06605001507077415, "min_gain_to_split": 0.060968715515500385, "nFile": 10.0, "num_iterations": 746.817855163642, "num_leaves": 27.688151186431977}, "datetime": {"datetime": "2023-01-08 02:18:33", "elapsed": 85733.633628, "delta": 2579.317166}}
{"target": 0.6964701064239973, "params": {"bagging_fraction": 0.8, "bagging_freq": 2.0, "batch_size": 10.0, "feature_fraction": 0.7869499560784399, "learning_rate": 0.08614723600904217, "min_gain_to_split": 0.05352746705952963, "nFile": 10.0, "num_iterations": 739.4641419772009, "num_leaves": 27.76638595756029}, "datetime": {"datetime": "2023-01-08 02:58:28", "elapsed": 88129.041531, "delta": 2395.407903}}
{"target": 0.6924359588039746, "params": {"bagging_fraction": 0.8, "bagging_freq": 2.0, "batch_size": 10.0, "feature_fraction": 0.7704738452102802, "learning_rate": 0.028034118043652446, "min_gain_to_split": 0.02764662235649569, "nFile": 10.0, "num_iterations": 742.5842074689867, "num_leaves": 29.873621500730263}, "datetime": {"datetime": "2023-01-08 03:50:39", "elapsed": 91260.052016, "delta": 3131.010485}}
