{"target": 0.7039740252445653, "params": {"bagging_fraction": 0.8, "bagging_freq": 2.0, "batch_size": 10.0, "feature_fraction": 0.6411979219835564, "learning_rate": 0.11831222799820976, "min_gain_to_split": 0.1403821961951187, "nFile": 10.0, "num_iterations": 696.2212332325154, "num_leaves": 26.631832153848322}, "datetime": {"datetime": "2022-12-21 11:59:29", "elapsed": 0.0, "delta": 0.0}}
{"target": 0.6997820727848935, "params": {"bagging_fraction": 0.8, "bagging_freq": 2.0, "batch_size": 10.0, "feature_fraction": 0.9424737691882368, "learning_rate": 0.15720074778957566, "min_gain_to_split": 0.12202055439079576, "nFile": 10.0, "num_iterations": 922.5469110631556, "num_leaves": 7.277640367001772}, "datetime": {"datetime": "2022-12-21 12:33:05", "elapsed": 2015.602301, "delta": 2015.602301}}
{"target": 0.6995905274353372, "params": {"bagging_fraction": 0.8, "bagging_freq": 2.0, "batch_size": 10.0, "feature_fraction": 0.8130915189801231, "learning_rate": 0.06413407981770015, "min_gain_to_split": 0.01010047412216245, "nFile": 10.0, "num_iterations": 570.7503788625949, "num_leaves": 19.75587841581559}, "datetime": {"datetime": "2022-12-21 13:01:53", "elapsed": 3743.735822, "delta": 1728.133521}}
{"target": 0.7002815963732608, "params": {"bagging_fraction": 0.8, "bagging_freq": 2.0, "batch_size": 10.0, "feature_fraction": 0.9143757421613778, "learning_rate": 0.36174740073075873, "min_gain_to_split": 0.03265307189498331, "nFile": 10.0, "num_iterations": 564.87814885259, "num_leaves": 7.7136932104512015}, "datetime": {"datetime": "2022-12-21 13:20:54", "elapsed": 4885.013963, "delta": 1141.278141}}
{"target": 0.7030580164541014, "params": {"bagging_fraction": 0.8, "bagging_freq": 2.0, "batch_size": 10.0, "feature_fraction": 0.7739876460465034, "learning_rate": 0.29835805270274784, "min_gain_to_split": 0.15698650212438953, "nFile": 10.0, "num_iterations": 778.8533797392115, "num_leaves": 11.238654329955017}, "datetime": {"datetime": "2022-12-21 13:46:54", "elapsed": 6444.390906, "delta": 1559.376943}}
{"target": 0.7073015310270256, "params": {"bagging_fraction": 0.8, "bagging_freq": 2.0, "batch_size": 10.0, "feature_fraction": 0.7415275927214707, "learning_rate": 0.47831252213321107, "min_gain_to_split": 0.18130441663340235, "nFile": 10.0, "num_iterations": 910.3507425814574, "num_leaves": 33.97005741262434}, "datetime": {"datetime": "2022-12-21 14:17:56", "elapsed": 8306.816883, "delta": 1862.425977}}
{"target": 0.703950696907522, "params": {"bagging_fraction": 0.8, "bagging_freq": 2.0, "batch_size": 10.0, "feature_fraction": 0.9394879042021366, "learning_rate": 0.08227649876586819, "min_gain_to_split": 0.05393774800900023, "nFile": 10.0, "num_iterations": 564.5317638030854, "num_leaves": 37.07427027230438}, "datetime": {"datetime": "2022-12-21 14:46:12", "elapsed": 10002.890321, "delta": 1696.073438}}
{"target": 0.705300194097147, "params": {"bagging_fraction": 0.8, "bagging_freq": 2.0, "batch_size": 10.0, "feature_fraction": 0.6275654098611679, "learning_rate": 0.23062502268904528, "min_gain_to_split": 0.1947783782810338, "nFile": 10.0, "num_iterations": 599.3406513473144, "num_leaves": 29.078123192235964}, "datetime": {"datetime": "2022-12-21 15:10:31", "elapsed": 11461.465474, "delta": 1458.575153}}
{"target": 0.7034441059619172, "params": {"bagging_fraction": 0.8, "bagging_freq": 2.0, "batch_size": 10.0, "feature_fraction": 0.8114239852763321, "learning_rate": 0.05090320906129451, "min_gain_to_split": 0.020120747983298132, "nFile": 10.0, "num_iterations": 952.7376126088714, "num_leaves": 32.951007257274725}, "datetime": {"datetime": "2022-12-21 15:59:50", "elapsed": 14421.22408, "delta": 2959.758606}}
{"target": 0.7069051149324093, "params": {"bagging_fraction": 0.8, "bagging_freq": 2.0, "batch_size": 10.0, "feature_fraction": 0.7671986406154876, "learning_rate": 0.2585790565668326, "min_gain_to_split": 0.10567160699878304, "nFile": 10.0, "num_iterations": 895.6452955281737, "num_leaves": 25.861793894311987}, "datetime": {"datetime": "2022-12-21 16:31:43", "elapsed": 16333.74573, "delta": 1912.52165}}
{"target": 0.707238605819166, "params": {"bagging_fraction": 0.8, "bagging_freq": 2.0, "batch_size": 10.0, "feature_fraction": 0.733922360962451, "learning_rate": 0.14460387010446685, "min_gain_to_split": 0.18059232340647904, "nFile": 10.0, "num_iterations": 909.6714136213168, "num_leaves": 35.380823237651256}, "datetime": {"datetime": "2022-12-21 17:06:59", "elapsed": 18449.34055, "delta": 2115.59482}}
{"target": 0.7078961354789978, "params": {"bagging_fraction": 0.8, "bagging_freq": 2.0, "batch_size": 10.0, "feature_fraction": 0.5045274112963801, "learning_rate": 0.38693480914063455, "min_gain_to_split": 0.011809838357215276, "nFile": 10.0, "num_iterations": 884.9393307107662, "num_leaves": 39.964965005305054}, "datetime": {"datetime": "2022-12-21 18:12:05", "elapsed": 22356.12487, "delta": 3906.78432}}
{"target": 0.6990084139688163, "params": {"bagging_fraction": 0.8, "bagging_freq": 2.0, "batch_size": 10.0, "feature_fraction": 0.6121662603637503, "learning_rate": 0.026133986609147453, "min_gain_to_split": 0.17021133688893791, "nFile": 10.0, "num_iterations": 868.003174754537, "num_leaves": 28.683287611708156}, "datetime": {"datetime": "2022-12-21 19:04:57", "elapsed": 25527.245591, "delta": 3171.120721}}
{"target": 0.706951795888712, "params": {"bagging_fraction": 0.8, "bagging_freq": 2.0, "batch_size": 10.0, "feature_fraction": 0.5, "learning_rate": 0.5, "min_gain_to_split": 0.01, "nFile": 10.0, "num_iterations": 895.5833245491926, "num_leaves": 40.0}, "datetime": {"datetime": "2022-12-21 20:10:00", "elapsed": 29430.833766, "delta": 3903.588175}}
{"target": 0.7069273256043401, "params": {"bagging_fraction": 0.8, "bagging_freq": 2.0, "batch_size": 10.0, "feature_fraction": 0.5, "learning_rate": 0.5, "min_gain_to_split": 0.09342877493093968, "nFile": 10.0, "num_iterations": 925.6020534965803, "num_leaves": 40.0}, "datetime": {"datetime": "2022-12-21 21:15:45", "elapsed": 33376.153338, "delta": 3945.319572}}
{"target": 0.7065343010009767, "params": {"bagging_fraction": 0.8, "bagging_freq": 2.0, "batch_size": 10.0, "feature_fraction": 0.7342715200858454, "learning_rate": 0.44152748924339363, "min_gain_to_split": 0.08386264951401008, "nFile": 10.0, "num_iterations": 623.42579857544, "num_leaves": 38.3012042943528}, "datetime": {"datetime": "2022-12-21 21:38:20", "elapsed": 34731.220997, "delta": 1355.067659}}
{"target": 0.698843563152614, "params": {"bagging_fraction": 0.8, "bagging_freq": 2.0, "batch_size": 10.0, "feature_fraction": 0.64469959336414, "learning_rate": 0.06424506480491159, "min_gain_to_split": 0.13142481929457403, "nFile": 10.0, "num_iterations": 623.8468669566064, "num_leaves": 16.109656896133934}, "datetime": {"datetime": "2022-12-21 22:06:58", "elapsed": 36449.112587, "delta": 1717.89159}}
{"target": 0.7050702867738705, "params": {"bagging_fraction": 0.8, "bagging_freq": 2.0, "batch_size": 10.0, "feature_fraction": 0.8716678048714249, "learning_rate": 0.09351407216526504, "min_gain_to_split": 0.17185918995613045, "nFile": 10.0, "num_iterations": 643.3217654980722, "num_leaves": 39.355802461280724}, "datetime": {"datetime": "2022-12-21 22:36:40", "elapsed": 38230.430611, "delta": 1781.318024}}
{"target": 0.6939236931387696, "params": {"bagging_fraction": 0.8, "bagging_freq": 2.0, "batch_size": 10.0, "feature_fraction": 0.548583743672316, "learning_rate": 0.01815460767031357, "min_gain_to_split": 0.04285650389564169, "nFile": 10.0, "num_iterations": 501.5025483907571, "num_leaves": 39.207335718074916}, "datetime": {"datetime": "2022-12-21 23:24:47", "elapsed": 41117.593213, "delta": 2887.162602}}
{"target": 0.7072526708301744, "params": {"bagging_fraction": 0.8, "bagging_freq": 2.0, "batch_size": 10.0, "feature_fraction": 0.6771662486075094, "learning_rate": 0.42585683020305415, "min_gain_to_split": 0.07566260302356276, "nFile": 10.0, "num_iterations": 736.6003506251654, "num_leaves": 39.034719578475475}, "datetime": {"datetime": "2022-12-21 23:50:45", "elapsed": 42676.079324, "delta": 1558.486111}}
{"target": 0.7019373977311031, "params": {"bagging_fraction": 0.8, "bagging_freq": 2.0, "batch_size": 10.0, "feature_fraction": 0.7860965238528815, "learning_rate": 0.10191029991788983, "min_gain_to_split": 0.16574151480640556, "nFile": 10.0, "num_iterations": 733.2223406793432, "num_leaves": 17.606121473112815}, "datetime": {"datetime": "2022-12-22 00:20:23", "elapsed": 44454.10453, "delta": 1778.025206}}
{"target": 0.7080280771893949, "params": {"bagging_fraction": 0.8, "bagging_freq": 2.0, "batch_size": 10.0, "feature_fraction": 0.8906971313623008, "learning_rate": 0.41320320932087157, "min_gain_to_split": 0.01, "nFile": 10.0, "num_iterations": 755.5657952447101, "num_leaves": 40.0}, "datetime": {"datetime": "2022-12-22 00:46:51", "elapsed": 46041.743672, "delta": 1587.639142}}
{"target": 0.7078843124192499, "params": {"bagging_fraction": 0.8, "bagging_freq": 2.0, "batch_size": 10.0, "feature_fraction": 0.7621805388881153, "learning_rate": 0.19512079584967798, "min_gain_to_split": 0.1498160225912187, "nFile": 10.0, "num_iterations": 778.4149866173669, "num_leaves": 39.33382829041966}, "datetime": {"datetime": "2022-12-22 01:16:30", "elapsed": 47821.099655, "delta": 1779.355983}}
{"target": 0.7076586589629776, "params": {"bagging_fraction": 0.8, "bagging_freq": 2.0, "batch_size": 10.0, "feature_fraction": 1.0, "learning_rate": 0.5, "min_gain_to_split": 0.01, "nFile": 10.0, "num_iterations": 801.3834082649493, "num_leaves": 40.0}, "datetime": {"datetime": "2022-12-22 01:44:06", "elapsed": 49477.061227, "delta": 1655.961572}}
{"target": 0.7008719007597357, "params": {"bagging_fraction": 0.8, "bagging_freq": 2.0, "batch_size": 10.0, "feature_fraction": 0.8207159291606037, "learning_rate": 0.05532836205134904, "min_gain_to_split": 0.17702693044389464, "nFile": 10.0, "num_iterations": 814.6308897680009, "num_leaves": 20.263630537622703}, "datetime": {"datetime": "2022-12-22 02:21:20", "elapsed": 51710.958542, "delta": 2233.897315}}
{"target": 0.7006173030981664, "params": {"bagging_fraction": 0.8, "bagging_freq": 2.0, "batch_size": 10.0, "feature_fraction": 0.5416423616818278, "learning_rate": 0.32829618384494297, "min_gain_to_split": 0.10408095475781476, "nFile": 10.0, "num_iterations": 999.452220667298, "num_leaves": 6.478673258650323}, "datetime": {"datetime": "2022-12-22 03:32:33", "elapsed": 55983.400067, "delta": 4272.441525}}
{"target": 0.6997097462501096, "params": {"bagging_fraction": 0.8, "bagging_freq": 2.0, "batch_size": 10.0, "feature_fraction": 1.0, "learning_rate": 0.5, "min_gain_to_split": 0.01, "nFile": 10.0, "num_iterations": 672.3442486541118, "num_leaves": 5.0}, "datetime": {"datetime": "2022-12-22 03:53:38", "elapsed": 57248.718203, "delta": 1265.318136}}
{"target": 0.7077084997241279, "params": {"bagging_fraction": 0.8, "bagging_freq": 2.0, "batch_size": 10.0, "feature_fraction": 0.7222867822827371, "learning_rate": 0.24213980498378831, "min_gain_to_split": 0.1914255545938034, "nFile": 10.0, "num_iterations": 715.7135327197956, "num_leaves": 39.78590111942287}, "datetime": {"datetime": "2022-12-22 04:20:43", "elapsed": 58873.528716, "delta": 1624.810513}}
{"target": 0.7075086173813889, "params": {"bagging_fraction": 0.8, "bagging_freq": 2.0, "batch_size": 10.0, "feature_fraction": 0.5, "learning_rate": 0.5, "min_gain_to_split": 0.01, "nFile": 10.0, "num_iterations": 1000.0, "num_leaves": 40.0}, "datetime": {"datetime": "2022-12-22 05:30:18", "elapsed": 63048.861036, "delta": 4175.33232}}
{"target": 0.7091838305211224, "params": {"bagging_fraction": 0.8, "bagging_freq": 2.0, "batch_size": 10.0, "feature_fraction": 0.6894044577554523, "learning_rate": 0.3983622758697044, "min_gain_to_split": 0.17482414023291315, "nFile": 10.0, "num_iterations": 981.6954455416784, "num_leaves": 39.794061988813766}, "datetime": {"datetime": "2022-12-22 06:03:02", "elapsed": 65013.174856, "delta": 1964.31382}}
{"target": 0.6922095648822788, "params": {"bagging_fraction": 0.8, "bagging_freq": 2.0, "batch_size": 10.0, "feature_fraction": 0.5, "learning_rate": 0.01, "min_gain_to_split": 0.2, "nFile": 10.0, "num_iterations": 979.3279450421043, "num_leaves": 26.13712677648798}, "datetime": {"datetime": "2022-12-22 07:27:38", "elapsed": 70088.355904, "delta": 5075.181048}}
{"target": 0.708573236442847, "params": {"bagging_fraction": 0.8, "bagging_freq": 2.0, "batch_size": 10.0, "feature_fraction": 1.0, "learning_rate": 0.5, "min_gain_to_split": 0.2, "nFile": 10.0, "num_iterations": 989.8811930014886, "num_leaves": 40.0}, "datetime": {"datetime": "2022-12-22 08:00:23", "elapsed": 72053.687611, "delta": 1965.331707}}
{"target": 0.707928175991933, "params": {"bagging_fraction": 0.8, "bagging_freq": 2.0, "batch_size": 10.0, "feature_fraction": 0.9590477428507084, "learning_rate": 0.29874201229446257, "min_gain_to_split": 0.10644539700706467, "nFile": 10.0, "num_iterations": 766.0522251266099, "num_leaves": 31.736610534111424}, "datetime": {"datetime": "2022-12-22 08:27:20", "elapsed": 73670.606867, "delta": 1616.919256}}
{"target": 0.7077767670760509, "params": {"bagging_fraction": 0.8, "bagging_freq": 2.0, "batch_size": 10.0, "feature_fraction": 0.9365155417838388, "learning_rate": 0.2279645303284289, "min_gain_to_split": 0.014191129289008408, "nFile": 10.0, "num_iterations": 789.7768720224883, "num_leaves": 31.07305605106153}, "datetime": {"datetime": "2022-12-22 08:55:48", "elapsed": 75378.977498, "delta": 1708.370631}}
{"target": 0.7067952510787708, "params": {"bagging_fraction": 0.8, "bagging_freq": 2.0, "batch_size": 10.0, "feature_fraction": 0.8444449668360462, "learning_rate": 0.27601665698329914, "min_gain_to_split": 0.11433535768362138, "nFile": 10.0, "num_iterations": 752.9196350267257, "num_leaves": 27.166380868370176}, "datetime": {"datetime": "2022-12-22 09:22:26", "elapsed": 76976.734306, "delta": 1597.756808}}
