{"target": 0.7155453783358627, "params": {"bagging_fraction": 0.8, "bagging_freq": 2.0, "batch_size": 10.0, "feature_fraction": 0.3694375063802676, "learning_rate": 0.11130163626756465, "min_gain_to_split": 0.06893598643850922, "nFile": 10.0, "num_iterations": 453.1982198185276, "num_leaves": 20.45130868132023}, "datetime": {"datetime": "2022-12-20 12:48:28", "elapsed": 0.0, "delta": 0.0}}
{"target": 0.7135599534932515, "params": {"bagging_fraction": 0.8, "bagging_freq": 2.0, "batch_size": 10.0, "feature_fraction": 0.7309685230258842, "learning_rate": 0.150904434993874, "min_gain_to_split": 0.05936860465625675, "nFile": 10.0, "num_iterations": 860.5844399136801, "num_leaves": 6.626885976429837}, "datetime": {"datetime": "2022-12-20 13:05:43", "elapsed": 1035.289663, "delta": 1035.289663}}
{"target": 0.7064200660055254, "params": {"bagging_fraction": 0.8, "bagging_freq": 2.0, "batch_size": 10.0, "feature_fraction": 0.5757098227761477, "learning_rate": 0.056128379242923215, "min_gain_to_split": 0.0010523523057583296, "nFile": 10.0, "num_iterations": 227.3506819526708, "num_leaves": 15.539913154153993}, "datetime": {"datetime": "2022-12-20 13:18:23", "elapsed": 1795.839209, "delta": 760.549546}}
{"target": 0.7099783597640661, "params": {"bagging_fraction": 0.8, "bagging_freq": 2.0, "batch_size": 10.0, "feature_fraction": 0.6972508905936535, "learning_rate": 0.3592080672747931, "min_gain_to_split": 0.012803442724228148, "nFile": 10.0, "num_iterations": 216.78066793466195, "num_leaves": 6.938352293179429}, "datetime": {"datetime": "2022-12-20 13:23:30", "elapsed": 2102.828322, "delta": 306.989113}}
{"target": 0.7156010707618395, "params": {"bagging_fraction": 0.8, "bagging_freq": 2.0, "batch_size": 10.0, "feature_fraction": 0.528785175255804, "learning_rate": 0.29465442509932893, "min_gain_to_split": 0.0775877037384977, "nFile": 10.0, "num_iterations": 601.9360835305806, "num_leaves": 9.456181664253585}, "datetime": {"datetime": "2022-12-20 13:50:40", "elapsed": 3732.744266, "delta": 1629.915944}}
{"target": 0.7170326131341644, "params": {"bagging_fraction": 0.8, "bagging_freq": 2.0, "batch_size": 10.0, "feature_fraction": 0.48983311126576495, "learning_rate": 0.47791418070300473, "min_gain_to_split": 0.0902586170879307, "nFile": 10.0, "num_iterations": 838.6313366466234, "num_leaves": 25.692898151874527}, "datetime": {"datetime": "2022-12-20 14:27:15", "elapsed": 5927.567242, "delta": 2194.822976}}
{"target": 0.7122325436348269, "params": {"bagging_fraction": 0.8, "bagging_freq": 2.0, "batch_size": 10.0, "feature_fraction": 0.7273854850425641, "learning_rate": 0.07460402629422087, "min_gain_to_split": 0.023893879225742227, "nFile": 10.0, "num_iterations": 216.1571748455536, "num_leaves": 27.91019305164599}, "datetime": {"datetime": "2022-12-20 14:35:13", "elapsed": 6405.639054, "delta": 478.071812}}
{"target": 0.7156158743806322, "params": {"bagging_fraction": 0.8, "bagging_freq": 2.0, "batch_size": 10.0, "feature_fraction": 0.35307849183340156, "learning_rate": 0.2256773190241502, "min_gain_to_split": 0.09727926026222289, "nFile": 10.0, "num_iterations": 278.81317242516604, "num_leaves": 22.19865942302569}, "datetime": {"datetime": "2022-12-20 14:46:29", "elapsed": 7081.694536, "delta": 676.055482}}
{"target": 0.7164807444594802, "params": {"bagging_fraction": 0.8, "bagging_freq": 2.0, "batch_size": 10.0, "feature_fraction": 0.5737087823315985, "learning_rate": 0.042654492493032575, "min_gain_to_split": 0.0062734423702448154, "nFile": 10.0, "num_iterations": 914.9277026959685, "num_leaves": 24.96500518376766}, "datetime": {"datetime": "2022-12-20 15:33:08", "elapsed": 9880.248188, "delta": 2798.553652}}
{"target": 0.7191164294833872, "params": {"bagging_fraction": 0.8, "bagging_freq": 2.0, "batch_size": 10.0, "feature_fraction": 0.5206383687385852, "learning_rate": 0.25414479434050913, "min_gain_to_split": 0.05084994259410275, "nFile": 10.0, "num_iterations": 812.1615319507127, "num_leaves": 19.901281353079987}, "datetime": {"datetime": "2022-12-20 16:09:47", "elapsed": 12079.384495, "delta": 2199.136307}}
{"target": 0.7169848194420683, "params": {"bagging_fraction": 0.8, "bagging_freq": 2.0, "batch_size": 10.0, "feature_fraction": 0.35916624846885675, "learning_rate": 0.4634676224189752, "min_gain_to_split": 0.03936639790061646, "nFile": 10.0, "num_iterations": 813.4889580405514, "num_leaves": 20.042342706585558}, "datetime": {"datetime": "2022-12-20 16:40:04", "elapsed": 13896.965362, "delta": 1817.580867}}
{"target": 0.7161443934135174, "params": {"bagging_fraction": 0.8, "bagging_freq": 2.0, "batch_size": 10.0, "feature_fraction": 0.34979835593357955, "learning_rate": 0.07084651079817846, "min_gain_to_split": 0.01657538046327412, "nFile": 10.0, "num_iterations": 809.3160023009291, "num_leaves": 20.609864689016923}, "datetime": {"datetime": "2022-12-20 17:12:39", "elapsed": 15851.0302, "delta": 1954.064838}}
{"target": 0.7166890979957319, "params": {"bagging_fraction": 0.8, "bagging_freq": 2.0, "batch_size": 10.0, "feature_fraction": 0.5824453537467259, "learning_rate": 0.09448910612287603, "min_gain_to_split": 0.009997198163829789, "nFile": 10.0, "num_iterations": 811.7794876510329, "num_leaves": 16.759188735066836}, "datetime": {"datetime": "2022-12-20 17:49:21", "elapsed": 18053.906272, "delta": 2202.876072}}
{"target": 0.7175434842997199, "params": {"bagging_fraction": 0.8, "bagging_freq": 2.0, "batch_size": 10.0, "feature_fraction": 0.6212364825950889, "learning_rate": 0.471154768161352, "min_gain_to_split": 0.06928862045264768, "nFile": 10.0, "num_iterations": 812.1982557075021, "num_leaves": 23.072115922308715}, "datetime": {"datetime": "2022-12-20 18:07:25", "elapsed": 19137.819477, "delta": 1083.913205}}
{"target": 0.7144003353272794, "params": {"bagging_fraction": 0.8, "bagging_freq": 2.0, "batch_size": 10.0, "feature_fraction": 0.25596337767110927, "learning_rate": 0.04759684114405523, "min_gain_to_split": 0.011491866509196862, "nFile": 10.0, "num_iterations": 837.2252438344307, "num_leaves": 21.400264745699328}, "datetime": {"datetime": "2022-12-20 18:37:41", "elapsed": 20953.263825, "delta": 1815.444348}}
{"target": 0.7203018211378253, "params": {"bagging_fraction": 0.8, "bagging_freq": 2.0, "batch_size": 10.0, "feature_fraction": 0.6737180810390482, "learning_rate": 0.3468555403701779, "min_gain_to_split": 0.01344253113412969, "nFile": 10.0, "num_iterations": 842.2126233521303, "num_leaves": 27.89721629821023}, "datetime": {"datetime": "2022-12-20 18:55:13", "elapsed": 22005.860763, "delta": 1052.596938}}
{"target": 0.7192898801507613, "params": {"bagging_fraction": 0.8, "bagging_freq": 2.0, "batch_size": 10.0, "feature_fraction": 0.8, "learning_rate": 0.4103893783221152, "min_gain_to_split": 0.06951767481505959, "nFile": 10.0, "num_iterations": 840.2591868639598, "num_leaves": 30.0}, "datetime": {"datetime": "2022-12-20 19:13:01", "elapsed": 23073.928809, "delta": 1068.068046}}
{"target": 0.7186856991787436, "params": {"bagging_fraction": 0.8, "bagging_freq": 2.0, "batch_size": 10.0, "feature_fraction": 0.7750786845788238, "learning_rate": 0.4354720568071737, "min_gain_to_split": 0.08629683933806023, "nFile": 10.0, "num_iterations": 845.7707504755026, "num_leaves": 25.667573907006513}, "datetime": {"datetime": "2022-12-20 19:30:19", "elapsed": 24111.040279, "delta": 1037.11147}}
{"target": 0.7173449600120025, "params": {"bagging_fraction": 0.8, "bagging_freq": 2.0, "batch_size": 10.0, "feature_fraction": 0.3156530435760357, "learning_rate": 0.44207954963423285, "min_gain_to_split": 0.03793509105659363, "nFile": 10.0, "num_iterations": 845.0926424227509, "num_leaves": 29.48986352142864}, "datetime": {"datetime": "2022-12-20 20:00:15", "elapsed": 25907.257126, "delta": 1796.216847}}
{"target": 0.7160860627695289, "params": {"bagging_fraction": 0.8, "bagging_freq": 2.0, "batch_size": 10.0, "feature_fraction": 0.24012375714749318, "learning_rate": 0.49096312363222294, "min_gain_to_split": 0.025396269177447386, "nFile": 10.0, "num_iterations": 843.3481788087934, "num_leaves": 22.649110816735124}, "datetime": {"datetime": "2022-12-20 20:27:25", "elapsed": 27537.914641, "delta": 1630.657515}}
{"target": 0.7205432007561243, "params": {"bagging_fraction": 0.8, "bagging_freq": 2.0, "batch_size": 10.0, "feature_fraction": 0.7317970792270103, "learning_rate": 0.15348048897961933, "min_gain_to_split": 0.08933276567716436, "nFile": 10.0, "num_iterations": 850.9787381720271, "num_leaves": 25.15626923678727}, "datetime": {"datetime": "2022-12-20 20:47:08", "elapsed": 28720.667534, "delta": 1182.752893}}
{"target": 0.7072506382039032, "params": {"bagging_fraction": 0.8, "bagging_freq": 2.0, "batch_size": 10.0, "feature_fraction": 0.7953008467190625, "learning_rate": 0.011845053145129923, "min_gain_to_split": 0.09430711896716681, "nFile": 10.0, "num_iterations": 850.0735726074498, "num_leaves": 21.925932700967174}, "datetime": {"datetime": "2022-12-20 21:17:20", "elapsed": 30532.437159, "delta": 1811.769625}}
{"target": 0.7198330862665151, "params": {"bagging_fraction": 0.8, "bagging_freq": 2.0, "batch_size": 10.0, "feature_fraction": 0.4269773316315948, "learning_rate": 0.19086888044615838, "min_gain_to_split": 0.03590564979506599, "nFile": 10.0, "num_iterations": 851.649301435394, "num_leaves": 26.52899989927031}, "datetime": {"datetime": "2022-12-20 21:52:04", "elapsed": 32616.606024, "delta": 2084.168865}}
{"target": 0.7185564192780629, "params": {"bagging_fraction": 0.8, "bagging_freq": 2.0, "batch_size": 10.0, "feature_fraction": 0.2778368476256047, "learning_rate": 0.30782613850789425, "min_gain_to_split": 0.07166127595941356, "nFile": 10.0, "num_iterations": 848.2889393632488, "num_leaves": 27.396806130375634}, "datetime": {"datetime": "2022-12-20 22:21:08", "elapsed": 34360.705048, "delta": 1744.099024}}
{"target": 0.7203332878017511, "params": {"bagging_fraction": 0.8, "bagging_freq": 2.0, "batch_size": 10.0, "feature_fraction": 0.7981393031046085, "learning_rate": 0.1530184888627156, "min_gain_to_split": 0.02833560729481151, "nFile": 10.0, "num_iterations": 842.7204730391638, "num_leaves": 25.60668142194471}, "datetime": {"datetime": "2022-12-20 22:40:18", "elapsed": 35510.292984, "delta": 1149.587936}}
{"target": 0.7195432871162373, "params": {"bagging_fraction": 0.8, "bagging_freq": 2.0, "batch_size": 10.0, "feature_fraction": 0.4694205221693613, "learning_rate": 0.32220591068745613, "min_gain_to_split": 0.07104179204221187, "nFile": 10.0, "num_iterations": 854.9263222766671, "num_leaves": 25.73232084470446}, "datetime": {"datetime": "2022-12-20 23:16:37", "elapsed": 37689.494882, "delta": 2179.201898}}
{"target": 0.7198379967683628, "params": {"bagging_fraction": 0.8, "bagging_freq": 2.0, "batch_size": 10.0, "feature_fraction": 0.3710055974847697, "learning_rate": 0.16904308912923316, "min_gain_to_split": 0.0744101423104463, "nFile": 10.0, "num_iterations": 856.3824895969709, "num_leaves": 28.637496583814833}, "datetime": {"datetime": "2022-12-20 23:49:47", "elapsed": 39679.071863, "delta": 1989.576981}}
{"target": 0.7200354936866682, "params": {"bagging_fraction": 0.8, "bagging_freq": 2.0, "batch_size": 10.0, "feature_fraction": 0.7280872373888223, "learning_rate": 0.35534843034480085, "min_gain_to_split": 0.07809554096491585, "nFile": 10.0, "num_iterations": 858.8671601747074, "num_leaves": 27.28023055283564}, "datetime": {"datetime": "2022-12-21 00:07:55", "elapsed": 40767.552887, "delta": 1088.481024}}
{"target": 0.718205776891701, "params": {"bagging_fraction": 0.8, "bagging_freq": 2.0, "batch_size": 10.0, "feature_fraction": 0.502402038039524, "learning_rate": 0.08607743565359305, "min_gain_to_split": 0.06756046189320568, "nFile": 10.0, "num_iterations": 857.7800365256122, "num_leaves": 24.208659740924208}, "datetime": {"datetime": "2022-12-21 00:47:16", "elapsed": 43128.938439, "delta": 2361.385552}}
{"target": 0.7112202974191002, "params": {"bagging_fraction": 0.8, "bagging_freq": 2.0, "batch_size": 10.0, "feature_fraction": 0.5999242035195282, "learning_rate": 0.017662583330950096, "min_gain_to_split": 0.02972496755913674, "nFile": 10.0, "num_iterations": 863.2055694179821, "num_leaves": 25.425098520675984}, "datetime": {"datetime": "2022-12-21 01:26:03", "elapsed": 45455.592382, "delta": 2326.653943}}
{"target": 0.7190589385568897, "params": {"bagging_fraction": 0.8, "bagging_freq": 2.0, "batch_size": 10.0, "feature_fraction": 0.3076670027299328, "learning_rate": 0.1326635823621916, "min_gain_to_split": 0.02263598711711164, "nFile": 10.0, "num_iterations": 836.0437838323587, "num_leaves": 29.86867539332825}, "datetime": {"datetime": "2022-12-21 01:56:26", "elapsed": 47278.293742, "delta": 1822.70136}}
{"target": 0.7186341756957149, "params": {"bagging_fraction": 0.8, "bagging_freq": 2.0, "batch_size": 10.0, "feature_fraction": 0.35465148318710366, "learning_rate": 0.09972355589939128, "min_gain_to_split": 0.08727615045726027, "nFile": 10.0, "num_iterations": 832.9627274976103, "num_leaves": 29.54751075879425}, "datetime": {"datetime": "2022-12-21 02:29:24", "elapsed": 49256.817057, "delta": 1978.523315}}
{"target": 0.719437762719702, "params": {"bagging_fraction": 0.8, "bagging_freq": 2.0, "batch_size": 10.0, "feature_fraction": 0.5503552053387435, "learning_rate": 0.34766634236550775, "min_gain_to_split": 0.005483023684474504, "nFile": 10.0, "num_iterations": 828.8496923803888, "num_leaves": 27.1633226099149}, "datetime": {"datetime": "2022-12-21 03:06:59", "elapsed": 51511.464637, "delta": 2254.64758}}
{"target": 0.720360279123978, "params": {"bagging_fraction": 0.8, "bagging_freq": 2.0, "batch_size": 10.0, "feature_fraction": 0.4355033797306306, "learning_rate": 0.22624542193372865, "min_gain_to_split": 0.08802609509385538, "nFile": 10.0, "num_iterations": 859.3125322823787, "num_leaves": 29.996526336746633}, "datetime": {"datetime": "2022-12-21 03:42:12", "elapsed": 53624.31022, "delta": 2112.845583}}
{"target": 0.7193766429046166, "params": {"bagging_fraction": 0.8, "bagging_freq": 2.0, "batch_size": 10.0, "feature_fraction": 0.6738034741730624, "learning_rate": 0.38632969300295317, "min_gain_to_split": 0.077071219169126, "nFile": 10.0, "num_iterations": 826.0990462228071, "num_leaves": 24.265432779163767}, "datetime": {"datetime": "2022-12-21 03:59:10", "elapsed": 54642.502567, "delta": 1018.192347}}
