{"target": 0.7397323338268077, "params": {"batch_size": 10.0, "learning_rate": 0.499734133267524, "nFile": 40.0, "num_iterations": 984.2008085289417, "num_leaves": 5.001941267810842}, "datetime": {"datetime": "2022-12-09 15:35:40", "elapsed": 0.0, "delta": 0.0}}
{"target": 0.7397782022710242, "params": {"batch_size": 10.0, "learning_rate": 0.06582743997026735, "nFile": 40.0, "num_iterations": 94.38320415345103, "num_leaves": 10.396081567946831}, "datetime": {"datetime": "2022-12-09 15:36:22", "elapsed": 42.300386, "delta": 42.300386}}
{"target": 0.7397252027051477, "params": {"batch_size": 10.0, "learning_rate": 0.003427485455693503, "nFile": 40.0, "num_iterations": 708.0972114645651, "num_leaves": 22.293133319366643}, "datetime": {"datetime": "2022-12-09 15:37:09", "elapsed": 89.114534, "delta": 46.814148}}
{"target": 0.7398098129783454, "params": {"batch_size": 10.0, "learning_rate": 0.2863205942712603, "nFile": 40.0, "num_iterations": 884.2616022373838, "num_leaves": 15.98683238732672}, "datetime": {"datetime": "2022-12-09 15:37:57", "elapsed": 137.162681, "delta": 48.048147}}
{"target": 0.7397469460312679, "params": {"batch_size": 10.0, "learning_rate": 0.46114994722052255, "nFile": 40.0, "num_iterations": 639.0293120808636, "num_leaves": 11.23902935536955}, "datetime": {"datetime": "2022-12-09 15:38:48", "elapsed": 187.49988, "delta": 50.337199}}
{"target": 0.7400285783731508, "params": {"batch_size": 10.0, "learning_rate": 0.2600910235233992, "nFile": 40.0, "num_iterations": 741.8434805576737, "num_leaves": 27.940376702591237}, "datetime": {"datetime": "2022-12-09 15:39:56", "elapsed": 256.094472, "delta": 68.594592}}
{"target": 0.7398343119102322, "params": {"batch_size": 10.0, "learning_rate": 0.23004854372121622, "nFile": 40.0, "num_iterations": 114.26093587766073, "num_leaves": 11.807400251699104}, "datetime": {"datetime": "2022-12-09 15:40:50", "elapsed": 310.203944, "delta": 54.109472}}
{"target": 0.7398330245559169, "params": {"batch_size": 10.0, "learning_rate": 0.13852957595872528, "nFile": 40.0, "num_iterations": 860.3030959444384, "num_leaves": 14.295959317341058}, "datetime": {"datetime": "2022-12-09 15:41:49", "elapsed": 369.112587, "delta": 58.908643}}
{"target": 0.7398434346805343, "params": {"batch_size": 10.0, "learning_rate": 0.112695620773986, "nFile": 40.0, "num_iterations": 270.1575037863757, "num_leaves": 25.788482401660772}, "datetime": {"datetime": "2022-12-09 15:42:46", "elapsed": 426.168922, "delta": 57.056335}}
{"target": 0.739724104807476, "params": {"batch_size": 10.0, "learning_rate": 0.0016715221940134535, "nFile": 40.0, "num_iterations": 147.24109876196346, "num_leaves": 37.9317892855513}, "datetime": {"datetime": "2022-12-09 15:43:29", "elapsed": 468.719637, "delta": 42.550715}}
{"target": 0.7397257509777775, "params": {"batch_size": 10.0, "learning_rate": 0.0034674615201789895, "nFile": 40.0, "num_iterations": 741.9459387432249, "num_leaves": 28.3915213659966}, "datetime": {"datetime": "2022-12-09 15:44:09", "elapsed": 509.268303, "delta": 40.548666}}
{"target": 0.7397816823284211, "params": {"batch_size": 10.0, "learning_rate": 0.02563616437377014, "nFile": 40.0, "num_iterations": 443.71189915088, "num_leaves": 39.69534649270582}, "datetime": {"datetime": "2022-12-09 15:44:55", "elapsed": 554.793975, "delta": 45.525672}}
{"target": 0.7397246538450666, "params": {"batch_size": 10.0, "learning_rate": 0.04077011817685835, "nFile": 40.0, "num_iterations": 706.2011803831298, "num_leaves": 5.528436320759863}, "datetime": {"datetime": "2022-12-09 15:45:34", "elapsed": 593.729873, "delta": 38.935898}}
{"target": 0.7399618481244306, "params": {"batch_size": 10.0, "learning_rate": 0.32794004210371985, "nFile": 40.0, "num_iterations": 964.0498414314693, "num_leaves": 39.420597769292165}, "datetime": {"datetime": "2022-12-09 15:46:17", "elapsed": 637.028393, "delta": 43.29852}}
{"target": 0.7400351570984223, "params": {"batch_size": 10.0, "learning_rate": 0.3183626992417423, "nFile": 40.0, "num_iterations": 293.2334996688793, "num_leaves": 38.20950052239435}, "datetime": {"datetime": "2022-12-09 15:47:03", "elapsed": 683.279894, "delta": 46.251501}}
{"target": 0.7399123056177254, "params": {"batch_size": 10.0, "learning_rate": 0.32170622828167095, "nFile": 40.0, "num_iterations": 308.7024722590025, "num_leaves": 38.41511077708438}, "datetime": {"datetime": "2022-12-09 15:47:45", "elapsed": 725.124186, "delta": 41.844292}}
{"target": 0.7397895364369645, "params": {"batch_size": 10.0, "learning_rate": 0.15158936345173626, "nFile": 40.0, "num_iterations": 310.72387546576607, "num_leaves": 7.053746483441072}, "datetime": {"datetime": "2022-12-09 15:48:27", "elapsed": 767.197028, "delta": 42.072842}}
{"target": 0.7399291576138134, "params": {"batch_size": 10.0, "learning_rate": 0.08905301654067146, "nFile": 40.0, "num_iterations": 190.2703272132364, "num_leaves": 38.392063041839506}, "datetime": {"datetime": "2022-12-09 15:49:19", "elapsed": 818.955889, "delta": 51.758861}}
{"target": 0.7398043334045069, "params": {"batch_size": 10.0, "learning_rate": 0.16592889044825582, "nFile": 40.0, "num_iterations": 533.7522933725701, "num_leaves": 32.932478975366294}, "datetime": {"datetime": "2022-12-09 15:49:59", "elapsed": 859.209475, "delta": 40.253586}}
{"target": 0.7397791036820199, "params": {"batch_size": 10.0, "learning_rate": 0.4893078314837415, "nFile": 40.0, "num_iterations": 24.98192380469942, "num_leaves": 17.815832119035257}, "datetime": {"datetime": "2022-12-09 15:50:41", "elapsed": 900.446812, "delta": 41.237337}}
