{"target": 0.7392092040771729, "params": {"batch_size": 10.0, "learning_rate": 0.3915237912162937, "nFile": 60.0, "num_iterations": 503.27036904395476, "num_leaves": 14.946194841870653}, "datetime": {"datetime": "2022-12-09 16:14:31", "elapsed": 0.0, "delta": 0.0}}
{"target": 0.7391747472029055, "params": {"batch_size": 10.0, "learning_rate": 0.4023744782300216, "nFile": 60.0, "num_iterations": 38.03841183402855, "num_leaves": 29.565112663395382}, "datetime": {"datetime": "2022-12-09 16:15:31", "elapsed": 60.633331, "delta": 60.633331}}
{"target": 0.7390939536546164, "params": {"batch_size": 10.0, "learning_rate": 0.2274408934274081, "nFile": 60.0, "num_iterations": 608.5396024823291, "num_leaves": 15.313101218026487}, "datetime": {"datetime": "2022-12-09 16:16:24", "elapsed": 113.206621, "delta": 52.57329}}
{"target": 0.7389589168695535, "params": {"batch_size": 10.0, "learning_rate": 0.32264434919305496, "nFile": 60.0, "num_iterations": 567.6159848943018, "num_leaves": 19.75216986690086}, "datetime": {"datetime": "2022-12-09 16:17:08", "elapsed": 157.660889, "delta": 44.454268}}
{"target": 0.7391856062688643, "params": {"batch_size": 10.0, "learning_rate": 0.17421618206563944, "nFile": 60.0, "num_iterations": 238.5699650574079, "num_leaves": 29.02724872008445}, "datetime": {"datetime": "2022-12-09 16:18:03", "elapsed": 212.110321, "delta": 54.449432}}
{"target": 0.7390224063643005, "params": {"batch_size": 10.0, "learning_rate": 0.4171072348305259, "nFile": 60.0, "num_iterations": 432.69807741884625, "num_leaves": 34.46892278573954}, "datetime": {"datetime": "2022-12-09 16:18:50", "elapsed": 259.021401, "delta": 46.91108}}
{"target": 0.7389031275171619, "params": {"batch_size": 10.0, "learning_rate": 0.05909802732701452, "nFile": 60.0, "num_iterations": 497.5902722002398, "num_leaves": 6.28037331965442}, "datetime": {"datetime": "2022-12-09 16:19:37", "elapsed": 305.911824, "delta": 46.890423}}
{"target": 0.7390014221258422, "params": {"batch_size": 10.0, "learning_rate": 0.04414279611231585, "nFile": 60.0, "num_iterations": 227.63849863742456, "num_leaves": 23.732342614927777}, "datetime": {"datetime": "2022-12-09 16:20:33", "elapsed": 362.567711, "delta": 56.655887}}
{"target": 0.7390899201462647, "params": {"batch_size": 10.0, "learning_rate": 0.10735922758303701, "nFile": 60.0, "num_iterations": 608.4415397114053, "num_leaves": 29.04263265591453}, "datetime": {"datetime": "2022-12-09 16:21:29", "elapsed": 418.031713, "delta": 55.464002}}
{"target": 0.7390038665774714, "params": {"batch_size": 10.0, "learning_rate": 0.32607930521983447, "nFile": 60.0, "num_iterations": 55.369042715452366, "num_leaves": 28.69194031235675}, "datetime": {"datetime": "2022-12-09 16:22:16", "elapsed": 465.419621, "delta": 47.387908}}
{"target": 0.7390297499048311, "params": {"batch_size": 10.0, "learning_rate": 0.2855570475813278, "nFile": 60.0, "num_iterations": 510.38817040019956, "num_leaves": 29.36795826392983}, "datetime": {"datetime": "2022-12-09 16:23:05", "elapsed": 514.216943, "delta": 48.797322}}
{"target": 0.7392748027999358, "params": {"batch_size": 10.0, "learning_rate": 0.24828276683285808, "nFile": 60.0, "num_iterations": 608.4229610647052, "num_leaves": 28.697850358487734}, "datetime": {"datetime": "2022-12-09 16:24:03", "elapsed": 572.702615, "delta": 58.485672}}
{"target": 0.739032206777867, "params": {"batch_size": 10.0, "learning_rate": 0.26155337019515323, "nFile": 60.0, "num_iterations": 253.56961544435555, "num_leaves": 33.21502200396527}, "datetime": {"datetime": "2022-12-09 16:24:50", "elapsed": 619.12842, "delta": 46.425805}}
{"target": 0.7391084629033414, "params": {"batch_size": 10.0, "learning_rate": 0.1551188642395658, "nFile": 60.0, "num_iterations": 749.2407482556188, "num_leaves": 26.155385406043514}, "datetime": {"datetime": "2022-12-09 16:25:44", "elapsed": 673.405572, "delta": 54.277152}}
{"target": 0.7390145345614794, "params": {"batch_size": 10.0, "learning_rate": 0.47360030888337395, "nFile": 60.0, "num_iterations": 238.5143806432472, "num_leaves": 29.386277980994368}, "datetime": {"datetime": "2022-12-09 16:26:31", "elapsed": 719.940234, "delta": 46.534662}}
{"target": 0.7389982791346426, "params": {"batch_size": 10.0, "learning_rate": 0.35313810664862466, "nFile": 60.0, "num_iterations": 456.99122949278564, "num_leaves": 7.438589541778118}, "datetime": {"datetime": "2022-12-09 16:27:18", "elapsed": 767.679187, "delta": 47.738953}}
{"target": 0.739147997353117, "params": {"batch_size": 10.0, "learning_rate": 0.1344616940375309, "nFile": 60.0, "num_iterations": 608.4448278737484, "num_leaves": 28.755149124598155}, "datetime": {"datetime": "2022-12-09 16:28:16", "elapsed": 825.627361, "delta": 57.948174}}
{"target": 0.738870243705177, "params": {"batch_size": 10.0, "learning_rate": 0.006479205574289583, "nFile": 60.0, "num_iterations": 78.17871363720133, "num_leaves": 18.55665975136622}, "datetime": {"datetime": "2022-12-09 16:29:12", "elapsed": 881.549308, "delta": 55.921947}}
{"target": 0.7391938228441722, "params": {"batch_size": 10.0, "learning_rate": 0.2977074317975829, "nFile": 60.0, "num_iterations": 238.41062613892728, "num_leaves": 29.079485558331765}, "datetime": {"datetime": "2022-12-09 16:30:19", "elapsed": 947.984382, "delta": 66.435074}}
{"target": 0.7390664928758955, "params": {"batch_size": 10.0, "learning_rate": 0.13619205770574128, "nFile": 60.0, "num_iterations": 608.802964800734, "num_leaves": 28.974691631556325}, "datetime": {"datetime": "2022-12-09 16:31:23", "elapsed": 1012.396064, "delta": 64.411682}}
