{"target": 0.7394497827471573, "params": {"batch_size": 10.0, "learning_rate": 0.0035818634465361356, "nFile": 50.0, "num_iterations": 973.4594492937496, "num_leaves": 23.54963800255726}, "datetime": {"datetime": "2022-12-09 15:55:11", "elapsed": 0.0, "delta": 0.0}}
{"target": 0.739566918401515, "params": {"batch_size": 10.0, "learning_rate": 0.2736038095935164, "nFile": 50.0, "num_iterations": 185.89754952471512, "num_leaves": 18.88750208450826}, "datetime": {"datetime": "2022-12-09 15:55:55", "elapsed": 44.038783, "delta": 44.038783}}
{"target": 0.7394763403334641, "params": {"batch_size": 10.0, "learning_rate": 0.27299609840957034, "nFile": 50.0, "num_iterations": 46.52672898107992, "num_leaves": 29.259453173551652}, "datetime": {"datetime": "2022-12-09 15:56:37", "elapsed": 85.746674, "delta": 41.707891}}
{"target": 0.7396447033850976, "params": {"batch_size": 10.0, "learning_rate": 0.48576242000518544, "nFile": 50.0, "num_iterations": 423.6136784150048, "num_leaves": 26.702912810084968}, "datetime": {"datetime": "2022-12-09 15:57:21", "elapsed": 130.573275, "delta": 44.826601}}
{"target": 0.7396139724104185, "params": {"batch_size": 10.0, "learning_rate": 0.36277491811947815, "nFile": 50.0, "num_iterations": 284.1254101064093, "num_leaves": 24.315623385293716}, "datetime": {"datetime": "2022-12-09 15:58:05", "elapsed": 173.740206, "delta": 43.166931}}
{"target": 0.739424432444803, "params": {"batch_size": 10.0, "learning_rate": 0.3103967911895734, "nFile": 50.0, "num_iterations": 930.5009780802862, "num_leaves": 7.826103610390437}, "datetime": {"datetime": "2022-12-09 15:58:47", "elapsed": 216.263234, "delta": 42.523028}}
{"target": 0.73956589459066, "params": {"batch_size": 10.0, "learning_rate": 0.4796892058057734, "nFile": 50.0, "num_iterations": 468.6272169505878, "num_leaves": 34.07113649631116}, "datetime": {"datetime": "2022-12-09 15:59:30", "elapsed": 259.167416, "delta": 42.904182}}
{"target": 0.7394669641490629, "params": {"batch_size": 10.0, "learning_rate": 0.21465831641091998, "nFile": 50.0, "num_iterations": 85.64898018842419, "num_leaves": 20.784168772871265}, "datetime": {"datetime": "2022-12-09 16:00:12", "elapsed": 301.614021, "delta": 42.446605}}
{"target": 0.7394660994066089, "params": {"batch_size": 10.0, "learning_rate": 0.04886212660091166, "nFile": 50.0, "num_iterations": 271.9750084878606, "num_leaves": 15.847296753828854}, "datetime": {"datetime": "2022-12-09 16:00:55", "elapsed": 344.401561, "delta": 42.78754}}
{"target": 0.7395422851264482, "params": {"batch_size": 10.0, "learning_rate": 0.4764265161847065, "nFile": 50.0, "num_iterations": 103.07499446844125, "num_leaves": 26.402079502300726}, "datetime": {"datetime": "2022-12-09 16:01:39", "elapsed": 388.550404, "delta": 44.148843}}
{"target": 0.7394796366311001, "params": {"batch_size": 10.0, "learning_rate": 0.03380694981057451, "nFile": 50.0, "num_iterations": 360.9426092542544, "num_leaves": 30.484277712398363}, "datetime": {"datetime": "2022-12-09 16:02:23", "elapsed": 431.978108, "delta": 43.427704}}
{"target": 0.7397144550016025, "params": {"batch_size": 10.0, "learning_rate": 0.23775507789638015, "nFile": 50.0, "num_iterations": 186.37722571516633, "num_leaves": 18.65405724768518}, "datetime": {"datetime": "2022-12-09 16:03:17", "elapsed": 485.897418, "delta": 53.91931}}
{"target": 0.7395976503918553, "params": {"batch_size": 10.0, "learning_rate": 0.2859952075137238, "nFile": 50.0, "num_iterations": 186.02694397373742, "num_leaves": 17.40615309575312}, "datetime": {"datetime": "2022-12-09 16:04:05", "elapsed": 534.244161, "delta": 48.346743}}
{"target": 0.7394699174394915, "params": {"batch_size": 10.0, "learning_rate": 0.012292383210491115, "nFile": 50.0, "num_iterations": 185.892847190348, "num_leaves": 17.704166612081764}, "datetime": {"datetime": "2022-12-09 16:04:52", "elapsed": 581.312701, "delta": 47.06854}}
{"target": 0.7394891761191758, "params": {"batch_size": 10.0, "learning_rate": 0.2926814706975369, "nFile": 50.0, "num_iterations": 187.5861757243256, "num_leaves": 13.044222488185305}, "datetime": {"datetime": "2022-12-09 16:05:35", "elapsed": 624.388624, "delta": 43.075923}}
{"target": 0.7394116002672084, "params": {"batch_size": 10.0, "learning_rate": 0.4767450493378038, "nFile": 50.0, "num_iterations": 891.7890026392012, "num_leaves": 5.603215606924307}, "datetime": {"datetime": "2022-12-09 16:06:16", "elapsed": 664.770071, "delta": 40.381447}}
{"target": 0.7395216246923606, "params": {"batch_size": 10.0, "learning_rate": 0.3978588778397633, "nFile": 50.0, "num_iterations": 111.8479205345039, "num_leaves": 11.314087328333159}, "datetime": {"datetime": "2022-12-09 16:07:02", "elapsed": 711.24401, "delta": 46.473939}}
{"target": 0.7395884389965464, "params": {"batch_size": 10.0, "learning_rate": 0.3621999787489021, "nFile": 50.0, "num_iterations": 805.1974818838721, "num_leaves": 26.341240992164124}, "datetime": {"datetime": "2022-12-09 16:07:58", "elapsed": 766.851013, "delta": 55.607003}}
{"target": 0.7394327778990213, "params": {"batch_size": 10.0, "learning_rate": 0.2537005910149261, "nFile": 50.0, "num_iterations": 504.63403802853315, "num_leaves": 9.391744137736726}, "datetime": {"datetime": "2022-12-09 16:08:41", "elapsed": 810.565171, "delta": 43.714158}}
{"target": 0.7396832043434044, "params": {"batch_size": 10.0, "learning_rate": 0.33944053457033807, "nFile": 50.0, "num_iterations": 499.7531482106843, "num_leaves": 24.22232653493409}, "datetime": {"datetime": "2022-12-09 16:09:28", "elapsed": 856.749607, "delta": 46.184436}}
