{"target": 0.7318595862198135, "params": {"bagging_fraction": 0.7551893651539767, "bagging_freq": 9.522663434333326, "batch_size": 10.0, "learning_rate": 0.02895718855274416, "nFile": 50.0, "num_iterations": 717.5998767137202, "num_leaves": 16.685568124002252}, "datetime": {"datetime": "2022-12-14 10:16:36", "elapsed": 0.0, "delta": 0.0}}
{"target": 0.7239194071050117, "params": {"bagging_fraction": 0.7177327399395093, "bagging_freq": 6.562471125275283, "batch_size": 10.0, "learning_rate": 0.001244023238887731, "nFile": 50.0, "num_iterations": 896.4527845388262, "num_leaves": 22.016387574659237}, "datetime": {"datetime": "2022-12-14 10:46:07", "elapsed": 1771.871184, "delta": 1771.871184}}
{"target": 0.7289972690108079, "params": {"bagging_fraction": 0.7768745595644144, "bagging_freq": 9.805842244133478, "batch_size": 10.0, "learning_rate": 0.007442468466662155, "nFile": 50.0, "num_iterations": 359.14099687052175, "num_leaves": 42.89865356413732}, "datetime": {"datetime": "2022-12-14 11:00:37", "elapsed": 2640.990789, "delta": 869.119605}}
{"target": 0.7329766580159918, "params": {"bagging_fraction": 0.7878549113880738, "bagging_freq": 1.9942994252230641, "batch_size": 10.0, "learning_rate": 0.09427445705269447, "nFile": 50.0, "num_iterations": 479.43687354954375, "num_leaves": 23.85957760594177}, "datetime": {"datetime": "2022-12-14 11:12:27", "elapsed": 3351.13462, "delta": 710.143831}}
{"target": 0.7326615209555625, "params": {"bagging_fraction": 0.8609355253191544, "bagging_freq": 4.857416311170577, "batch_size": 10.0, "learning_rate": 0.07206733198437779, "nFile": 50.0, "num_iterations": 636.745755438648, "num_leaves": 15.190251908207198}, "datetime": {"datetime": "2022-12-14 11:27:28", "elapsed": 4251.948324, "delta": 900.813704}}
{"target": 0.7318638535497356, "params": {"bagging_fraction": 0.6232602275181531, "bagging_freq": 8.480847301213762, "batch_size": 10.0, "learning_rate": 0.01703923542127215, "nFile": 50.0, "num_iterations": 629.6372396581083, "num_leaves": 40.94452676302937}, "datetime": {"datetime": "2022-12-14 11:45:29", "elapsed": 5333.533593, "delta": 1081.585269}}
{"target": 0.7317139481500776, "params": {"bagging_fraction": 0.796753637402071, "bagging_freq": 6.019360835305807, "batch_size": 10.0, "learning_rate": 0.0248177695905833, "nFile": 50.0, "num_iterations": 457.0711289468461, "num_leaves": 29.322207417717657}, "datetime": {"datetime": "2022-12-14 12:01:02", "elapsed": 6266.707998, "delta": 933.174405}}
{"target": 0.7317457236767376, "params": {"bagging_fraction": 0.8867219523264558, "bagging_freq": 9.114419735266427, "batch_size": 10.0, "learning_rate": 0.08224944703112858, "nFile": 50.0, "num_iterations": 308.650012841849, "num_leaves": 13.162219456197217}, "datetime": {"datetime": "2022-12-14 12:10:37", "elapsed": 6840.920903, "delta": 574.212905}}
{"target": 0.7306135053223963, "params": {"bagging_fraction": 0.7397288779437199, "bagging_freq": 8.910782275638457, "batch_size": 10.0, "learning_rate": 0.023893879225742227, "nFile": 50.0, "num_iterations": 216.1571748455536, "num_leaves": 46.65630888263358}, "datetime": {"datetime": "2022-12-14 12:20:09", "elapsed": 7412.905629, "delta": 571.984726}}
{"target": 0.7322639234163639, "params": {"bagging_fraction": 0.6704392652733892, "bagging_freq": 6.543880917755522, "batch_size": 10.0, "learning_rate": 0.026257951152511252, "nFile": 50.0, "num_iterations": 975.2660023838444, "num_leaves": 19.574839926465547}, "datetime": {"datetime": "2022-12-14 12:41:35", "elapsed": 8699.824056, "delta": 1286.918427}}
{"target": 0.7338348560641176, "params": {"bagging_fraction": 0.6087670777904283, "bagging_freq": 1.8056008095044973, "batch_size": 10.0, "learning_rate": 0.08246532671847173, "nFile": 50.0, "num_iterations": 660.0585841350351, "num_leaves": 45.57579200213582}, "datetime": {"datetime": "2022-12-14 12:59:27", "elapsed": 9771.755933, "delta": 1071.931877}}
{"target": 0.7332411587093495, "params": {"bagging_fraction": 0.8721176913131129, "bagging_freq": 2.4381714421606233, "batch_size": 10.0, "learning_rate": 0.039030264376247244, "nFile": 50.0, "num_iterations": 646.1879619754471, "num_leaves": 49.812580307287604}, "datetime": {"datetime": "2022-12-14 13:19:18", "elapsed": 10962.187419, "delta": 1190.431486}}
{"target": 0.7337271303182691, "params": {"bagging_fraction": 0.8729122568281362, "bagging_freq": 2.097131238280509, "batch_size": 10.0, "learning_rate": 0.05454885437931119, "nFile": 50.0, "num_iterations": 673.1964019140804, "num_leaves": 49.448596885714366}, "datetime": {"datetime": "2022-12-14 13:37:39", "elapsed": 12063.873133, "delta": 1101.685714}}
{"target": 0.7305318749647296, "params": {"bagging_fraction": 0.716960525018079, "bagging_freq": 8.394315125483196, "batch_size": 10.0, "learning_rate": 0.02564479837133097, "nFile": 50.0, "num_iterations": 462.52117525390526, "num_leaves": 11.479457500025516}, "datetime": {"datetime": "2022-12-14 13:49:26", "elapsed": 12770.773701, "delta": 706.900568}}
{"target": 0.7335091173321626, "params": {"bagging_fraction": 0.7499274942999115, "bagging_freq": 8.731931969652667, "batch_size": 10.0, "learning_rate": 0.07904490418788565, "nFile": 50.0, "num_iterations": 652.4570565848255, "num_leaves": 31.560754523298}, "datetime": {"datetime": "2022-12-14 14:04:29", "elapsed": 13673.697012, "delta": 902.923311}}
{"target": 0.7329599264034762, "params": {"bagging_fraction": 0.7655962864788205, "bagging_freq": 5.216562981544216, "batch_size": 10.0, "learning_rate": 0.044190125588909036, "nFile": 50.0, "num_iterations": 476.7266760133867, "num_leaves": 49.92334747103561}, "datetime": {"datetime": "2022-12-14 14:19:19", "elapsed": 14563.331282, "delta": 889.63427}}
{"target": 0.7287647386812555, "params": {"bagging_fraction": 0.7984495613074656, "bagging_freq": 7.236355654509782, "batch_size": 10.0, "learning_rate": 0.04357356478413811, "nFile": 50.0, "num_iterations": 112.37571132463184, "num_leaves": 11.509964236321979}, "datetime": {"datetime": "2022-12-14 14:24:42", "elapsed": 14886.702938, "delta": 323.371656}}
{"target": 0.7327932656676001, "params": {"bagging_fraction": 0.6440024237376031, "bagging_freq": 4.094112353791324, "batch_size": 10.0, "learning_rate": 0.021988159973281563, "nFile": 50.0, "num_iterations": 803.7422804840436, "num_leaves": 48.78654997836521}, "datetime": {"datetime": "2022-12-14 14:46:29", "elapsed": 16193.763994, "delta": 1307.061056}}
{"target": 0.7319001860778671, "params": {"bagging_fraction": 0.8486814557089853, "bagging_freq": 2.5468061884995183, "batch_size": 10.0, "learning_rate": 0.057651484852202325, "nFile": 50.0, "num_iterations": 558.2878778963543, "num_leaves": 11.245253684999694}, "datetime": {"datetime": "2022-12-14 15:00:39", "elapsed": 17043.72138, "delta": 849.957386}}
{"target": 0.7323448595127252, "params": {"bagging_fraction": 0.7080815352755151, "bagging_freq": 3.4651845259794003, "batch_size": 10.0, "learning_rate": 0.08824428240884247, "nFile": 50.0, "num_iterations": 159.4742537793242, "num_leaves": 48.694748113969965}, "datetime": {"datetime": "2022-12-14 15:07:50", "elapsed": 17474.160023, "delta": 430.438643}}
{"target": 0.7293483811889191, "params": {"bagging_fraction": 0.858348798151385, "bagging_freq": 1.022445850327185, "batch_size": 10.0, "learning_rate": 0.016621792122063415, "nFile": 50.0, "num_iterations": 403.3027902507671, "num_leaves": 10.30632133732762}, "datetime": {"datetime": "2022-12-14 15:19:47", "elapsed": 18191.354864, "delta": 717.194841}}
{"target": 0.7330621268821249, "params": {"bagging_fraction": 0.836348146114126, "bagging_freq": 1.1166189311847892, "batch_size": 10.0, "learning_rate": 0.05321402634946744, "nFile": 50.0, "num_iterations": 673.5924964433226, "num_leaves": 29.3187692654381}, "datetime": {"datetime": "2022-12-14 15:37:11", "elapsed": 19235.362349, "delta": 1044.007485}}
{"target": 0.7323403210970957, "params": {"bagging_fraction": 0.8823901032798336, "bagging_freq": 1.0040125752478353, "batch_size": 10.0, "learning_rate": 0.04393320665526228, "nFile": 50.0, "num_iterations": 269.30760930654696, "num_leaves": 49.76057460380861}, "datetime": {"datetime": "2022-12-14 15:48:54", "elapsed": 19938.768397, "delta": 703.406048}}
{"target": 0.7316155748735838, "params": {"bagging_fraction": 0.6098420568604203, "bagging_freq": 1.9606526078835667, "batch_size": 10.0, "learning_rate": 0.03417858729351448, "nFile": 50.0, "num_iterations": 769.1130420888994, "num_leaves": 10.050400074691597}, "datetime": {"datetime": "2022-12-14 16:04:08", "elapsed": 20851.930479, "delta": 913.162082}}
{"target": 0.732683420585586, "params": {"bagging_fraction": 0.7101430072336028, "bagging_freq": 1.3211316374743065, "batch_size": 10.0, "learning_rate": 0.09777769194749723, "nFile": 50.0, "num_iterations": 839.2006280474532, "num_leaves": 10.90915651234515}, "datetime": {"datetime": "2022-12-14 16:19:04", "elapsed": 21748.200249, "delta": 896.26977}}
