{"target": 0.7300088615245148, "params": {"bagging_fraction": 0.7551893651539767, "bagging_freq": 9.522663434333326, "batch_size": 10.0, "learning_rate": 0.02895718855274416, "nFile": 30.0, "num_iterations": 717.5998767137202, "num_leaves": 16.685568124002252}, "datetime": {"datetime": "2022-12-13 23:40:59", "elapsed": 0.0, "delta": 0.0}}
{"target": 0.7231576431347777, "params": {"bagging_fraction": 0.7177327399395093, "bagging_freq": 6.562471125275283, "batch_size": 10.0, "learning_rate": 0.001244023238887731, "nFile": 30.0, "num_iterations": 896.4527845388262, "num_leaves": 22.016387574659237}, "datetime": {"datetime": "2022-12-14 00:04:53", "elapsed": 1434.232546, "delta": 1434.232546}}
{"target": 0.7256696952948467, "params": {"bagging_fraction": 0.7768745595644144, "bagging_freq": 9.805842244133478, "batch_size": 10.0, "learning_rate": 0.007442468466662155, "nFile": 30.0, "num_iterations": 359.14099687052175, "num_leaves": 42.89865356413732}, "datetime": {"datetime": "2022-12-14 00:16:28", "elapsed": 2129.422291, "delta": 695.189745}}
{"target": 0.7331743463671989, "params": {"bagging_fraction": 0.7878549113880738, "bagging_freq": 1.9942994252230641, "batch_size": 10.0, "learning_rate": 0.09427445705269447, "nFile": 30.0, "num_iterations": 479.43687354954375, "num_leaves": 23.85957760594177}, "datetime": {"datetime": "2022-12-14 00:26:55", "elapsed": 2756.538934, "delta": 627.116643}}
{"target": 0.7321217462610432, "params": {"bagging_fraction": 0.8609355253191544, "bagging_freq": 4.857416311170577, "batch_size": 10.0, "learning_rate": 0.07206733198437779, "nFile": 30.0, "num_iterations": 636.745755438648, "num_leaves": 15.190251908207198}, "datetime": {"datetime": "2022-12-14 00:39:57", "elapsed": 3538.524066, "delta": 781.985132}}
{"target": 0.7301367881780805, "params": {"bagging_fraction": 0.6232602275181531, "bagging_freq": 8.480847301213762, "batch_size": 10.0, "learning_rate": 0.01703923542127215, "nFile": 30.0, "num_iterations": 629.6372396581083, "num_leaves": 40.94452676302937}, "datetime": {"datetime": "2022-12-14 00:55:49", "elapsed": 4490.731635, "delta": 952.207569}}
{"target": 0.7295826212360244, "params": {"bagging_fraction": 0.796753637402071, "bagging_freq": 6.019360835305807, "batch_size": 10.0, "learning_rate": 0.0248177695905833, "nFile": 30.0, "num_iterations": 457.0711289468461, "num_leaves": 29.322207417717657}, "datetime": {"datetime": "2022-12-14 01:08:50", "elapsed": 5271.124711, "delta": 780.393076}}
{"target": 0.7299873067483571, "params": {"bagging_fraction": 0.8867219523264558, "bagging_freq": 9.114419735266427, "batch_size": 10.0, "learning_rate": 0.08224944703112858, "nFile": 30.0, "num_iterations": 308.650012841849, "num_leaves": 13.162219456197217}, "datetime": {"datetime": "2022-12-14 01:16:34", "elapsed": 5735.407674, "delta": 464.282963}}
{"target": 0.7277064158428743, "params": {"bagging_fraction": 0.7397288779437199, "bagging_freq": 8.910782275638457, "batch_size": 10.0, "learning_rate": 0.023893879225742227, "nFile": 30.0, "num_iterations": 216.1571748455536, "num_leaves": 46.65630888263358}, "datetime": {"datetime": "2022-12-14 01:24:03", "elapsed": 6183.974399, "delta": 448.566725}}
{"target": 0.7311546236006026, "params": {"bagging_fraction": 0.6704392652733892, "bagging_freq": 6.543880917755522, "batch_size": 10.0, "learning_rate": 0.026257951152511252, "nFile": 30.0, "num_iterations": 975.2660023838444, "num_leaves": 19.574839926465547}, "datetime": {"datetime": "2022-12-14 01:42:50", "elapsed": 7310.952904, "delta": 1126.978505}}
{"target": 0.7311506325975337, "params": {"bagging_fraction": 0.6943202693800158, "bagging_freq": 1.44367159876915, "batch_size": 10.0, "learning_rate": 0.03542783615352929, "nFile": 30.0, "num_iterations": 484.55398853756293, "num_leaves": 29.77264981903007}, "datetime": {"datetime": "2022-12-14 01:54:50", "elapsed": 8031.701996, "delta": 720.749092}}
{"target": 0.7326942541063791, "params": {"bagging_fraction": 0.682188220061694, "bagging_freq": 9.83130252071481, "batch_size": 10.0, "learning_rate": 0.07069266175861275, "nFile": 30.0, "num_iterations": 477.0880160733769, "num_leaves": 27.083409090358987}, "datetime": {"datetime": "2022-12-14 02:05:15", "elapsed": 8656.081739, "delta": 624.379743}}
{"target": 0.7312853088254044, "params": {"bagging_fraction": 0.8286197818108978, "bagging_freq": 7.067080901068419, "batch_size": 10.0, "learning_rate": 0.03415879909480274, "nFile": 30.0, "num_iterations": 633.2282081922957, "num_leaves": 23.7480597445999}, "datetime": {"datetime": "2022-12-14 02:20:45", "elapsed": 9585.801853, "delta": 929.720114}}
{"target": 0.72845167401974, "params": {"bagging_fraction": 0.8749502556144142, "bagging_freq": 7.267582562512121, "batch_size": 10.0, "learning_rate": 0.02190810032340011, "nFile": 30.0, "num_iterations": 626.9665705749594, "num_leaves": 15.738116892171554}, "datetime": {"datetime": "2022-12-14 02:35:56", "elapsed": 10497.296692, "delta": 911.494839}}
{"target": 0.7326126670857842, "params": {"bagging_fraction": 0.9, "bagging_freq": 8.612180449391216, "batch_size": 10.0, "learning_rate": 0.1, "nFile": 30.0, "num_iterations": 479.6231160195461, "num_leaves": 18.82769248643838}, "datetime": {"datetime": "2022-12-14 02:46:39", "elapsed": 11140.063041, "delta": 642.766349}}
{"target": 0.7329439390317314, "params": {"bagging_fraction": 0.7978890952000265, "bagging_freq": 4.9408678701603455, "batch_size": 10.0, "learning_rate": 0.06689873027451466, "nFile": 30.0, "num_iterations": 643.2313964911236, "num_leaves": 22.157721574830106}, "datetime": {"datetime": "2022-12-14 03:00:21", "elapsed": 11961.895092, "delta": 821.832051}}
{"target": 0.7324945171965165, "params": {"bagging_fraction": 0.8293025714666289, "bagging_freq": 9.389211853851455, "batch_size": 10.0, "learning_rate": 0.09650199609616125, "nFile": 30.0, "num_iterations": 645.228033594513, "num_leaves": 13.664965274817922}, "datetime": {"datetime": "2022-12-14 03:12:25", "elapsed": 12686.195204, "delta": 724.300112}}
{"target": 0.7264176240798107, "params": {"bagging_fraction": 0.6472969319924348, "bagging_freq": 1.7273249094773662, "batch_size": 10.0, "learning_rate": 0.010496701478830986, "nFile": 30.0, "num_iterations": 650.1238081720935, "num_leaves": 13.24797017177934}, "datetime": {"datetime": "2022-12-14 03:25:32", "elapsed": 13473.517252, "delta": 787.322048}}
{"target": 0.733732313240244, "params": {"bagging_fraction": 0.8397641966214766, "bagging_freq": 2.604721548331586, "batch_size": 10.0, "learning_rate": 0.06182032425548448, "nFile": 30.0, "num_iterations": 638.7916739068759, "num_leaves": 31.390911804758304}, "datetime": {"datetime": "2022-12-14 03:40:10", "elapsed": 14351.680379, "delta": 878.163127}}
{"target": 0.7336524410159406, "params": {"bagging_fraction": 0.7772113643591415, "bagging_freq": 5.081219831990645, "batch_size": 10.0, "learning_rate": 0.06667767321544356, "nFile": 30.0, "num_iterations": 648.0089958275431, "num_leaves": 30.30855641501182}, "datetime": {"datetime": "2022-12-14 03:53:54", "elapsed": 15175.171306, "delta": 823.490927}}
{"target": 0.7338077319611065, "params": {"bagging_fraction": 0.7680502706985566, "bagging_freq": 9.781962942604656, "batch_size": 10.0, "learning_rate": 0.0685040710872969, "nFile": 30.0, "num_iterations": 642.1283914857911, "num_leaves": 31.263588266928586}, "datetime": {"datetime": "2022-12-14 04:07:40", "elapsed": 16001.454165, "delta": 826.282859}}
{"target": 0.7337600370879871, "params": {"bagging_fraction": 0.6681462498870766, "bagging_freq": 4.310790797479422, "batch_size": 10.0, "learning_rate": 0.05273787277680693, "nFile": 30.0, "num_iterations": 641.3065372995818, "num_leaves": 39.81069023678292}, "datetime": {"datetime": "2022-12-14 04:21:33", "elapsed": 16834.735488, "delta": 833.281323}}
{"target": 0.7332117653134564, "params": {"bagging_fraction": 0.8819887041422759, "bagging_freq": 9.121244589833577, "batch_size": 10.0, "learning_rate": 0.04049809696662276, "nFile": 30.0, "num_iterations": 649.6601905518366, "num_leaves": 39.26618499791647}, "datetime": {"datetime": "2022-12-14 04:39:10", "elapsed": 17891.571597, "delta": 1056.836109}}
{"target": 0.7348607085240857, "params": {"bagging_fraction": 0.8014504520728718, "bagging_freq": 1.083993322050943, "batch_size": 10.0, "learning_rate": 0.07931527038084112, "nFile": 30.0, "num_iterations": 652.2722295045835, "num_leaves": 39.776200001854335}, "datetime": {"datetime": "2022-12-14 04:53:31", "elapsed": 18752.533795, "delta": 860.962198}}
{"target": 0.7359233527684429, "params": {"bagging_fraction": 0.9, "bagging_freq": 1.892784198655655, "batch_size": 10.0, "learning_rate": 0.1, "nFile": 30.0, "num_iterations": 647.701053647982, "num_leaves": 47.19913567882144}, "datetime": {"datetime": "2022-12-14 05:08:57", "elapsed": 19677.9131, "delta": 925.379305}}
