{"target": 0.7299102596598415, "params": {"bagging_fraction": 0.7551893651539767, "bagging_freq": 9.522663434333326, "batch_size": 10.0, "learning_rate": 0.02895718855274416, "nFile": 60.0, "num_iterations": 717.5998767137202, "num_leaves": 16.685568124002252}, "datetime": {"datetime": "2022-12-14 16:47:58", "elapsed": 0.0, "delta": 0.0}}
{"target": 0.7231424642649695, "params": {"bagging_fraction": 0.7177327399395093, "bagging_freq": 6.562471125275283, "batch_size": 10.0, "learning_rate": 0.001244023238887731, "nFile": 60.0, "num_iterations": 896.4527845388262, "num_leaves": 22.016387574659237}, "datetime": {"datetime": "2022-12-14 17:15:02", "elapsed": 1624.690978, "delta": 1624.690978}}
{"target": 0.7270041663420882, "params": {"bagging_fraction": 0.7768745595644144, "bagging_freq": 9.805842244133478, "batch_size": 10.0, "learning_rate": 0.007442468466662155, "nFile": 60.0, "num_iterations": 359.14099687052175, "num_leaves": 42.89865356413732}, "datetime": {"datetime": "2022-12-14 17:30:10", "elapsed": 2532.677703, "delta": 907.986725}}
{"target": 0.7311322539990406, "params": {"bagging_fraction": 0.7878549113880738, "bagging_freq": 1.9942994252230641, "batch_size": 10.0, "learning_rate": 0.09427445705269447, "nFile": 60.0, "num_iterations": 479.43687354954375, "num_leaves": 23.85957760594177}, "datetime": {"datetime": "2022-12-14 17:43:33", "elapsed": 3335.702981, "delta": 803.025278}}
{"target": 0.7307274399449022, "params": {"bagging_fraction": 0.8609355253191544, "bagging_freq": 4.857416311170577, "batch_size": 10.0, "learning_rate": 0.07206733198437779, "nFile": 60.0, "num_iterations": 636.745755438648, "num_leaves": 15.190251908207198}, "datetime": {"datetime": "2022-12-14 17:59:57", "elapsed": 4319.622747, "delta": 983.919766}}
{"target": 0.7299489507947381, "params": {"bagging_fraction": 0.6232602275181531, "bagging_freq": 8.480847301213762, "batch_size": 10.0, "learning_rate": 0.01703923542127215, "nFile": 60.0, "num_iterations": 629.6372396581083, "num_leaves": 40.94452676302937}, "datetime": {"datetime": "2022-12-14 18:19:14", "elapsed": 5476.972596, "delta": 1157.349849}}
{"target": 0.7297857686196323, "params": {"bagging_fraction": 0.796753637402071, "bagging_freq": 6.019360835305807, "batch_size": 10.0, "learning_rate": 0.0248177695905833, "nFile": 60.0, "num_iterations": 457.0711289468461, "num_leaves": 29.322207417717657}, "datetime": {"datetime": "2022-12-14 18:35:31", "elapsed": 6453.907434, "delta": 976.934838}}
{"target": 0.7300349419554694, "params": {"bagging_fraction": 0.8867219523264558, "bagging_freq": 9.114419735266427, "batch_size": 10.0, "learning_rate": 0.08224944703112858, "nFile": 60.0, "num_iterations": 308.650012841849, "num_leaves": 13.162219456197217}, "datetime": {"datetime": "2022-12-14 18:46:04", "elapsed": 7086.903409, "delta": 632.995975}}
{"target": 0.7286130801597289, "params": {"bagging_fraction": 0.7397288779437199, "bagging_freq": 8.910782275638457, "batch_size": 10.0, "learning_rate": 0.023893879225742227, "nFile": 60.0, "num_iterations": 216.1571748455536, "num_leaves": 46.65630888263358}, "datetime": {"datetime": "2022-12-14 18:56:17", "elapsed": 7699.746884, "delta": 612.843475}}
{"target": 0.7303072914975112, "params": {"bagging_fraction": 0.6704392652733892, "bagging_freq": 6.543880917755522, "batch_size": 10.0, "learning_rate": 0.026257951152511252, "nFile": 60.0, "num_iterations": 975.2660023838444, "num_leaves": 19.574839926465547}, "datetime": {"datetime": "2022-12-14 19:19:25", "elapsed": 9087.615136, "delta": 1387.868252}}
{"target": 0.7303274482053275, "params": {"bagging_fraction": 0.6948247217586545, "bagging_freq": 4.460961142279219, "batch_size": 10.0, "learning_rate": 0.0326315160763946, "nFile": 60.0, "num_iterations": 809.6369469508054, "num_leaves": 17.81996650076225}, "datetime": {"datetime": "2022-12-14 19:39:01", "elapsed": 10263.911798, "delta": 1176.296662}}
{"target": 0.7315319865992521, "params": {"bagging_fraction": 0.702897266209615, "bagging_freq": 2.334585441110636, "batch_size": 10.0, "learning_rate": 0.07086053965212707, "nFile": 60.0, "num_iterations": 513.0795733271405, "num_leaves": 45.122082235889124}, "datetime": {"datetime": "2022-12-14 19:53:33", "elapsed": 11135.556107, "delta": 871.644309}}
{"target": 0.7323065019428177, "params": {"bagging_fraction": 0.6244791127775596, "bagging_freq": 2.0661661421917166, "batch_size": 10.0, "learning_rate": 0.08631785730364905, "nFile": 60.0, "num_iterations": 772.7002323517548, "num_leaves": 49.93791827803558}, "datetime": {"datetime": "2022-12-14 20:10:12", "elapsed": 12134.03353, "delta": 998.477423}}
{"target": 0.7308021861357125, "params": {"bagging_fraction": 0.7728614386938788, "bagging_freq": 2.898906948256613, "batch_size": 10.0, "learning_rate": 0.018784004826284183, "nFile": 60.0, "num_iterations": 834.7480948198621, "num_leaves": 49.86871354920793}, "datetime": {"datetime": "2022-12-14 20:38:29", "elapsed": 13831.638363, "delta": 1697.604833}}
{"target": 0.7314545632571944, "params": {"bagging_fraction": 0.8827208300809029, "bagging_freq": 8.648265028539896, "batch_size": 10.0, "learning_rate": 0.03634564565435735, "nFile": 60.0, "num_iterations": 697.0532929376959, "num_leaves": 49.730086776399915}, "datetime": {"datetime": "2022-12-14 21:01:35", "elapsed": 15217.655465, "delta": 1386.017102}}
{"target": 0.7294633489448035, "params": {"bagging_fraction": 0.8091649226303261, "bagging_freq": 6.342271216072318, "batch_size": 10.0, "learning_rate": 0.03910056652927051, "nFile": 60.0, "num_iterations": 520.3295400953682, "num_leaves": 10.221965716164089}, "datetime": {"datetime": "2022-12-14 21:15:51", "elapsed": 16073.386606, "delta": 855.731141}}
{"target": 0.7294700810095814, "params": {"bagging_fraction": 0.6178113710875822, "bagging_freq": 1.0326850457932686, "batch_size": 10.0, "learning_rate": 0.00993180825519432, "nFile": 60.0, "num_iterations": 772.3158010801832, "num_leaves": 47.354983912593994}, "datetime": {"datetime": "2022-12-14 21:40:04", "elapsed": 17526.77604, "delta": 1453.389434}}
{"target": 0.7317429790735483, "params": {"bagging_fraction": 0.6230527666990904, "bagging_freq": 7.447097804862201, "batch_size": 10.0, "learning_rate": 0.09582614327334177, "nFile": 60.0, "num_iterations": 579.7686886673257, "num_leaves": 45.93407482313995}, "datetime": {"datetime": "2022-12-14 21:56:54", "elapsed": 18536.133573, "delta": 1009.357533}}
{"target": 0.7312977473322815, "params": {"bagging_fraction": 0.6659529181494055, "bagging_freq": 8.06013173839829, "batch_size": 10.0, "learning_rate": 0.055275463759723364, "nFile": 60.0, "num_iterations": 655.403707172255, "num_leaves": 38.37542682433347}, "datetime": {"datetime": "2022-12-14 22:15:59", "elapsed": 19681.411685, "delta": 1145.278112}}
{"target": 0.731823004314623, "params": {"bagging_fraction": 0.6721588867336915, "bagging_freq": 9.206400612375349, "batch_size": 10.0, "learning_rate": 0.06419563501204362, "nFile": 60.0, "num_iterations": 696.2904740609276, "num_leaves": 49.49061514939113}, "datetime": {"datetime": "2022-12-14 22:35:28", "elapsed": 20850.095239, "delta": 1168.683554}}
{"target": 0.7321991912569832, "params": {"bagging_fraction": 0.8525906590934251, "bagging_freq": 1.762588384376536, "batch_size": 10.0, "learning_rate": 0.08198966599270537, "nFile": 60.0, "num_iterations": 668.505253249894, "num_leaves": 45.94169386027235}, "datetime": {"datetime": "2022-12-14 22:53:08", "elapsed": 21910.075523, "delta": 1059.980284}}
{"target": 0.7322046382484273, "params": {"bagging_fraction": 0.7094459823855651, "bagging_freq": 7.650872090066221, "batch_size": 10.0, "learning_rate": 0.1, "nFile": 60.0, "num_iterations": 681.7992312588314, "num_leaves": 48.17389552553934}, "datetime": {"datetime": "2022-12-14 23:08:56", "elapsed": 22858.952691, "delta": 948.877168}}
{"target": 0.7310062936689778, "params": {"bagging_fraction": 0.8240690762904934, "bagging_freq": 3.876441854244469, "batch_size": 10.0, "learning_rate": 0.03993166313989936, "nFile": 60.0, "num_iterations": 679.5327407127095, "num_leaves": 33.74759050185972}, "datetime": {"datetime": "2022-12-14 23:29:01", "elapsed": 24063.136963, "delta": 1204.184272}}
{"target": 0.7322696020864075, "params": {"bagging_fraction": 0.6215197801121197, "bagging_freq": 8.188167151084736, "batch_size": 10.0, "learning_rate": 0.09885664458256918, "nFile": 60.0, "num_iterations": 781.6127178760288, "num_leaves": 49.33618981505545}, "datetime": {"datetime": "2022-12-14 23:44:48", "elapsed": 25010.249601, "delta": 947.112638}}
{"target": 0.7325635624071224, "params": {"bagging_fraction": 0.9, "bagging_freq": 1.0, "batch_size": 10.0, "learning_rate": 0.1, "nFile": 60.0, "num_iterations": 653.7716497475254, "num_leaves": 50.0}, "datetime": {"datetime": "2022-12-15 00:02:39", "elapsed": 26081.233396, "delta": 1070.983795}}
