{"target": 0.7250395789788994, "params": {"bagging_fraction": 0.7551893651539767, "bagging_freq": 9.522663434333326, "batch_size": 10.0, "learning_rate": 0.02895718855274416, "nFile": 20.0, "num_iterations": 717.5998767137202, "num_leaves": 16.685568124002252}, "datetime": {"datetime": "2022-12-13 14:16:27", "elapsed": 0.0, "delta": 0.0}}
{"target": 0.684144093717914, "params": {"bagging_fraction": 0.7177327399395093, "bagging_freq": 6.562471125275283, "batch_size": 10.0, "learning_rate": 0.001244023238887731, "nFile": 20.0, "num_iterations": 896.4527845388262, "num_leaves": 22.016387574659237}, "datetime": {"datetime": "2022-12-13 14:53:34", "elapsed": 2226.30833, "delta": 2226.30833}}
{"target": 0.7111306158461757, "params": {"bagging_fraction": 0.7768745595644144, "bagging_freq": 9.805842244133478, "batch_size": 10.0, "learning_rate": 0.007442468466662155, "nFile": 20.0, "num_iterations": 359.14099687052175, "num_leaves": 42.89865356413732}, "datetime": {"datetime": "2022-12-13 15:12:49", "elapsed": 3381.527046, "delta": 1155.218716}}
{"target": 0.7319502593536389, "params": {"bagging_fraction": 0.7878549113880738, "bagging_freq": 1.9942994252230641, "batch_size": 10.0, "learning_rate": 0.09427445705269447, "nFile": 20.0, "num_iterations": 479.43687354954375, "num_leaves": 23.85957760594177}, "datetime": {"datetime": "2022-12-13 15:28:55", "elapsed": 4347.409693, "delta": 965.882647}}
{"target": 0.7296067803908584, "params": {"bagging_fraction": 0.8609355253191544, "bagging_freq": 4.857416311170577, "batch_size": 10.0, "learning_rate": 0.07206733198437779, "nFile": 20.0, "num_iterations": 636.745755438648, "num_leaves": 15.190251908207198}, "datetime": {"datetime": "2022-12-13 15:48:47", "elapsed": 5539.925562, "delta": 1192.515869}}
{"target": 0.7259469642016126, "params": {"bagging_fraction": 0.6232602275181531, "bagging_freq": 8.480847301213762, "batch_size": 10.0, "learning_rate": 0.01703923542127215, "nFile": 20.0, "num_iterations": 629.6372396581083, "num_leaves": 40.94452676302937}, "datetime": {"datetime": "2022-12-13 16:09:27", "elapsed": 6779.929182, "delta": 1240.00362}}
{"target": 0.724338846747825, "params": {"bagging_fraction": 0.796753637402071, "bagging_freq": 6.019360835305807, "batch_size": 10.0, "learning_rate": 0.0248177695905833, "nFile": 20.0, "num_iterations": 457.0711289468461, "num_leaves": 29.322207417717657}, "datetime": {"datetime": "2022-12-13 16:25:49", "elapsed": 7761.797732, "delta": 981.86855}}
{"target": 0.7247490271638342, "params": {"bagging_fraction": 0.8867219523264558, "bagging_freq": 9.114419735266427, "batch_size": 10.0, "learning_rate": 0.08224944703112858, "nFile": 20.0, "num_iterations": 308.650012841849, "num_leaves": 13.162219456197217}, "datetime": {"datetime": "2022-12-13 16:35:33", "elapsed": 8345.177093, "delta": 583.379361}}
{"target": 0.719622515401845, "params": {"bagging_fraction": 0.7397288779437199, "bagging_freq": 8.910782275638457, "batch_size": 10.0, "learning_rate": 0.023893879225742227, "nFile": 20.0, "num_iterations": 216.1571748455536, "num_leaves": 46.65630888263358}, "datetime": {"datetime": "2022-12-13 16:44:57", "elapsed": 8909.747235, "delta": 564.570142}}
{"target": 0.7278660297191601, "params": {"bagging_fraction": 0.6704392652733892, "bagging_freq": 6.543880917755522, "batch_size": 10.0, "learning_rate": 0.026257951152511252, "nFile": 20.0, "num_iterations": 975.2660023838444, "num_leaves": 19.574839926465547}, "datetime": {"datetime": "2022-12-13 17:10:15", "elapsed": 10427.492484, "delta": 1517.745249}}
{"target": 0.7292269340529454, "params": {"bagging_fraction": 0.7404009436417158, "bagging_freq": 2.575389227536377, "batch_size": 10.0, "learning_rate": 0.07069443755165203, "nFile": 20.0, "num_iterations": 478.64207344569274, "num_leaves": 18.545369863777577}, "datetime": {"datetime": "2022-12-13 17:23:22", "elapsed": 11214.712998, "delta": 787.220514}}
{"target": 0.731521974313332, "params": {"bagging_fraction": 0.8389037599290363, "bagging_freq": 6.719646953698093, "batch_size": 10.0, "learning_rate": 0.0865908716998363, "nFile": 20.0, "num_iterations": 481.00109251774717, "num_leaves": 23.11777551863729}, "datetime": {"datetime": "2022-12-13 17:37:55", "elapsed": 12087.53787, "delta": 872.824872}}
{"target": 0.7320441416430463, "params": {"bagging_fraction": 0.6833468777564066, "bagging_freq": 6.055282762100126, "batch_size": 10.0, "learning_rate": 0.09090524371304438, "nFile": 20.0, "num_iterations": 476.5981042749726, "num_leaves": 26.100168323396407}, "datetime": {"datetime": "2022-12-13 17:50:44", "elapsed": 12856.350245, "delta": 768.812375}}
{"target": 0.730386922309205, "params": {"bagging_fraction": 0.6428559615991052, "bagging_freq": 4.496011946186969, "batch_size": 10.0, "learning_rate": 0.051516031228565615, "nFile": 20.0, "num_iterations": 482.58928622198823, "num_leaves": 29.382022847931253}, "datetime": {"datetime": "2022-12-13 18:04:53", "elapsed": 13705.838112, "delta": 849.487867}}
{"target": 0.7311210538727466, "params": {"bagging_fraction": 0.8508295062844697, "bagging_freq": 8.015139089595538, "batch_size": 10.0, "learning_rate": 0.1, "nFile": 20.0, "num_iterations": 475.7625106715512, "num_leaves": 20.922591023544253}, "datetime": {"datetime": "2022-12-13 18:18:34", "elapsed": 14526.447679, "delta": 820.609567}}
{"target": 0.731133963596741, "params": {"bagging_fraction": 0.6097875777942169, "bagging_freq": 9.912948070354611, "batch_size": 10.0, "learning_rate": 0.06714019980607501, "nFile": 20.0, "num_iterations": 479.13487815116054, "num_leaves": 28.00597925586473}, "datetime": {"datetime": "2022-12-13 18:31:13", "elapsed": 15285.253632, "delta": 758.805953}}
{"target": 0.7182566589792018, "params": {"bagging_fraction": 0.660045313082779, "bagging_freq": 4.722953995002483, "batch_size": 10.0, "learning_rate": 0.012156449240577273, "nFile": 20.0, "num_iterations": 477.551114721505, "num_leaves": 31.088677718697276}, "datetime": {"datetime": "2022-12-13 18:46:39", "elapsed": 16211.213101, "delta": 925.959469}}
{"target": 0.7159114593267053, "params": {"bagging_fraction": 0.6903294311893016, "bagging_freq": 8.937241949944609, "batch_size": 10.0, "learning_rate": 0.011031667019956861, "nFile": 20.0, "num_iterations": 486.37015619211115, "num_leaves": 25.66171292925825}, "datetime": {"datetime": "2022-12-13 19:02:17", "elapsed": 17149.944, "delta": 938.730899}}
{"target": 0.7285619230132446, "params": {"bagging_fraction": 0.8113516785219659, "bagging_freq": 3.0452083028314254, "batch_size": 10.0, "learning_rate": 0.04930035468404372, "nFile": 20.0, "num_iterations": 474.5798843357954, "num_leaves": 23.772982357863633}, "datetime": {"datetime": "2022-12-13 19:16:40", "elapsed": 18012.890264, "delta": 862.946264}}
{"target": 0.7323702462841156, "params": {"bagging_fraction": 0.9, "bagging_freq": 1.0, "batch_size": 10.0, "learning_rate": 0.1, "nFile": 20.0, "num_iterations": 484.2581986861709, "num_leaves": 25.48574047426352}, "datetime": {"datetime": "2022-12-13 19:30:41", "elapsed": 18853.849983, "delta": 840.959719}}
{"target": 0.7317727944532769, "params": {"bagging_fraction": 0.7058153775623335, "bagging_freq": 8.572748902600171, "batch_size": 10.0, "learning_rate": 0.09620054099242234, "nFile": 20.0, "num_iterations": 470.9899517425206, "num_leaves": 24.953153507967798}, "datetime": {"datetime": "2022-12-13 19:44:32", "elapsed": 19685.030097, "delta": 831.180114}}
{"target": 0.7291563050327433, "params": {"bagging_fraction": 0.6278360687827179, "bagging_freq": 2.3977902881796767, "batch_size": 10.0, "learning_rate": 0.061686162047702955, "nFile": 20.0, "num_iterations": 484.45345806811775, "num_leaves": 20.38470941710342}, "datetime": {"datetime": "2022-12-13 19:56:35", "elapsed": 20407.479954, "delta": 722.449857}}
{"target": 0.71325623124558, "params": {"bagging_fraction": 0.8569231384415014, "bagging_freq": 8.86357049905899, "batch_size": 10.0, "learning_rate": 0.010937303586081408, "nFile": 20.0, "num_iterations": 468.8021575830169, "num_leaves": 19.5020198086658}, "datetime": {"datetime": "2022-12-13 20:12:48", "elapsed": 21380.827836, "delta": 973.347882}}
{"target": 0.7318813638108215, "params": {"bagging_fraction": 0.6, "bagging_freq": 10.0, "batch_size": 10.0, "learning_rate": 0.1, "nFile": 20.0, "num_iterations": 475.3464505255275, "num_leaves": 25.172674436337125}, "datetime": {"datetime": "2022-12-13 20:23:19", "elapsed": 22011.954641, "delta": 631.126805}}
{"target": 0.7281725605250192, "params": {"bagging_fraction": 0.7514711117531236, "bagging_freq": 8.52424762687819, "batch_size": 10.0, "learning_rate": 0.03812475200988946, "nFile": 20.0, "num_iterations": 470.0110611536987, "num_leaves": 29.38744923789335}, "datetime": {"datetime": "2022-12-13 20:38:09", "elapsed": 22901.655186, "delta": 889.700545}}
