{"target": 0.7073795324127206, "params": {"bagging_fraction": 0.7551893651539767, "bagging_freq": 9.522663434333326, "batch_size": 10.0, "learning_rate": 0.02895718855274416, "nFile": 70.0, "num_iterations": 717.5998767137202, "num_leaves": 16.685568124002252}, "datetime": {"datetime": "2022-12-15 00:29:17", "elapsed": 0.0, "delta": 0.0}}
{"target": 0.6594884706215725, "params": {"bagging_fraction": 0.7177327399395093, "bagging_freq": 6.562471125275283, "batch_size": 10.0, "learning_rate": 0.001244023238887731, "nFile": 70.0, "num_iterations": 896.4527845388262, "num_leaves": 22.016387574659237}, "datetime": {"datetime": "2022-12-15 00:55:37", "elapsed": 1579.550068, "delta": 1579.550068}}
{"target": 0.6877587859848806, "params": {"bagging_fraction": 0.7768745595644144, "bagging_freq": 9.805842244133478, "batch_size": 10.0, "learning_rate": 0.007442468466662155, "nFile": 70.0, "num_iterations": 359.14099687052175, "num_leaves": 42.89865356413732}, "datetime": {"datetime": "2022-12-15 01:11:00", "elapsed": 2503.021128, "delta": 923.47106}}
{"target": 0.7163351689294004, "params": {"bagging_fraction": 0.7878549113880738, "bagging_freq": 1.9942994252230641, "batch_size": 10.0, "learning_rate": 0.09427445705269447, "nFile": 70.0, "num_iterations": 479.43687354954375, "num_leaves": 23.85957760594177}, "datetime": {"datetime": "2022-12-15 01:26:51", "elapsed": 3454.087681, "delta": 951.066553}}
{"target": 0.71394889189741, "params": {"bagging_fraction": 0.8609355253191544, "bagging_freq": 4.857416311170577, "batch_size": 10.0, "learning_rate": 0.07206733198437779, "nFile": 70.0, "num_iterations": 636.745755438648, "num_leaves": 15.190251908207198}, "datetime": {"datetime": "2022-12-15 01:45:50", "elapsed": 4592.757064, "delta": 1138.669383}}
{"target": 0.7057197796884647, "params": {"bagging_fraction": 0.6232602275181531, "bagging_freq": 8.480847301213762, "batch_size": 10.0, "learning_rate": 0.01703923542127215, "nFile": 70.0, "num_iterations": 629.6372396581083, "num_leaves": 40.94452676302937}, "datetime": {"datetime": "2022-12-15 02:06:13", "elapsed": 5816.197623, "delta": 1223.440559}}
{"target": 0.7045622453449916, "params": {"bagging_fraction": 0.796753637402071, "bagging_freq": 6.019360835305807, "batch_size": 10.0, "learning_rate": 0.0248177695905833, "nFile": 70.0, "num_iterations": 457.0711289468461, "num_leaves": 29.322207417717657}, "datetime": {"datetime": "2022-12-15 02:23:06", "elapsed": 6828.976892, "delta": 1012.779269}}
{"target": 0.7076824580702415, "params": {"bagging_fraction": 0.8867219523264558, "bagging_freq": 9.114419735266427, "batch_size": 10.0, "learning_rate": 0.08224944703112858, "nFile": 70.0, "num_iterations": 308.650012841849, "num_leaves": 13.162219456197217}, "datetime": {"datetime": "2022-12-15 02:34:28", "elapsed": 7510.630073, "delta": 681.653181}}
{"target": 0.6978709491090634, "params": {"bagging_fraction": 0.7397288779437199, "bagging_freq": 8.910782275638457, "batch_size": 10.0, "learning_rate": 0.023893879225742227, "nFile": 70.0, "num_iterations": 216.1571748455536, "num_leaves": 46.65630888263358}, "datetime": {"datetime": "2022-12-15 02:45:03", "elapsed": 8145.647036, "delta": 635.016963}}
{"target": 0.7104723372145673, "params": {"bagging_fraction": 0.6704392652733892, "bagging_freq": 6.543880917755522, "batch_size": 10.0, "learning_rate": 0.026257951152511252, "nFile": 70.0, "num_iterations": 975.2660023838444, "num_leaves": 19.574839926465547}, "datetime": {"datetime": "2022-12-15 03:10:31", "elapsed": 9674.117501, "delta": 1528.470465}}
{"target": 0.7213964229084273, "params": {"bagging_fraction": 0.7219862205224382, "bagging_freq": 6.789433917292051, "batch_size": 10.0, "learning_rate": 0.07224940034863686, "nFile": 70.0, "num_iterations": 779.5403818021697, "num_leaves": 49.5222012793579}, "datetime": {"datetime": "2022-12-15 03:34:15", "elapsed": 11097.768658, "delta": 1423.651157}}
{"target": 0.7145697137138257, "params": {"bagging_fraction": 0.8239078003203071, "bagging_freq": 5.850364689853653, "batch_size": 10.0, "learning_rate": 0.034502037321125494, "nFile": 70.0, "num_iterations": 682.0894648901183, "num_leaves": 47.12468104833383}, "datetime": {"datetime": "2022-12-15 04:00:05", "elapsed": 12647.594673, "delta": 1549.826015}}
{"target": 0.7111429825746205, "params": {"bagging_fraction": 0.6856472433380897, "bagging_freq": 2.3694144978244633, "batch_size": 10.0, "learning_rate": 0.025437194673926636, "nFile": 70.0, "num_iterations": 655.6627379604653, "num_leaves": 47.647050524467325}, "datetime": {"datetime": "2022-12-15 04:22:38", "elapsed": 14000.659591, "delta": 1353.064918}}
{"target": 0.6713183555430655, "params": {"bagging_fraction": 0.8816970547246064, "bagging_freq": 2.6023501544787986, "batch_size": 10.0, "learning_rate": 0.002800554285860884, "nFile": 70.0, "num_iterations": 513.4796277689543, "num_leaves": 44.72578984913683}, "datetime": {"datetime": "2022-12-15 04:44:24", "elapsed": 15307.07695, "delta": 1306.417359}}
{"target": 0.715612391142201, "params": {"bagging_fraction": 0.8827208300809029, "bagging_freq": 8.648265028539896, "batch_size": 10.0, "learning_rate": 0.03634564565435735, "nFile": 70.0, "num_iterations": 697.0532929376959, "num_leaves": 49.730086776399915}, "datetime": {"datetime": "2022-12-15 05:12:02", "elapsed": 16965.091639, "delta": 1658.014689}}
{"target": 0.7205252385817059, "params": {"bagging_fraction": 0.643540619296673, "bagging_freq": 7.738159748320373, "batch_size": 10.0, "learning_rate": 0.09815713676782727, "nFile": 70.0, "num_iterations": 581.5229481573995, "num_leaves": 46.55022900125766}, "datetime": {"datetime": "2022-12-15 05:29:28", "elapsed": 18011.079347, "delta": 1045.987708}}
{"target": 0.7159226859992802, "params": {"bagging_fraction": 0.8886014104315415, "bagging_freq": 1.3983772075603844, "batch_size": 10.0, "learning_rate": 0.0338921783875848, "nFile": 70.0, "num_iterations": 770.1022629845897, "num_leaves": 49.10795121020824}, "datetime": {"datetime": "2022-12-15 05:59:45", "elapsed": 19827.573003, "delta": 1816.493656}}
{"target": 0.7176891301022296, "params": {"bagging_fraction": 0.6952738760453094, "bagging_freq": 2.0290577994077696, "batch_size": 10.0, "learning_rate": 0.03837976502236171, "nFile": 70.0, "num_iterations": 834.1047645895754, "num_leaves": 49.84134973036334}, "datetime": {"datetime": "2022-12-15 06:27:32", "elapsed": 21494.55756, "delta": 1666.984557}}
{"target": 0.709147448734201, "params": {"bagging_fraction": 0.8726896445726059, "bagging_freq": 4.823156784607345, "batch_size": 10.0, "learning_rate": 0.024759108250865348, "nFile": 70.0, "num_iterations": 678.7113133554222, "num_leaves": 32.48019309988521}, "datetime": {"datetime": "2022-12-15 06:52:48", "elapsed": 23010.543708, "delta": 1515.986148}}
{"target": 0.7144228356231407, "params": {"bagging_fraction": 0.8916485645936219, "bagging_freq": 2.8699555387541587, "batch_size": 10.0, "learning_rate": 0.053406382429472606, "nFile": 70.0, "num_iterations": 810.7986569568479, "num_leaves": 17.48177321458511}, "datetime": {"datetime": "2022-12-15 07:18:09", "elapsed": 24532.094207, "delta": 1521.550499}}
{"target": 0.7209066122356482, "params": {"bagging_fraction": 0.8525906590934251, "bagging_freq": 1.762588384376536, "batch_size": 10.0, "learning_rate": 0.08198966599270537, "nFile": 70.0, "num_iterations": 668.505253249894, "num_leaves": 45.94169386027235}, "datetime": {"datetime": "2022-12-15 07:41:20", "elapsed": 25922.417803, "delta": 1390.323596}}
{"target": 0.7028431216637964, "params": {"bagging_fraction": 0.7671431080877629, "bagging_freq": 4.137773362736147, "batch_size": 10.0, "learning_rate": 0.034641138090278814, "nFile": 70.0, "num_iterations": 520.5109302256024, "num_leaves": 10.89114519536948}, "datetime": {"datetime": "2022-12-15 07:55:46", "elapsed": 26788.337617, "delta": 865.919814}}
{"target": 0.7193568548065572, "params": {"bagging_fraction": 0.6685807768648234, "bagging_freq": 6.797185212452231, "batch_size": 10.0, "learning_rate": 0.07963695656442023, "nFile": 70.0, "num_iterations": 656.7219098573856, "num_leaves": 35.83277042347055}, "datetime": {"datetime": "2022-12-15 08:15:17", "elapsed": 27959.627149, "delta": 1171.289532}}
{"target": 0.7217621343425749, "params": {"bagging_fraction": 0.8767356876002106, "bagging_freq": 7.926591151344295, "batch_size": 10.0, "learning_rate": 0.07280355788875974, "nFile": 70.0, "num_iterations": 787.9229975235448, "num_leaves": 49.00070186498548}, "datetime": {"datetime": "2022-12-15 08:42:38", "elapsed": 29600.964511, "delta": 1641.337362}}
{"target": 0.7159998324495082, "params": {"bagging_fraction": 0.8352746151071861, "bagging_freq": 8.978192178573849, "batch_size": 10.0, "learning_rate": 0.037363613804259, "nFile": 70.0, "num_iterations": 780.0132910994246, "num_leaves": 41.13957875548683}, "datetime": {"datetime": "2022-12-15 09:11:00", "elapsed": 31302.7917, "delta": 1701.827189}}
