{"target": 0.7358346105228611, "params": {"bagging_fraction": 0.7551893651539767, "bagging_freq": 9.522663434333326, "batch_size": 10.0, "learning_rate": 0.02895718855274416, "nFile": 40.0, "num_iterations": 717.5998767137202, "num_leaves": 16.685568124002252}, "datetime": {"datetime": "2022-12-14 05:27:14", "elapsed": 0.0, "delta": 0.0}}
{"target": 0.7353505210682685, "params": {"bagging_fraction": 0.7177327399395093, "bagging_freq": 6.562471125275283, "batch_size": 10.0, "learning_rate": 0.001244023238887731, "nFile": 40.0, "num_iterations": 896.4527845388262, "num_leaves": 22.016387574659237}, "datetime": {"datetime": "2022-12-14 05:47:16", "elapsed": 1202.163466, "delta": 1202.163466}}
{"target": 0.7354411685699717, "params": {"bagging_fraction": 0.7768745595644144, "bagging_freq": 9.805842244133478, "batch_size": 10.0, "learning_rate": 0.007442468466662155, "nFile": 40.0, "num_iterations": 359.14099687052175, "num_leaves": 42.89865356413732}, "datetime": {"datetime": "2022-12-14 05:57:22", "elapsed": 1807.489081, "delta": 605.325615}}
{"target": 0.7365267910906947, "params": {"bagging_fraction": 0.7878549113880738, "bagging_freq": 1.9942994252230641, "batch_size": 10.0, "learning_rate": 0.09427445705269447, "nFile": 40.0, "num_iterations": 479.43687354954375, "num_leaves": 23.85957760594177}, "datetime": {"datetime": "2022-12-14 06:06:39", "elapsed": 2365.214853, "delta": 557.725772}}
{"target": 0.7362146356891723, "params": {"bagging_fraction": 0.8609355253191544, "bagging_freq": 4.857416311170577, "batch_size": 10.0, "learning_rate": 0.07206733198437779, "nFile": 40.0, "num_iterations": 636.745755438648, "num_leaves": 15.190251908207198}, "datetime": {"datetime": "2022-12-14 06:18:07", "elapsed": 3052.969432, "delta": 687.754579}}
{"target": 0.7358386465261264, "params": {"bagging_fraction": 0.6232602275181531, "bagging_freq": 8.480847301213762, "batch_size": 10.0, "learning_rate": 0.01703923542127215, "nFile": 40.0, "num_iterations": 629.6372396581083, "num_leaves": 40.94452676302937}, "datetime": {"datetime": "2022-12-14 06:29:47", "elapsed": 3753.233076, "delta": 700.263644}}
{"target": 0.73582353268561, "params": {"bagging_fraction": 0.796753637402071, "bagging_freq": 6.019360835305807, "batch_size": 10.0, "learning_rate": 0.0248177695905833, "nFile": 40.0, "num_iterations": 457.0711289468461, "num_leaves": 29.322207417717657}, "datetime": {"datetime": "2022-12-14 06:39:36", "elapsed": 4341.521727, "delta": 588.288651}}
{"target": 0.7357773736173131, "params": {"bagging_fraction": 0.8867219523264558, "bagging_freq": 9.114419735266427, "batch_size": 10.0, "learning_rate": 0.08224944703112858, "nFile": 40.0, "num_iterations": 308.650012841849, "num_leaves": 13.162219456197217}, "datetime": {"datetime": "2022-12-14 06:46:35", "elapsed": 4760.61324, "delta": 419.091513}}
{"target": 0.7356463843480254, "params": {"bagging_fraction": 0.7397288779437199, "bagging_freq": 8.910782275638457, "batch_size": 10.0, "learning_rate": 0.023893879225742227, "nFile": 40.0, "num_iterations": 216.1571748455536, "num_leaves": 46.65630888263358}, "datetime": {"datetime": "2022-12-14 06:53:01", "elapsed": 5147.251071, "delta": 386.637831}}
{"target": 0.7359143591901055, "params": {"bagging_fraction": 0.6704392652733892, "bagging_freq": 6.543880917755522, "batch_size": 10.0, "learning_rate": 0.026257951152511252, "nFile": 40.0, "num_iterations": 975.2660023838444, "num_leaves": 19.574839926465547}, "datetime": {"datetime": "2022-12-14 07:08:13", "elapsed": 6058.712744, "delta": 911.461673}}
{"target": 0.7357680821816848, "params": {"bagging_fraction": 0.7634500836517604, "bagging_freq": 2.829136277762791, "batch_size": 10.0, "learning_rate": 0.024884255531435615, "nFile": 40.0, "num_iterations": 480.474758588341, "num_leaves": 24.13844354678283}, "datetime": {"datetime": "2022-12-14 07:18:44", "elapsed": 6689.65217, "delta": 630.939426}}
{"target": 0.7358892208767482, "params": {"bagging_fraction": 0.7462788109719649, "bagging_freq": 2.4298515171608015, "batch_size": 10.0, "learning_rate": 0.046120941525541116, "nFile": 40.0, "num_iterations": 479.5944732437535, "num_leaves": 20.33632369700816}, "datetime": {"datetime": "2022-12-14 07:28:03", "elapsed": 7248.515569, "delta": 558.863399}}
{"target": 0.7357401131994661, "params": {"bagging_fraction": 0.7861135673799768, "bagging_freq": 5.190763366123659, "batch_size": 10.0, "learning_rate": 0.02515234274272891, "nFile": 40.0, "num_iterations": 476.05821991218676, "num_leaves": 22.544225568314143}, "datetime": {"datetime": "2022-12-14 07:37:48", "elapsed": 7834.439815, "delta": 585.924246}}
{"target": 0.7354257811463266, "params": {"bagging_fraction": 0.7168513861869149, "bagging_freq": 2.534505455526831, "batch_size": 10.0, "learning_rate": 0.011320221521245875, "nFile": 40.0, "num_iterations": 638.9799946939299, "num_leaves": 11.339946798398941}, "datetime": {"datetime": "2022-12-14 07:49:10", "elapsed": 8516.314512, "delta": 681.874697}}
{"target": 0.7363129600345704, "params": {"bagging_fraction": 0.7468196214702447, "bagging_freq": 1.0954625449566402, "batch_size": 10.0, "learning_rate": 0.07449791676571323, "nFile": 40.0, "num_iterations": 474.7337197957769, "num_leaves": 27.986381865781098}, "datetime": {"datetime": "2022-12-14 07:58:32", "elapsed": 9077.487681, "delta": 561.173169}}
{"target": 0.7361955904692388, "params": {"bagging_fraction": 0.7595335074491785, "bagging_freq": 1.4271079874766075, "batch_size": 10.0, "learning_rate": 0.05516884942603218, "nFile": 40.0, "num_iterations": 469.19256512594404, "num_leaves": 25.31395279647954}, "datetime": {"datetime": "2022-12-14 08:07:46", "elapsed": 9631.506174, "delta": 554.018493}}
{"target": 0.7360156920369867, "params": {"bagging_fraction": 0.8862545847785395, "bagging_freq": 6.442244810217259, "batch_size": 10.0, "learning_rate": 0.03506276484317337, "nFile": 40.0, "num_iterations": 465.50468206270045, "num_leaves": 30.84574260508432}, "datetime": {"datetime": "2022-12-14 08:17:51", "elapsed": 10236.706359, "delta": 605.200185}}
{"target": 0.7362721377075286, "params": {"bagging_fraction": 0.8287141083889585, "bagging_freq": 9.677959605227265, "batch_size": 10.0, "learning_rate": 0.0942828845332675, "nFile": 40.0, "num_iterations": 463.95738616434795, "num_leaves": 21.93442506647354}, "datetime": {"datetime": "2022-12-14 08:26:48", "elapsed": 10773.847009, "delta": 537.14065}}
{"target": 0.7361228584316579, "params": {"bagging_fraction": 0.7464359843578658, "bagging_freq": 3.768424640033088, "batch_size": 10.0, "learning_rate": 0.061953801097816154, "nFile": 40.0, "num_iterations": 459.1809205447126, "num_leaves": 21.08592600685428}, "datetime": {"datetime": "2022-12-14 08:35:30", "elapsed": 11296.043608, "delta": 522.196599}}
{"target": 0.7353001360184888, "params": {"bagging_fraction": 0.6155223811729098, "bagging_freq": 3.1760567345470854, "batch_size": 10.0, "learning_rate": 0.0026112000638357125, "nFile": 40.0, "num_iterations": 466.4247440453174, "num_leaves": 16.385590780262387}, "datetime": {"datetime": "2022-12-14 08:45:25", "elapsed": 11891.115548, "delta": 595.07194}}
{"target": 0.7371946070462504, "params": {"bagging_fraction": 0.7528322978530266, "bagging_freq": 2.599906143849283, "batch_size": 10.0, "learning_rate": 0.08568065475906603, "nFile": 40.0, "num_iterations": 644.4090854597547, "num_leaves": 47.86118128469137}, "datetime": {"datetime": "2022-12-14 08:57:19", "elapsed": 12604.762777, "delta": 713.647229}}
{"target": 0.7373763628671983, "params": {"bagging_fraction": 0.76615767639314, "bagging_freq": 3.6695683139862325, "batch_size": 10.0, "learning_rate": 0.09289506767868876, "nFile": 40.0, "num_iterations": 653.0330714874215, "num_leaves": 47.13808013717278}, "datetime": {"datetime": "2022-12-14 09:09:26", "elapsed": 13332.333836, "delta": 727.571059}}
{"target": 0.7364409493097149, "params": {"bagging_fraction": 0.8435050687423888, "bagging_freq": 2.0034277243504293, "batch_size": 10.0, "learning_rate": 0.03527188292849324, "nFile": 40.0, "num_iterations": 650.6361353243353, "num_leaves": 40.504099256099806}, "datetime": {"datetime": "2022-12-14 09:22:18", "elapsed": 14103.745222, "delta": 771.411386}}
{"target": 0.736029305887178, "params": {"bagging_fraction": 0.7111299817556612, "bagging_freq": 9.716514628486827, "batch_size": 10.0, "learning_rate": 0.01965185474445508, "nFile": 40.0, "num_iterations": 645.6244241830675, "num_leaves": 46.58361490963688}, "datetime": {"datetime": "2022-12-14 09:34:50", "elapsed": 14855.605281, "delta": 751.860059}}
{"target": 0.7375716064705737, "params": {"bagging_fraction": 0.833968084984042, "bagging_freq": 1.3573027234784742, "batch_size": 10.0, "learning_rate": 0.08742326353502303, "nFile": 40.0, "num_iterations": 664.0990118441894, "num_leaves": 47.16978936731707}, "datetime": {"datetime": "2022-12-14 09:47:13", "elapsed": 15598.665882, "delta": 743.060601}}
