{"target": 0.7295355358583742, "params": {"bagging_fraction": 0.7551893651539767, "bagging_freq": 9.522663434333326, "batch_size": 10.0, "learning_rate": 0.02895718855274416, "nFile": 10.0, "num_iterations": 717.5998767137202, "num_leaves": 16.685568124002252}, "datetime": {"datetime": "2022-12-12 20:30:25", "elapsed": 0.0, "delta": 0.0}}
{"target": 0.7089438705796858, "params": {"bagging_fraction": 0.7177327399395093, "bagging_freq": 6.562471125275283, "batch_size": 10.0, "learning_rate": 0.001244023238887731, "nFile": 10.0, "num_iterations": 896.4527845388262, "num_leaves": 22.016387574659237}, "datetime": {"datetime": "2022-12-12 20:59:54", "elapsed": 1769.262857, "delta": 1769.262857}}
{"target": 0.7193484330877544, "params": {"bagging_fraction": 0.7768745595644144, "bagging_freq": 9.805842244133478, "batch_size": 10.0, "learning_rate": 0.007442468466662155, "nFile": 10.0, "num_iterations": 359.14099687052175, "num_leaves": 42.89865356413732}, "datetime": {"datetime": "2022-12-12 21:13:11", "elapsed": 2566.214938, "delta": 796.952081}}
{"target": 0.7350581956010012, "params": {"bagging_fraction": 0.7878549113880738, "bagging_freq": 1.9942994252230641, "batch_size": 10.0, "learning_rate": 0.09427445705269447, "nFile": 10.0, "num_iterations": 479.43687354954375, "num_leaves": 23.85957760594177}, "datetime": {"datetime": "2022-12-12 21:24:28", "elapsed": 3243.259936, "delta": 677.044998}}
{"target": 0.7333608173422839, "params": {"bagging_fraction": 0.8609355253191544, "bagging_freq": 4.857416311170577, "batch_size": 10.0, "learning_rate": 0.07206733198437779, "nFile": 10.0, "num_iterations": 636.745755438648, "num_leaves": 15.190251908207198}, "datetime": {"datetime": "2022-12-12 21:38:58", "elapsed": 4113.645749, "delta": 870.385813}}
{"target": 0.7305548997964526, "params": {"bagging_fraction": 0.6232602275181531, "bagging_freq": 8.480847301213762, "batch_size": 10.0, "learning_rate": 0.01703923542127215, "nFile": 10.0, "num_iterations": 629.6372396581083, "num_leaves": 40.94452676302937}, "datetime": {"datetime": "2022-12-12 22:02:16", "elapsed": 5511.481676, "delta": 1397.835927}}
{"target": 0.7289562624434338, "params": {"bagging_fraction": 0.796753637402071, "bagging_freq": 6.019360835305807, "batch_size": 10.0, "learning_rate": 0.0248177695905833, "nFile": 10.0, "num_iterations": 457.0711289468461, "num_leaves": 29.322207417717657}, "datetime": {"datetime": "2022-12-12 22:17:02", "elapsed": 6397.411207, "delta": 885.929531}}
{"target": 0.7291871271490944, "params": {"bagging_fraction": 0.8867219523264558, "bagging_freq": 9.114419735266427, "batch_size": 10.0, "learning_rate": 0.08224944703112858, "nFile": 10.0, "num_iterations": 308.650012841849, "num_leaves": 13.162219456197217}, "datetime": {"datetime": "2022-12-12 22:25:06", "elapsed": 6881.078194, "delta": 483.666987}}
{"target": 0.7249720714556551, "params": {"bagging_fraction": 0.7397288779437199, "bagging_freq": 8.910782275638457, "batch_size": 10.0, "learning_rate": 0.023893879225742227, "nFile": 10.0, "num_iterations": 216.1571748455536, "num_leaves": 46.65630888263358}, "datetime": {"datetime": "2022-12-12 22:32:45", "elapsed": 7340.170442, "delta": 459.092248}}
{"target": 0.7321204507174152, "params": {"bagging_fraction": 0.6704392652733892, "bagging_freq": 6.543880917755522, "batch_size": 10.0, "learning_rate": 0.026257951152511252, "nFile": 10.0, "num_iterations": 975.2660023838444, "num_leaves": 19.574839926465547}, "datetime": {"datetime": "2022-12-12 22:54:39", "elapsed": 8654.409814, "delta": 1314.239372}}
{"target": 0.7280794720391769, "params": {"bagging_fraction": 0.7634500836517604, "bagging_freq": 2.829136277762791, "batch_size": 10.0, "learning_rate": 0.024884255531435615, "nFile": 10.0, "num_iterations": 480.474758588341, "num_leaves": 24.13844354678283}, "datetime": {"datetime": "2022-12-12 23:08:40", "elapsed": 9494.997766, "delta": 840.587952}}
{"target": 0.7327706112908092, "params": {"bagging_fraction": 0.797050963221453, "bagging_freq": 3.9989986955861148, "batch_size": 10.0, "learning_rate": 0.056601115535203105, "nFile": 10.0, "num_iterations": 635.1724028947999, "num_leaves": 16.745023237245206}, "datetime": {"datetime": "2022-12-12 23:23:36", "elapsed": 10390.778873, "delta": 895.781107}}
{"target": 0.7333168914889223, "params": {"bagging_fraction": 0.8558596589079288, "bagging_freq": 1.4751589150572086, "batch_size": 10.0, "learning_rate": 0.05051714301726458, "nFile": 10.0, "num_iterations": 477.27684764399027, "num_leaves": 25.2798001075127}, "datetime": {"datetime": "2022-12-12 23:37:26", "elapsed": 11221.533769, "delta": 830.754896}}
{"target": 0.7336208819675425, "params": {"bagging_fraction": 0.8095342372743184, "bagging_freq": 3.314232807735797, "batch_size": 10.0, "learning_rate": 0.05999401756744409, "nFile": 10.0, "num_iterations": 477.4380588026638, "num_leaves": 23.70339246236557}, "datetime": {"datetime": "2022-12-12 23:50:16", "elapsed": 11990.90593, "delta": 769.372161}}
{"target": 0.7349996762521894, "params": {"bagging_fraction": 0.9, "bagging_freq": 1.0, "batch_size": 10.0, "learning_rate": 0.1, "nFile": 10.0, "num_iterations": 477.94739712576893, "num_leaves": 21.517599808247958}, "datetime": {"datetime": "2022-12-13 00:02:24", "elapsed": 12719.256, "delta": 728.35007}}
{"target": 0.7295482541564142, "params": {"bagging_fraction": 0.7468040544476349, "bagging_freq": 1.4856128909529778, "batch_size": 10.0, "learning_rate": 0.05064491029099518, "nFile": 10.0, "num_iterations": 636.1729685168123, "num_leaves": 11.9526100608546}, "datetime": {"datetime": "2022-12-13 00:15:51", "elapsed": 13526.473819, "delta": 807.217819}}
{"target": 0.7333984207141918, "params": {"bagging_fraction": 0.863344821613768, "bagging_freq": 8.728079695621883, "batch_size": 10.0, "learning_rate": 0.06066870134645976, "nFile": 10.0, "num_iterations": 635.2604067633512, "num_leaves": 17.900630754998872}, "datetime": {"datetime": "2022-12-13 00:31:37", "elapsed": 14472.665563, "delta": 946.191744}}
{"target": 0.7056958794609788, "params": {"bagging_fraction": 0.8972710133180068, "bagging_freq": 6.038411679874589, "batch_size": 10.0, "learning_rate": 0.0012264407617544782, "nFile": 10.0, "num_iterations": 638.1419348494986, "num_leaves": 20.316469650276886}, "datetime": {"datetime": "2022-12-13 00:54:26", "elapsed": 15841.706216, "delta": 1369.040653}}
{"target": 0.7213111248851303, "params": {"bagging_fraction": 0.8309999869648336, "bagging_freq": 8.62387354327279, "batch_size": 10.0, "learning_rate": 0.015568569623449727, "nFile": 10.0, "num_iterations": 636.3854070393762, "num_leaves": 12.826588644999909}, "datetime": {"datetime": "2022-12-13 01:11:19", "elapsed": 16853.817877, "delta": 1012.111661}}
{"target": 0.7200385812040914, "params": {"bagging_fraction": 0.6320563660667724, "bagging_freq": 7.597805117195431, "batch_size": 10.0, "learning_rate": 0.009295339793821418, "nFile": 10.0, "num_iterations": 631.599012215095, "num_leaves": 18.79066859796506}, "datetime": {"datetime": "2022-12-13 01:26:47", "elapsed": 17782.732774, "delta": 928.914897}}
{"target": 0.733625905141172, "params": {"bagging_fraction": 0.7206035146641231, "bagging_freq": 3.0089900345314367, "batch_size": 10.0, "learning_rate": 0.08783313257200846, "nFile": 10.0, "num_iterations": 633.9282526292567, "num_leaves": 14.580894805802114}, "datetime": {"datetime": "2022-12-13 01:38:55", "elapsed": 18509.981441, "delta": 727.248667}}
{"target": 0.7082740960881955, "params": {"bagging_fraction": 0.8908666073847213, "bagging_freq": 2.4619834297590613, "batch_size": 10.0, "learning_rate": 0.0021284533070813016, "nFile": 10.0, "num_iterations": 473.6805868883697, "num_leaves": 23.10130375107923}, "datetime": {"datetime": "2022-12-13 01:56:49", "elapsed": 19584.395107, "delta": 1074.413666}}
{"target": 0.7316805189900388, "params": {"bagging_fraction": 0.6950046748146348, "bagging_freq": 3.5719379411399066, "batch_size": 10.0, "learning_rate": 0.04724012246355341, "nFile": 10.0, "num_iterations": 477.9707630306218, "num_leaves": 20.83326447011261}, "datetime": {"datetime": "2022-12-13 02:08:05", "elapsed": 20260.717157, "delta": 676.32205}}
{"target": 0.7313910284769916, "params": {"bagging_fraction": 0.8102098606857947, "bagging_freq": 5.548697237467997, "batch_size": 10.0, "learning_rate": 0.05175962224252647, "nFile": 10.0, "num_iterations": 634.2674149634483, "num_leaves": 14.556350600125324}, "datetime": {"datetime": "2022-12-13 02:22:42", "elapsed": 21137.410094, "delta": 876.692937}}
{"target": 0.735431277248638, "params": {"bagging_fraction": 0.7558120275234357, "bagging_freq": 8.255518669210858, "batch_size": 10.0, "learning_rate": 0.07006739901318276, "nFile": 10.0, "num_iterations": 972.1808528812508, "num_leaves": 18.477186175931855}, "datetime": {"datetime": "2022-12-13 02:41:31", "elapsed": 22266.385367, "delta": 1128.975273}}
