{"target": 0.739396031961883, "params": {"bagging_fraction": 0.5655680954619303, "bagging_freq": 9.522663434333326, "batch_size": 10.0, "learning_rate": 0.02895718855274416, "nFile": 70.0, "num_iterations": 717.5998767137202, "num_leaves": 20.878224294505344}, "datetime": {"datetime": "2022-12-09 22:48:54", "elapsed": 0.0, "delta": 0.0}}
{"target": 0.7393935259435485, "params": {"bagging_fraction": 0.4531982198185276, "bagging_freq": 6.562471125275283, "batch_size": 10.0, "learning_rate": 0.001244023238887731, "nFile": 70.0, "num_iterations": 896.4527845388262, "num_leaves": 33.53892048981569}, "datetime": {"datetime": "2022-12-09 22:49:53", "elapsed": 58.786195, "delta": 58.786195}}
{"target": 0.7394062433427379, "params": {"bagging_fraction": 0.6306236786932431, "bagging_freq": 9.805842244133478, "batch_size": 10.0, "learning_rate": 0.007442468466662155, "nFile": 70.0, "num_iterations": 359.14099687052175, "num_leaves": 83.13430221482614}, "datetime": {"datetime": "2022-12-09 22:51:18", "elapsed": 143.3883, "delta": 84.602105}}
{"target": 0.7393895857967407, "params": {"bagging_fraction": 0.6635647341642215, "bagging_freq": 1.9942994252230641, "batch_size": 10.0, "learning_rate": 0.09427445705269447, "nFile": 70.0, "num_iterations": 479.43687354954375, "num_leaves": 37.9164968141117}, "datetime": {"datetime": "2022-12-09 22:52:30", "elapsed": 215.313233, "delta": 71.924933}}
{"target": 0.7394126848446764, "params": {"bagging_fraction": 0.8828065759574634, "bagging_freq": 4.857416311170577, "batch_size": 10.0, "learning_rate": 0.07206733198437779, "nFile": 70.0, "num_iterations": 636.745755438648, "num_leaves": 17.326848281992092}, "datetime": {"datetime": "2022-12-09 22:53:59", "elapsed": 304.383222, "delta": 89.069989}}
{"target": 0.7394151944460917, "params": {"bagging_fraction": 0.16978068255445947, "bagging_freq": 8.480847301213762, "batch_size": 10.0, "learning_rate": 0.01703923542127215, "nFile": 70.0, "num_iterations": 629.6372396581083, "num_leaves": 78.49325106219476}, "datetime": {"datetime": "2022-12-09 22:55:12", "elapsed": 377.300353, "delta": 72.917131}}
{"target": 0.7394264804512836, "params": {"bagging_fraction": 0.690260912206213, "bagging_freq": 6.019360835305807, "batch_size": 10.0, "learning_rate": 0.0248177695905833, "nFile": 70.0, "num_iterations": 457.0711289468461, "num_leaves": 50.89024261707944}, "datetime": {"datetime": "2022-12-09 22:56:17", "elapsed": 442.490322, "delta": 65.189969}}
{"target": 0.7393879735524536, "params": {"bagging_fraction": 0.9601658569793673, "bagging_freq": 9.114419735266427, "batch_size": 10.0, "learning_rate": 0.08224944703112858, "nFile": 70.0, "num_iterations": 308.650012841849, "num_leaves": 12.51027120846839}, "datetime": {"datetime": "2022-12-09 22:57:14", "elapsed": 499.589201, "delta": 57.098879}}
{"target": 0.7394146587313971, "params": {"bagging_fraction": 0.5191866338311598, "bagging_freq": 8.910782275638457, "batch_size": 10.0, "learning_rate": 0.023893879225742227, "nFile": 70.0, "num_iterations": 216.1571748455536, "num_leaves": 92.05873359625475}, "datetime": {"datetime": "2022-12-09 22:58:15", "elapsed": 560.874834, "delta": 61.285633}}
{"target": 0.7393985392625033, "params": {"bagging_fraction": 0.3113177958201674, "bagging_freq": 6.543880917755522, "batch_size": 10.0, "learning_rate": 0.026257951152511252, "nFile": 70.0, "num_iterations": 975.2660023838444, "num_leaves": 27.74024482535567}, "datetime": {"datetime": "2022-12-09 22:59:13", "elapsed": 618.038512, "delta": 57.163678}}
{"target": 0.7393809887287508, "params": {"bagging_fraction": 0.7397413908061045, "bagging_freq": 2.5516767200051618, "batch_size": 10.0, "learning_rate": 0.07575220974343394, "nFile": 70.0, "num_iterations": 382.46198069750506, "num_leaves": 9.259768189554087}, "datetime": {"datetime": "2022-12-09 23:00:09", "elapsed": 674.749791, "delta": 56.711279}}
{"target": 0.7393924528623121, "params": {"bagging_fraction": 0.980305091458977, "bagging_freq": 7.058766646526919, "batch_size": 10.0, "learning_rate": 0.09491563289151257, "nFile": 70.0, "num_iterations": 297.66514902929976, "num_leaves": 30.323168018989904}, "datetime": {"datetime": "2022-12-09 23:01:07", "elapsed": 732.261762, "delta": 57.511971}}
{"target": 0.7393997937730488, "params": {"bagging_fraction": 0.48358680407731536, "bagging_freq": 8.39889666295937, "batch_size": 10.0, "learning_rate": 0.0874980881812208, "nFile": 70.0, "num_iterations": 921.7115201363807, "num_leaves": 82.95824131604014}, "datetime": {"datetime": "2022-12-09 23:02:05", "elapsed": 790.746421, "delta": 58.484659}}
{"target": 0.7394529831132035, "params": {"bagging_fraction": 0.9592011786411615, "bagging_freq": 8.949201622799396, "batch_size": 10.0, "learning_rate": 0.08931154730803942, "nFile": 70.0, "num_iterations": 853.4161324400495, "num_leaves": 62.84448186218251}, "datetime": {"datetime": "2022-12-09 23:03:07", "elapsed": 852.29994, "delta": 61.553519}}
{"target": 0.7394065981155818, "params": {"bagging_fraction": 0.2475261073439367, "bagging_freq": 3.4399785807736962, "batch_size": 10.0, "learning_rate": 0.07128289225371959, "nFile": 70.0, "num_iterations": 510.4846278561497, "num_leaves": 8.060901960060695}, "datetime": {"datetime": "2022-12-09 23:04:03", "elapsed": 908.910891, "delta": 56.610951}}
{"target": 0.7393836727252538, "params": {"bagging_fraction": 0.13188326813765372, "bagging_freq": 1.7703365701549607, "batch_size": 10.0, "learning_rate": 0.03491608389240686, "nFile": 70.0, "num_iterations": 284.18052778288416, "num_leaves": 72.77494447845635}, "datetime": {"datetime": "2022-12-09 23:05:00", "elapsed": 965.153634, "delta": 56.242743}}
{"target": 0.7393815258123116, "params": {"bagging_fraction": 0.9627593773946586, "bagging_freq": 5.933377369912543, "batch_size": 10.0, "learning_rate": 0.09236421574319775, "nFile": 70.0, "num_iterations": 272.766722349932, "num_leaves": 5.224971775302669}, "datetime": {"datetime": "2022-12-09 23:05:56", "elapsed": 1021.77551, "delta": 56.621876}}
{"target": 0.7394037381880765, "params": {"bagging_fraction": 0.4084470588502015, "bagging_freq": 7.530464577470763, "batch_size": 10.0, "learning_rate": 0.08781620323791788, "nFile": 70.0, "num_iterations": 297.30580743727745, "num_leaves": 29.986360192600195}, "datetime": {"datetime": "2022-12-09 23:06:57", "elapsed": 1082.779448, "delta": 61.003938}}
{"target": 0.739404449199555, "params": {"bagging_fraction": 0.43917350526939536, "bagging_freq": 7.281707785980347, "batch_size": 10.0, "learning_rate": 0.0616463299597625, "nFile": 70.0, "num_iterations": 855.7280305027215, "num_leaves": 63.007039045583}, "datetime": {"datetime": "2022-12-09 23:08:04", "elapsed": 1149.355822, "delta": 66.576374}}
{"target": 0.7394005100227883, "params": {"bagging_fraction": 0.5765112713535894, "bagging_freq": 8.987281401802704, "batch_size": 10.0, "learning_rate": 0.0938084227901798, "nFile": 70.0, "num_iterations": 457.9155940820085, "num_leaves": 50.91379266934954}, "datetime": {"datetime": "2022-12-09 23:09:03", "elapsed": 1209.011122, "delta": 59.6553}}
{"target": 0.7393931680669305, "params": {"bagging_fraction": 0.5694736836448222, "bagging_freq": 8.218766266212828, "batch_size": 10.0, "learning_rate": 0.054389995449936786, "nFile": 70.0, "num_iterations": 853.0759167776409, "num_leaves": 59.88601273186044}, "datetime": {"datetime": "2022-12-09 23:10:01", "elapsed": 1266.70583, "delta": 57.694708}}
{"target": 0.7394286307219764, "params": {"bagging_fraction": 0.6312585292450646, "bagging_freq": 9.301111688039718, "batch_size": 10.0, "learning_rate": 0.039929623334041466, "nFile": 70.0, "num_iterations": 849.4155633717487, "num_leaves": 64.3742093491606}, "datetime": {"datetime": "2022-12-09 23:11:07", "elapsed": 1332.551919, "delta": 65.846089}}
{"target": 0.7394040934532787, "params": {"bagging_fraction": 0.440115539403402, "bagging_freq": 6.826324524708124, "batch_size": 10.0, "learning_rate": 0.014033078513574437, "nFile": 70.0, "num_iterations": 850.5068505522454, "num_leaves": 65.51225458452943}, "datetime": {"datetime": "2022-12-09 23:12:08", "elapsed": 1393.790979, "delta": 61.23906}}
{"target": 0.7394132253899119, "params": {"bagging_fraction": 0.5365556924492753, "bagging_freq": 9.845121484088175, "batch_size": 10.0, "learning_rate": 0.05457690510840329, "nFile": 70.0, "num_iterations": 852.0309793597554, "num_leaves": 64.24028683881556}, "datetime": {"datetime": "2022-12-09 23:13:07", "elapsed": 1452.23037, "delta": 58.439391}}
{"target": 0.7393868990344782, "params": {"bagging_fraction": 0.10984985544822234, "bagging_freq": 5.461647872259879, "batch_size": 10.0, "learning_rate": 0.06825636039650543, "nFile": 70.0, "num_iterations": 458.7462526314244, "num_leaves": 48.475352131765256}, "datetime": {"datetime": "2022-12-09 23:14:03", "elapsed": 1508.197827, "delta": 55.967457}}
