{"target": 0.7394510848420546, "params": {"bagging_fraction": 0.5655680954619303, "bagging_freq": 9.522663434333326, "batch_size": 10.0, "learning_rate": 0.02895718855274416, "nFile": 80.0, "num_iterations": 717.5998767137202, "num_leaves": 20.878224294505344}, "datetime": {"datetime": "2022-12-09 23:19:36", "elapsed": 0.0, "delta": 0.0}}
{"target": 0.7394465009108914, "params": {"bagging_fraction": 0.4531982198185276, "bagging_freq": 6.562471125275283, "batch_size": 10.0, "learning_rate": 0.001244023238887731, "nFile": 80.0, "num_iterations": 896.4527845388262, "num_leaves": 33.53892048981569}, "datetime": {"datetime": "2022-12-09 23:20:38", "elapsed": 62.311392, "delta": 62.311392}}
{"target": 0.7394891852691278, "params": {"bagging_fraction": 0.6306236786932431, "bagging_freq": 9.805842244133478, "batch_size": 10.0, "learning_rate": 0.007442468466662155, "nFile": 80.0, "num_iterations": 359.14099687052175, "num_leaves": 83.13430221482614}, "datetime": {"datetime": "2022-12-09 23:22:02", "elapsed": 146.632765, "delta": 84.321373}}
{"target": 0.7395960921858499, "params": {"bagging_fraction": 0.6635647341642215, "bagging_freq": 1.9942994252230641, "batch_size": 10.0, "learning_rate": 0.09427445705269447, "nFile": 80.0, "num_iterations": 479.43687354954375, "num_leaves": 37.9164968141117}, "datetime": {"datetime": "2022-12-09 23:23:16", "elapsed": 220.533107, "delta": 73.900342}}
{"target": 0.73944085735711, "params": {"bagging_fraction": 0.8828065759574634, "bagging_freq": 4.857416311170577, "batch_size": 10.0, "learning_rate": 0.07206733198437779, "nFile": 80.0, "num_iterations": 636.745755438648, "num_leaves": 17.326848281992092}, "datetime": {"datetime": "2022-12-09 23:24:17", "elapsed": 281.194094, "delta": 60.660987}}
{"target": 0.7394477364116238, "params": {"bagging_fraction": 0.16978068255445947, "bagging_freq": 8.480847301213762, "batch_size": 10.0, "learning_rate": 0.01703923542127215, "nFile": 80.0, "num_iterations": 629.6372396581083, "num_leaves": 78.49325106219476}, "datetime": {"datetime": "2022-12-09 23:25:16", "elapsed": 340.246116, "delta": 59.052022}}
{"target": 0.7394763035980135, "params": {"bagging_fraction": 0.690260912206213, "bagging_freq": 6.019360835305807, "batch_size": 10.0, "learning_rate": 0.0248177695905833, "nFile": 80.0, "num_iterations": 457.0711289468461, "num_leaves": 50.89024261707944}, "datetime": {"datetime": "2022-12-09 23:26:27", "elapsed": 411.740609, "delta": 71.494493}}
{"target": 0.7394346875758179, "params": {"bagging_fraction": 0.9601658569793673, "bagging_freq": 9.114419735266427, "batch_size": 10.0, "learning_rate": 0.08224944703112858, "nFile": 80.0, "num_iterations": 308.650012841849, "num_leaves": 12.51027120846839}, "datetime": {"datetime": "2022-12-09 23:27:28", "elapsed": 471.920711, "delta": 60.180102}}
{"target": 0.7394877744583375, "params": {"bagging_fraction": 0.5191866338311598, "bagging_freq": 8.910782275638457, "batch_size": 10.0, "learning_rate": 0.023893879225742227, "nFile": 80.0, "num_iterations": 216.1571748455536, "num_leaves": 92.05873359625475}, "datetime": {"datetime": "2022-12-09 23:28:50", "elapsed": 554.550631, "delta": 82.62992}}
{"target": 0.7394482634671933, "params": {"bagging_fraction": 0.3113177958201674, "bagging_freq": 6.543880917755522, "batch_size": 10.0, "learning_rate": 0.026257951152511252, "nFile": 80.0, "num_iterations": 975.2660023838444, "num_leaves": 27.74024482535567}, "datetime": {"datetime": "2022-12-09 23:30:05", "elapsed": 628.844911, "delta": 74.29428}}
{"target": 0.7394599072143331, "params": {"bagging_fraction": 0.590350250955281, "bagging_freq": 2.829136277762791, "batch_size": 10.0, "learning_rate": 0.024884255531435615, "nFile": 80.0, "num_iterations": 480.474758588341, "num_leaves": 38.57880342360923}, "datetime": {"datetime": "2022-12-09 23:31:29", "elapsed": 712.933545, "delta": 84.088634}}
{"target": 0.7394750664746574, "params": {"bagging_fraction": 0.5808489462666031, "bagging_freq": 8.163751690492825, "batch_size": 10.0, "learning_rate": 0.04103995918841024, "nFile": 80.0, "num_iterations": 628.1141948778122, "num_leaves": 78.8683062968476}, "datetime": {"datetime": "2022-12-09 23:32:52", "elapsed": 796.013084, "delta": 83.079539}}
{"target": 0.7394523114129676, "params": {"bagging_fraction": 0.3302021274509294, "bagging_freq": 5.236861649191775, "batch_size": 10.0, "learning_rate": 0.08177899719509876, "nFile": 80.0, "num_iterations": 456.94876393690254, "num_leaves": 52.52297921848181}, "datetime": {"datetime": "2022-12-09 23:33:57", "elapsed": 861.482843, "delta": 65.469759}}
{"target": 0.7394493260741826, "params": {"bagging_fraction": 0.9440388716280292, "bagging_freq": 4.0736368616159835, "batch_size": 10.0, "learning_rate": 0.020215991429179084, "nFile": 80.0, "num_iterations": 478.75144366428066, "num_leaves": 37.6565986347782}, "datetime": {"datetime": "2022-12-09 23:35:04", "elapsed": 928.18183, "delta": 66.698987}}
{"target": 0.7394512622761253, "params": {"bagging_fraction": 0.4418896925815572, "bagging_freq": 1.695774068894603, "batch_size": 10.0, "learning_rate": 0.08503950290235904, "nFile": 80.0, "num_iterations": 478.93763484350956, "num_leaves": 37.30314181764119}, "datetime": {"datetime": "2022-12-09 23:36:16", "elapsed": 1000.311743, "delta": 72.129913}}
{"target": 0.7394248094297267, "params": {"bagging_fraction": 0.13188326813765372, "bagging_freq": 1.7703365701549607, "batch_size": 10.0, "learning_rate": 0.03491608389240686, "nFile": 80.0, "num_iterations": 284.18052778288416, "num_leaves": 72.77494447845635}, "datetime": {"datetime": "2022-12-09 23:37:18", "elapsed": 1062.147214, "delta": 61.835471}}
{"target": 0.7394503830534905, "params": {"bagging_fraction": 0.2337483241865933, "bagging_freq": 8.53457204000307, "batch_size": 10.0, "learning_rate": 0.05096869694849207, "nFile": 80.0, "num_iterations": 359.03970674259, "num_leaves": 84.03894711298263}, "datetime": {"datetime": "2022-12-09 23:38:19", "elapsed": 1122.9648, "delta": 60.817586}}
{"target": 0.7395115904888296, "params": {"bagging_fraction": 0.9980373290184408, "bagging_freq": 8.540943494176503, "batch_size": 10.0, "learning_rate": 0.0923697190374959, "nFile": 80.0, "num_iterations": 627.1810477282667, "num_leaves": 77.96933259658806}, "datetime": {"datetime": "2022-12-09 23:39:28", "elapsed": 1192.686332, "delta": 69.721532}}
{"target": 0.7394724250383018, "params": {"bagging_fraction": 0.29785875444821647, "bagging_freq": 8.06013173839829, "batch_size": 10.0, "learning_rate": 0.055275463759723364, "nFile": 80.0, "num_iterations": 655.403707172255, "num_leaves": 72.39163870779201}, "datetime": {"datetime": "2022-12-09 23:40:30", "elapsed": 1254.422975, "delta": 61.736643}}
{"target": 0.7394452696558583, "params": {"bagging_fraction": 0.26742962748595883, "bagging_freq": 6.468386449314803, "batch_size": 10.0, "learning_rate": 0.05981851215128082, "nFile": 80.0, "num_iterations": 457.38622791136004, "num_leaves": 51.64243813664567}, "datetime": {"datetime": "2022-12-09 23:41:34", "elapsed": 1318.792678, "delta": 64.369703}}
{"target": 0.7394821265202929, "params": {"bagging_fraction": 0.6277750723412675, "bagging_freq": 8.001023230260113, "batch_size": 10.0, "learning_rate": 0.08020632466853173, "nFile": 80.0, "num_iterations": 655.1192741151362, "num_leaves": 73.36347606325963}, "datetime": {"datetime": "2022-12-09 23:42:42", "elapsed": 1386.048463, "delta": 67.255785}}
{"target": 0.7394500258428829, "params": {"bagging_fraction": 0.7398948207476851, "bagging_freq": 4.820050721289352, "batch_size": 10.0, "learning_rate": 0.03709336210846541, "nFile": 80.0, "num_iterations": 790.3374715163069, "num_leaves": 16.802601679309483}, "datetime": {"datetime": "2022-12-09 23:43:46", "elapsed": 1450.03577, "delta": 63.987307}}
{"target": 0.7394362679073989, "params": {"bagging_fraction": 0.30034425190119474, "bagging_freq": 9.125393576149426, "batch_size": 10.0, "learning_rate": 0.07866541847374693, "nFile": 80.0, "num_iterations": 359.47392227856085, "num_leaves": 82.71433632159918}, "datetime": {"datetime": "2022-12-09 23:44:47", "elapsed": 1510.82933, "delta": 60.79356}}
{"target": 0.7395620296500682, "params": {"bagging_fraction": 0.9763855570812018, "bagging_freq": 1.522630682455246, "batch_size": 10.0, "learning_rate": 0.07594307259021894, "nFile": 80.0, "num_iterations": 715.3808807833208, "num_leaves": 56.67299702448222}, "datetime": {"datetime": "2022-12-09 23:45:58", "elapsed": 1581.891167, "delta": 71.061837}}
{"target": 0.7394593714308603, "params": {"bagging_fraction": 0.869759926114317, "bagging_freq": 8.11085421605949, "batch_size": 10.0, "learning_rate": 0.041789144162143126, "nFile": 80.0, "num_iterations": 237.07137587681387, "num_leaves": 54.95145149354918}, "datetime": {"datetime": "2022-12-09 23:47:15", "elapsed": 1659.041236, "delta": 77.150069}}
