{"target": 0.7397058018475872, "params": {"bagging_fraction": 0.5655680954619303, "bagging_freq": 9.522663434333326, "batch_size": 10.0, "learning_rate": 0.02895718855274416, "nFile": 40.0, "num_iterations": 717.5998767137202, "num_leaves": 20.878224294505344}, "datetime": {"datetime": "2022-12-09 21:12:22", "elapsed": 0.0, "delta": 0.0}}
{"target": 0.7396681519925531, "params": {"bagging_fraction": 0.4531982198185276, "bagging_freq": 6.562471125275283, "batch_size": 10.0, "learning_rate": 0.001244023238887731, "nFile": 40.0, "num_iterations": 896.4527845388262, "num_leaves": 33.53892048981569}, "datetime": {"datetime": "2022-12-09 21:13:09", "elapsed": 46.156313, "delta": 46.156313}}
{"target": 0.7397290119441946, "params": {"bagging_fraction": 0.6306236786932431, "bagging_freq": 9.805842244133478, "batch_size": 10.0, "learning_rate": 0.007442468466662155, "nFile": 40.0, "num_iterations": 359.14099687052175, "num_leaves": 83.13430221482614}, "datetime": {"datetime": "2022-12-09 21:14:12", "elapsed": 109.150199, "delta": 62.993886}}
{"target": 0.7401062305765811, "params": {"bagging_fraction": 0.6635647341642215, "bagging_freq": 1.9942994252230641, "batch_size": 10.0, "learning_rate": 0.09427445705269447, "nFile": 40.0, "num_iterations": 479.43687354954375, "num_leaves": 37.9164968141117}, "datetime": {"datetime": "2022-12-09 21:15:21", "elapsed": 178.419867, "delta": 69.269668}}
{"target": 0.7397664777291724, "params": {"bagging_fraction": 0.8828065759574634, "bagging_freq": 4.857416311170577, "batch_size": 10.0, "learning_rate": 0.07206733198437779, "nFile": 40.0, "num_iterations": 636.745755438648, "num_leaves": 17.326848281992092}, "datetime": {"datetime": "2022-12-09 21:16:17", "elapsed": 234.357905, "delta": 55.938038}}
{"target": 0.7396928323444862, "params": {"bagging_fraction": 0.16978068255445947, "bagging_freq": 8.480847301213762, "batch_size": 10.0, "learning_rate": 0.01703923542127215, "nFile": 40.0, "num_iterations": 629.6372396581083, "num_leaves": 78.49325106219476}, "datetime": {"datetime": "2022-12-09 21:17:06", "elapsed": 283.202512, "delta": 48.844607}}
{"target": 0.739873389476853, "params": {"bagging_fraction": 0.690260912206213, "bagging_freq": 6.019360835305807, "batch_size": 10.0, "learning_rate": 0.0248177695905833, "nFile": 40.0, "num_iterations": 457.0711289468461, "num_leaves": 50.89024261707944}, "datetime": {"datetime": "2022-12-09 21:18:19", "elapsed": 356.521853, "delta": 73.319341}}
{"target": 0.7398359215782456, "params": {"bagging_fraction": 0.9601658569793673, "bagging_freq": 9.114419735266427, "batch_size": 10.0, "learning_rate": 0.08224944703112858, "nFile": 40.0, "num_iterations": 308.650012841849, "num_leaves": 12.51027120846839}, "datetime": {"datetime": "2022-12-09 21:19:24", "elapsed": 421.587272, "delta": 65.065419}}
{"target": 0.7397920621411622, "params": {"bagging_fraction": 0.5191866338311598, "bagging_freq": 8.910782275638457, "batch_size": 10.0, "learning_rate": 0.023893879225742227, "nFile": 40.0, "num_iterations": 216.1571748455536, "num_leaves": 92.05873359625475}, "datetime": {"datetime": "2022-12-09 21:20:26", "elapsed": 483.796869, "delta": 62.209597}}
{"target": 0.739713466584453, "params": {"bagging_fraction": 0.3113177958201674, "bagging_freq": 6.543880917755522, "batch_size": 10.0, "learning_rate": 0.026257951152511252, "nFile": 40.0, "num_iterations": 975.2660023838444, "num_leaves": 27.74024482535567}, "datetime": {"datetime": "2022-12-09 21:21:15", "elapsed": 532.379493, "delta": 48.582624}}
{"target": 0.7399137792962771, "params": {"bagging_fraction": 0.590350250955281, "bagging_freq": 2.829136277762791, "batch_size": 10.0, "learning_rate": 0.024884255531435615, "nFile": 40.0, "num_iterations": 480.474758588341, "num_leaves": 38.57880342360923}, "datetime": {"datetime": "2022-12-09 21:22:49", "elapsed": 626.855918, "delta": 94.476425}}
{"target": 0.739948310911938, "params": {"bagging_fraction": 0.8553392007308551, "bagging_freq": 2.7510954385168267, "batch_size": 10.0, "learning_rate": 0.09064836078122328, "nFile": 40.0, "num_iterations": 474.93934642983766, "num_leaves": 38.54541356010088}, "datetime": {"datetime": "2022-12-09 21:23:56", "elapsed": 693.176628, "delta": 66.32071}}
{"target": 0.7400376727400836, "params": {"bagging_fraction": 0.8675789767237866, "bagging_freq": 1.4751589150572086, "batch_size": 10.0, "learning_rate": 0.05051714301726458, "nFile": 40.0, "num_iterations": 477.27684764399027, "num_leaves": 41.28952525534266}, "datetime": {"datetime": "2022-12-09 21:25:13", "elapsed": 770.319371, "delta": 77.142743}}
{"target": 0.7396811240186231, "params": {"bagging_fraction": 0.353931898121455, "bagging_freq": 5.224021638771323, "batch_size": 10.0, "learning_rate": 0.025299236493008557, "nFile": 40.0, "num_iterations": 477.9322554764344, "num_leaves": 35.706351068912994}, "datetime": {"datetime": "2022-12-09 21:26:03", "elapsed": 820.576716, "delta": 50.257345}}
{"target": 0.7397862065259024, "params": {"bagging_fraction": 0.20679772172953095, "bagging_freq": 3.9907685387556864, "batch_size": 10.0, "learning_rate": 0.09903318774419491, "nFile": 40.0, "num_iterations": 453.4034542213895, "num_leaves": 47.085701188104615}, "datetime": {"datetime": "2022-12-09 21:26:57", "elapsed": 874.660644, "delta": 54.083928}}
{"target": 0.7397032328872777, "params": {"bagging_fraction": 0.30472102262239265, "bagging_freq": 7.075967876814992, "batch_size": 10.0, "learning_rate": 0.06488722961152475, "nFile": 40.0, "num_iterations": 456.79013597576454, "num_leaves": 45.27683355029846}, "datetime": {"datetime": "2022-12-09 21:27:49", "elapsed": 926.478827, "delta": 51.818183}}
{"target": 0.7399956692398766, "params": {"bagging_fraction": 0.8207549086691525, "bagging_freq": 8.993990191517549, "batch_size": 10.0, "learning_rate": 0.09785702781205773, "nFile": 40.0, "num_iterations": 450.00356234590504, "num_leaves": 50.8178803079766}, "datetime": {"datetime": "2022-12-09 21:28:52", "elapsed": 989.458565, "delta": 62.979738}}
{"target": 0.7398925743179925, "params": {"bagging_fraction": 0.6525456711891053, "bagging_freq": 9.102342226618257, "batch_size": 10.0, "learning_rate": 0.0420167011721621, "nFile": 40.0, "num_iterations": 446.3425803383001, "num_leaves": 45.40143809073477}, "datetime": {"datetime": "2022-12-09 21:29:58", "elapsed": 1055.576155, "delta": 66.11759}}
{"target": 0.7400393444201135, "params": {"bagging_fraction": 0.561724343113652, "bagging_freq": 7.158583294482352, "batch_size": 10.0, "learning_rate": 0.07190205828396375, "nFile": 40.0, "num_iterations": 443.9597434228649, "num_leaves": 50.67743764064998}, "datetime": {"datetime": "2022-12-09 21:31:05", "elapsed": 1122.515132, "delta": 66.938977}}
{"target": 0.7399291346359292, "params": {"bagging_fraction": 0.624620915518357, "bagging_freq": 3.7624349286018193, "batch_size": 10.0, "learning_rate": 0.02432666227870317, "nFile": 40.0, "num_iterations": 449.009743754435, "num_leaves": 52.72990511875948}, "datetime": {"datetime": "2022-12-09 21:32:41", "elapsed": 1218.579817, "delta": 96.064685}}
{"target": 0.7397628192111162, "params": {"bagging_fraction": 0.4329086358753522, "bagging_freq": 8.883397827084526, "batch_size": 10.0, "learning_rate": 0.04765718165444669, "nFile": 40.0, "num_iterations": 448.04247342493227, "num_leaves": 56.786419096379774}, "datetime": {"datetime": "2022-12-09 21:33:43", "elapsed": 1280.57558, "delta": 61.995763}}
{"target": 0.740106233175027, "params": {"bagging_fraction": 0.8083820358562854, "bagging_freq": 3.2602059953524045, "batch_size": 10.0, "learning_rate": 0.04518545154280727, "nFile": 40.0, "num_iterations": 438.26327292981784, "num_leaves": 45.70473361715192}, "datetime": {"datetime": "2022-12-09 21:35:53", "elapsed": 1411.011171, "delta": 130.435591}}
{"target": 0.7397312153270466, "params": {"bagging_fraction": 0.27634096858327706, "bagging_freq": 8.637861648468164, "batch_size": 10.0, "learning_rate": 0.07459785988216541, "nFile": 40.0, "num_iterations": 434.3292912248934, "num_leaves": 46.9199399782706}, "datetime": {"datetime": "2022-12-09 21:36:52", "elapsed": 1469.121845, "delta": 58.110674}}
{"target": 0.7400203243029343, "params": {"bagging_fraction": 0.8609260255533968, "bagging_freq": 1.1489545399340353, "batch_size": 10.0, "learning_rate": 0.08201353160212205, "nFile": 40.0, "num_iterations": 442.34684425744564, "num_leaves": 49.274713705515005}, "datetime": {"datetime": "2022-12-09 21:38:07", "elapsed": 1544.916944, "delta": 75.795099}}
{"target": 0.7397467517028061, "params": {"bagging_fraction": 0.1460718273192529, "bagging_freq": 2.3428548769883726, "batch_size": 10.0, "learning_rate": 0.08245861219302764, "nFile": 40.0, "num_iterations": 440.9181385290931, "num_leaves": 39.181782711609564}, "datetime": {"datetime": "2022-12-09 21:39:16", "elapsed": 1613.680047, "delta": 68.763103}}
