{"target": 0.7387420857297156, "params": {"bagging_fraction": 0.5655680954619303, "bagging_freq": 9.522663434333326, "batch_size": 10.0, "learning_rate": 0.02895718855274416, "nFile": 20.0, "num_iterations": 717.5998767137202, "num_leaves": 20.878224294505344}, "datetime": {"datetime": "2022-12-09 20:08:26", "elapsed": 0.0, "delta": 0.0}}
{"target": 0.738466037900862, "params": {"bagging_fraction": 0.4531982198185276, "bagging_freq": 6.562471125275283, "batch_size": 10.0, "learning_rate": 0.001244023238887731, "nFile": 20.0, "num_iterations": 896.4527845388262, "num_leaves": 33.53892048981569}, "datetime": {"datetime": "2022-12-09 20:09:12", "elapsed": 45.305263, "delta": 45.305263}}
{"target": 0.7387051496918114, "params": {"bagging_fraction": 0.6306236786932431, "bagging_freq": 9.805842244133478, "batch_size": 10.0, "learning_rate": 0.007442468466662155, "nFile": 20.0, "num_iterations": 359.14099687052175, "num_leaves": 83.13430221482614}, "datetime": {"datetime": "2022-12-09 20:11:08", "elapsed": 161.579578, "delta": 116.274315}}
{"target": 0.7393002653945462, "params": {"bagging_fraction": 0.6635647341642215, "bagging_freq": 1.9942994252230641, "batch_size": 10.0, "learning_rate": 0.09427445705269447, "nFile": 20.0, "num_iterations": 479.43687354954375, "num_leaves": 37.9164968141117}, "datetime": {"datetime": "2022-12-09 20:12:44", "elapsed": 257.750092, "delta": 96.170514}}
{"target": 0.7387642946259066, "params": {"bagging_fraction": 0.8828065759574634, "bagging_freq": 4.857416311170577, "batch_size": 10.0, "learning_rate": 0.07206733198437779, "nFile": 20.0, "num_iterations": 636.745755438648, "num_leaves": 17.326848281992092}, "datetime": {"datetime": "2022-12-09 20:13:44", "elapsed": 317.654336, "delta": 59.904244}}
{"target": 0.7385091206455738, "params": {"bagging_fraction": 0.16978068255445947, "bagging_freq": 8.480847301213762, "batch_size": 10.0, "learning_rate": 0.01703923542127215, "nFile": 20.0, "num_iterations": 629.6372396581083, "num_leaves": 78.49325106219476}, "datetime": {"datetime": "2022-12-09 20:14:35", "elapsed": 368.216986, "delta": 50.56265}}
{"target": 0.7388756260021053, "params": {"bagging_fraction": 0.690260912206213, "bagging_freq": 6.019360835305807, "batch_size": 10.0, "learning_rate": 0.0248177695905833, "nFile": 20.0, "num_iterations": 457.0711289468461, "num_leaves": 50.89024261707944}, "datetime": {"datetime": "2022-12-09 20:16:00", "elapsed": 454.089286, "delta": 85.8723}}
{"target": 0.7387324452800517, "params": {"bagging_fraction": 0.9601658569793673, "bagging_freq": 9.114419735266427, "batch_size": 10.0, "learning_rate": 0.08224944703112858, "nFile": 20.0, "num_iterations": 308.650012841849, "num_leaves": 12.51027120846839}, "datetime": {"datetime": "2022-12-09 20:17:02", "elapsed": 516.071122, "delta": 61.981836}}
{"target": 0.7390349209769, "params": {"bagging_fraction": 0.5191866338311598, "bagging_freq": 8.910782275638457, "batch_size": 10.0, "learning_rate": 0.023893879225742227, "nFile": 20.0, "num_iterations": 216.1571748455536, "num_leaves": 92.05873359625475}, "datetime": {"datetime": "2022-12-09 20:18:47", "elapsed": 620.957752, "delta": 104.88663}}
{"target": 0.7385575861288842, "params": {"bagging_fraction": 0.3113177958201674, "bagging_freq": 6.543880917755522, "batch_size": 10.0, "learning_rate": 0.026257951152511252, "nFile": 20.0, "num_iterations": 975.2660023838444, "num_leaves": 27.74024482535567}, "datetime": {"datetime": "2022-12-09 20:19:41", "elapsed": 674.976345, "delta": 54.018593}}
{"target": 0.7390410514700866, "params": {"bagging_fraction": 0.6734962475995278, "bagging_freq": 3.164009142205102, "batch_size": 10.0, "learning_rate": 0.07387741775353132, "nFile": 20.0, "num_iterations": 472.6923912069036, "num_leaves": 41.76961932499735}, "datetime": {"datetime": "2022-12-09 20:20:54", "elapsed": 747.931037, "delta": 72.954692}}
{"target": 0.7390331692495185, "params": {"bagging_fraction": 0.5147048796837262, "bagging_freq": 5.164866692018557, "batch_size": 10.0, "learning_rate": 0.03786194607909218, "nFile": 20.0, "num_iterations": 466.4660790250512, "num_leaves": 49.40325043468151}, "datetime": {"datetime": "2022-12-09 20:22:25", "elapsed": 838.836676, "delta": 90.905639}}
{"target": 0.7386283224217421, "params": {"bagging_fraction": 0.5700516058354463, "bagging_freq": 7.889560303027454, "batch_size": 10.0, "learning_rate": 0.029997922709187833, "nFile": 20.0, "num_iterations": 461.6500837629576, "num_leaves": 40.37603241882421}, "datetime": {"datetime": "2022-12-09 20:23:24", "elapsed": 897.471347, "delta": 58.634671}}
{"target": 0.7385955831391524, "params": {"bagging_fraction": 0.21038470698857253, "bagging_freq": 8.948311018506416, "batch_size": 10.0, "learning_rate": 0.08236094971720852, "nFile": 20.0, "num_iterations": 472.78064949254474, "num_leaves": 32.57570688518547}, "datetime": {"datetime": "2022-12-09 20:24:12", "elapsed": 945.233685, "delta": 47.762338}}
{"target": 0.7384693651298823, "params": {"bagging_fraction": 0.5938829981740218, "bagging_freq": 9.560004694025334, "batch_size": 10.0, "learning_rate": 0.0014284424150658834, "nFile": 20.0, "num_iterations": 476.72016057536393, "num_leaves": 48.09790265027206}, "datetime": {"datetime": "2022-12-09 20:25:02", "elapsed": 995.647649, "delta": 50.413964}}
{"target": 0.739340856295708, "params": {"bagging_fraction": 0.7989051288263183, "bagging_freq": 7.139623439524765, "batch_size": 10.0, "learning_rate": 0.05812530696315267, "nFile": 20.0, "num_iterations": 466.81559425609584, "num_leaves": 61.259986748927105}, "datetime": {"datetime": "2022-12-09 20:26:30", "elapsed": 1083.509328, "delta": 87.861679}}
{"target": 0.7394191316322618, "params": {"bagging_fraction": 0.599354183327639, "bagging_freq": 1.6748494431379712, "batch_size": 10.0, "learning_rate": 0.08763714420793434, "nFile": 20.0, "num_iterations": 477.06100809345537, "num_leaves": 60.83323662376108}, "datetime": {"datetime": "2022-12-09 20:27:47", "elapsed": 1160.388021, "delta": 76.878693}}
{"target": 0.7394529077598415, "params": {"bagging_fraction": 1.0, "bagging_freq": 1.0, "batch_size": 10.0, "learning_rate": 0.1, "nFile": 20.0, "num_iterations": 485.33752905549903, "num_leaves": 49.96598208573654}, "datetime": {"datetime": "2022-12-09 20:29:01", "elapsed": 1234.815689, "delta": 74.427668}}
{"target": 0.7391607743506803, "params": {"bagging_fraction": 0.6479838838172156, "bagging_freq": 9.75019000110295, "batch_size": 10.0, "learning_rate": 0.03925281026011509, "nFile": 20.0, "num_iterations": 474.9197678949434, "num_leaves": 69.60561833098787}, "datetime": {"datetime": "2022-12-09 20:30:32", "elapsed": 1325.775849, "delta": 90.96016}}
{"target": 0.7391109042812221, "params": {"bagging_fraction": 0.479257827770897, "bagging_freq": 2.365760615990554, "batch_size": 10.0, "learning_rate": 0.0497803378863934, "nFile": 20.0, "num_iterations": 485.01920091856175, "num_leaves": 78.21019569909745}, "datetime": {"datetime": "2022-12-09 20:32:00", "elapsed": 1413.525449, "delta": 87.7496}}
{"target": 0.7385010629667351, "params": {"bagging_fraction": 0.1, "bagging_freq": 4.142759733411263, "batch_size": 10.0, "learning_rate": 0.1, "nFile": 20.0, "num_iterations": 471.92231831999976, "num_leaves": 83.3186652584659}, "datetime": {"datetime": "2022-12-09 20:32:44", "elapsed": 1458.086223, "delta": 44.560774}}
{"target": 0.7395647618116142, "params": {"bagging_fraction": 0.8345445910655127, "bagging_freq": 9.822706337195816, "batch_size": 10.0, "learning_rate": 0.0676517060121304, "nFile": 20.0, "num_iterations": 484.3082560900056, "num_leaves": 89.4953793170153}, "datetime": {"datetime": "2022-12-09 20:34:26", "elapsed": 1559.438326, "delta": 101.352103}}
{"target": 0.738714095353472, "params": {"bagging_fraction": 0.4987187358693971, "bagging_freq": 9.849945934878743, "batch_size": 10.0, "learning_rate": 0.021216184952261817, "nFile": 20.0, "num_iterations": 489.98897121216424, "num_leaves": 61.127086098580826}, "datetime": {"datetime": "2022-12-09 20:35:35", "elapsed": 1628.651087, "delta": 69.212761}}
{"target": 0.7392052099097511, "params": {"bagging_fraction": 0.8999085224692119, "bagging_freq": 8.833844454428014, "batch_size": 10.0, "learning_rate": 0.031977592884701395, "nFile": 20.0, "num_iterations": 499.47098511596323, "num_leaves": 78.02675355204397}, "datetime": {"datetime": "2022-12-09 20:37:24", "elapsed": 1737.38087, "delta": 108.729783}}
{"target": 0.7385245238880006, "params": {"bagging_fraction": 0.20318053300041738, "bagging_freq": 3.097592942531864, "batch_size": 10.0, "learning_rate": 0.09342132595872342, "nFile": 20.0, "num_iterations": 460.0489964839378, "num_leaves": 74.79150800762886}, "datetime": {"datetime": "2022-12-09 20:38:09", "elapsed": 1783.131548, "delta": 45.750678}}
