{"target": 0.7392856337527132, "params": {"bagging_fraction": 0.5655680954619303, "bagging_freq": 9.522663434333326, "batch_size": 10.0, "learning_rate": 0.02895718855274416, "nFile": 60.0, "num_iterations": 717.5998767137202, "num_leaves": 20.878224294505344}, "datetime": {"datetime": "2022-12-09 22:16:56", "elapsed": 0.0, "delta": 0.0}}
{"target": 0.7392723416701827, "params": {"bagging_fraction": 0.4531982198185276, "bagging_freq": 6.562471125275283, "batch_size": 10.0, "learning_rate": 0.001244023238887731, "nFile": 60.0, "num_iterations": 896.4527845388262, "num_leaves": 33.53892048981569}, "datetime": {"datetime": "2022-12-09 22:17:52", "elapsed": 55.596895, "delta": 55.596895}}
{"target": 0.7392854598874827, "params": {"bagging_fraction": 0.6306236786932431, "bagging_freq": 9.805842244133478, "batch_size": 10.0, "learning_rate": 0.007442468466662155, "nFile": 60.0, "num_iterations": 359.14099687052175, "num_leaves": 83.13430221482614}, "datetime": {"datetime": "2022-12-09 22:19:07", "elapsed": 130.729856, "delta": 75.132961}}
{"target": 0.7394346664010659, "params": {"bagging_fraction": 0.6635647341642215, "bagging_freq": 1.9942994252230641, "batch_size": 10.0, "learning_rate": 0.09427445705269447, "nFile": 60.0, "num_iterations": 479.43687354954375, "num_leaves": 37.9164968141117}, "datetime": {"datetime": "2022-12-09 22:20:17", "elapsed": 200.405971, "delta": 69.676115}}
{"target": 0.7393048725126049, "params": {"bagging_fraction": 0.8828065759574634, "bagging_freq": 4.857416311170577, "batch_size": 10.0, "learning_rate": 0.07206733198437779, "nFile": 60.0, "num_iterations": 636.745755438648, "num_leaves": 17.326848281992092}, "datetime": {"datetime": "2022-12-09 22:21:20", "elapsed": 263.477054, "delta": 63.071083}}
{"target": 0.7393078489601149, "params": {"bagging_fraction": 0.16978068255445947, "bagging_freq": 8.480847301213762, "batch_size": 10.0, "learning_rate": 0.01703923542127215, "nFile": 60.0, "num_iterations": 629.6372396581083, "num_leaves": 78.49325106219476}, "datetime": {"datetime": "2022-12-09 22:22:19", "elapsed": 322.884901, "delta": 59.407847}}
{"target": 0.7392842338106349, "params": {"bagging_fraction": 0.690260912206213, "bagging_freq": 6.019360835305807, "batch_size": 10.0, "learning_rate": 0.0248177695905833, "nFile": 60.0, "num_iterations": 457.0711289468461, "num_leaves": 50.89024261707944}, "datetime": {"datetime": "2022-12-09 22:23:20", "elapsed": 383.506916, "delta": 60.622015}}
{"target": 0.7393043447759771, "params": {"bagging_fraction": 0.9601658569793673, "bagging_freq": 9.114419735266427, "batch_size": 10.0, "learning_rate": 0.08224944703112858, "nFile": 60.0, "num_iterations": 308.650012841849, "num_leaves": 12.51027120846839}, "datetime": {"datetime": "2022-12-09 22:24:20", "elapsed": 444.154963, "delta": 60.648047}}
{"target": 0.7393185180449767, "params": {"bagging_fraction": 0.5191866338311598, "bagging_freq": 8.910782275638457, "batch_size": 10.0, "learning_rate": 0.023893879225742227, "nFile": 60.0, "num_iterations": 216.1571748455536, "num_leaves": 92.05873359625475}, "datetime": {"datetime": "2022-12-09 22:25:24", "elapsed": 507.494976, "delta": 63.340013}}
{"target": 0.73928178538197, "params": {"bagging_fraction": 0.3113177958201674, "bagging_freq": 6.543880917755522, "batch_size": 10.0, "learning_rate": 0.026257951152511252, "nFile": 60.0, "num_iterations": 975.2660023838444, "num_leaves": 27.74024482535567}, "datetime": {"datetime": "2022-12-09 22:26:21", "elapsed": 564.496146, "delta": 57.00117}}
{"target": 0.7392962997074322, "params": {"bagging_fraction": 0.14286337316472716, "bagging_freq": 4.387512463032396, "batch_size": 10.0, "learning_rate": 0.034263290615567724, "nFile": 60.0, "num_iterations": 425.6033848972228, "num_leaves": 62.32029489844064}, "datetime": {"datetime": "2022-12-09 22:27:19", "elapsed": 623.000279, "delta": 58.504133}}
{"target": 0.739377811643742, "params": {"bagging_fraction": 0.734343221961799, "bagging_freq": 1.2070463272614873, "batch_size": 10.0, "learning_rate": 0.03295331169887687, "nFile": 60.0, "num_iterations": 440.1243360861635, "num_leaves": 45.61012955573189}, "datetime": {"datetime": "2022-12-09 22:28:32", "elapsed": 695.716878, "delta": 72.716599}}
{"target": 0.7393220139496887, "params": {"bagging_fraction": 0.2829331216049692, "bagging_freq": 3.186276683271145, "batch_size": 10.0, "learning_rate": 0.07224813217685908, "nFile": 60.0, "num_iterations": 426.4303207860014, "num_leaves": 45.059254497867435}, "datetime": {"datetime": "2022-12-09 22:29:31", "elapsed": 754.506634, "delta": 58.789756}}
{"target": 0.7392945589354845, "params": {"bagging_fraction": 0.5367489418644549, "bagging_freq": 9.700081649747627, "batch_size": 10.0, "learning_rate": 0.0777672870737061, "nFile": 60.0, "num_iterations": 594.9747089382336, "num_leaves": 27.680509276518812}, "datetime": {"datetime": "2022-12-09 22:30:28", "elapsed": 812.230361, "delta": 57.723727}}
{"target": 0.7393062718486768, "params": {"bagging_fraction": 0.7423731505905907, "bagging_freq": 8.677035210782925, "batch_size": 10.0, "learning_rate": 0.09273550252063241, "nFile": 60.0, "num_iterations": 657.4840950757756, "num_leaves": 17.950066510714777}, "datetime": {"datetime": "2022-12-09 22:31:31", "elapsed": 874.410123, "delta": 62.179762}}
{"target": 0.7393008484477259, "params": {"bagging_fraction": 0.30578463647612486, "bagging_freq": 7.320114318986766, "batch_size": 10.0, "learning_rate": 0.09581097854271432, "nFile": 60.0, "num_iterations": 437.25667859566823, "num_leaves": 36.05377415962025}, "datetime": {"datetime": "2022-12-09 22:32:32", "elapsed": 936.049607, "delta": 61.639484}}
{"target": 0.7393863819800155, "params": {"bagging_fraction": 0.6540163462119031, "bagging_freq": 3.1079317394150756, "batch_size": 10.0, "learning_rate": 0.08235283012413425, "nFile": 60.0, "num_iterations": 479.1955373392004, "num_leaves": 55.405905014874826}, "datetime": {"datetime": "2022-12-09 22:33:46", "elapsed": 1009.866818, "delta": 73.817211}}
{"target": 0.7394972714478156, "params": {"bagging_fraction": 0.9552751313052728, "bagging_freq": 2.466394295100158, "batch_size": 10.0, "learning_rate": 0.08081787224797947, "nFile": 60.0, "num_iterations": 413.9540704853208, "num_leaves": 60.97927514203056}, "datetime": {"datetime": "2022-12-09 22:35:15", "elapsed": 1098.696282, "delta": 88.829464}}
{"target": 0.7392998002440584, "params": {"bagging_fraction": 0.6821486066329082, "bagging_freq": 3.367636720413334, "batch_size": 10.0, "learning_rate": 0.0062697430028653385, "nFile": 60.0, "num_iterations": 407.9180243880752, "num_leaves": 63.613673600897556}, "datetime": {"datetime": "2022-12-09 22:36:27", "elapsed": 1170.702154, "delta": 72.005872}}
{"target": 0.7393218377348509, "params": {"bagging_fraction": 0.2964846704861888, "bagging_freq": 1.7627461807479174, "batch_size": 10.0, "learning_rate": 0.05163002424593774, "nFile": 60.0, "num_iterations": 416.3695912772576, "num_leaves": 54.836052232423896}, "datetime": {"datetime": "2022-12-09 22:37:40", "elapsed": 1244.334953, "delta": 73.632799}}
{"target": 0.7393043485827766, "params": {"bagging_fraction": 0.8091468550282649, "bagging_freq": 3.6881467281752576, "batch_size": 10.0, "learning_rate": 0.05606824324965577, "nFile": 60.0, "num_iterations": 415.6268005047259, "num_leaves": 65.95486055415358}, "datetime": {"datetime": "2022-12-09 22:38:58", "elapsed": 1322.338719, "delta": 78.003766}}
{"target": 0.7392987518281726, "params": {"bagging_fraction": 0.7398948207476851, "bagging_freq": 4.820050721289352, "batch_size": 10.0, "learning_rate": 0.03709336210846541, "nFile": 60.0, "num_iterations": 790.3374715163069, "num_leaves": 16.802601679309483}, "datetime": {"datetime": "2022-12-09 22:40:17", "elapsed": 1400.524608, "delta": 78.185889}}
{"target": 0.7392875578702123, "params": {"bagging_fraction": 0.48876613179588013, "bagging_freq": 8.491813422968367, "batch_size": 10.0, "learning_rate": 0.01593318572655908, "nFile": 60.0, "num_iterations": 474.96668241597945, "num_leaves": 34.85533848423892}, "datetime": {"datetime": "2022-12-09 22:41:24", "elapsed": 1467.527699, "delta": 67.003091}}
{"target": 0.7394334274700924, "params": {"bagging_fraction": 0.9763855570812018, "bagging_freq": 1.522630682455246, "batch_size": 10.0, "learning_rate": 0.07594307259021894, "nFile": 60.0, "num_iterations": 715.3808807833208, "num_leaves": 56.67299702448222}, "datetime": {"datetime": "2022-12-09 22:42:39", "elapsed": 1543.241585, "delta": 75.713886}}
{"target": 0.7393150154513035, "params": {"bagging_fraction": 0.869759926114317, "bagging_freq": 8.11085421605949, "batch_size": 10.0, "learning_rate": 0.041789144162143126, "nFile": 60.0, "num_iterations": 237.07137587681387, "num_leaves": 54.95145149354918}, "datetime": {"datetime": "2022-12-09 22:43:47", "elapsed": 1610.430522, "delta": 67.188937}}
