{"target": 0.739862604350332, "params": {"batch_size": 10.0, "learning_rate": 0.42742669018363705, "nFile": 90.0, "num_iterations": 161.2696319599373, "num_leaves": 21.48795480238124}, "datetime": {"datetime": "2022-12-09 17:20:19", "elapsed": 0.0, "delta": 0.0}}
{"target": 0.7398679888515293, "params": {"batch_size": 10.0, "learning_rate": 0.22535355613484404, "nFile": 90.0, "num_iterations": 44.13981930693141, "num_leaves": 9.001194331979184}, "datetime": {"datetime": "2022-12-09 17:21:13", "elapsed": 54.668411, "delta": 54.668411}}
{"target": 0.7398699663066599, "params": {"batch_size": 10.0, "learning_rate": 0.11839568098394486, "nFile": 90.0, "num_iterations": 512.1386169841101, "num_leaves": 9.503996267532528}, "datetime": {"datetime": "2022-12-09 17:22:11", "elapsed": 112.016338, "delta": 57.347927}}
{"target": 0.7400290435669428, "params": {"batch_size": 10.0, "learning_rate": 0.21037190914168186, "nFile": 90.0, "num_iterations": 266.00805653376364, "num_leaves": 19.48913890341423}, "datetime": {"datetime": "2022-12-09 17:23:20", "elapsed": 181.697161, "delta": 69.680823}}
{"target": 0.7398976143148628, "params": {"batch_size": 10.0, "learning_rate": 0.045269416344979926, "nFile": 90.0, "num_iterations": 510.12016878807094, "num_leaves": 38.48648748432641}, "datetime": {"datetime": "2022-12-09 17:24:26", "elapsed": 247.167701, "delta": 65.47054}}
{"target": 0.7399006630471744, "params": {"batch_size": 10.0, "learning_rate": 0.4743397743553912, "nFile": 90.0, "num_iterations": 493.98164514172663, "num_leaves": 35.61497233589364}, "datetime": {"datetime": "2022-12-09 17:25:24", "elapsed": 305.334953, "delta": 58.167252}}
{"target": 0.7398437512772386, "params": {"batch_size": 10.0, "learning_rate": 0.3251363566882586, "nFile": 90.0, "num_iterations": 62.78556166884439, "num_leaves": 6.291465403803138}, "datetime": {"datetime": "2022-12-09 17:26:21", "elapsed": 361.815464, "delta": 56.480511}}
{"target": 0.7398552401611169, "params": {"batch_size": 10.0, "learning_rate": 0.29220261446948853, "nFile": 90.0, "num_iterations": 372.0463990106621, "num_leaves": 22.733934072463203}, "datetime": {"datetime": "2022-12-09 17:27:17", "elapsed": 418.504236, "delta": 56.688772}}
{"target": 0.7398893582180894, "params": {"batch_size": 10.0, "learning_rate": 0.09737820939423551, "nFile": 90.0, "num_iterations": 963.9984836809152, "num_leaves": 30.00886564106905}, "datetime": {"datetime": "2022-12-09 17:28:17", "elapsed": 477.925685, "delta": 59.421449}}
{"target": 0.7399105366890995, "params": {"batch_size": 10.0, "learning_rate": 0.450549956867524, "nFile": 90.0, "num_iterations": 297.4737559635285, "num_leaves": 35.57376144239787}, "datetime": {"datetime": "2022-12-09 17:29:04", "elapsed": 525.159454, "delta": 47.233769}}
{"target": 0.7398613514226189, "params": {"batch_size": 10.0, "learning_rate": 0.38922494508134986, "nFile": 90.0, "num_iterations": 252.1045471974039, "num_leaves": 6.057290639783899}, "datetime": {"datetime": "2022-12-09 17:29:49", "elapsed": 570.67634, "delta": 45.516886}}
{"target": 0.7398755318506158, "params": {"batch_size": 10.0, "learning_rate": 0.02077225554895093, "nFile": 90.0, "num_iterations": 266.67436081458294, "num_leaves": 20.354443150825524}, "datetime": {"datetime": "2022-12-09 17:30:43", "elapsed": 624.154482, "delta": 53.478142}}
{"target": 0.7401634955212754, "params": {"batch_size": 10.0, "learning_rate": 0.31909954265647894, "nFile": 90.0, "num_iterations": 360.06733776012896, "num_leaves": 28.12688075853827}, "datetime": {"datetime": "2022-12-09 17:31:43", "elapsed": 684.718155, "delta": 60.563673}}
{"target": 0.7398376396134513, "params": {"batch_size": 10.0, "learning_rate": 0.49748790601235615, "nFile": 90.0, "num_iterations": 458.0632472734639, "num_leaves": 21.823408780629876}, "datetime": {"datetime": "2022-12-09 17:32:29", "elapsed": 730.717653, "delta": 45.999498}}
{"target": 0.7400426659684133, "params": {"batch_size": 10.0, "learning_rate": 0.30536341390559985, "nFile": 90.0, "num_iterations": 674.1368205333304, "num_leaves": 19.423703158008486}, "datetime": {"datetime": "2022-12-09 17:33:21", "elapsed": 782.318245, "delta": 51.600592}}
{"target": 0.7398744571484632, "params": {"batch_size": 10.0, "learning_rate": 0.16846019915279867, "nFile": 90.0, "num_iterations": 698.2851211365579, "num_leaves": 24.97108028690983}, "datetime": {"datetime": "2022-12-09 17:34:08", "elapsed": 829.057826, "delta": 46.739581}}
{"target": 0.7398697853311174, "params": {"batch_size": 10.0, "learning_rate": 0.1716580019008835, "nFile": 90.0, "num_iterations": 359.9170749434487, "num_leaves": 16.71296907113365}, "datetime": {"datetime": "2022-12-09 17:34:55", "elapsed": 876.045951, "delta": 46.988125}}
{"target": 0.7398934994396889, "params": {"batch_size": 10.0, "learning_rate": 0.15444760335854132, "nFile": 90.0, "num_iterations": 963.5900347965392, "num_leaves": 35.07066697911694}, "datetime": {"datetime": "2022-12-09 17:35:43", "elapsed": 923.910854, "delta": 47.864903}}
{"target": 0.74001016909072, "params": {"batch_size": 10.0, "learning_rate": 0.49878878571011337, "nFile": 90.0, "num_iterations": 437.6222147362891, "num_leaves": 27.911648790088286}, "datetime": {"datetime": "2022-12-09 17:36:33", "elapsed": 974.121338, "delta": 50.210484}}
{"target": 0.7400360224505297, "params": {"batch_size": 10.0, "learning_rate": 0.46788029849205026, "nFile": 90.0, "num_iterations": 635.5512079078505, "num_leaves": 18.664268340999463}, "datetime": {"datetime": "2022-12-09 17:37:26", "elapsed": 1027.489321, "delta": 53.367983}}
