{"target": 0.7388986208493856, "params": {"batch_size": 10.0, "learning_rate": 0.4162581386748356, "nFile": 20.0, "num_iterations": 523.9288009254761, "num_leaves": 17.719216231755688}, "datetime": {"datetime": "2022-12-09 14:51:47", "elapsed": 0.0, "delta": 0.0}}
{"target": 0.7374443141682527, "params": {"batch_size": 10.0, "learning_rate": 0.38676574957023274, "nFile": 20.0, "num_iterations": 769.6540574836554, "num_leaves": 38.906319278701865}, "datetime": {"datetime": "2022-12-09 14:53:10", "elapsed": 83.864333, "delta": 83.864333}}
{"target": 0.7389951586442416, "params": {"batch_size": 10.0, "learning_rate": 0.42363184458088665, "nFile": 20.0, "num_iterations": 204.91623710980878, "num_leaves": 39.74471619378635}, "datetime": {"datetime": "2022-12-09 14:53:58", "elapsed": 131.38891, "delta": 47.524577}}
{"target": 0.7387564520765049, "params": {"batch_size": 10.0, "learning_rate": 0.36822731271189657, "nFile": 20.0, "num_iterations": 802.6136949996263, "num_leaves": 19.365136898955996}, "datetime": {"datetime": "2022-12-09 14:54:38", "elapsed": 171.866747, "delta": 40.477837}}
{"target": 0.7388065034229117, "params": {"batch_size": 10.0, "learning_rate": 0.08168453404412646, "nFile": 20.0, "num_iterations": 899.6500707424493, "num_leaves": 39.535405934688264}, "datetime": {"datetime": "2022-12-09 14:55:33", "elapsed": 226.329482, "delta": 54.462735}}
{"target": 0.7389428515297645, "params": {"batch_size": 10.0, "learning_rate": 0.24041943356371898, "nFile": 20.0, "num_iterations": 564.1340359682105, "num_leaves": 24.865835258038977}, "datetime": {"datetime": "2022-12-09 14:56:23", "elapsed": 276.305168, "delta": 49.975686}}
{"target": 0.7385793297323177, "params": {"batch_size": 10.0, "learning_rate": 0.14607846921581646, "nFile": 20.0, "num_iterations": 716.5015578199475, "num_leaves": 26.443419304761406}, "datetime": {"datetime": "2022-12-09 14:57:10", "elapsed": 323.399362, "delta": 47.094194}}
{"target": 0.7388724859482476, "params": {"batch_size": 10.0, "learning_rate": 0.08863410281914638, "nFile": 20.0, "num_iterations": 877.3434572221319, "num_leaves": 36.911529627429054}, "datetime": {"datetime": "2022-12-09 14:58:23", "elapsed": 396.301162, "delta": 72.9018}}
{"target": 0.7384343977437455, "params": {"batch_size": 10.0, "learning_rate": 0.1417896716010229, "nFile": 20.0, "num_iterations": 437.00760150308156, "num_leaves": 5.524110940364116}, "datetime": {"datetime": "2022-12-09 14:59:11", "elapsed": 444.096932, "delta": 47.79577}}
{"target": 0.7386770001835629, "params": {"batch_size": 10.0, "learning_rate": 0.28155627814273504, "nFile": 20.0, "num_iterations": 480.48384553078824, "num_leaves": 33.4850962629945}, "datetime": {"datetime": "2022-12-09 14:59:56", "elapsed": 489.804942, "delta": 45.70801}}
{"target": 0.7389074779120228, "params": {"batch_size": 10.0, "learning_rate": 0.41567109914756967, "nFile": 20.0, "num_iterations": 203.9524292528168, "num_leaves": 38.82571868915218}, "datetime": {"datetime": "2022-12-09 15:00:48", "elapsed": 541.594017, "delta": 51.789075}}
{"target": 0.7391210472003751, "params": {"batch_size": 10.0, "learning_rate": 0.15295720957821318, "nFile": 20.0, "num_iterations": 215.63457205184235, "num_leaves": 39.63095706941926}, "datetime": {"datetime": "2022-12-09 15:02:05", "elapsed": 618.191782, "delta": 76.597765}}
{"target": 0.7384093546280099, "params": {"batch_size": 10.0, "learning_rate": 0.01171057666916752, "nFile": 20.0, "num_iterations": 545.284530936917, "num_leaves": 18.337131489535913}, "datetime": {"datetime": "2022-12-09 15:03:05", "elapsed": 677.932676, "delta": 59.740894}}
{"target": 0.7388016305291378, "params": {"batch_size": 10.0, "learning_rate": 0.3761942584209754, "nFile": 20.0, "num_iterations": 230.66170861517082, "num_leaves": 39.77714402677803}, "datetime": {"datetime": "2022-12-09 15:03:59", "elapsed": 732.109091, "delta": 54.176415}}
{"target": 0.7392960423113534, "params": {"batch_size": 10.0, "learning_rate": 0.23503154779791102, "nFile": 20.0, "num_iterations": 579.2496022640362, "num_leaves": 30.818020112374207}, "datetime": {"datetime": "2022-12-09 15:05:18", "elapsed": 810.938429, "delta": 78.829338}}
{"target": 0.7389402245581699, "params": {"batch_size": 10.0, "learning_rate": 0.4794064718886593, "nFile": 20.0, "num_iterations": 584.1530380500072, "num_leaves": 18.544115197980805}, "datetime": {"datetime": "2022-12-09 15:06:17", "elapsed": 870.486667, "delta": 59.548238}}
{"target": 0.7387699053936119, "params": {"batch_size": 10.0, "learning_rate": 0.09302319891194476, "nFile": 20.0, "num_iterations": 591.2114149783138, "num_leaves": 39.713791354248784}, "datetime": {"datetime": "2022-12-09 15:07:24", "elapsed": 936.911935, "delta": 66.425268}}
{"target": 0.739017775137013, "params": {"batch_size": 10.0, "learning_rate": 0.41642957525780955, "nFile": 20.0, "num_iterations": 571.2852925513662, "num_leaves": 39.88420489208306}, "datetime": {"datetime": "2022-12-09 15:08:22", "elapsed": 995.321709, "delta": 58.409774}}
{"target": 0.7386361900535834, "params": {"batch_size": 10.0, "learning_rate": 0.29226554379838426, "nFile": 20.0, "num_iterations": 505.2272313805518, "num_leaves": 7.252195560404543}, "datetime": {"datetime": "2022-12-09 15:09:19", "elapsed": 1052.175923, "delta": 56.854214}}
{"target": 0.7386088887371826, "params": {"batch_size": 10.0, "learning_rate": 0.06251560944829454, "nFile": 20.0, "num_iterations": 515.7549745189673, "num_leaves": 38.63051202468355}, "datetime": {"datetime": "2022-12-09 15:10:14", "elapsed": 1107.220537, "delta": 55.044614}}
