{"target": 0.73937905176371, "params": {"batch_size": 10.0, "learning_rate": 0.4840339236377915, "nFile": 30.0, "num_iterations": 325.4343971768063, "num_leaves": 37.04235799470155}, "datetime": {"datetime": "2022-12-09 15:14:42", "elapsed": 0.0, "delta": 0.0}}
{"target": 0.739277077941596, "params": {"batch_size": 10.0, "learning_rate": 0.35991563178555797, "nFile": 30.0, "num_iterations": 454.93718093786333, "num_leaves": 12.517851451148033}, "datetime": {"datetime": "2022-12-09 15:15:30", "elapsed": 48.170359, "delta": 48.170359}}
{"target": 0.7389750266449779, "params": {"batch_size": 10.0, "learning_rate": 0.38861384396314536, "nFile": 30.0, "num_iterations": 431.8808475677538, "num_leaves": 6.2097905962119135}, "datetime": {"datetime": "2022-12-09 15:16:10", "elapsed": 87.70716, "delta": 39.536801}}
{"target": 0.7391695117272449, "params": {"batch_size": 10.0, "learning_rate": 0.09624675724649401, "nFile": 30.0, "num_iterations": 503.55878601495874, "num_leaves": 25.413554491766476}, "datetime": {"datetime": "2022-12-09 15:16:55", "elapsed": 132.62488, "delta": 44.91772}}
{"target": 0.7393628029702541, "params": {"batch_size": 10.0, "learning_rate": 0.3871849563525589, "nFile": 30.0, "num_iterations": 62.568649393885686, "num_leaves": 39.32709885130382}, "datetime": {"datetime": "2022-12-09 15:17:37", "elapsed": 175.232435, "delta": 42.607555}}
{"target": 0.7389911679575726, "params": {"batch_size": 10.0, "learning_rate": 0.027213190969078534, "nFile": 30.0, "num_iterations": 419.60660254941337, "num_leaves": 13.731236507892431}, "datetime": {"datetime": "2022-12-09 15:18:16", "elapsed": 213.828958, "delta": 38.596523}}
{"target": 0.7393191688636276, "params": {"batch_size": 10.0, "learning_rate": 0.23980430514043566, "nFile": 30.0, "num_iterations": 206.03912446223634, "num_leaves": 37.21157052429447}, "datetime": {"datetime": "2022-12-09 15:19:01", "elapsed": 258.410084, "delta": 44.581126}}
{"target": 0.739211405605271, "params": {"batch_size": 10.0, "learning_rate": 0.33307909324294394, "nFile": 30.0, "num_iterations": 770.6192027224141, "num_leaves": 33.04924819918492}, "datetime": {"datetime": "2022-12-09 15:19:41", "elapsed": 298.389682, "delta": 39.979598}}
{"target": 0.739073469267809, "params": {"batch_size": 10.0, "learning_rate": 0.13105481005946826, "nFile": 30.0, "num_iterations": 865.8045418079619, "num_leaves": 8.773509450837885}, "datetime": {"datetime": "2022-12-09 15:20:23", "elapsed": 340.3583, "delta": 41.968618}}
{"target": 0.7389733560418396, "params": {"batch_size": 10.0, "learning_rate": 0.00219828958689236, "nFile": 30.0, "num_iterations": 840.7806433265994, "num_leaves": 9.479050210572488}, "datetime": {"datetime": "2022-12-09 15:21:00", "elapsed": 377.647291, "delta": 37.288991}}
{"target": 0.7391895162049614, "params": {"batch_size": 10.0, "learning_rate": 0.12558749719444784, "nFile": 30.0, "num_iterations": 326.28927196891055, "num_leaves": 37.71808886897428}, "datetime": {"datetime": "2022-12-09 15:21:56", "elapsed": 433.599395, "delta": 55.952104}}
{"target": 0.7394110437982926, "params": {"batch_size": 10.0, "learning_rate": 0.35579051321098, "nFile": 30.0, "num_iterations": 325.81933004542464, "num_leaves": 36.62207965421165}, "datetime": {"datetime": "2022-12-09 15:22:57", "elapsed": 494.517617, "delta": 60.918222}}
{"target": 0.7390022948428236, "params": {"batch_size": 10.0, "learning_rate": 0.009937577054721543, "nFile": 30.0, "num_iterations": 325.02051031103065, "num_leaves": 35.784291704705254}, "datetime": {"datetime": "2022-12-09 15:23:52", "elapsed": 550.059725, "delta": 55.542108}}
{"target": 0.7392114434249011, "params": {"batch_size": 10.0, "learning_rate": 0.2014236103252394, "nFile": 30.0, "num_iterations": 325.2363087880597, "num_leaves": 36.969579959066934}, "datetime": {"datetime": "2022-12-09 15:24:44", "elapsed": 601.662925, "delta": 51.6032}}
{"target": 0.7390976099173394, "params": {"batch_size": 10.0, "learning_rate": 0.37145490576749807, "nFile": 30.0, "num_iterations": 26.5602702784981, "num_leaves": 18.329997565056622}, "datetime": {"datetime": "2022-12-09 15:25:32", "elapsed": 649.362236, "delta": 47.699311}}
{"target": 0.7389972870784682, "params": {"batch_size": 10.0, "learning_rate": 0.027458184793629693, "nFile": 30.0, "num_iterations": 311.8644817313582, "num_leaves": 11.363747063980794}, "datetime": {"datetime": "2022-12-09 15:26:21", "elapsed": 699.193023, "delta": 49.830787}}
{"target": 0.7395890200305953, "params": {"batch_size": 10.0, "learning_rate": 0.3480833794561321, "nFile": 30.0, "num_iterations": 521.2654529186426, "num_leaves": 13.44250474857764}, "datetime": {"datetime": "2022-12-09 15:27:37", "elapsed": 775.148619, "delta": 75.955596}}
{"target": 0.7390591938997104, "params": {"batch_size": 10.0, "learning_rate": 0.0580021366382574, "nFile": 30.0, "num_iterations": 520.9180550637461, "num_leaves": 13.52113780748127}, "datetime": {"datetime": "2022-12-09 15:28:32", "elapsed": 829.649009, "delta": 54.50039}}
{"target": 0.739105543177206, "params": {"batch_size": 10.0, "learning_rate": 0.21542681507115372, "nFile": 30.0, "num_iterations": 666.3831292968231, "num_leaves": 7.303925104579767}, "datetime": {"datetime": "2022-12-09 15:29:26", "elapsed": 883.868909, "delta": 54.2199}}
{"target": 0.7393023152947489, "params": {"batch_size": 10.0, "learning_rate": 0.1877724407369249, "nFile": 30.0, "num_iterations": 843.9995734386066, "num_leaves": 15.01915507054266}, "datetime": {"datetime": "2022-12-09 15:30:33", "elapsed": 950.496104, "delta": 66.627195}}
