{"target": 0.7393384610659262, "params": {"batch_size": 10.0, "learning_rate": 0.21483723172295688, "nFile": 80.0, "num_iterations": 229.92920422483238, "num_leaves": 28.41934307211283}, "datetime": {"datetime": "2022-12-09 16:57:43", "elapsed": 0.0, "delta": 0.0}}
{"target": 0.7393598111276755, "params": {"batch_size": 10.0, "learning_rate": 0.29717028597883044, "nFile": 80.0, "num_iterations": 970.8252276484724, "num_leaves": 21.032915220214466}, "datetime": {"datetime": "2022-12-09 16:58:31", "elapsed": 47.173873, "delta": 47.173873}}
{"target": 0.739226285542449, "params": {"batch_size": 10.0, "learning_rate": 0.0016881871743114982, "nFile": 80.0, "num_iterations": 823.3817982553861, "num_leaves": 9.192462471900981}, "datetime": {"datetime": "2022-12-09 16:59:19", "elapsed": 96.032318, "delta": 48.858445}}
{"target": 0.7393100349707433, "params": {"batch_size": 10.0, "learning_rate": 0.47573940228447675, "nFile": 80.0, "num_iterations": 719.7491663234298, "num_leaves": 38.025611328402704}, "datetime": {"datetime": "2022-12-09 17:00:11", "elapsed": 147.884127, "delta": 51.851809}}
{"target": 0.7392675508851969, "params": {"batch_size": 10.0, "learning_rate": 0.23059981430085982, "nFile": 80.0, "num_iterations": 535.5447669703169, "num_leaves": 11.065657168402133}, "datetime": {"datetime": "2022-12-09 17:00:57", "elapsed": 193.581221, "delta": 45.697094}}
{"target": 0.7393537459037489, "params": {"batch_size": 10.0, "learning_rate": 0.40634465774192924, "nFile": 80.0, "num_iterations": 687.2502670645646, "num_leaves": 37.942807514563974}, "datetime": {"datetime": "2022-12-09 17:01:45", "elapsed": 242.03232, "delta": 48.451099}}
{"target": 0.7392777788188231, "params": {"batch_size": 10.0, "learning_rate": 0.0792251664992173, "nFile": 80.0, "num_iterations": 200.6883972803773, "num_leaves": 20.475375487771963}, "datetime": {"datetime": "2022-12-09 17:02:32", "elapsed": 288.997501, "delta": 46.965181}}
{"target": 0.7393416359701002, "params": {"batch_size": 10.0, "learning_rate": 0.46461632687378823, "nFile": 80.0, "num_iterations": 735.8111094649312, "num_leaves": 16.775280540152238}, "datetime": {"datetime": "2022-12-09 17:03:22", "elapsed": 338.651222, "delta": 49.653721}}
{"target": 0.7393800609261962, "params": {"batch_size": 10.0, "learning_rate": 0.32226167124437727, "nFile": 80.0, "num_iterations": 306.389580162878, "num_leaves": 37.319502486799216}, "datetime": {"datetime": "2022-12-09 17:04:12", "elapsed": 388.631482, "delta": 49.98026}}
{"target": 0.7392772424238041, "params": {"batch_size": 10.0, "learning_rate": 0.36651220713646876, "nFile": 80.0, "num_iterations": 286.83787267204167, "num_leaves": 37.565951326584106}, "datetime": {"datetime": "2022-12-09 17:04:58", "elapsed": 434.559059, "delta": 45.927577}}
{"target": 0.7392758248636442, "params": {"batch_size": 10.0, "learning_rate": 0.1128106646383474, "nFile": 80.0, "num_iterations": 307.18743652823184, "num_leaves": 37.941406805544965}, "datetime": {"datetime": "2022-12-09 17:05:46", "elapsed": 482.21982, "delta": 47.660761}}
{"target": 0.7392560819218995, "params": {"batch_size": 10.0, "learning_rate": 0.011705620132274296, "nFile": 80.0, "num_iterations": 298.1843329572992, "num_leaves": 29.49010892147156}, "datetime": {"datetime": "2022-12-09 17:06:39", "elapsed": 536.133977, "delta": 53.914157}}
{"target": 0.7392603186190319, "params": {"batch_size": 10.0, "learning_rate": 0.4745221531774311, "nFile": 80.0, "num_iterations": 435.23368391936015, "num_leaves": 19.64935382688687}, "datetime": {"datetime": "2022-12-09 17:07:24", "elapsed": 580.853753, "delta": 44.719776}}
{"target": 0.7393768977398174, "params": {"batch_size": 10.0, "learning_rate": 0.2823398557648762, "nFile": 80.0, "num_iterations": 977.5028376995961, "num_leaves": 22.66638821374645}, "datetime": {"datetime": "2022-12-09 17:08:13", "elapsed": 629.559897, "delta": 48.706144}}
{"target": 0.739290476360217, "params": {"batch_size": 10.0, "learning_rate": 0.04232924681166194, "nFile": 80.0, "num_iterations": 315.08341332617863, "num_leaves": 31.810238187155385}, "datetime": {"datetime": "2022-12-09 17:09:04", "elapsed": 680.221246, "delta": 50.661349}}
{"target": 0.739326277320554, "params": {"batch_size": 10.0, "learning_rate": 0.1375844934243592, "nFile": 80.0, "num_iterations": 107.66347000662518, "num_leaves": 33.4893979174951}, "datetime": {"datetime": "2022-12-09 17:09:52", "elapsed": 729.115374, "delta": 48.894128}}
{"target": 0.7394070486871771, "params": {"batch_size": 10.0, "learning_rate": 0.40699956686630684, "nFile": 80.0, "num_iterations": 930.3366770178427, "num_leaves": 37.55297442061209}, "datetime": {"datetime": "2022-12-09 17:10:59", "elapsed": 795.468029, "delta": 66.352655}}
{"target": 0.7392867705541883, "params": {"batch_size": 10.0, "learning_rate": 0.09900720721846537, "nFile": 80.0, "num_iterations": 672.4989120419234, "num_leaves": 27.434670768473953}, "datetime": {"datetime": "2022-12-09 17:12:00", "elapsed": 856.732998, "delta": 61.264969}}
{"target": 0.7392527376549174, "params": {"batch_size": 10.0, "learning_rate": 0.2347925514284703, "nFile": 80.0, "num_iterations": 94.97089296785373, "num_leaves": 6.915188281146128}, "datetime": {"datetime": "2022-12-09 17:12:52", "elapsed": 908.605098, "delta": 51.8721}}
{"target": 0.7393389719522886, "params": {"batch_size": 10.0, "learning_rate": 0.38988857871812754, "nFile": 80.0, "num_iterations": 888.989584438004, "num_leaves": 6.768457383932729}, "datetime": {"datetime": "2022-12-09 17:13:50", "elapsed": 966.58552, "delta": 57.980422}}
