{"target": 0.6744557768686898, "params": {"bagging_fraction": 0.8, "bagging_freq": 2.0, "batch_size": 10.0, "feature_fraction": 0.3694375063802676, "learning_rate": 0.11130163626756465, "min_gain_to_split": 0.06893598643850922, "nFile": 30.0, "num_iterations": 453.1982198185276, "num_leaves": 20.45130868132023}, "datetime": {"datetime": "2022-12-19 01:21:56", "elapsed": 0.0, "delta": 0.0}}
{"target": 0.6710841413328185, "params": {"bagging_fraction": 0.8, "bagging_freq": 2.0, "batch_size": 10.0, "feature_fraction": 0.7309685230258842, "learning_rate": 0.150904434993874, "min_gain_to_split": 0.05936860465625675, "nFile": 30.0, "num_iterations": 860.5844399136801, "num_leaves": 6.626885976429837}, "datetime": {"datetime": "2022-12-19 01:38:28", "elapsed": 992.138632, "delta": 992.138632}}
{"target": 0.6465035646648079, "params": {"bagging_fraction": 0.8, "bagging_freq": 2.0, "batch_size": 10.0, "feature_fraction": 0.5757098227761477, "learning_rate": 0.056128379242923215, "min_gain_to_split": 0.0010523523057583296, "nFile": 30.0, "num_iterations": 227.3506819526708, "num_leaves": 15.539913154153993}, "datetime": {"datetime": "2022-12-19 01:45:12", "elapsed": 1395.79897, "delta": 403.660338}}
{"target": 0.6622805900297325, "params": {"bagging_fraction": 0.8, "bagging_freq": 2.0, "batch_size": 10.0, "feature_fraction": 0.6972508905936535, "learning_rate": 0.3592080672747931, "min_gain_to_split": 0.012803442724228148, "nFile": 30.0, "num_iterations": 216.78066793466195, "num_leaves": 6.938352293179429}, "datetime": {"datetime": "2022-12-19 01:50:38", "elapsed": 1722.155001, "delta": 326.356031}}
{"target": 0.6823113082162691, "params": {"bagging_fraction": 0.8, "bagging_freq": 2.0, "batch_size": 10.0, "feature_fraction": 0.528785175255804, "learning_rate": 0.29465442509932893, "min_gain_to_split": 0.0775877037384977, "nFile": 30.0, "num_iterations": 601.9360835305806, "num_leaves": 9.456181664253585}, "datetime": {"datetime": "2022-12-19 02:02:17", "elapsed": 2420.62131, "delta": 698.466309}}
{"target": 0.6934649912393192, "params": {"bagging_fraction": 0.8, "bagging_freq": 2.0, "batch_size": 10.0, "feature_fraction": 0.48983311126576495, "learning_rate": 0.47791418070300473, "min_gain_to_split": 0.0902586170879307, "nFile": 30.0, "num_iterations": 838.6313366466234, "num_leaves": 25.692898151874527}, "datetime": {"datetime": "2022-12-19 02:17:12", "elapsed": 3315.576391, "delta": 894.955081}}
{"target": 0.6592690551545805, "params": {"bagging_fraction": 0.8, "bagging_freq": 2.0, "batch_size": 10.0, "feature_fraction": 0.7273854850425641, "learning_rate": 0.07460402629422087, "min_gain_to_split": 0.023893879225742227, "nFile": 30.0, "num_iterations": 216.1571748455536, "num_leaves": 27.91019305164599}, "datetime": {"datetime": "2022-12-19 02:25:12", "elapsed": 3795.965304, "delta": 480.388913}}
{"target": 0.6766964118098295, "params": {"bagging_fraction": 0.8, "bagging_freq": 2.0, "batch_size": 10.0, "feature_fraction": 0.35307849183340156, "learning_rate": 0.2256773190241502, "min_gain_to_split": 0.09727926026222289, "nFile": 30.0, "num_iterations": 278.81317242516604, "num_leaves": 22.19865942302569}, "datetime": {"datetime": "2022-12-19 02:30:54", "elapsed": 4137.385351, "delta": 341.420047}}
{"target": 0.6750686726659851, "params": {"bagging_fraction": 0.8, "bagging_freq": 2.0, "batch_size": 10.0, "feature_fraction": 0.5737087823315985, "learning_rate": 0.042654492493032575, "min_gain_to_split": 0.0062734423702448154, "nFile": 30.0, "num_iterations": 914.9277026959685, "num_leaves": 24.96500518376766}, "datetime": {"datetime": "2022-12-19 02:54:51", "elapsed": 5574.598677, "delta": 1437.213326}}
{"target": 0.6940758081185152, "params": {"bagging_fraction": 0.8, "bagging_freq": 2.0, "batch_size": 10.0, "feature_fraction": 0.5206383687385852, "learning_rate": 0.25414479434050913, "min_gain_to_split": 0.05084994259410275, "nFile": 30.0, "num_iterations": 812.1615319507127, "num_leaves": 19.901281353079987}, "datetime": {"datetime": "2022-12-19 03:11:12", "elapsed": 6556.15489, "delta": 981.556213}}
{"target": 0.6876610318390246, "params": {"bagging_fraction": 0.8, "bagging_freq": 2.0, "batch_size": 10.0, "feature_fraction": 0.6435650337323424, "learning_rate": 0.13807065624693432, "min_gain_to_split": 0.09537864623714591, "nFile": 30.0, "num_iterations": 502.56075899330995, "num_leaves": 28.733419020525616}, "datetime": {"datetime": "2022-12-19 03:26:53", "elapsed": 7496.853459, "delta": 940.698569}}
{"target": 0.6923419951040517, "params": {"bagging_fraction": 0.8, "bagging_freq": 2.0, "batch_size": 10.0, "feature_fraction": 0.39991025091365373, "learning_rate": 0.2390176318595033, "min_gain_to_split": 0.08429074762657773, "nFile": 30.0, "num_iterations": 809.9068257228591, "num_leaves": 20.125704239711805}, "datetime": {"datetime": "2022-12-19 03:40:01", "elapsed": 8284.230067, "delta": 787.376608}}
{"target": 0.6930180563029135, "params": {"bagging_fraction": 0.8, "bagging_freq": 2.0, "batch_size": 10.0, "feature_fraction": 0.3429163067738474, "learning_rate": 0.34146654608074845, "min_gain_to_split": 0.01810107693725881, "nFile": 30.0, "num_iterations": 776.335143037661, "num_leaves": 29.34251573888812}, "datetime": {"datetime": "2022-12-19 03:51:02", "elapsed": 8945.806415, "delta": 661.576348}}
{"target": 0.6860872506128932, "params": {"bagging_fraction": 0.8, "bagging_freq": 2.0, "batch_size": 10.0, "feature_fraction": 0.219042989317622, "learning_rate": 0.37595300765406275, "min_gain_to_split": 0.07510335705680517, "nFile": 30.0, "num_iterations": 411.5202099755326, "num_leaves": 28.22709817299025}, "datetime": {"datetime": "2022-12-19 03:56:32", "elapsed": 9275.542678, "delta": 329.736263}}
{"target": 0.6988085011576208, "params": {"bagging_fraction": 0.8, "bagging_freq": 2.0, "batch_size": 10.0, "feature_fraction": 0.7387778846772526, "learning_rate": 0.17120299515279977, "min_gain_to_split": 0.05946273391655138, "nFile": 30.0, "num_iterations": 967.5345802794873, "num_leaves": 29.607742315438756}, "datetime": {"datetime": "2022-12-19 04:20:45", "elapsed": 10728.231297, "delta": 1452.688619}}
{"target": 0.6789194785603235, "params": {"bagging_fraction": 0.8, "bagging_freq": 2.0, "batch_size": 10.0, "feature_fraction": 0.6896885245100147, "learning_rate": 0.3028912821240518, "min_gain_to_split": 0.09700031389540849, "nFile": 30.0, "num_iterations": 962.4084644344096, "num_leaves": 5.902891213738593}, "datetime": {"datetime": "2022-12-19 04:37:27", "elapsed": 11730.241042, "delta": 1002.009745}}
{"target": 0.5997434987524537, "params": {"bagging_fraction": 0.8, "bagging_freq": 2.0, "batch_size": 10.0, "feature_fraction": 0.4562958727377763, "learning_rate": 0.0016664051928378621, "min_gain_to_split": 0.01147418951531251, "nFile": 30.0, "num_iterations": 939.6908499849415, "num_leaves": 29.580261856867548}, "datetime": {"datetime": "2022-12-19 04:59:04", "elapsed": 13027.591008, "delta": 1297.349966}}
{"target": 0.6962940161830369, "params": {"bagging_fraction": 0.8, "bagging_freq": 2.0, "batch_size": 10.0, "feature_fraction": 0.6158916802198934, "learning_rate": 0.37781344229005376, "min_gain_to_split": 0.017367361549242816, "nFile": 30.0, "num_iterations": 824.7461402952872, "num_leaves": 24.826179233993443}, "datetime": {"datetime": "2022-12-19 05:17:18", "elapsed": 14121.981512, "delta": 1094.390504}}
{"target": 0.6930382212707256, "params": {"bagging_fraction": 0.8, "bagging_freq": 2.0, "batch_size": 10.0, "feature_fraction": 0.7882546687058645, "learning_rate": 0.47032032721357653, "min_gain_to_split": 0.07509699538289087, "nFile": 30.0, "num_iterations": 478.1786350494707, "num_leaves": 29.71615653939084}, "datetime": {"datetime": "2022-12-19 05:29:11", "elapsed": 14834.271299, "delta": 712.289787}}
{"target": 0.6839773205772537, "params": {"bagging_fraction": 0.8, "bagging_freq": 2.0, "batch_size": 10.0, "feature_fraction": 0.7455594905757346, "learning_rate": 0.4509520429382856, "min_gain_to_split": 0.07664574378704359, "nFile": 30.0, "num_iterations": 912.8299460399904, "num_leaves": 5.716093720026553}, "datetime": {"datetime": "2022-12-19 05:44:55", "elapsed": 15778.270719, "delta": 943.99942}}
{"target": 0.6970597413073291, "params": {"bagging_fraction": 0.8, "bagging_freq": 2.0, "batch_size": 10.0, "feature_fraction": 0.7111338005851275, "learning_rate": 0.3690489603354769, "min_gain_to_split": 0.018608838428844005, "nFile": 30.0, "num_iterations": 794.346555184871, "num_leaves": 29.1461635146102}, "datetime": {"datetime": "2022-12-19 06:02:37", "elapsed": 16840.898068, "delta": 1062.627349}}
{"target": 0.6643534150163022, "params": {"bagging_fraction": 0.8, "bagging_freq": 2.0, "batch_size": 10.0, "feature_fraction": 0.6383628620878278, "learning_rate": 0.022950206038241137, "min_gain_to_split": 0.09331383182609321, "nFile": 30.0, "num_iterations": 893.6772231777903, "num_leaves": 28.77189163924407}, "datetime": {"datetime": "2022-12-19 06:31:44", "elapsed": 18587.838639, "delta": 1746.940571}}
{"target": 0.6912406352980283, "params": {"bagging_fraction": 0.8, "bagging_freq": 2.0, "batch_size": 10.0, "feature_fraction": 0.5123340018566219, "learning_rate": 0.414967747474131, "min_gain_to_split": 0.07466770677566918, "nFile": 30.0, "num_iterations": 823.0644900813355, "num_leaves": 11.366461962559782}, "datetime": {"datetime": "2022-12-19 06:46:28", "elapsed": 19471.54709, "delta": 883.708451}}
{"target": 0.693458425189087, "params": {"bagging_fraction": 0.8, "bagging_freq": 2.0, "batch_size": 10.0, "feature_fraction": 0.31418645477634577, "learning_rate": 0.2994100775366083, "min_gain_to_split": 0.011808577777461658, "nFile": 30.0, "num_iterations": 815.0236225373033, "num_leaves": 29.126359459702115}, "datetime": {"datetime": "2022-12-19 06:57:30", "elapsed": 20134.100775, "delta": 662.553685}}
{"target": 0.6630374769814107, "params": {"bagging_fraction": 0.8, "bagging_freq": 2.0, "batch_size": 10.0, "feature_fraction": 0.42330544846602347, "learning_rate": 0.03628047134498316, "min_gain_to_split": 0.04208014515320979, "nFile": 30.0, "num_iterations": 791.5963425147472, "num_leaves": 17.801217603544472}, "datetime": {"datetime": "2022-12-19 07:13:09", "elapsed": 21073.184961, "delta": 939.084186}}
