{"target": 0.7333338627360821, "params": {"bagging_fraction": 0.8, "bagging_freq": 2.0, "batch_size": 10.0, "feature_fraction": 0.3694375063802676, "learning_rate": 0.11130163626756465, "min_gain_to_split": 0.06893598643850922, "nFile": 10.0, "num_iterations": 453.1982198185276, "num_leaves": 20.45130868132023}, "datetime": {"datetime": "2022-12-17 15:40:09", "elapsed": 0.0, "delta": 0.0}}
{"target": 0.7317319481546909, "params": {"bagging_fraction": 0.8, "bagging_freq": 2.0, "batch_size": 10.0, "feature_fraction": 0.7309685230258842, "learning_rate": 0.150904434993874, "min_gain_to_split": 0.05936860465625675, "nFile": 10.0, "num_iterations": 860.5844399136801, "num_leaves": 6.626885976429837}, "datetime": {"datetime": "2022-12-17 15:57:48", "elapsed": 1058.732215, "delta": 1058.732215}}
{"target": 0.7245546233415844, "params": {"bagging_fraction": 0.8, "bagging_freq": 2.0, "batch_size": 10.0, "feature_fraction": 0.5757098227761477, "learning_rate": 0.056128379242923215, "min_gain_to_split": 0.0010523523057583296, "nFile": 10.0, "num_iterations": 227.3506819526708, "num_leaves": 15.539913154153993}, "datetime": {"datetime": "2022-12-17 16:05:07", "elapsed": 1498.185141, "delta": 439.452926}}
{"target": 0.7280091135251294, "params": {"bagging_fraction": 0.8, "bagging_freq": 2.0, "batch_size": 10.0, "feature_fraction": 0.6972508905936535, "learning_rate": 0.3592080672747931, "min_gain_to_split": 0.012803442724228148, "nFile": 10.0, "num_iterations": 216.78066793466195, "num_leaves": 6.938352293179429}, "datetime": {"datetime": "2022-12-17 16:09:38", "elapsed": 1768.556454, "delta": 270.371313}}
{"target": 0.7334504078631083, "params": {"bagging_fraction": 0.8, "bagging_freq": 2.0, "batch_size": 10.0, "feature_fraction": 0.528785175255804, "learning_rate": 0.29465442509932893, "min_gain_to_split": 0.0775877037384977, "nFile": 10.0, "num_iterations": 601.9360835305806, "num_leaves": 9.456181664253585}, "datetime": {"datetime": "2022-12-17 16:19:59", "elapsed": 2389.566928, "delta": 621.010474}}
{"target": 0.7313368949952325, "params": {"bagging_fraction": 0.8, "bagging_freq": 2.0, "batch_size": 10.0, "feature_fraction": 0.48983311126576495, "learning_rate": 0.47791418070300473, "min_gain_to_split": 0.0902586170879307, "nFile": 10.0, "num_iterations": 838.6313366466234, "num_leaves": 25.692898151874527}, "datetime": {"datetime": "2022-12-17 16:34:49", "elapsed": 3280.07117, "delta": 890.504242}}
{"target": 0.7308232004566452, "params": {"bagging_fraction": 0.8, "bagging_freq": 2.0, "batch_size": 10.0, "feature_fraction": 0.7273854850425641, "learning_rate": 0.07460402629422087, "min_gain_to_split": 0.023893879225742227, "nFile": 10.0, "num_iterations": 216.1571748455536, "num_leaves": 27.91019305164599}, "datetime": {"datetime": "2022-12-17 16:41:35", "elapsed": 3685.438119, "delta": 405.366949}}
{"target": 0.7332588911665789, "params": {"bagging_fraction": 0.8, "bagging_freq": 2.0, "batch_size": 10.0, "feature_fraction": 0.35307849183340156, "learning_rate": 0.2256773190241502, "min_gain_to_split": 0.09727926026222289, "nFile": 10.0, "num_iterations": 278.81317242516604, "num_leaves": 22.19865942302569}, "datetime": {"datetime": "2022-12-17 16:45:47", "elapsed": 3937.452862, "delta": 252.014743}}
{"target": 0.7346272995968788, "params": {"bagging_fraction": 0.8, "bagging_freq": 2.0, "batch_size": 10.0, "feature_fraction": 0.5737087823315985, "learning_rate": 0.042654492493032575, "min_gain_to_split": 0.0062734423702448154, "nFile": 10.0, "num_iterations": 914.9277026959685, "num_leaves": 24.96500518376766}, "datetime": {"datetime": "2022-12-17 17:06:57", "elapsed": 5207.437428, "delta": 1269.984566}}
{"target": 0.7360054061309966, "params": {"bagging_fraction": 0.8, "bagging_freq": 2.0, "batch_size": 10.0, "feature_fraction": 0.5206383687385852, "learning_rate": 0.25414479434050913, "min_gain_to_split": 0.05084994259410275, "nFile": 10.0, "num_iterations": 812.1615319507127, "num_leaves": 19.901281353079987}, "datetime": {"datetime": "2022-12-17 17:21:56", "elapsed": 6106.761746, "delta": 899.324318}}
