{"target": 0.6928274891203902, "params": {"bagging_fraction": 0.8, "bagging_freq": 2.0, "batch_size": 10.0, "feature_fraction": 0.3694375063802676, "learning_rate": 0.11130163626756465, "min_gain_to_split": 0.06893598643850922, "nFile": 20.0, "num_iterations": 453.1982198185276, "num_leaves": 20.45130868132023}, "datetime": {"datetime": "2022-12-18 20:13:06", "elapsed": 0.0, "delta": 0.0}}
{"target": 0.6894425993496097, "params": {"bagging_fraction": 0.8, "bagging_freq": 2.0, "batch_size": 10.0, "feature_fraction": 0.7309685230258842, "learning_rate": 0.150904434993874, "min_gain_to_split": 0.05936860465625675, "nFile": 20.0, "num_iterations": 860.5844399136801, "num_leaves": 6.626885976429837}, "datetime": {"datetime": "2022-12-18 20:28:53", "elapsed": 946.966196, "delta": 946.966196}}
{"target": 0.6593843151278922, "params": {"bagging_fraction": 0.8, "bagging_freq": 2.0, "batch_size": 10.0, "feature_fraction": 0.5757098227761477, "learning_rate": 0.056128379242923215, "min_gain_to_split": 0.0010523523057583296, "nFile": 20.0, "num_iterations": 227.3506819526708, "num_leaves": 15.539913154153993}, "datetime": {"datetime": "2022-12-18 20:35:04", "elapsed": 1317.845614, "delta": 370.879418}}
{"target": 0.6771154325694121, "params": {"bagging_fraction": 0.8, "bagging_freq": 2.0, "batch_size": 10.0, "feature_fraction": 0.6972508905936535, "learning_rate": 0.3592080672747931, "min_gain_to_split": 0.012803442724228148, "nFile": 20.0, "num_iterations": 216.78066793466195, "num_leaves": 6.938352293179429}, "datetime": {"datetime": "2022-12-18 20:39:52", "elapsed": 1605.353011, "delta": 287.507397}}
{"target": 0.6997304450196917, "params": {"bagging_fraction": 0.8, "bagging_freq": 2.0, "batch_size": 10.0, "feature_fraction": 0.528785175255804, "learning_rate": 0.29465442509932893, "min_gain_to_split": 0.0775877037384977, "nFile": 20.0, "num_iterations": 601.9360835305806, "num_leaves": 9.456181664253585}, "datetime": {"datetime": "2022-12-18 20:50:51", "elapsed": 2264.728876, "delta": 659.375865}}
{"target": 0.706000854330525, "params": {"bagging_fraction": 0.8, "bagging_freq": 2.0, "batch_size": 10.0, "feature_fraction": 0.48983311126576495, "learning_rate": 0.47791418070300473, "min_gain_to_split": 0.0902586170879307, "nFile": 20.0, "num_iterations": 838.6313366466234, "num_leaves": 25.692898151874527}, "datetime": {"datetime": "2022-12-18 21:05:28", "elapsed": 3141.347191, "delta": 876.618315}}
{"target": 0.6757195984131694, "params": {"bagging_fraction": 0.8, "bagging_freq": 2.0, "batch_size": 10.0, "feature_fraction": 0.7273854850425641, "learning_rate": 0.07460402629422087, "min_gain_to_split": 0.023893879225742227, "nFile": 20.0, "num_iterations": 216.1571748455536, "num_leaves": 27.91019305164599}, "datetime": {"datetime": "2022-12-18 21:12:52", "elapsed": 3585.837951, "delta": 444.49076}}
{"target": 0.6950506810863429, "params": {"bagging_fraction": 0.8, "bagging_freq": 2.0, "batch_size": 10.0, "feature_fraction": 0.35307849183340156, "learning_rate": 0.2256773190241502, "min_gain_to_split": 0.09727926026222289, "nFile": 20.0, "num_iterations": 278.81317242516604, "num_leaves": 22.19865942302569}, "datetime": {"datetime": "2022-12-18 21:17:58", "elapsed": 3891.412091, "delta": 305.57414}}
{"target": 0.6945080781212467, "params": {"bagging_fraction": 0.8, "bagging_freq": 2.0, "batch_size": 10.0, "feature_fraction": 0.5737087823315985, "learning_rate": 0.042654492493032575, "min_gain_to_split": 0.0062734423702448154, "nFile": 20.0, "num_iterations": 914.9277026959685, "num_leaves": 24.96500518376766}, "datetime": {"datetime": "2022-12-18 21:41:13", "elapsed": 5287.082262, "delta": 1395.670171}}
{"target": 0.7096747918109079, "params": {"bagging_fraction": 0.8, "bagging_freq": 2.0, "batch_size": 10.0, "feature_fraction": 0.5206383687385852, "learning_rate": 0.25414479434050913, "min_gain_to_split": 0.05084994259410275, "nFile": 20.0, "num_iterations": 812.1615319507127, "num_leaves": 19.901281353079987}, "datetime": {"datetime": "2022-12-18 21:56:27", "elapsed": 6200.961111, "delta": 913.878849}}
{"target": 0.6995338970559282, "params": {"bagging_fraction": 0.8, "bagging_freq": 2.0, "batch_size": 10.0, "feature_fraction": 0.21711283227403483, "learning_rate": 0.2421769375694397, "min_gain_to_split": 0.07065530336207998, "nFile": 20.0, "num_iterations": 902.8903057150512, "num_leaves": 11.49508373345019}, "datetime": {"datetime": "2022-12-18 22:04:55", "elapsed": 6708.493243, "delta": 507.532132}}
{"target": 0.7043385923770952, "params": {"bagging_fraction": 0.8, "bagging_freq": 2.0, "batch_size": 10.0, "feature_fraction": 0.3228842430951389, "learning_rate": 0.2714163115172864, "min_gain_to_split": 0.016569357442753986, "nFile": 20.0, "num_iterations": 469.4777170241705, "num_leaves": 29.792677573597427}, "datetime": {"datetime": "2022-12-18 22:12:05", "elapsed": 7139.21824, "delta": 430.724997}}
{"target": 0.6978892842348974, "params": {"bagging_fraction": 0.8, "bagging_freq": 2.0, "batch_size": 10.0, "feature_fraction": 0.4691157198581637, "learning_rate": 0.13158657554549874, "min_gain_to_split": 0.05036949044375601, "nFile": 20.0, "num_iterations": 930.1595087553818, "num_leaves": 10.42206238016433}, "datetime": {"datetime": "2022-12-18 22:27:37", "elapsed": 8070.609535, "delta": 931.391295}}
{"target": 0.7013835700178518, "params": {"bagging_fraction": 0.8, "bagging_freq": 2.0, "batch_size": 10.0, "feature_fraction": 0.24891208085242633, "learning_rate": 0.23857818427264887, "min_gain_to_split": 0.0926253920862261, "nFile": 20.0, "num_iterations": 435.88817796676966, "num_leaves": 29.33991950548965}, "datetime": {"datetime": "2022-12-18 22:33:28", "elapsed": 8421.369569, "delta": 350.760034}}
{"target": 0.6899746230213981, "params": {"bagging_fraction": 0.8, "bagging_freq": 2.0, "batch_size": 10.0, "feature_fraction": 0.6178265707550459, "learning_rate": 0.24022547565254407, "min_gain_to_split": 0.03869170118531122, "nFile": 20.0, "num_iterations": 806.8526161495168, "num_leaves": 5.275228383921738}, "datetime": {"datetime": "2022-12-18 22:47:29", "elapsed": 9262.497243, "delta": 841.127674}}
{"target": 0.7130891940242782, "params": {"bagging_fraction": 0.8, "bagging_freq": 2.0, "batch_size": 10.0, "feature_fraction": 0.7892033473318016, "learning_rate": 0.3481100465968881, "min_gain_to_split": 0.009647245332715264, "nFile": 20.0, "num_iterations": 929.5870786417747, "num_leaves": 28.79154411347579}, "datetime": {"datetime": "2022-12-18 23:08:28", "elapsed": 10521.563654, "delta": 1259.066411}}
{"target": 0.7078096468501991, "params": {"bagging_fraction": 0.8, "bagging_freq": 2.0, "batch_size": 10.0, "feature_fraction": 0.6831501072745709, "learning_rate": 0.4030832255766223, "min_gain_to_split": 0.001, "nFile": 20.0, "num_iterations": 483.92199448326676, "num_leaves": 30.0}, "datetime": {"datetime": "2022-12-18 23:20:08", "elapsed": 11221.794439, "delta": 700.230785}}
{"target": 0.7123561483439953, "params": {"bagging_fraction": 0.8, "bagging_freq": 2.0, "batch_size": 10.0, "feature_fraction": 0.6421125527240567, "learning_rate": 0.2870419581408155, "min_gain_to_split": 0.022142477949414312, "nFile": 20.0, "num_iterations": 821.0953312946517, "num_leaves": 28.00090658205022}, "datetime": {"datetime": "2022-12-18 23:37:48", "elapsed": 12281.862534, "delta": 1060.068095}}
{"target": 0.7099419489089108, "params": {"bagging_fraction": 0.8, "bagging_freq": 2.0, "batch_size": 10.0, "feature_fraction": 0.8, "learning_rate": 0.40141383730487534, "min_gain_to_split": 0.03520772941426348, "nFile": 20.0, "num_iterations": 915.9229381942866, "num_leaves": 9.775274491948197}, "datetime": {"datetime": "2022-12-18 23:56:04", "elapsed": 13378.174373, "delta": 1096.311839}}
{"target": 0.6862035837916948, "params": {"bagging_fraction": 0.8, "bagging_freq": 2.0, "batch_size": 10.0, "feature_fraction": 0.4026310343993128, "learning_rate": 0.10156763054459958, "min_gain_to_split": 0.047637349332195954, "nFile": 20.0, "num_iterations": 470.72549591581225, "num_leaves": 14.401566377530536}, "datetime": {"datetime": "2022-12-19 00:04:38", "elapsed": 13891.475439, "delta": 513.301066}}
{"target": 0.7067086860884725, "params": {"bagging_fraction": 0.8, "bagging_freq": 2.0, "batch_size": 10.0, "feature_fraction": 0.5145162492383251, "learning_rate": 0.37714780582298313, "min_gain_to_split": 0.03986287323534881, "nFile": 20.0, "num_iterations": 820.8037361547335, "num_leaves": 11.442216521292469}, "datetime": {"datetime": "2022-12-19 00:18:44", "elapsed": 14737.622856, "delta": 846.147417}}
{"target": 0.7089456385050172, "params": {"bagging_fraction": 0.8, "bagging_freq": 2.0, "batch_size": 10.0, "feature_fraction": 0.5159810601977921, "learning_rate": 0.1064995271328566, "min_gain_to_split": 0.05149718442406922, "nFile": 20.0, "num_iterations": 896.6041257247764, "num_leaves": 28.184189099946657}, "datetime": {"datetime": "2022-12-19 00:38:02", "elapsed": 15896.091452, "delta": 1158.468596}}
{"target": 0.7066385557432674, "params": {"bagging_fraction": 0.8, "bagging_freq": 2.0, "batch_size": 10.0, "feature_fraction": 0.2018474608039322, "learning_rate": 0.21153629098184756, "min_gain_to_split": 0.020848556463408625, "nFile": 20.0, "num_iterations": 946.3284928961065, "num_leaves": 28.192453358185006}, "datetime": {"datetime": "2022-12-19 00:47:08", "elapsed": 16442.209713, "delta": 546.118261}}
{"target": 0.6585731796795034, "params": {"bagging_fraction": 0.8, "bagging_freq": 2.0, "batch_size": 10.0, "feature_fraction": 0.2697142182663195, "learning_rate": 0.047854147446820046, "min_gain_to_split": 0.003253351108498692, "nFile": 20.0, "num_iterations": 885.8500886792016, "num_leaves": 5.034921465104388}, "datetime": {"datetime": "2022-12-19 00:55:44", "elapsed": 16958.156871, "delta": 515.947158}}
{"target": 0.7086416113204784, "params": {"bagging_fraction": 0.8, "bagging_freq": 2.0, "batch_size": 10.0, "feature_fraction": 0.3494655242728177, "learning_rate": 0.263916720471541, "min_gain_to_split": 0.06460665890028557, "nFile": 20.0, "num_iterations": 797.5040494492836, "num_leaves": 27.739388488975923}, "datetime": {"datetime": "2022-12-19 01:07:13", "elapsed": 17646.960087, "delta": 688.803216}}
