{"target": 0.6998755296625448, "params": {"bagging_fraction": 0.8793244709616473, "bagging_freq": 3.8408878114444422, "batch_size": 10.0, "feature_fraction": 0.6564791687934225, "learning_rate": 0.044988027289068866, "min_gain_to_split": 0.27448883409498676, "nFile": 10.0, "num_iterations": 892.4424664650307, "num_leaves": 19.305465723078658}, "datetime": {"datetime": "2022-12-29 23:58:04", "elapsed": 0.0, "delta": 0.0}}
{"target": 0.6881648445769906, "params": {"bagging_fraction": 0.8529825237146865, "bagging_freq": 1.0073946436026584, "batch_size": 10.0, "feature_fraction": 0.7769895076752947, "learning_rate": 0.06078152818392971, "min_gain_to_split": 0.23583274608588584, "nFile": 10.0, "num_iterations": 1345.0938221263111, "num_leaves": 3.8221122936014176}, "datetime": {"datetime": "2022-12-30 00:49:04", "elapsed": 3060.251236, "delta": 3060.251236}}
{"target": 0.6916800254449689, "params": {"bagging_fraction": 0.8236861161793414, "bagging_freq": 1.8638033229017392, "batch_size": 10.0, "feature_fraction": 0.7252366075920492, "learning_rate": 0.022985065068821083, "min_gain_to_split": 0.00021152446771042222, "nFile": 10.0, "num_iterations": 641.5007577251897, "num_leaves": 13.804702732652473}, "datetime": {"datetime": "2022-12-30 01:31:53", "elapsed": 5629.684281, "delta": 2569.433045}}
{"target": 0.6924236957939872, "params": {"bagging_fraction": 0.8366223600371361, "bagging_freq": 3.6093552531915445, "batch_size": 10.0, "feature_fraction": 0.7657502968645512, "learning_rate": 0.14385251580698163, "min_gain_to_split": 0.047690677673649075, "nFile": 10.0, "num_iterations": 629.7562977051799, "num_leaves": 4.170954568360961}, "datetime": {"datetime": "2022-12-30 01:57:14", "elapsed": 7150.327068, "delta": 1520.642787}}
{"target": 0.6980990050787401, "params": {"bagging_fraction": 0.9578013139226045, "bagging_freq": 2.3931568443406075, "batch_size": 10.0, "feature_fraction": 0.7095950584186014, "learning_rate": 0.11810867854662617, "min_gain_to_split": 0.30944526763029373, "nFile": 10.0, "num_iterations": 1057.706759478423, "num_leaves": 6.990923463964013}, "datetime": {"datetime": "2022-12-30 02:45:04", "elapsed": 10019.907024, "delta": 2869.579956}}
{"target": 0.7079826513599368, "params": {"bagging_fraction": 0.8101458828045033, "bagging_freq": 2.518163897106578, "batch_size": 10.0, "feature_fraction": 0.6966110370885883, "learning_rate": 0.191192228376549, "min_gain_to_split": 0.36064087712295234, "nFile": 10.0, "num_iterations": 1320.7014851629149, "num_leaves": 25.17604593009947}, "datetime": {"datetime": "2022-12-30 03:39:57", "elapsed": 13313.389975, "delta": 3293.482951}}
{"target": 0.6979406462679199, "params": {"bagging_fraction": 0.8079583369005137, "bagging_freq": 1.2371664592147913, "batch_size": 10.0, "feature_fraction": 0.7757951616808547, "learning_rate": 0.03035310868246484, "min_gain_to_split": 0.092500522124211, "nFile": 10.0, "num_iterations": 629.0635276061707, "num_leaves": 27.659416217843507}, "datetime": {"datetime": "2022-12-30 04:25:28", "elapsed": 16044.104132, "delta": 2730.714157}}
{"target": 0.7019863142526339, "params": {"bagging_fraction": 0.8086993877278242, "bagging_freq": 2.847960305918507, "batch_size": 10.0, "feature_fraction": 0.6510261639444672, "learning_rate": 0.09060077452065309, "min_gain_to_split": 0.3890071121705975, "nFile": 10.0, "num_iterations": 698.6813026946289, "num_leaves": 21.26249855378877}, "datetime": {"datetime": "2022-12-30 05:02:11", "elapsed": 18247.136972, "delta": 2203.03284}}
{"target": 0.6987920139830099, "params": {"bagging_fraction": 0.961252298667268, "bagging_freq": 2.359948545450415, "batch_size": 10.0, "feature_fraction": 0.7245695941105328, "learning_rate": 0.017611711435097162, "min_gain_to_split": 0.021306837859575014, "nFile": 10.0, "num_iterations": 1405.4752252177427, "num_leaves": 24.36080580581978}, "datetime": {"datetime": "2022-12-30 06:44:46", "elapsed": 24401.893819, "delta": 6154.756847}}
{"target": 0.7043051367238086, "params": {"bagging_fraction": 0.8460567356871076, "bagging_freq": 1.2781780133996365, "batch_size": 10.0, "feature_fraction": 0.7068794562461951, "learning_rate": 0.10195353521795855, "min_gain_to_split": 0.20141390947112223, "nFile": 10.0, "num_iterations": 1291.2905910563475, "num_leaves": 18.689435115449587}, "datetime": {"datetime": "2022-12-30 07:43:44", "elapsed": 27940.812353, "delta": 3538.918534}}
{"target": 0.6938553191057459, "params": {"bagging_fraction": 0.7729910677534917, "bagging_freq": 2.8010207403750798, "batch_size": 10.0, "feature_fraction": 0.6157185234360211, "learning_rate": 0.008473928755333923, "min_gain_to_split": 0.0824723539879909, "nFile": 10.0, "num_iterations": 1321.1724576728595, "num_leaves": 27.08894072738951}, "datetime": {"datetime": "2022-12-30 09:14:50", "elapsed": 33406.116013, "delta": 5465.30366}}
{"target": 0.7059511182704628, "params": {"bagging_fraction": 0.77755921497605, "bagging_freq": 1.516480561785982, "batch_size": 10.0, "feature_fraction": 0.7681234554339321, "learning_rate": 0.16461681504379028, "min_gain_to_split": 0.3556376111345775, "nFile": 10.0, "num_iterations": 1291.469055254452, "num_leaves": 18.602907922975383}, "datetime": {"datetime": "2022-12-30 10:07:39", "elapsed": 36575.396162, "delta": 3169.280149}}
{"target": 0.7079237550357493, "params": {"bagging_fraction": 0.8542511541773494, "bagging_freq": 1.6665215285646644, "batch_size": 10.0, "feature_fraction": 0.7610670299241434, "learning_rate": 0.1776358255229631, "min_gain_to_split": 0.06846535253633226, "nFile": 10.0, "num_iterations": 1320.8156119904481, "num_leaves": 24.26565282274795}, "datetime": {"datetime": "2022-12-30 11:06:25", "elapsed": 40101.551579, "delta": 3526.155417}}
{"target": 0.7008968442696297, "params": {"bagging_fraction": 0.9486438319789667, "bagging_freq": 1.635098530092984, "batch_size": 10.0, "feature_fraction": 0.6757780231657841, "learning_rate": 0.02813550343911583, "min_gain_to_split": 0.1436553907310191, "nFile": 10.0, "num_iterations": 1319.5884542071758, "num_leaves": 24.612159967174943}, "datetime": {"datetime": "2022-12-30 12:35:28", "elapsed": 45444.650811, "delta": 5343.099232}}
{"target": 0.707637811102737, "params": {"bagging_fraction": 0.851072321586696, "bagging_freq": 3.5861175685424076, "batch_size": 10.0, "feature_fraction": 0.7894469024367126, "learning_rate": 0.17865202762345814, "min_gain_to_split": 0.357470456132029, "nFile": 10.0, "num_iterations": 1320.8411958027104, "num_leaves": 23.96268522606132}, "datetime": {"datetime": "2022-12-30 13:33:50", "elapsed": 48946.41449, "delta": 3501.763679}}
{"target": 0.7028871315541505, "params": {"bagging_fraction": 0.999634196719067, "bagging_freq": 2.5133516944765257, "batch_size": 10.0, "feature_fraction": 0.671168195191058, "learning_rate": 0.07637560312164124, "min_gain_to_split": 0.1745280039774278, "nFile": 10.0, "num_iterations": 1291.9044630400706, "num_leaves": 17.19464645385006}, "datetime": {"datetime": "2022-12-30 14:45:28", "elapsed": 53244.339685, "delta": 4297.925195}}
{"target": 0.7033062822113209, "params": {"bagging_fraction": 0.8376611221091176, "bagging_freq": 1.4225911033620955, "batch_size": 10.0, "feature_fraction": 0.6149979764570834, "learning_rate": 0.06302253355697379, "min_gain_to_split": 0.3511566654195261, "nFile": 10.0, "num_iterations": 1322.3281152626896, "num_leaves": 21.95872867943037}, "datetime": {"datetime": "2022-12-30 15:52:52", "elapsed": 57288.804905, "delta": 4044.46522}}
{"target": 0.7074638552675454, "params": {"bagging_fraction": 0.7802336239903827, "bagging_freq": 1.6577870785252018, "batch_size": 10.0, "feature_fraction": 0.6116137007838541, "learning_rate": 0.19462388561503316, "min_gain_to_split": 0.3504067448714039, "nFile": 10.0, "num_iterations": 1322.4254026233868, "num_leaves": 24.33370824879755}, "datetime": {"datetime": "2022-12-30 16:47:17", "elapsed": 60553.236215, "delta": 3264.43131}}
{"target": 0.7011629146361913, "params": {"bagging_fraction": 0.7566740109789822, "bagging_freq": 3.239972822115969, "batch_size": 10.0, "feature_fraction": 0.65071773266814, "learning_rate": 0.04086529173716164, "min_gain_to_split": 0.18610713498838108, "nFile": 10.0, "num_iterations": 1291.03696703398, "num_leaves": 19.438052568884828}, "datetime": {"datetime": "2022-12-30 17:54:43", "elapsed": 64599.163748, "delta": 4045.927533}}
{"target": 0.7050842906061683, "params": {"bagging_fraction": 0.7885469728394033, "bagging_freq": 3.3821424474816766, "batch_size": 10.0, "feature_fraction": 0.6248992199897573, "learning_rate": 0.09675399418725192, "min_gain_to_split": 0.21167708995584356, "nFile": 10.0, "num_iterations": 1322.3324172766356, "num_leaves": 22.996789345146386}, "datetime": {"datetime": "2022-12-30 18:53:09", "elapsed": 68105.014599, "delta": 3505.850851}}
{"target": 0.7034527203745018, "params": {"bagging_fraction": 0.9627526667668249, "bagging_freq": 2.4549045598424524, "batch_size": 10.0, "feature_fraction": 0.644888437164461, "learning_rate": 0.05366738800502193, "min_gain_to_split": 0.20420164462108137, "nFile": 10.0, "num_iterations": 1325.453241214846, "num_leaves": 24.54635136571829}, "datetime": {"datetime": "2022-12-30 20:10:45", "elapsed": 72761.099161, "delta": 4656.084562}}
{"target": 0.7061829095662616, "params": {"bagging_fraction": 0.8188164378487265, "bagging_freq": 1.675696317854862, "batch_size": 10.0, "feature_fraction": 0.6367558732705283, "learning_rate": 0.1788298425621535, "min_gain_to_split": 0.20822890447047993, "nFile": 10.0, "num_iterations": 1293.2468065089604, "num_leaves": 19.042549589769415}, "datetime": {"datetime": "2022-12-30 21:08:43", "elapsed": 76239.240573, "delta": 3478.141412}}
{"target": 0.7053871343359335, "params": {"bagging_fraction": 0.9207281359345677, "bagging_freq": 1.302128057292225, "batch_size": 10.0, "feature_fraction": 0.6331677593339744, "learning_rate": 0.1416935418759891, "min_gain_to_split": 0.08913286866883033, "nFile": 10.0, "num_iterations": 1295.5345819447314, "num_leaves": 18.376024932133205}, "datetime": {"datetime": "2022-12-30 22:10:59", "elapsed": 79975.021356, "delta": 3735.780783}}
{"target": 0.7059199378457721, "params": {"bagging_fraction": 0.9676568525877596, "bagging_freq": 2.2815542225832544, "batch_size": 10.0, "feature_fraction": 0.6100629435725332, "learning_rate": 0.13913978189886167, "min_gain_to_split": 0.06476473083572003, "nFile": 10.0, "num_iterations": 1294.9364020457424, "num_leaves": 20.74076088033912}, "datetime": {"datetime": "2022-12-30 23:19:22", "elapsed": 84078.409764, "delta": 4103.388408}}
{"target": 0.7051200330456104, "params": {"bagging_fraction": 0.9750355613104731, "bagging_freq": 3.287577015979525, "batch_size": 10.0, "feature_fraction": 0.6604416727192755, "learning_rate": 0.12127032878259049, "min_gain_to_split": 0.2801017307458988, "nFile": 10.0, "num_iterations": 1296.9896958739143, "num_leaves": 19.94291994835134}, "datetime": {"datetime": "2022-12-31 00:24:20", "elapsed": 87976.623008, "delta": 3898.213244}}
{"target": 0.7025838474272575, "params": {"bagging_fraction": 0.8426718719067452, "bagging_freq": 1.1168699704454155, "batch_size": 10.0, "feature_fraction": 0.6632525743622862, "learning_rate": 0.049192138458351437, "min_gain_to_split": 0.31340406110892793, "nFile": 10.0, "num_iterations": 1297.2383253835555, "num_leaves": 22.227045298268273}, "datetime": {"datetime": "2022-12-31 01:34:37", "elapsed": 92193.170475, "delta": 4216.547467}}
{"target": 0.7058825083952986, "params": {"bagging_fraction": 0.9573295729996107, "bagging_freq": 3.058557358805573, "batch_size": 10.0, "feature_fraction": 0.783666974840651, "learning_rate": 0.1429802158645246, "min_gain_to_split": 0.22587772253557425, "nFile": 10.0, "num_iterations": 1294.8108384632394, "num_leaves": 18.320490914682537}, "datetime": {"datetime": "2022-12-31 02:36:48", "elapsed": 95924.143395, "delta": 3730.97292}}
{"target": 0.7021108836355101, "params": {"bagging_fraction": 0.803917482300177, "bagging_freq": 2.2629788450072352, "batch_size": 10.0, "feature_fraction": 0.7476522219533585, "learning_rate": 0.06326173088650515, "min_gain_to_split": 0.04845482288958265, "nFile": 10.0, "num_iterations": 1297.2544692030406, "num_leaves": 16.350103818966005}, "datetime": {"datetime": "2022-12-31 03:38:07", "elapsed": 99603.110707, "delta": 3678.967312}}
{"target": 0.7065530261521337, "params": {"bagging_fraction": 0.7814139346019513, "bagging_freq": 3.9200549485477483, "batch_size": 10.0, "feature_fraction": 0.7176958922417158, "learning_rate": 0.1451793899573019, "min_gain_to_split": 0.14393678287640352, "nFile": 10.0, "num_iterations": 1293.7603049304826, "num_leaves": 23.207371068358952}, "datetime": {"datetime": "2022-12-31 04:31:54", "elapsed": 102830.225756, "delta": 3227.115049}}
{"target": 0.7066075267887959, "params": {"bagging_fraction": 0.7872013144335033, "bagging_freq": 2.052839271352708, "batch_size": 10.0, "feature_fraction": 0.6162932345857312, "learning_rate": 0.1418487573490173, "min_gain_to_split": 0.25672701710889995, "nFile": 10.0, "num_iterations": 1293.8867807122765, "num_leaves": 24.722442653166254}, "datetime": {"datetime": "2022-12-31 05:27:39", "elapsed": 106175.137136, "delta": 3344.91138}}
{"target": 0.7057972307477616, "params": {"bagging_fraction": 0.8023490200134932, "bagging_freq": 2.7578117687980837, "batch_size": 10.0, "feature_fraction": 0.7679737162092639, "learning_rate": 0.10247554194166529, "min_gain_to_split": 0.17220751366237744, "nFile": 10.0, "num_iterations": 1291.3734965689396, "num_leaves": 24.267960379711784}, "datetime": {"datetime": "2022-12-31 06:25:32", "elapsed": 109648.334872, "delta": 3473.197736}}
{"target": 0.7074675485412562, "params": {"bagging_fraction": 0.9770393265096707, "bagging_freq": 3.1443500498672705, "batch_size": 10.0, "feature_fraction": 0.6863101240919672, "learning_rate": 0.15477440272789397, "min_gain_to_split": 0.3174770651589828, "nFile": 10.0, "num_iterations": 1292.2396053324096, "num_leaves": 26.283169714848285}, "datetime": {"datetime": "2022-12-31 07:29:13", "elapsed": 113469.355627, "delta": 3821.020755}}
{"target": 0.7028069166754878, "params": {"bagging_fraction": 0.7750925682042376, "bagging_freq": 1.2235733889007145, "batch_size": 10.0, "feature_fraction": 0.7894403785949472, "learning_rate": 0.038132589551066624, "min_gain_to_split": 0.26024310989127775, "nFile": 10.0, "num_iterations": 1293.2353496398352, "num_leaves": 27.31485745930981}, "datetime": {"datetime": "2022-12-31 08:40:05", "elapsed": 117721.372152, "delta": 4252.016525}}
{"target": 0.7027575646255826, "params": {"bagging_fraction": 0.8333920119546692, "bagging_freq": 3.9978682633547478, "batch_size": 10.0, "feature_fraction": 0.6997051854742692, "learning_rate": 0.03910810622845133, "min_gain_to_split": 0.37428384034387796, "nFile": 10.0, "num_iterations": 1294.9103989043142, "num_leaves": 27.017533535622036}, "datetime": {"datetime": "2022-12-31 09:54:21", "elapsed": 122177.157768, "delta": 4455.785616}}
{"target": 0.7072639739971643, "params": {"bagging_fraction": 0.8996499291013766, "bagging_freq": 3.4761827539254697, "batch_size": 10.0, "feature_fraction": 0.6098350180568733, "learning_rate": 0.12993262067182096, "min_gain_to_split": 0.2217626244739019, "nFile": 10.0, "num_iterations": 1289.8869927099593, "num_leaves": 28.31874561795337}, "datetime": {"datetime": "2022-12-31 10:57:28", "elapsed": 125964.041695, "delta": 3786.883927}}
{"target": 0.7041572211740601, "params": {"bagging_fraction": 0.7864903217949293, "bagging_freq": 3.479637582550259, "batch_size": 10.0, "feature_fraction": 0.6631372317884024, "learning_rate": 0.06639291567300715, "min_gain_to_split": 0.3434966963800623, "nFile": 10.0, "num_iterations": 1288.732057455823, "num_leaves": 25.384994381670953}, "datetime": {"datetime": "2022-12-31 12:00:09", "elapsed": 129725.010922, "delta": 3760.969227}}
{"target": 0.7034193790237994, "params": {"bagging_fraction": 0.8270909585154635, "bagging_freq": 3.9393523986628884, "batch_size": 10.0, "feature_fraction": 0.767920424378977, "learning_rate": 0.04211513744739505, "min_gain_to_split": 0.22606332722257183, "nFile": 10.0, "num_iterations": 1292.3210606753692, "num_leaves": 28.69426974598868}, "datetime": {"datetime": "2022-12-31 13:12:21", "elapsed": 134057.491247, "delta": 4332.480325}}
{"target": 0.7056931724829711, "params": {"bagging_fraction": 0.90275414717707, "bagging_freq": 1.4912730405842223, "batch_size": 10.0, "feature_fraction": 0.7279712324728257, "learning_rate": 0.07685474057433425, "min_gain_to_split": 0.1184008901108173, "nFile": 10.0, "num_iterations": 1290.1425314833573, "num_leaves": 29.29792293445952}, "datetime": {"datetime": "2022-12-31 14:20:50", "elapsed": 138166.062868, "delta": 4108.571621}}
{"target": 0.7087475901715163, "params": {"bagging_fraction": 0.9963906165653398, "bagging_freq": 2.845256142014768, "batch_size": 10.0, "feature_fraction": 0.7524200584319288, "learning_rate": 0.1763658562817211, "min_gain_to_split": 0.016599493241624998, "nFile": 10.0, "num_iterations": 1287.1275923015537, "num_leaves": 28.75142733502666}, "datetime": {"datetime": "2022-12-31 15:27:01", "elapsed": 142137.695622, "delta": 3971.632754}}
{"target": 0.7071359480860746, "params": {"bagging_fraction": 0.9093262721264587, "bagging_freq": 1.025763425564465, "batch_size": 10.0, "feature_fraction": 0.7792524847352598, "learning_rate": 0.11574379190604009, "min_gain_to_split": 0.20738704408840142, "nFile": 10.0, "num_iterations": 1287.5699739745523, "num_leaves": 28.22018643030202}, "datetime": {"datetime": "2022-12-31 16:31:33", "elapsed": 146009.158126, "delta": 3871.462504}}
{"target": 0.708109386390253, "params": {"bagging_fraction": 0.8048863696281234, "bagging_freq": 1.8250859123031826, "batch_size": 10.0, "feature_fraction": 0.749743277294582, "learning_rate": 0.17378048885530967, "min_gain_to_split": 0.09791736467889263, "nFile": 10.0, "num_iterations": 1285.2711899219207, "num_leaves": 27.81776146680695}, "datetime": {"datetime": "2022-12-31 17:27:44", "elapsed": 149380.664023, "delta": 3371.505897}}
{"target": 0.7039813125528956, "params": {"bagging_fraction": 0.7588664776927001, "bagging_freq": 3.738063728544843, "batch_size": 10.0, "feature_fraction": 0.6852869547120617, "learning_rate": 0.04992433346014424, "min_gain_to_split": 0.21665957289994267, "nFile": 10.0, "num_iterations": 1285.1202212297785, "num_leaves": 29.086954670976233}, "datetime": {"datetime": "2022-12-31 18:33:21", "elapsed": 153317.604092, "delta": 3936.940069}}
{"target": 0.7071655899264809, "params": {"bagging_fraction": 0.9648284890330484, "bagging_freq": 1.2190272495468495, "batch_size": 10.0, "feature_fraction": 0.6070594859920392, "learning_rate": 0.1485270872077711, "min_gain_to_split": 0.1718607540121998, "nFile": 10.0, "num_iterations": 1282.3341760534922, "num_leaves": 26.032177613903745}, "datetime": {"datetime": "2022-12-31 19:37:26", "elapsed": 157162.112588, "delta": 3844.508496}}
{"target": 0.7041770245280303, "params": {"bagging_fraction": 0.7799519092368519, "bagging_freq": 1.2706168219536953, "batch_size": 10.0, "feature_fraction": 0.6997615661810528, "learning_rate": 0.06830689725221288, "min_gain_to_split": 0.23348731476171156, "nFile": 10.0, "num_iterations": 1284.5836481346028, "num_leaves": 24.808710022957822}, "datetime": {"datetime": "2022-12-31 20:40:50", "elapsed": 160966.675972, "delta": 3804.563384}}
{"target": 0.7075146455672165, "params": {"bagging_fraction": 0.8057038816180199, "bagging_freq": 2.694404486555205, "batch_size": 10.0, "feature_fraction": 0.603076081136641, "learning_rate": 0.14157788211324482, "min_gain_to_split": 0.023727524149425607, "nFile": 10.0, "num_iterations": 1288.624878905067, "num_leaves": 29.817010239544185}, "datetime": {"datetime": "2022-12-31 21:39:52", "elapsed": 164508.364139, "delta": 3541.688167}}
{"target": 0.7081791494690706, "params": {"bagging_fraction": 0.845198549934046, "bagging_freq": 1.1350832999408058, "batch_size": 10.0, "feature_fraction": 0.7591537719030734, "learning_rate": 0.17096001101611566, "min_gain_to_split": 0.34164151069160775, "nFile": 10.0, "num_iterations": 1282.5321166120457, "num_leaves": 28.08189305824336}, "datetime": {"datetime": "2022-12-31 22:36:38", "elapsed": 167913.88381, "delta": 3405.519671}}
{"target": 0.6988077064286081, "params": {"bagging_fraction": 0.9222094606002829, "bagging_freq": 3.338054578409808, "batch_size": 10.0, "feature_fraction": 0.6814550389702205, "learning_rate": 0.017939958952238558, "min_gain_to_split": 0.13328311404674653, "nFile": 10.0, "num_iterations": 1281.4821479887464, "num_leaves": 26.92849426443202}, "datetime": {"datetime": "2023-01-01 00:12:39", "elapsed": 173675.246272, "delta": 5761.362462}}
{"target": 0.7062829805886721, "params": {"bagging_fraction": 0.8320293402662808, "bagging_freq": 3.294696380885185, "batch_size": 10.0, "feature_fraction": 0.6548958176222771, "learning_rate": 0.11132175833172643, "min_gain_to_split": 0.11468277097320496, "nFile": 10.0, "num_iterations": 1286.6684263996153, "num_leaves": 26.88338853692666}, "datetime": {"datetime": "2023-01-01 01:11:54", "elapsed": 177230.244008, "delta": 3554.997736}}
{"target": 0.7051834573082494, "params": {"bagging_fraction": 0.8947592410529568, "bagging_freq": 1.0079907642742383, "batch_size": 10.0, "feature_fraction": 0.752841011666165, "learning_rate": 0.13393386084442813, "min_gain_to_split": 0.1482047655825823, "nFile": 10.0, "num_iterations": 1278.9771203402834, "num_leaves": 17.306705268342405}, "datetime": {"datetime": "2023-01-01 02:11:19", "elapsed": 180795.594062, "delta": 3565.350054}}
{"target": 0.7093400870965424, "params": {"bagging_fraction": 1.0, "bagging_freq": 1.0, "batch_size": 10.0, "feature_fraction": 0.8, "learning_rate": 0.2, "min_gain_to_split": 0.4, "nFile": 10.0, "num_iterations": 1285.347538837938, "num_leaves": 29.979063946777384}, "datetime": {"datetime": "2023-01-01 03:14:04", "elapsed": 184560.462681, "delta": 3764.868619}}
