{"target": 0.7155453783358627, "params": {"bagging_fraction": 0.8, "bagging_freq": 2.0, "batch_size": 10.0, "feature_fraction": 0.3694375063802676, "learning_rate": 0.11130163626756465, "min_gain_to_split": 0.06893598643850922, "nFile": 10.0, "num_iterations": 453.1982198185276, "num_leaves": 20.45130868132023}, "datetime": {"datetime": "2022-12-20 12:48:28", "elapsed": 0.0, "delta": 0.0}}
{"target": 0.7135599534932515, "params": {"bagging_fraction": 0.8, "bagging_freq": 2.0, "batch_size": 10.0, "feature_fraction": 0.7309685230258842, "learning_rate": 0.150904434993874, "min_gain_to_split": 0.05936860465625675, "nFile": 10.0, "num_iterations": 860.5844399136801, "num_leaves": 6.626885976429837}, "datetime": {"datetime": "2022-12-20 13:05:43", "elapsed": 1035.289663, "delta": 1035.289663}}
{"target": 0.7064200660055254, "params": {"bagging_fraction": 0.8, "bagging_freq": 2.0, "batch_size": 10.0, "feature_fraction": 0.5757098227761477, "learning_rate": 0.056128379242923215, "min_gain_to_split": 0.0010523523057583296, "nFile": 10.0, "num_iterations": 227.3506819526708, "num_leaves": 15.539913154153993}, "datetime": {"datetime": "2022-12-20 13:18:23", "elapsed": 1795.839209, "delta": 760.549546}}
{"target": 0.7099783597640661, "params": {"bagging_fraction": 0.8, "bagging_freq": 2.0, "batch_size": 10.0, "feature_fraction": 0.6972508905936535, "learning_rate": 0.3592080672747931, "min_gain_to_split": 0.012803442724228148, "nFile": 10.0, "num_iterations": 216.78066793466195, "num_leaves": 6.938352293179429}, "datetime": {"datetime": "2022-12-20 13:23:30", "elapsed": 2102.828322, "delta": 306.989113}}
{"target": 0.7156010707618395, "params": {"bagging_fraction": 0.8, "bagging_freq": 2.0, "batch_size": 10.0, "feature_fraction": 0.528785175255804, "learning_rate": 0.29465442509932893, "min_gain_to_split": 0.0775877037384977, "nFile": 10.0, "num_iterations": 601.9360835305806, "num_leaves": 9.456181664253585}, "datetime": {"datetime": "2022-12-20 13:50:40", "elapsed": 3732.744266, "delta": 1629.915944}}
