{"target": 0.6927817606605823, "params": {"bagging_fraction": 0.8, "bagging_freq": 2.0, "batch_size": 10.0, "feature_fraction": 0.6411979219835564, "learning_rate": 0.07410315534587925, "min_gain_to_split": 0.2901777298331134, "nFile": 10.0, "num_iterations": 774.7097265255215, "num_leaves": 20.45130868132023}, "datetime": {"datetime": "2022-12-22 13:23:30", "elapsed": 0.0, "delta": 0.0}}
{"target": 0.6889059666617684, "params": {"bagging_fraction": 0.8, "bagging_freq": 2.0, "batch_size": 10.0, "feature_fraction": 0.9424737691882368, "learning_rate": 0.09711880991627946, "min_gain_to_split": 0.2563536528251501, "nFile": 10.0, "num_iterations": 1091.5656754884178, "num_leaves": 6.626885976429837}, "datetime": {"datetime": "2022-12-22 14:33:36", "elapsed": 4205.538771, "delta": 4205.538771}}
{"target": 0.6875754142944888, "params": {"bagging_fraction": 0.8, "bagging_freq": 2.0, "batch_size": 10.0, "feature_fraction": 0.8130915189801231, "learning_rate": 0.0420385370349654, "min_gain_to_split": 0.05018508390924662, "nFile": 10.0, "num_iterations": 599.0505304076329, "num_leaves": 15.539913154153993}, "datetime": {"datetime": "2022-12-22 15:30:30", "elapsed": 7619.278354, "delta": 3413.739583}}
{"target": 0.6894012975157029, "params": {"bagging_fraction": 0.8, "bagging_freq": 2.0, "batch_size": 10.0, "feature_fraction": 0.9143757421613778, "learning_rate": 0.2181770330855511, "min_gain_to_split": 0.09172934296444295, "nFile": 10.0, "num_iterations": 590.829408393626, "num_leaves": 6.938352293179429}, "datetime": {"datetime": "2022-12-22 16:10:31", "elapsed": 10020.226348, "delta": 2400.947994}}
{"target": 0.6927599414826571, "params": {"bagging_fraction": 0.8, "bagging_freq": 2.0, "batch_size": 10.0, "feature_fraction": 0.7739876460465034, "learning_rate": 0.18066088833427935, "min_gain_to_split": 0.320764609176507, "nFile": 10.0, "num_iterations": 890.3947316348961, "num_leaves": 9.456181664253585}, "datetime": {"datetime": "2022-12-22 17:10:11", "elapsed": 13600.823054, "delta": 3580.596706}}
{"target": 0.6998703132742431, "params": {"bagging_fraction": 0.8, "bagging_freq": 2.0, "batch_size": 10.0, "feature_fraction": 0.7415275927214707, "learning_rate": 0.2871645539155739, "min_gain_to_split": 0.36556076748258326, "nFile": 10.0, "num_iterations": 1074.4910396140403, "num_leaves": 25.692898151874527}, "datetime": {"datetime": "2022-12-22 18:24:29", "elapsed": 18058.370787, "delta": 4457.547733}}
{"target": 0.6922450433254412, "params": {"bagging_fraction": 0.8, "bagging_freq": 2.0, "batch_size": 10.0, "feature_fraction": 0.9394879042021366, "learning_rate": 0.0527758870246975, "min_gain_to_split": 0.13093795685868465, "nFile": 10.0, "num_iterations": 590.3444693243194, "num_leaves": 27.91019305164599}, "datetime": {"datetime": "2022-12-22 19:25:57", "elapsed": 21746.974723, "delta": 3688.603936}}
{"target": 0.6946759106584446, "params": {"bagging_fraction": 0.8, "bagging_freq": 2.0, "batch_size": 10.0, "feature_fraction": 0.6275654098611679, "learning_rate": 0.1405739930200472, "min_gain_to_split": 0.3903812231492728, "nFile": 10.0, "num_iterations": 639.0769118862403, "num_leaves": 22.19865942302569}, "datetime": {"datetime": "2022-12-22 20:22:52", "elapsed": 25161.333532, "delta": 3414.358809}}
{"target": 0.6925794570771537, "params": {"bagging_fraction": 0.8, "bagging_freq": 2.0, "batch_size": 10.0, "feature_fraction": 0.8114239852763321, "learning_rate": 0.034208021689337564, "min_gain_to_split": 0.06864348312712815, "nFile": 10.0, "num_iterations": 1133.83265765242, "num_leaves": 24.96500518376766}, "datetime": {"datetime": "2022-12-22 22:08:50", "elapsed": 31520.156861, "delta": 6358.823329}}
{"target": 0.696598801009326, "params": {"bagging_fraction": 0.8, "bagging_freq": 2.0, "batch_size": 10.0, "feature_fraction": 0.7671986406154876, "learning_rate": 0.15711821715179888, "min_gain_to_split": 0.22623717078723193, "nFile": 10.0, "num_iterations": 1053.9034137394433, "num_leaves": 19.901281353079987}, "datetime": {"datetime": "2022-12-22 23:21:23", "elapsed": 35872.873848, "delta": 4352.716987}}
