{"target": 0.7027956984664331, "params": {"bagging_fraction": 0.8793244709616473, "bagging_freq": 3.8408878114444422, "batch_size": 10.0, "feature_fraction": 0.6564791687934225, "learning_rate": 0.05199861901971399, "min_gain_to_split": 0.27448883409498676, "nFile": 20.0, "num_iterations": 696.2212332325154, "num_leaves": 19.305465723078658}, "datetime": {"datetime": "2022-12-24 21:17:15", "elapsed": 0.0, "delta": 0.0}}
{"target": 0.6930591665915645, "params": {"bagging_fraction": 0.8529825237146865, "bagging_freq": 1.0073946436026584, "batch_size": 10.0, "feature_fraction": 0.7769895076752947, "learning_rate": 0.06707784097963138, "min_gain_to_split": 0.23583274608588584, "nFile": 20.0, "num_iterations": 922.5469110631556, "num_leaves": 3.8221122936014176}, "datetime": {"datetime": "2022-12-24 21:38:17", "elapsed": 1261.97019, "delta": 1261.97019}}
{"target": 0.6979675017769915, "params": {"bagging_fraction": 0.8236861161793414, "bagging_freq": 1.8638033229017392, "batch_size": 10.0, "feature_fraction": 0.7252366075920492, "learning_rate": 0.03099076564359802, "min_gain_to_split": 0.00021152446771042222, "nFile": 20.0, "num_iterations": 570.7503788625949, "num_leaves": 13.804702732652473}, "datetime": {"datetime": "2022-12-24 21:57:50", "elapsed": 2434.402786, "delta": 1172.432596}}
{"target": 0.6968274409557603, "params": {"bagging_fraction": 0.8366223600371361, "bagging_freq": 3.6093552531915445, "batch_size": 10.0, "feature_fraction": 0.7657502968645512, "learning_rate": 0.1463918492629473, "min_gain_to_split": 0.047690677673649075, "nFile": 20.0, "num_iterations": 564.87814885259, "num_leaves": 4.170954568360961}, "datetime": {"datetime": "2022-12-24 22:11:35", "elapsed": 3259.850129, "delta": 825.447343}}
{"target": 0.7003259833870041, "params": {"bagging_fraction": 0.9578013139226045, "bagging_freq": 2.3931568443406075, "batch_size": 10.0, "feature_fraction": 0.7095950584186014, "learning_rate": 0.12181230615004508, "min_gain_to_split": 0.30944526763029373, "nFile": 20.0, "num_iterations": 778.8533797392115, "num_leaves": 6.990923463964013}, "datetime": {"datetime": "2022-12-24 22:32:41", "elapsed": 4525.31926, "delta": 1265.469131}}
{"target": 0.7099344288758206, "params": {"bagging_fraction": 0.8101458828045033, "bagging_freq": 2.518163897106578, "batch_size": 10.0, "feature_fraction": 0.6966110370885883, "learning_rate": 0.19159056980675532, "min_gain_to_split": 0.36064087712295234, "nFile": 20.0, "num_iterations": 910.3507425814574, "num_leaves": 25.17604593009947}, "datetime": {"datetime": "2022-12-24 22:55:37", "elapsed": 5902.047433, "delta": 1376.728173}}
{"target": 0.7026371726001281, "params": {"bagging_fraction": 0.8079583369005137, "bagging_freq": 1.2371664592147913, "batch_size": 10.0, "feature_fraction": 0.7757951616808547, "learning_rate": 0.038025581154112156, "min_gain_to_split": 0.092500522124211, "nFile": 20.0, "num_iterations": 564.5317638030854, "num_leaves": 27.659416217843507}, "datetime": {"datetime": "2022-12-24 23:17:51", "elapsed": 7235.794308, "delta": 1333.746875}}
{"target": 0.7048486394642807, "params": {"bagging_fraction": 0.8086993877278242, "bagging_freq": 2.847960305918507, "batch_size": 10.0, "feature_fraction": 0.6510261639444672, "learning_rate": 0.09554847818554817, "min_gain_to_split": 0.3890071121705975, "nFile": 20.0, "num_iterations": 599.3406513473144, "num_leaves": 21.26249855378877}, "datetime": {"datetime": "2022-12-24 23:38:23", "elapsed": 8468.12229, "delta": 1232.327982}}
{"target": 0.7025995338051796, "params": {"bagging_fraction": 0.961252298667268, "bagging_freq": 2.359948545450415, "batch_size": 10.0, "feature_fraction": 0.7245695941105328, "learning_rate": 0.025860428003359096, "min_gain_to_split": 0.021306837859575014, "nFile": 20.0, "num_iterations": 952.7376126088714, "num_leaves": 24.36080580581978}, "datetime": {"datetime": "2022-12-25 00:16:24", "elapsed": 10748.976747, "delta": 2280.854457}}
{"target": 0.7063284854393999, "params": {"bagging_fraction": 0.8460567356871076, "bagging_freq": 1.2781780133996365, "batch_size": 10.0, "feature_fraction": 0.7068794562461951, "learning_rate": 0.10638779744428203, "min_gain_to_split": 0.20141390947112223, "nFile": 20.0, "num_iterations": 895.6452955281737, "num_leaves": 18.689435115449587}, "datetime": {"datetime": "2022-12-25 00:40:55", "elapsed": 12220.04386, "delta": 1471.067113}}
{"target": 0.707228541676489, "params": {"bagging_fraction": 0.7660680833873136, "bagging_freq": 2.103897665438619, "batch_size": 10.0, "feature_fraction": 0.6914638132056808, "learning_rate": 0.11443392823536212, "min_gain_to_split": 0.26934889310397514, "nFile": 20.0, "num_iterations": 907.2991818513626, "num_leaves": 21.71235866672937}, "datetime": {"datetime": "2022-12-25 01:04:06", "elapsed": 13610.784234, "delta": 1390.740374}}
{"target": 0.7077971045320723, "params": {"bagging_fraction": 0.8816557074951252, "bagging_freq": 1.5453950348938357, "batch_size": 10.0, "feature_fraction": 0.6637392304876152, "learning_rate": 0.12214425752952264, "min_gain_to_split": 0.1085665017739622, "nFile": 20.0, "num_iterations": 913.2905049172605, "num_leaves": 22.61550530123917}, "datetime": {"datetime": "2022-12-25 01:30:01", "elapsed": 15165.375416, "delta": 1554.591182}}
{"target": 0.7105961118520576, "params": {"bagging_fraction": 0.9640743195209724, "bagging_freq": 3.787255930258139, "batch_size": 10.0, "feature_fraction": 0.649166941076605, "learning_rate": 0.18855218934497084, "min_gain_to_split": 0.11399859659856415, "nFile": 20.0, "num_iterations": 914.0687419601691, "num_leaves": 27.711241661002155}, "datetime": {"datetime": "2022-12-25 01:56:02", "elapsed": 16726.836201, "delta": 1561.460785}}
{"target": 0.7094965567351683, "params": {"bagging_fraction": 0.8631438723832088, "bagging_freq": 2.1360565408929895, "batch_size": 10.0, "feature_fraction": 0.6696262461094956, "learning_rate": 0.1310489703907889, "min_gain_to_split": 0.215102525372048, "nFile": 20.0, "num_iterations": 910.5744498418874, "num_leaves": 29.6055182719863}, "datetime": {"datetime": "2022-12-25 02:21:34", "elapsed": 18259.056511, "delta": 1532.22031}}
{"target": 0.6998015113967635, "params": {"bagging_fraction": 0.7581399115696256, "bagging_freq": 3.790043322383363, "batch_size": 10.0, "feature_fraction": 0.658447102970522, "learning_rate": 0.025318804025265006, "min_gain_to_split": 0.2798435482307886, "nFile": 20.0, "num_iterations": 901.8530422244933, "num_leaves": 15.896114376823729}, "datetime": {"datetime": "2022-12-25 02:49:38", "elapsed": 19942.818068, "delta": 1683.761557}}
{"target": 0.7106882772031967, "params": {"bagging_fraction": 0.75, "bagging_freq": 1.0, "batch_size": 10.0, "feature_fraction": 0.6, "learning_rate": 0.2, "min_gain_to_split": 0.4, "nFile": 20.0, "num_iterations": 916.8034091011566, "num_leaves": 30.0}, "datetime": {"datetime": "2022-12-25 03:25:43", "elapsed": 22107.372478, "delta": 2164.55441}}
{"target": 0.7104778202756423, "params": {"bagging_fraction": 0.75, "bagging_freq": 4.0, "batch_size": 10.0, "feature_fraction": 0.6, "learning_rate": 0.2, "min_gain_to_split": 0.4, "nFile": 20.0, "num_iterations": 921.3268531131112, "num_leaves": 28.45032980663505}, "datetime": {"datetime": "2022-12-25 04:01:07", "elapsed": 24231.960261, "delta": 2124.587783}}
{"target": 0.7088441787386011, "params": {"bagging_fraction": 0.8858391483609792, "bagging_freq": 1.0, "batch_size": 10.0, "feature_fraction": 0.6, "learning_rate": 0.10653339825826595, "min_gain_to_split": 0.14713308916333678, "nFile": 20.0, "num_iterations": 926.049179135662, "num_leaves": 30.0}, "datetime": {"datetime": "2022-12-25 04:40:55", "elapsed": 26619.284523, "delta": 2387.324262}}
{"target": 0.7086140074520986, "params": {"bagging_fraction": 0.7699935607818257, "bagging_freq": 1.0209080546234657, "batch_size": 10.0, "feature_fraction": 0.7142028327937223, "learning_rate": 0.13288374252721097, "min_gain_to_split": 0.024448070904482533, "nFile": 20.0, "num_iterations": 922.6665599196903, "num_leaves": 24.647909020854474}, "datetime": {"datetime": "2022-12-25 05:04:27", "elapsed": 28031.898472, "delta": 1412.613949}}
{"target": 0.7095421704590141, "params": {"bagging_fraction": 0.75, "bagging_freq": 4.0, "batch_size": 10.0, "feature_fraction": 0.6, "learning_rate": 0.2, "min_gain_to_split": 0.4, "nFile": 20.0, "num_iterations": 930.3685716457724, "num_leaves": 24.923393441863276}, "datetime": {"datetime": "2022-12-25 05:40:09", "elapsed": 30173.497686, "delta": 2141.599214}}
{"target": 0.7085983776925349, "params": {"bagging_fraction": 0.833449402232617, "bagging_freq": 3.6752231480901427, "batch_size": 10.0, "feature_fraction": 0.7143907202394952, "learning_rate": 0.09853800724127484, "min_gain_to_split": 0.3282627058002614, "nFile": 20.0, "num_iterations": 934.7947298656279, "num_leaves": 29.930152269355577}, "datetime": {"datetime": "2022-12-25 06:06:18", "elapsed": 31742.817737, "delta": 1569.320051}}
{"target": 0.7082351007475557, "params": {"bagging_fraction": 0.9937293488254654, "bagging_freq": 3.950388483791018, "batch_size": 10.0, "feature_fraction": 0.7891456573002269, "learning_rate": 0.12532743960182252, "min_gain_to_split": 0.3623292915513035, "nFile": 20.0, "num_iterations": 938.4118827461764, "num_leaves": 22.706656513371804}, "datetime": {"datetime": "2022-12-25 06:34:26", "elapsed": 33430.20448, "delta": 1687.386743}}
{"target": 0.7101599769641237, "params": {"bagging_fraction": 0.8805022454216791, "bagging_freq": 1.0171232291628614, "batch_size": 10.0, "feature_fraction": 0.7405584138886703, "learning_rate": 0.14572308791904215, "min_gain_to_split": 0.3073965371685952, "nFile": 20.0, "num_iterations": 941.8652724433164, "num_leaves": 29.319286580368658}, "datetime": {"datetime": "2022-12-25 07:00:28", "elapsed": 34992.667613, "delta": 1562.463133}}
{"target": 0.7088671650856071, "params": {"bagging_fraction": 0.809380506786559, "bagging_freq": 2.49096331842951, "batch_size": 10.0, "feature_fraction": 0.6145029901918297, "learning_rate": 0.18025567280951502, "min_gain_to_split": 0.0033873120763895596, "nFile": 20.0, "num_iterations": 634.5149483562867, "num_leaves": 29.695577456244973}, "datetime": {"datetime": "2022-12-25 07:21:46", "elapsed": 36270.619062, "delta": 1277.951449}}
{"target": 0.7100000455529383, "params": {"bagging_fraction": 1.0, "bagging_freq": 1.0, "batch_size": 10.0, "feature_fraction": 0.8, "learning_rate": 0.2, "min_gain_to_split": 0.3728250492865036, "nFile": 20.0, "num_iterations": 642.9436985241316, "num_leaves": 30.0}, "datetime": {"datetime": "2022-12-25 07:41:44", "elapsed": 37468.488888, "delta": 1197.869826}}
{"target": 0.6957366316394289, "params": {"bagging_fraction": 0.7630138568352014, "bagging_freq": 4.0, "batch_size": 10.0, "feature_fraction": 0.6005939953164813, "learning_rate": 0.01, "min_gain_to_split": 0.0872039366208239, "nFile": 20.0, "num_iterations": 640.8120347498799, "num_leaves": 23.04627711199233}, "datetime": {"datetime": "2022-12-25 08:15:33", "elapsed": 39498.105795, "delta": 2029.616907}}
{"target": 0.7066823598404945, "params": {"bagging_fraction": 0.9895547350644746, "bagging_freq": 2.3002945611619317, "batch_size": 10.0, "feature_fraction": 0.7371543843059942, "learning_rate": 0.08912722298950393, "min_gain_to_split": 0.2941841185413875, "nFile": 20.0, "num_iterations": 652.6140024948277, "num_leaves": 29.548672452833898}, "datetime": {"datetime": "2022-12-25 08:38:24", "elapsed": 40868.305917, "delta": 1370.200122}}
{"target": 0.709799451631002, "params": {"bagging_fraction": 1.0, "bagging_freq": 1.0, "batch_size": 10.0, "feature_fraction": 0.8, "learning_rate": 0.2, "min_gain_to_split": 0.4, "nFile": 20.0, "num_iterations": 627.2974549903026, "num_leaves": 30.0}, "datetime": {"datetime": "2022-12-25 08:57:54", "elapsed": 42038.508086, "delta": 1170.202169}}
{"target": 0.7085852393695105, "params": {"bagging_fraction": 0.9045347892009314, "bagging_freq": 1.5002159691411023, "batch_size": 10.0, "feature_fraction": 0.7553910591834698, "learning_rate": 0.19637171096615796, "min_gain_to_split": 0.3392730968730785, "nFile": 20.0, "num_iterations": 608.8964110115244, "num_leaves": 29.487993388479644}, "datetime": {"datetime": "2022-12-25 09:18:32", "elapsed": 43276.265323, "delta": 1237.757237}}
{"target": 0.7069641475217723, "params": {"bagging_fraction": 0.9380548446680368, "bagging_freq": 2.934215999268389, "batch_size": 10.0, "feature_fraction": 0.7932323413533398, "learning_rate": 0.10266616433167819, "min_gain_to_split": 0.04140566640019405, "nFile": 20.0, "num_iterations": 616.9801149470748, "num_leaves": 29.728912843506887}, "datetime": {"datetime": "2022-12-25 09:39:10", "elapsed": 44514.720443, "delta": 1238.45512}}
{"target": 0.7085455446567209, "params": {"bagging_fraction": 0.8345153685550506, "bagging_freq": 1.0693815415560834, "batch_size": 10.0, "feature_fraction": 0.6315641203144183, "learning_rate": 0.16375578006969754, "min_gain_to_split": 0.24199364818849647, "nFile": 20.0, "num_iterations": 665.6331542884144, "num_leaves": 29.073357511863197}, "datetime": {"datetime": "2022-12-25 09:58:51", "elapsed": 45696.19687, "delta": 1181.476427}}
{"target": 0.7051811612418071, "params": {"bagging_fraction": 0.9111765672950274, "bagging_freq": 1.059574870024607, "batch_size": 10.0, "feature_fraction": 0.6342060572758526, "learning_rate": 0.09823500790137087, "min_gain_to_split": 0.026265827156954247, "nFile": 20.0, "num_iterations": 662.7575343742028, "num_leaves": 20.485603965126273}, "datetime": {"datetime": "2022-12-25 10:20:29", "elapsed": 46993.34854, "delta": 1297.15167}}
{"target": 0.7088791607928429, "params": {"bagging_fraction": 0.9015075302770104, "bagging_freq": 1.3741516778587481, "batch_size": 10.0, "feature_fraction": 0.6764715118856358, "learning_rate": 0.17797449037388818, "min_gain_to_split": 0.05236149533320314, "nFile": 20.0, "num_iterations": 674.6158424958571, "num_leaves": 27.350976886401536}, "datetime": {"datetime": "2022-12-25 10:40:12", "elapsed": 48176.37953, "delta": 1183.03099}}
{"target": 0.7063557947308196, "params": {"bagging_fraction": 0.75, "bagging_freq": 4.0, "batch_size": 10.0, "feature_fraction": 0.7887177828443556, "learning_rate": 0.1538795498961823, "min_gain_to_split": 0.4, "nFile": 20.0, "num_iterations": 674.9892563563892, "num_leaves": 18.59276640078927}, "datetime": {"datetime": "2022-12-25 10:57:52", "elapsed": 49236.369754, "delta": 1059.990224}}
{"target": 0.7044768090569092, "params": {"bagging_fraction": 0.8998914341723484, "bagging_freq": 2.5773066254974397, "batch_size": 10.0, "feature_fraction": 0.7467079097970063, "learning_rate": 0.049424413013473445, "min_gain_to_split": 0.04510321012721974, "nFile": 20.0, "num_iterations": 683.5555533222422, "num_leaves": 28.36375287700651}, "datetime": {"datetime": "2022-12-25 11:26:27", "elapsed": 50951.737739, "delta": 1715.367985}}
