{"target": 0.6996316289923321, "params": {"bagging_fraction": 0.8793244709616473, "bagging_freq": 3.8408878114444422, "batch_size": 10.0, "feature_fraction": 0.6564791687934225, "learning_rate": 0.05199861901971399, "min_gain_to_split": 0.27448883409498676, "nFile": 10.0, "num_iterations": 696.2212332325154, "num_leaves": 19.305465723078658}, "datetime": {"datetime": "2022-12-23 19:10:39", "elapsed": 0.0, "delta": 0.0}}
{"target": 0.6869780834058833, "params": {"bagging_fraction": 0.8529825237146865, "bagging_freq": 1.0073946436026584, "batch_size": 10.0, "feature_fraction": 0.7769895076752947, "learning_rate": 0.06707784097963138, "min_gain_to_split": 0.23583274608588584, "nFile": 10.0, "num_iterations": 922.5469110631556, "num_leaves": 3.8221122936014176}, "datetime": {"datetime": "2022-12-23 19:41:42", "elapsed": 1863.618066, "delta": 1863.618066}}
{"target": 0.6930884807729375, "params": {"bagging_fraction": 0.8236861161793414, "bagging_freq": 1.8638033229017392, "batch_size": 10.0, "feature_fraction": 0.7252366075920492, "learning_rate": 0.03099076564359802, "min_gain_to_split": 0.00021152446771042222, "nFile": 10.0, "num_iterations": 570.7503788625949, "num_leaves": 13.804702732652473}, "datetime": {"datetime": "2022-12-23 20:16:42", "elapsed": 3963.006681, "delta": 2099.388615}}
{"target": 0.6922322913621601, "params": {"bagging_fraction": 0.8366223600371361, "bagging_freq": 3.6093552531915445, "batch_size": 10.0, "feature_fraction": 0.7657502968645512, "learning_rate": 0.1463918492629473, "min_gain_to_split": 0.047690677673649075, "nFile": 10.0, "num_iterations": 564.87814885259, "num_leaves": 4.170954568360961}, "datetime": {"datetime": "2022-12-23 20:39:47", "elapsed": 5348.848613, "delta": 1385.841932}}
{"target": 0.6967528576323433, "params": {"bagging_fraction": 0.9578013139226045, "bagging_freq": 2.3931568443406075, "batch_size": 10.0, "feature_fraction": 0.7095950584186014, "learning_rate": 0.12181230615004508, "min_gain_to_split": 0.30944526763029373, "nFile": 10.0, "num_iterations": 778.8533797392115, "num_leaves": 6.990923463964013}, "datetime": {"datetime": "2022-12-23 21:13:48", "elapsed": 7388.945687, "delta": 2040.097074}}
{"target": 0.7063426557232253, "params": {"bagging_fraction": 0.8101458828045033, "bagging_freq": 2.518163897106578, "batch_size": 10.0, "feature_fraction": 0.6966110370885883, "learning_rate": 0.19159056980675532, "min_gain_to_split": 0.36064087712295234, "nFile": 10.0, "num_iterations": 910.3507425814574, "num_leaves": 25.17604593009947}, "datetime": {"datetime": "2022-12-23 21:51:10", "elapsed": 9631.279927, "delta": 2242.33424}}
{"target": 0.6988908433228149, "params": {"bagging_fraction": 0.8079583369005137, "bagging_freq": 1.2371664592147913, "batch_size": 10.0, "feature_fraction": 0.7757951616808547, "learning_rate": 0.038025581154112156, "min_gain_to_split": 0.092500522124211, "nFile": 10.0, "num_iterations": 564.5317638030854, "num_leaves": 27.659416217843507}, "datetime": {"datetime": "2022-12-23 22:26:43", "elapsed": 11764.699862, "delta": 2133.419935}}
{"target": 0.7019415149501685, "params": {"bagging_fraction": 0.8086993877278242, "bagging_freq": 2.847960305918507, "batch_size": 10.0, "feature_fraction": 0.6510261639444672, "learning_rate": 0.09554847818554817, "min_gain_to_split": 0.3890071121705975, "nFile": 10.0, "num_iterations": 599.3406513473144, "num_leaves": 21.26249855378877}, "datetime": {"datetime": "2022-12-23 22:56:14", "elapsed": 13535.492897, "delta": 1770.793035}}
{"target": 0.6990560203037748, "params": {"bagging_fraction": 0.961252298667268, "bagging_freq": 2.359948545450415, "batch_size": 10.0, "feature_fraction": 0.7245695941105328, "learning_rate": 0.025860428003359096, "min_gain_to_split": 0.021306837859575014, "nFile": 10.0, "num_iterations": 952.7376126088714, "num_leaves": 24.36080580581978}, "datetime": {"datetime": "2022-12-23 23:57:35", "elapsed": 17216.287721, "delta": 3680.794824}}
{"target": 0.7033213003401916, "params": {"bagging_fraction": 0.8460567356871076, "bagging_freq": 1.2781780133996365, "batch_size": 10.0, "feature_fraction": 0.7068794562461951, "learning_rate": 0.10638779744428203, "min_gain_to_split": 0.20141390947112223, "nFile": 10.0, "num_iterations": 895.6452955281737, "num_leaves": 18.689435115449587}, "datetime": {"datetime": "2022-12-24 00:35:28", "elapsed": 19489.830362, "delta": 2273.542641}}
{"target": 0.7041642232989511, "params": {"bagging_fraction": 0.7856646410519978, "bagging_freq": 2.578033995160212, "batch_size": 10.0, "feature_fraction": 0.75478444682736, "learning_rate": 0.08243731830362187, "min_gain_to_split": 0.08744078082464868, "nFile": 10.0, "num_iterations": 908.9629285977086, "num_leaves": 25.337441882241723}, "datetime": {"datetime": "2022-12-24 01:15:24", "elapsed": 21885.402395, "delta": 2395.572033}}
{"target": 0.6995741791299228, "params": {"bagging_fraction": 0.7972534790662765, "bagging_freq": 3.5328229970776013, "batch_size": 10.0, "feature_fraction": 0.7261891883795355, "learning_rate": 0.02830724912891712, "min_gain_to_split": 0.32828528110726907, "nFile": 10.0, "num_iterations": 915.9366164107333, "num_leaves": 25.873919398022696}, "datetime": {"datetime": "2022-12-24 02:28:38", "elapsed": 26279.825229, "delta": 4394.422834}}
{"target": 0.7031132718560762, "params": {"bagging_fraction": 0.7703500317602996, "bagging_freq": 3.22453065712668, "batch_size": 10.0, "feature_fraction": 0.7627989602319232, "learning_rate": 0.08060727948900427, "min_gain_to_split": 0.27948219783077594, "nFile": 10.0, "num_iterations": 910.9629125404836, "num_leaves": 21.34348831463798}, "datetime": {"datetime": "2022-12-24 03:07:09", "elapsed": 28589.870318, "delta": 2310.045089}}
{"target": 0.6989143353416056, "params": {"bagging_fraction": 0.9242847598178063, "bagging_freq": 1.9068242491997927, "batch_size": 10.0, "feature_fraction": 0.6899855125490738, "learning_rate": 0.022234611513272655, "min_gain_to_split": 0.25835716773810263, "nFile": 10.0, "num_iterations": 910.8288647187395, "num_leaves": 29.4219359229343}, "datetime": {"datetime": "2022-12-24 04:08:33", "elapsed": 32274.788139, "delta": 3684.917821}}
{"target": 0.7048578677157373, "params": {"bagging_fraction": 0.8815577545663429, "bagging_freq": 1.3631732381696158, "batch_size": 10.0, "feature_fraction": 0.7351594969681031, "learning_rate": 0.17270840226745834, "min_gain_to_split": 0.28022768031340756, "nFile": 10.0, "num_iterations": 901.0929157432847, "num_leaves": 18.566427903794164}, "datetime": {"datetime": "2022-12-24 04:44:51", "elapsed": 34452.738888, "delta": 2177.950749}}
{"target": 0.7028122231947691, "params": {"bagging_fraction": 0.8859160251659195, "bagging_freq": 3.8386916820409605, "batch_size": 10.0, "feature_fraction": 0.6017854168930816, "learning_rate": 0.1360210528957101, "min_gain_to_split": 0.12293455820711481, "nFile": 10.0, "num_iterations": 898.0255236700377, "num_leaves": 14.02640665591407}, "datetime": {"datetime": "2022-12-24 05:40:24", "elapsed": 37785.261096, "delta": 3332.522208}}
{"target": 0.6969109318350636, "params": {"bagging_fraction": 0.9999910339605319, "bagging_freq": 3.0401537936626077, "batch_size": 10.0, "feature_fraction": 0.6268653548477437, "learning_rate": 0.02077119122288682, "min_gain_to_split": 0.06585989021609935, "nFile": 10.0, "num_iterations": 899.3838069300987, "num_leaves": 23.97639242873967}, "datetime": {"datetime": "2022-12-24 06:42:36", "elapsed": 41517.784187, "delta": 3732.523091}}
{"target": 0.7043176346105693, "params": {"bagging_fraction": 0.75, "bagging_freq": 1.0, "batch_size": 10.0, "feature_fraction": 0.7961321812217635, "learning_rate": 0.2, "min_gain_to_split": 0.04319888866404895, "nFile": 10.0, "num_iterations": 903.71455554688, "num_leaves": 14.418973944904398}, "datetime": {"datetime": "2022-12-24 07:14:35", "elapsed": 43436.852995, "delta": 1919.068808}}
{"target": 0.6881667921015862, "params": {"bagging_fraction": 0.90997040071027, "bagging_freq": 1.197602065085841, "batch_size": 10.0, "feature_fraction": 0.7177573297664982, "learning_rate": 0.010642794696700505, "min_gain_to_split": 0.3924080479313043, "nFile": 10.0, "num_iterations": 891.6215324355826, "num_leaves": 12.687692806547753}, "datetime": {"datetime": "2022-12-24 08:05:32", "elapsed": 46493.211997, "delta": 3056.359002}}
{"target": 0.7048759833447171, "params": {"bagging_fraction": 0.9010086937773867, "bagging_freq": 2.3538074350829508, "batch_size": 10.0, "feature_fraction": 0.7525510624792643, "learning_rate": 0.16428339186062202, "min_gain_to_split": 0.3380034213283567, "nFile": 10.0, "num_iterations": 905.9009258407052, "num_leaves": 18.770112862777832}, "datetime": {"datetime": "2022-12-24 08:42:51", "elapsed": 48732.28895, "delta": 2239.076953}}
{"target": 0.7027288202632602, "params": {"bagging_fraction": 0.8423786439836815, "bagging_freq": 2.8287466705130644, "batch_size": 10.0, "feature_fraction": 0.7909760576324282, "learning_rate": 0.13473725669535425, "min_gain_to_split": 0.23991250859447397, "nFile": 10.0, "num_iterations": 909.202680566472, "num_leaves": 13.285086871564804}, "datetime": {"datetime": "2022-12-24 09:18:32", "elapsed": 50873.322088, "delta": 2141.033138}}
{"target": 0.7011689095550806, "params": {"bagging_fraction": 0.9628304363906384, "bagging_freq": 4.0, "batch_size": 10.0, "feature_fraction": 0.6, "learning_rate": 0.2, "min_gain_to_split": 0.08707921485459473, "nFile": 10.0, "num_iterations": 903.7947192923118, "num_leaves": 8.748224180682382}, "datetime": {"datetime": "2022-12-24 10:14:55", "elapsed": 54255.88959, "delta": 3382.567502}}
{"target": 0.7013217264624215, "params": {"bagging_fraction": 0.8820762052835065, "bagging_freq": 1.2989623469128744, "batch_size": 10.0, "feature_fraction": 0.6302778016696501, "learning_rate": 0.10867984395434933, "min_gain_to_split": 0.20816089917667502, "nFile": 10.0, "num_iterations": 605.9479659485745, "num_leaves": 17.162995711239315}, "datetime": {"datetime": "2022-12-24 10:44:55", "elapsed": 56055.901928, "delta": 1800.012338}}
{"target": 0.7012569593352819, "params": {"bagging_fraction": 0.9171763594087445, "bagging_freq": 3.937817305438621, "batch_size": 10.0, "feature_fraction": 0.7662990847250182, "learning_rate": 0.14403196902856907, "min_gain_to_split": 0.2012873067198685, "nFile": 10.0, "num_iterations": 598.4929840795339, "num_leaves": 13.758313590220506}, "datetime": {"datetime": "2022-12-24 11:11:31", "elapsed": 57652.054835, "delta": 1596.152907}}
{"target": 0.7044704853552392, "params": {"bagging_fraction": 0.8393219486667234, "bagging_freq": 3.2928986608361956, "batch_size": 10.0, "feature_fraction": 0.6697970093805428, "learning_rate": 0.1561854342532401, "min_gain_to_split": 0.2809318073884741, "nFile": 10.0, "num_iterations": 606.3771894889437, "num_leaves": 26.33416832407941}, "datetime": {"datetime": "2022-12-24 11:38:36", "elapsed": 59277.122898, "delta": 1625.068063}}
{"target": 0.6979970535321778, "params": {"bagging_fraction": 0.9199760603618288, "bagging_freq": 3.887303226780916, "batch_size": 10.0, "feature_fraction": 0.7700734835988229, "learning_rate": 0.030351335197788203, "min_gain_to_split": 0.30575399576185724, "nFile": 10.0, "num_iterations": 601.4257699264316, "num_leaves": 28.919328478205266}, "datetime": {"datetime": "2022-12-24 12:18:58", "elapsed": 61699.854475, "delta": 2422.731577}}
{"target": 0.7046412347395854, "params": {"bagging_fraction": 0.9302785168058703, "bagging_freq": 1.1291468987281088, "batch_size": 10.0, "feature_fraction": 0.6489280566536361, "learning_rate": 0.15783332051541046, "min_gain_to_split": 0.10159547274787806, "nFile": 10.0, "num_iterations": 611.0057236264695, "num_leaves": 26.400211380551543}, "datetime": {"datetime": "2022-12-24 12:47:58", "elapsed": 63439.004784, "delta": 1739.150309}}
{"target": 0.7003228359917893, "params": {"bagging_fraction": 0.7775204358601059, "bagging_freq": 3.2951812884141285, "batch_size": 10.0, "feature_fraction": 0.7173345322161611, "learning_rate": 0.060859248419306206, "min_gain_to_split": 0.285724962039618, "nFile": 10.0, "num_iterations": 611.9231975651161, "num_leaves": 21.767730020493673}, "datetime": {"datetime": "2022-12-24 13:18:51", "elapsed": 65292.174736, "delta": 1853.169952}}
{"target": 0.702595841610408, "params": {"bagging_fraction": 0.9712432484365812, "bagging_freq": 3.2517328595582775, "batch_size": 10.0, "feature_fraction": 0.6098165484742599, "learning_rate": 0.07478957567691837, "min_gain_to_split": 0.3668582203264345, "nFile": 10.0, "num_iterations": 613.9287413816999, "num_leaves": 29.32359979142219}, "datetime": {"datetime": "2022-12-24 14:00:46", "elapsed": 67807.251547, "delta": 2515.076811}}
{"target": 0.7054540213916406, "params": {"bagging_fraction": 0.8043218181610292, "bagging_freq": 1.3532320519366356, "batch_size": 10.0, "feature_fraction": 0.7389473164362851, "learning_rate": 0.18437451009998396, "min_gain_to_split": 0.18601151684909803, "nFile": 10.0, "num_iterations": 607.6191653705454, "num_leaves": 29.847884193380313}, "datetime": {"datetime": "2022-12-24 14:26:58", "elapsed": 69379.572, "delta": 1572.320453}}
{"target": 0.6864600452579981, "params": {"bagging_fraction": 0.8785436208106079, "bagging_freq": 1.686837602423788, "batch_size": 10.0, "feature_fraction": 0.6, "learning_rate": 0.01, "min_gain_to_split": 0.2061587660388843, "nFile": 10.0, "num_iterations": 590.074866570622, "num_leaves": 18.534961957266272}, "datetime": {"datetime": "2022-12-24 15:15:32", "elapsed": 72293.176529, "delta": 2913.604529}}
{"target": 0.6938209976242151, "params": {"bagging_fraction": 0.8367192098240425, "bagging_freq": 2.533828289641703, "batch_size": 10.0, "feature_fraction": 0.7329393590077253, "learning_rate": 0.12111020001034757, "min_gain_to_split": 0.32623693093564876, "nFile": 10.0, "num_iterations": 604.3580085727934, "num_leaves": 5.29685518749257}, "datetime": {"datetime": "2022-12-24 15:39:21", "elapsed": 73721.987065, "delta": 1428.810536}}
{"target": 0.7058877669824604, "params": {"bagging_fraction": 0.9969350365706016, "bagging_freq": 1.152084602056175, "batch_size": 10.0, "feature_fraction": 0.7979634332844485, "learning_rate": 0.1817433361566838, "min_gain_to_split": 0.05852699692668373, "nFile": 10.0, "num_iterations": 625.6681726028602, "num_leaves": 29.861368950791995}, "datetime": {"datetime": "2022-12-24 16:09:21", "elapsed": 75522.679372, "delta": 1800.692307}}
{"target": 0.7036218382137633, "params": {"bagging_fraction": 0.8961252974921244, "bagging_freq": 3.769969868079391, "batch_size": 10.0, "feature_fraction": 0.7934177077603282, "learning_rate": 0.10695260900054089, "min_gain_to_split": 0.3730254417754042, "nFile": 10.0, "num_iterations": 629.3590502297224, "num_leaves": 26.014476106004942}, "datetime": {"datetime": "2022-12-24 16:40:27", "elapsed": 77388.607409, "delta": 1865.928037}}
{"target": 0.6926182304957871, "params": {"bagging_fraction": 0.8118881526684121, "bagging_freq": 1.6518804029210272, "batch_size": 10.0, "feature_fraction": 0.7570807044372916, "learning_rate": 0.015824047374329464, "min_gain_to_split": 0.11157295355675534, "nFile": 10.0, "num_iterations": 622.4186873244669, "num_leaves": 24.24474087477625}, "datetime": {"datetime": "2022-12-24 17:20:29", "elapsed": 79789.869344, "delta": 2401.261935}}
