{"target": 0.7276532149513014, "params": {"batch_size": 10.0, "learning_rate": 0.1568657044686297, "nFile": 10.0, "num_iterations": 262.7954727640393, "num_leaves": 5.2821997656771025}, "datetime": {"datetime": "2022-12-09 14:06:04", "elapsed": 0.0, "delta": 0.0}}
{"target": 0.7348781068101543, "params": {"batch_size": 10.0, "learning_rate": 0.22190656286154625, "nFile": 10.0, "num_iterations": 48.384252766136996, "num_leaves": 37.48510970559424}, "datetime": {"datetime": "2022-12-09 14:07:01", "elapsed": 57.343497, "delta": 57.343497}}
{"target": 0.7381779666854171, "params": {"batch_size": 10.0, "learning_rate": 0.2725201064075888, "nFile": 10.0, "num_iterations": 677.1212355246837, "num_leaves": 13.770111622557014}, "datetime": {"datetime": "2022-12-09 14:09:41", "elapsed": 217.711469, "delta": 160.367972}}
{"target": 0.7368297486893383, "params": {"batch_size": 10.0, "learning_rate": 0.3197432106141684, "nFile": 10.0, "num_iterations": 853.4888068186239, "num_leaves": 23.965915570275175}, "datetime": {"datetime": "2022-12-09 14:11:08", "elapsed": 304.229134, "delta": 86.517665}}
{"target": 0.7333840462030087, "params": {"batch_size": 10.0, "learning_rate": 0.31400148749182893, "nFile": 10.0, "num_iterations": 696.7492648753997, "num_leaves": 7.8830360980824565}, "datetime": {"datetime": "2022-12-09 14:12:19", "elapsed": 375.156066, "delta": 70.926932}}
{"target": 0.7347457123336114, "params": {"batch_size": 10.0, "learning_rate": 0.04780299417981094, "nFile": 10.0, "num_iterations": 985.0867886317066, "num_leaves": 12.212630088760559}, "datetime": {"datetime": "2022-12-09 14:16:54", "elapsed": 650.818704, "delta": 275.662638}}
{"target": 0.7379090645903934, "params": {"batch_size": 10.0, "learning_rate": 0.15166246865573793, "nFile": 10.0, "num_iterations": 279.5829780864697, "num_leaves": 21.038078552619975}, "datetime": {"datetime": "2022-12-09 14:18:51", "elapsed": 767.815564, "delta": 116.99686}}
{"target": 0.7382883009854051, "params": {"batch_size": 10.0, "learning_rate": 0.07044175474208887, "nFile": 10.0, "num_iterations": 506.42906726809406, "num_leaves": 37.98897313632929}, "datetime": {"datetime": "2022-12-09 14:22:42", "elapsed": 998.745512, "delta": 230.929948}}
{"target": 0.7376276804103039, "params": {"batch_size": 10.0, "learning_rate": 0.4404228220797099, "nFile": 10.0, "num_iterations": 891.0581832020679, "num_leaves": 28.1391743038915}, "datetime": {"datetime": "2022-12-09 14:24:22", "elapsed": 1098.474788, "delta": 99.729276}}
{"target": 0.7375605347392138, "params": {"batch_size": 10.0, "learning_rate": 0.4766983000429447, "nFile": 10.0, "num_iterations": 384.5227667109624, "num_leaves": 26.554106354466505}, "datetime": {"datetime": "2022-12-09 14:25:50", "elapsed": 1186.750046, "delta": 88.275258}}
{"target": 0.7388512772828875, "params": {"batch_size": 10.0, "learning_rate": 0.19249506080054238, "nFile": 10.0, "num_iterations": 507.01610568278755, "num_leaves": 39.416561908464615}, "datetime": {"datetime": "2022-12-09 14:27:23", "elapsed": 1279.854207, "delta": 93.104161}}
{"target": 0.7377494698416218, "params": {"batch_size": 10.0, "learning_rate": 0.051628724808599806, "nFile": 10.0, "num_iterations": 516.9545450501107, "num_leaves": 38.40402297710884}, "datetime": {"datetime": "2022-12-09 14:31:02", "elapsed": 1498.678219, "delta": 218.824012}}
{"target": 0.73830021039382, "params": {"batch_size": 10.0, "learning_rate": 0.3785305592259854, "nFile": 10.0, "num_iterations": 663.4530079852588, "num_leaves": 15.389879395709283}, "datetime": {"datetime": "2022-12-09 14:32:34", "elapsed": 1590.511162, "delta": 91.832943}}
{"target": 0.7373088036659895, "params": {"batch_size": 10.0, "learning_rate": 0.0536877014769854, "nFile": 10.0, "num_iterations": 672.8613600698282, "num_leaves": 29.389371887846032}, "datetime": {"datetime": "2022-12-09 14:37:25", "elapsed": 1881.070643, "delta": 290.559481}}
{"target": 0.7383682769028758, "params": {"batch_size": 10.0, "learning_rate": 0.40887343574210194, "nFile": 10.0, "num_iterations": 291.5251494150349, "num_leaves": 31.121544401595138}, "datetime": {"datetime": "2022-12-09 14:38:44", "elapsed": 1960.68676, "delta": 79.616117}}
{"target": 0.7384748888910215, "params": {"batch_size": 10.0, "learning_rate": 0.23404243018284632, "nFile": 10.0, "num_iterations": 277.73237309482886, "num_leaves": 37.620825716733144}, "datetime": {"datetime": "2022-12-09 14:40:03", "elapsed": 2039.529349, "delta": 78.842589}}
{"target": 0.7343627226242064, "params": {"batch_size": 10.0, "learning_rate": 0.08336172547020791, "nFile": 10.0, "num_iterations": 299.4043356897587, "num_leaves": 14.474485595309519}, "datetime": {"datetime": "2022-12-09 14:42:08", "elapsed": 2164.633881, "delta": 125.104532}}
{"target": 0.7331587277338456, "params": {"batch_size": 10.0, "learning_rate": 0.14309498826985415, "nFile": 10.0, "num_iterations": 646.1949687809963, "num_leaves": 6.281125604664062}, "datetime": {"datetime": "2022-12-09 14:44:23", "elapsed": 2299.334475, "delta": 134.700594}}
{"target": 0.7373723093585194, "params": {"batch_size": 10.0, "learning_rate": 0.4127213150642428, "nFile": 10.0, "num_iterations": 877.6890390789947, "num_leaves": 15.41464590361495}, "datetime": {"datetime": "2022-12-09 14:45:30", "elapsed": 2366.722003, "delta": 67.387528}}
{"target": 0.7391272124194079, "params": {"batch_size": 10.0, "learning_rate": 0.16665722184307677, "nFile": 10.0, "num_iterations": 873.1075758615278, "num_leaves": 36.34443948491686}, "datetime": {"datetime": "2022-12-09 14:47:27", "elapsed": 2483.281077, "delta": 116.559074}}
