{"target": 0.7391603617055623, "params": {"batch_size": 10.0, "learning_rate": 0.26747076842692985, "nFile": 70.0, "num_iterations": 262.12524116947156, "num_leaves": 15.059411144671346}, "datetime": {"datetime": "2022-12-09 16:38:25", "elapsed": 0.0, "delta": 0.0}}
{"target": 0.739167348419589, "params": {"batch_size": 10.0, "learning_rate": 0.08945563842021442, "nFile": 70.0, "num_iterations": 872.1094803296852, "num_leaves": 35.95308321207226}, "datetime": {"datetime": "2022-12-09 16:39:15", "elapsed": 49.946921, "delta": 49.946921}}
{"target": 0.7391395940018559, "params": {"batch_size": 10.0, "learning_rate": 0.246139430091717, "nFile": 70.0, "num_iterations": 618.8643141126405, "num_leaves": 31.612566966762426}, "datetime": {"datetime": "2022-12-09 16:39:58", "elapsed": 92.493131, "delta": 42.54621}}
{"target": 0.7391401327512934, "params": {"batch_size": 10.0, "learning_rate": 0.21742315271501536, "nFile": 70.0, "num_iterations": 602.0696802764433, "num_leaves": 31.324211185958404}, "datetime": {"datetime": "2022-12-09 16:40:40", "elapsed": 134.447995, "delta": 41.954864}}
{"target": 0.7391471143248785, "params": {"batch_size": 10.0, "learning_rate": 0.12885721713685822, "nFile": 70.0, "num_iterations": 449.63091584856124, "num_leaves": 30.186160349091207}, "datetime": {"datetime": "2022-12-09 16:41:24", "elapsed": 178.927409, "delta": 44.479414}}
{"target": 0.7391420917457804, "params": {"batch_size": 10.0, "learning_rate": 0.497361243276095, "nFile": 70.0, "num_iterations": 730.1013626651056, "num_leaves": 13.821721512859364}, "datetime": {"datetime": "2022-12-09 16:42:07", "elapsed": 221.881632, "delta": 42.954223}}
{"target": 0.7391318817360564, "params": {"batch_size": 10.0, "learning_rate": 0.46442361097902235, "nFile": 70.0, "num_iterations": 250.08692183095587, "num_leaves": 8.676213188875114}, "datetime": {"datetime": "2022-12-09 16:42:51", "elapsed": 265.284586, "delta": 43.402954}}
{"target": 0.7391177391421011, "params": {"batch_size": 10.0, "learning_rate": 0.18308578845586151, "nFile": 70.0, "num_iterations": 372.28903518991353, "num_leaves": 12.758206289145388}, "datetime": {"datetime": "2022-12-09 16:43:35", "elapsed": 309.554251, "delta": 44.269665}}
{"target": 0.7391062757386743, "params": {"batch_size": 10.0, "learning_rate": 0.14012663076363815, "nFile": 70.0, "num_iterations": 394.89644658501686, "num_leaves": 5.088827346659738}, "datetime": {"datetime": "2022-12-09 16:44:22", "elapsed": 356.561818, "delta": 47.007567}}
{"target": 0.7391458597518596, "params": {"batch_size": 10.0, "learning_rate": 0.2577559106191401, "nFile": 70.0, "num_iterations": 375.4455826071703, "num_leaves": 26.10635604610459}, "datetime": {"datetime": "2022-12-09 16:45:05", "elapsed": 399.443074, "delta": 42.881256}}
{"target": 0.7391537331586149, "params": {"batch_size": 10.0, "learning_rate": 0.45548361004812726, "nFile": 70.0, "num_iterations": 17.46057231883124, "num_leaves": 13.243841316125996}, "datetime": {"datetime": "2022-12-09 16:45:48", "elapsed": 442.954605, "delta": 43.511531}}
{"target": 0.7391175607252491, "params": {"batch_size": 10.0, "learning_rate": 0.15884258673928645, "nFile": 70.0, "num_iterations": 261.5785280549417, "num_leaves": 15.328515681016183}, "datetime": {"datetime": "2022-12-09 16:46:38", "elapsed": 492.607475, "delta": 49.65287}}
{"target": 0.7391809648266039, "params": {"batch_size": 10.0, "learning_rate": 0.4335307129120749, "nFile": 70.0, "num_iterations": 761.4908197921033, "num_leaves": 17.77930148834491}, "datetime": {"datetime": "2022-12-09 16:47:25", "elapsed": 539.25127, "delta": 46.643795}}
{"target": 0.7391128986736613, "params": {"batch_size": 10.0, "learning_rate": 0.3373583223654452, "nFile": 70.0, "num_iterations": 516.6545837453714, "num_leaves": 6.15076516569512}, "datetime": {"datetime": "2022-12-09 16:48:12", "elapsed": 586.162105, "delta": 46.910835}}
{"target": 0.7390758321903468, "params": {"batch_size": 10.0, "learning_rate": 0.014304883220630601, "nFile": 70.0, "num_iterations": 375.66679877354, "num_leaves": 13.925433723855853}, "datetime": {"datetime": "2022-12-09 16:48:55", "elapsed": 629.274552, "delta": 43.112447}}
{"target": 0.7391456760090707, "params": {"batch_size": 10.0, "learning_rate": 0.41171049457498476, "nFile": 70.0, "num_iterations": 17.521601429858265, "num_leaves": 13.342332212663504}, "datetime": {"datetime": "2022-12-09 16:49:43", "elapsed": 677.715719, "delta": 48.441167}}
{"target": 0.7391687806405395, "params": {"batch_size": 10.0, "learning_rate": 0.3879276217040265, "nFile": 70.0, "num_iterations": 617.8743241420461, "num_leaves": 37.67708944432044}, "datetime": {"datetime": "2022-12-09 16:50:27", "elapsed": 721.555072, "delta": 43.839353}}
{"target": 0.7391109369077116, "params": {"batch_size": 10.0, "learning_rate": 0.17885606987289596, "nFile": 70.0, "num_iterations": 760.9277273144808, "num_leaves": 18.281441061973574}, "datetime": {"datetime": "2022-12-09 16:51:12", "elapsed": 766.618235, "delta": 45.063163}}
{"target": 0.7391582166782817, "params": {"batch_size": 10.0, "learning_rate": 0.20385765566367162, "nFile": 70.0, "num_iterations": 236.99454145425983, "num_leaves": 39.193777126951574}, "datetime": {"datetime": "2022-12-09 16:51:57", "elapsed": 811.668975, "delta": 45.05074}}
{"target": 0.7391417436068665, "params": {"batch_size": 10.0, "learning_rate": 0.22429200507983785, "nFile": 70.0, "num_iterations": 91.65786591712208, "num_leaves": 31.57710675223606}, "datetime": {"datetime": "2022-12-09 16:52:46", "elapsed": 860.806995, "delta": 49.13802}}
