{"target": 0.7343909070950148, "params": {"bagging_fraction": 0.8, "bagging_freq": 2.0, "batch_size": 10.0, "feature_fraction": 0.3694375063802676, "learning_rate": 0.11130163626756465, "min_gain_to_split": 0.06893598643850922, "nFile": 10.0, "num_iterations": 453.1982198185276, "num_leaves": 20.45130868132023}, "datetime": {"datetime": "2022-12-18 15:14:56", "elapsed": 0.0, "delta": 0.0}}
{"target": 0.7324975822614349, "params": {"bagging_fraction": 0.8, "bagging_freq": 2.0, "batch_size": 10.0, "feature_fraction": 0.7309685230258842, "learning_rate": 0.150904434993874, "min_gain_to_split": 0.05936860465625675, "nFile": 10.0, "num_iterations": 860.5844399136801, "num_leaves": 6.626885976429837}, "datetime": {"datetime": "2022-12-18 15:29:31", "elapsed": 875.299673, "delta": 875.299673}}
{"target": 0.7254386226033942, "params": {"bagging_fraction": 0.8, "bagging_freq": 2.0, "batch_size": 10.0, "feature_fraction": 0.5757098227761477, "learning_rate": 0.056128379242923215, "min_gain_to_split": 0.0010523523057583296, "nFile": 10.0, "num_iterations": 227.3506819526708, "num_leaves": 15.539913154153993}, "datetime": {"datetime": "2022-12-18 15:35:14", "elapsed": 1217.926957, "delta": 342.627284}}
{"target": 0.7289584339778767, "params": {"bagging_fraction": 0.8, "bagging_freq": 2.0, "batch_size": 10.0, "feature_fraction": 0.6972508905936535, "learning_rate": 0.3592080672747931, "min_gain_to_split": 0.012803442724228148, "nFile": 10.0, "num_iterations": 216.78066793466195, "num_leaves": 6.938352293179429}, "datetime": {"datetime": "2022-12-18 15:39:25", "elapsed": 1468.961111, "delta": 251.034154}}
{"target": 0.7341328037528955, "params": {"bagging_fraction": 0.8, "bagging_freq": 2.0, "batch_size": 10.0, "feature_fraction": 0.528785175255804, "learning_rate": 0.29465442509932893, "min_gain_to_split": 0.0775877037384977, "nFile": 10.0, "num_iterations": 601.9360835305806, "num_leaves": 9.456181664253585}, "datetime": {"datetime": "2022-12-18 15:49:19", "elapsed": 2062.592116, "delta": 593.631005}}
{"target": 0.731836908102091, "params": {"bagging_fraction": 0.8, "bagging_freq": 2.0, "batch_size": 10.0, "feature_fraction": 0.48983311126576495, "learning_rate": 0.47791418070300473, "min_gain_to_split": 0.0902586170879307, "nFile": 10.0, "num_iterations": 838.6313366466234, "num_leaves": 25.692898151874527}, "datetime": {"datetime": "2022-12-18 16:02:11", "elapsed": 2834.763316, "delta": 772.1712}}
{"target": 0.7315326085515375, "params": {"bagging_fraction": 0.8, "bagging_freq": 2.0, "batch_size": 10.0, "feature_fraction": 0.7273854850425641, "learning_rate": 0.07460402629422087, "min_gain_to_split": 0.023893879225742227, "nFile": 10.0, "num_iterations": 216.1571748455536, "num_leaves": 27.91019305164599}, "datetime": {"datetime": "2022-12-18 16:09:01", "elapsed": 3245.463556, "delta": 410.70024}}
{"target": 0.7340006927595151, "params": {"bagging_fraction": 0.8, "bagging_freq": 2.0, "batch_size": 10.0, "feature_fraction": 0.35307849183340156, "learning_rate": 0.2256773190241502, "min_gain_to_split": 0.09727926026222289, "nFile": 10.0, "num_iterations": 278.81317242516604, "num_leaves": 22.19865942302569}, "datetime": {"datetime": "2022-12-18 16:13:10", "elapsed": 3493.59048, "delta": 248.126924}}
{"target": 0.7353243178098593, "params": {"bagging_fraction": 0.8, "bagging_freq": 2.0, "batch_size": 10.0, "feature_fraction": 0.5737087823315985, "learning_rate": 0.042654492493032575, "min_gain_to_split": 0.0062734423702448154, "nFile": 10.0, "num_iterations": 914.9277026959685, "num_leaves": 24.96500518376766}, "datetime": {"datetime": "2022-12-18 16:33:49", "elapsed": 4732.834865, "delta": 1239.244385}}
{"target": 0.7364118598039923, "params": {"bagging_fraction": 0.8, "bagging_freq": 2.0, "batch_size": 10.0, "feature_fraction": 0.5206383687385852, "learning_rate": 0.25414479434050913, "min_gain_to_split": 0.05084994259410275, "nFile": 10.0, "num_iterations": 812.1615319507127, "num_leaves": 19.901281353079987}, "datetime": {"datetime": "2022-12-18 16:47:30", "elapsed": 5554.580379, "delta": 821.745514}}
{"target": 0.7353666721291285, "params": {"bagging_fraction": 0.8, "bagging_freq": 2.0, "batch_size": 10.0, "feature_fraction": 0.4950824668903172, "learning_rate": 0.06588913059573893, "min_gain_to_split": 0.05097975073743007, "nFile": 10.0, "num_iterations": 810.2491897357401, "num_leaves": 20.288751770194047}, "datetime": {"datetime": "2022-12-18 17:04:23", "elapsed": 6567.328993, "delta": 1012.748614}}
{"target": 0.7356603172409528, "params": {"bagging_fraction": 0.8, "bagging_freq": 2.0, "batch_size": 10.0, "feature_fraction": 0.6426759987824551, "learning_rate": 0.2054115071595299, "min_gain_to_split": 0.06015798532510397, "nFile": 10.0, "num_iterations": 818.9119023545231, "num_leaves": 11.784719205581954}, "datetime": {"datetime": "2022-12-18 17:18:47", "elapsed": 7431.15402, "delta": 863.825027}}
{"target": 0.734523780857096, "params": {"bagging_fraction": 0.8, "bagging_freq": 2.0, "batch_size": 10.0, "feature_fraction": 0.7407162555475721, "learning_rate": 0.39716453204058033, "min_gain_to_split": 0.01773656924138122, "nFile": 10.0, "num_iterations": 820.3446940596382, "num_leaves": 27.485802192519184}, "datetime": {"datetime": "2022-12-18 17:33:46", "elapsed": 8329.757159, "delta": 898.603139}}
{"target": 0.7337603940142826, "params": {"bagging_fraction": 0.8, "bagging_freq": 2.0, "batch_size": 10.0, "feature_fraction": 0.739068648533455, "learning_rate": 0.4003600648423039, "min_gain_to_split": 0.06930526037641059, "nFile": 10.0, "num_iterations": 930.2812596281553, "num_leaves": 28.08682233103593}, "datetime": {"datetime": "2022-12-18 17:50:31", "elapsed": 9335.106896, "delta": 1005.349737}}
{"target": 0.7354930567809481, "params": {"bagging_fraction": 0.8, "bagging_freq": 2.0, "batch_size": 10.0, "feature_fraction": 0.7507932633836905, "learning_rate": 0.3623238572143897, "min_gain_to_split": 0.045746766660345384, "nFile": 10.0, "num_iterations": 915.6183363510926, "num_leaves": 9.795159147195138}, "datetime": {"datetime": "2022-12-18 18:05:39", "elapsed": 10242.825508, "delta": 907.718612}}
{"target": 0.7356455560929105, "params": {"bagging_fraction": 0.8, "bagging_freq": 2.0, "batch_size": 10.0, "feature_fraction": 0.42031939436613025, "learning_rate": 0.11533375272105298, "min_gain_to_split": 0.06228215102435049, "nFile": 10.0, "num_iterations": 901.4238536986037, "num_leaves": 15.964721147432874}, "datetime": {"datetime": "2022-12-18 18:18:31", "elapsed": 11014.847128, "delta": 772.02162}}
{"target": 0.7295172454744113, "params": {"bagging_fraction": 0.8, "bagging_freq": 2.0, "batch_size": 10.0, "feature_fraction": 0.2199589954388231, "learning_rate": 0.5, "min_gain_to_split": 0.001, "nFile": 10.0, "num_iterations": 896.0117963974716, "num_leaves": 30.0}, "datetime": {"datetime": "2022-12-18 18:25:50", "elapsed": 11454.030761, "delta": 439.183633}}
{"target": 0.7327020755938501, "params": {"bagging_fraction": 0.8, "bagging_freq": 2.0, "batch_size": 10.0, "feature_fraction": 0.6059193224248162, "learning_rate": 0.24676263347761987, "min_gain_to_split": 0.050157016739060194, "nFile": 10.0, "num_iterations": 900.9853956459904, "num_leaves": 5.42105137078299}, "datetime": {"datetime": "2022-12-18 18:40:24", "elapsed": 12328.385901, "delta": 874.35514}}
{"target": 0.7337264696192165, "params": {"bagging_fraction": 0.8, "bagging_freq": 2.0, "batch_size": 10.0, "feature_fraction": 0.4395720483467923, "learning_rate": 0.47959547804889313, "min_gain_to_split": 0.07654097961382948, "nFile": 10.0, "num_iterations": 930.0217851705714, "num_leaves": 9.830785591005597}, "datetime": {"datetime": "2022-12-18 18:52:38", "elapsed": 13062.348648, "delta": 733.962747}}
{"target": 0.7352747562177606, "params": {"bagging_fraction": 0.8, "bagging_freq": 2.0, "batch_size": 10.0, "feature_fraction": 0.43563787881161425, "learning_rate": 0.3059656115492415, "min_gain_to_split": 0.029242616533102832, "nFile": 10.0, "num_iterations": 469.2425764485828, "num_leaves": 28.5916347489605}, "datetime": {"datetime": "2022-12-18 18:59:51", "elapsed": 13495.296705, "delta": 432.948057}}
{"target": 0.7313661300652758, "params": {"bagging_fraction": 0.8, "bagging_freq": 2.0, "batch_size": 10.0, "feature_fraction": 0.4202727932851375, "learning_rate": 0.08099677634825268, "min_gain_to_split": 0.04795618764724132, "nFile": 10.0, "num_iterations": 471.5089969523692, "num_leaves": 13.566834035614038}, "datetime": {"datetime": "2022-12-18 19:07:49", "elapsed": 13973.340953, "delta": 478.044248}}
{"target": 0.7333481923272549, "params": {"bagging_fraction": 0.8, "bagging_freq": 2.0, "batch_size": 10.0, "feature_fraction": 0.8, "learning_rate": 0.5, "min_gain_to_split": 0.001, "nFile": 10.0, "num_iterations": 807.7524001715343, "num_leaves": 5.085867473876081}, "datetime": {"datetime": "2022-12-18 19:20:53", "elapsed": 14756.782083, "delta": 783.44113}}
{"target": 0.7367767235112199, "params": {"bagging_fraction": 0.8, "bagging_freq": 2.0, "batch_size": 10.0, "feature_fraction": 0.6367228695195613, "learning_rate": 0.23666990903313356, "min_gain_to_split": 0.007261911048129653, "nFile": 10.0, "num_iterations": 910.8864329163802, "num_leaves": 17.133926407001674}, "datetime": {"datetime": "2022-12-18 19:36:41", "elapsed": 15705.217821, "delta": 948.435738}}
{"target": 0.7336317571549336, "params": {"bagging_fraction": 0.8, "bagging_freq": 2.0, "batch_size": 10.0, "feature_fraction": 0.6324905893690228, "learning_rate": 0.049879949144431834, "min_gain_to_split": 0.08868609168348211, "nFile": 10.0, "num_iterations": 436.35430736911354, "num_leaves": 29.64404702659545}, "datetime": {"datetime": "2022-12-18 19:49:35", "elapsed": 16479.516902, "delta": 774.299081}}
{"target": 0.7336720378502484, "params": {"bagging_fraction": 0.8, "bagging_freq": 2.0, "batch_size": 10.0, "feature_fraction": 0.7347105780294465, "learning_rate": 0.43654482016603835, "min_gain_to_split": 0.011079468063706525, "nFile": 10.0, "num_iterations": 483.62609846466995, "num_leaves": 29.918163410058302}, "datetime": {"datetime": "2022-12-18 19:58:35", "elapsed": 17019.00776, "delta": 539.490858}}
