{"target": 0.6985018696732453, "params": {"bagging_fraction": 0.8, "bagging_freq": 2.0, "batch_size": 10.0, "feature_fraction": 0.3694375063802676, "learning_rate": 0.11130163626756465, "min_gain_to_split": 0.06893598643850922, "nFile": 40.0, "num_iterations": 453.1982198185276, "num_leaves": 20.45130868132023}, "datetime": {"datetime": "2022-12-19 07:29:09", "elapsed": 0.0, "delta": 0.0}}
{"target": 0.697747829930711, "params": {"bagging_fraction": 0.8, "bagging_freq": 2.0, "batch_size": 10.0, "feature_fraction": 0.7309685230258842, "learning_rate": 0.150904434993874, "min_gain_to_split": 0.05936860465625675, "nFile": 40.0, "num_iterations": 860.5844399136801, "num_leaves": 6.626885976429837}, "datetime": {"datetime": "2022-12-19 07:47:19", "elapsed": 1089.977196, "delta": 1089.977196}}
{"target": 0.6801212249339736, "params": {"bagging_fraction": 0.8, "bagging_freq": 2.0, "batch_size": 10.0, "feature_fraction": 0.5757098227761477, "learning_rate": 0.056128379242923215, "min_gain_to_split": 0.0010523523057583296, "nFile": 40.0, "num_iterations": 227.3506819526708, "num_leaves": 15.539913154153993}, "datetime": {"datetime": "2022-12-19 07:55:01", "elapsed": 1551.274644, "delta": 461.297448}}
{"target": 0.6911287102256269, "params": {"bagging_fraction": 0.8, "bagging_freq": 2.0, "batch_size": 10.0, "feature_fraction": 0.6972508905936535, "learning_rate": 0.3592080672747931, "min_gain_to_split": 0.012803442724228148, "nFile": 40.0, "num_iterations": 216.78066793466195, "num_leaves": 6.938352293179429}, "datetime": {"datetime": "2022-12-19 08:01:38", "elapsed": 1948.563981, "delta": 397.289337}}
{"target": 0.7026595018238051, "params": {"bagging_fraction": 0.8, "bagging_freq": 2.0, "batch_size": 10.0, "feature_fraction": 0.528785175255804, "learning_rate": 0.29465442509932893, "min_gain_to_split": 0.0775877037384977, "nFile": 40.0, "num_iterations": 601.9360835305806, "num_leaves": 9.456181664253585}, "datetime": {"datetime": "2022-12-19 08:16:25", "elapsed": 2835.45105, "delta": 886.887069}}
