{"target": 0.7357630844756317, "params": {"bagging_fraction": 0.5655680954619303, "bagging_freq": 9.522663434333326, "batch_size": 10.0, "learning_rate": 0.02895718855274416, "nFile": 10.0, "num_iterations": 717.5998767137202, "num_leaves": 20.878224294505344}, "datetime": {"datetime": "2022-12-09 19:03:42", "elapsed": 0.0, "delta": 0.0}}
{"target": 0.5410224310396787, "params": {"bagging_fraction": 0.4531982198185276, "bagging_freq": 6.562471125275283, "batch_size": 10.0, "learning_rate": 0.001244023238887731, "nFile": 10.0, "num_iterations": 896.4527845388262, "num_leaves": 33.53892048981569}, "datetime": {"datetime": "2022-12-09 19:04:06", "elapsed": 23.621519, "delta": 23.621519}}
{"target": 0.5410224310396787, "params": {"bagging_fraction": 0.6306236786932431, "bagging_freq": 9.805842244133478, "batch_size": 10.0, "learning_rate": 0.007442468466662155, "nFile": 10.0, "num_iterations": 359.14099687052175, "num_leaves": 83.13430221482614}, "datetime": {"datetime": "2022-12-09 19:04:30", "elapsed": 48.28358, "delta": 24.662061}}
{"target": 0.738951826514886, "params": {"bagging_fraction": 0.6635647341642215, "bagging_freq": 1.9942994252230641, "batch_size": 10.0, "learning_rate": 0.09427445705269447, "nFile": 10.0, "num_iterations": 479.43687354954375, "num_leaves": 37.9164968141117}, "datetime": {"datetime": "2022-12-09 19:08:30", "elapsed": 287.87086, "delta": 239.58728}}
{"target": 0.7373787272195789, "params": {"bagging_fraction": 0.8828065759574634, "bagging_freq": 4.857416311170577, "batch_size": 10.0, "learning_rate": 0.07206733198437779, "nFile": 10.0, "num_iterations": 636.745755438648, "num_leaves": 17.326848281992092}, "datetime": {"datetime": "2022-12-09 19:15:47", "elapsed": 724.721304, "delta": 436.850444}}
{"target": 0.5410224310396787, "params": {"bagging_fraction": 0.16978068255445947, "bagging_freq": 8.480847301213762, "batch_size": 10.0, "learning_rate": 0.01703923542127215, "nFile": 10.0, "num_iterations": 629.6372396581083, "num_leaves": 78.49325106219476}, "datetime": {"datetime": "2022-12-09 19:16:09", "elapsed": 746.640449, "delta": 21.919145}}
{"target": 0.7371416550816285, "params": {"bagging_fraction": 0.690260912206213, "bagging_freq": 6.019360835305807, "batch_size": 10.0, "learning_rate": 0.0248177695905833, "nFile": 10.0, "num_iterations": 457.0711289468461, "num_leaves": 50.89024261707944}, "datetime": {"datetime": "2022-12-09 19:24:50", "elapsed": 1267.679729, "delta": 521.03928}}
{"target": 0.7335346361936388, "params": {"bagging_fraction": 0.9601658569793673, "bagging_freq": 9.114419735266427, "batch_size": 10.0, "learning_rate": 0.08224944703112858, "nFile": 10.0, "num_iterations": 308.650012841849, "num_leaves": 12.51027120846839}, "datetime": {"datetime": "2022-12-09 19:27:33", "elapsed": 1430.98214, "delta": 163.302411}}
{"target": 0.73468544792639, "params": {"bagging_fraction": 0.5191866338311598, "bagging_freq": 8.910782275638457, "batch_size": 10.0, "learning_rate": 0.023893879225742227, "nFile": 10.0, "num_iterations": 216.1571748455536, "num_leaves": 92.05873359625475}, "datetime": {"datetime": "2022-12-09 19:30:43", "elapsed": 1621.374266, "delta": 190.392126}}
{"target": 0.7368112815021922, "params": {"bagging_fraction": 0.3113177958201674, "bagging_freq": 6.543880917755522, "batch_size": 10.0, "learning_rate": 0.026257951152511252, "nFile": 10.0, "num_iterations": 975.2660023838444, "num_leaves": 27.74024482535567}, "datetime": {"datetime": "2022-12-09 19:37:29", "elapsed": 2027.286919, "delta": 405.912653}}
{"target": 0.7369940543393831, "params": {"bagging_fraction": 0.4068210000158816, "bagging_freq": 4.73336634100778, "batch_size": 10.0, "learning_rate": 0.050970685622395276, "nFile": 10.0, "num_iterations": 977.1273080247686, "num_leaves": 28.04243687456449}, "datetime": {"datetime": "2022-12-09 19:42:08", "elapsed": 2306.235257, "delta": 278.948338}}
{"target": 0.7360418004712013, "params": {"bagging_fraction": 0.5227710625896677, "bagging_freq": 8.302288429739082, "batch_size": 10.0, "learning_rate": 0.05598379040741494, "nFile": 10.0, "num_iterations": 247.07502475965765, "num_leaves": 32.41299276621176}, "datetime": {"datetime": "2022-12-09 19:44:40", "elapsed": 2458.037679, "delta": 151.802422}}
{"target": 0.7346048657210082, "params": {"bagging_fraction": 0.7086098544986864, "bagging_freq": 5.517233857900067, "batch_size": 10.0, "learning_rate": 0.05048354940425825, "nFile": 10.0, "num_iterations": 180.03463323061163, "num_leaves": 37.36935182566357}, "datetime": {"datetime": "2022-12-09 19:47:07", "elapsed": 2604.58489, "delta": 146.547211}}
{"target": 0.5410224310396787, "params": {"bagging_fraction": 0.24248288146598942, "bagging_freq": 1.0, "batch_size": 10.0, "learning_rate": 0.001, "nFile": 10.0, "num_iterations": 145.36001629627538, "num_leaves": 100.0}, "datetime": {"datetime": "2022-12-09 19:47:26", "elapsed": 2623.666557, "delta": 19.081667}}
{"target": 0.7382134088823068, "params": {"bagging_fraction": 0.2610753672171253, "bagging_freq": 3.2436145119443154, "batch_size": 10.0, "learning_rate": 0.08751563692338854, "nFile": 10.0, "num_iterations": 494.652037200669, "num_leaves": 92.24624216102326}, "datetime": {"datetime": "2022-12-09 19:49:25", "elapsed": 2742.605304, "delta": 118.938747}}
{"target": 0.6822662690619852, "params": {"bagging_fraction": 1.0, "bagging_freq": 1.0, "batch_size": 10.0, "learning_rate": 0.1, "nFile": 10.0, "num_iterations": 676.9807618690015, "num_leaves": 5.0}, "datetime": {"datetime": "2022-12-09 19:49:43", "elapsed": 2760.742866, "delta": 18.137562}}
{"target": 0.7131203443609229, "params": {"bagging_fraction": 0.5377558838606837, "bagging_freq": 9.563869454254755, "batch_size": 10.0, "learning_rate": 0.054037040187821656, "nFile": 10.0, "num_iterations": 210.58177687660026, "num_leaves": 5.760439114640987}, "datetime": {"datetime": "2022-12-09 19:50:57", "elapsed": 2835.530901, "delta": 74.788035}}
{"target": 0.5410224310396787, "params": {"bagging_fraction": 0.759128430790998, "bagging_freq": 10.0, "batch_size": 10.0, "learning_rate": 0.014985187316490504, "nFile": 10.0, "num_iterations": 761.7760843946224, "num_leaves": 53.121364776443436}, "datetime": {"datetime": "2022-12-09 19:51:19", "elapsed": 2856.776883, "delta": 21.245982}}
{"target": 0.7387043454689803, "params": {"bagging_fraction": 0.33847923884752346, "bagging_freq": 1.9516797290605798, "batch_size": 10.0, "learning_rate": 0.05356575904806132, "nFile": 10.0, "num_iterations": 260.2433958765052, "num_leaves": 78.93781281580986}, "datetime": {"datetime": "2022-12-09 19:55:06", "elapsed": 3083.607851, "delta": 226.830968}}
{"target": 0.6822662690619852, "params": {"bagging_fraction": 1.0, "bagging_freq": 1.0, "batch_size": 10.0, "learning_rate": 0.1, "nFile": 10.0, "num_iterations": 587.9272092429891, "num_leaves": 5.0}, "datetime": {"datetime": "2022-12-09 19:55:24", "elapsed": 3102.096225, "delta": 18.488374}}
{"target": 0.7389537333461882, "params": {"bagging_fraction": 0.5772906799028058, "bagging_freq": 8.015871893323293, "batch_size": 10.0, "learning_rate": 0.05568700281998729, "nFile": 10.0, "num_iterations": 999.9559135371148, "num_leaves": 80.91550761411678}, "datetime": {"datetime": "2022-12-09 19:58:49", "elapsed": 3307.35969, "delta": 205.263465}}
{"target": 0.681848482287224, "params": {"bagging_fraction": 0.9418195203723904, "bagging_freq": 8.472110322400958, "batch_size": 10.0, "learning_rate": 0.033841433905794784, "nFile": 10.0, "num_iterations": 439.85314491695635, "num_leaves": 5.671892572744656}, "datetime": {"datetime": "2022-12-09 19:59:14", "elapsed": 3332.243752, "delta": 24.884062}}
{"target": 0.5410224310396787, "params": {"bagging_fraction": 0.1, "bagging_freq": 10.0, "batch_size": 10.0, "learning_rate": 0.001, "nFile": 10.0, "num_iterations": 525.716057942321, "num_leaves": 56.34003878028364}, "datetime": {"datetime": "2022-12-09 19:59:31", "elapsed": 3349.269891, "delta": 17.026139}}
{"target": 0.5410224310396787, "params": {"bagging_fraction": 1.0, "bagging_freq": 1.0, "batch_size": 10.0, "learning_rate": 0.001, "nFile": 10.0, "num_iterations": 218.1157787182534, "num_leaves": 54.99181418985342}, "datetime": {"datetime": "2022-12-09 19:59:51", "elapsed": 3369.530937, "delta": 20.261046}}
{"target": 0.7389194215059027, "params": {"bagging_fraction": 0.39588100956239314, "bagging_freq": 1.630013943985178, "batch_size": 10.0, "learning_rate": 0.07202500880621125, "nFile": 10.0, "num_iterations": 473.8653274657008, "num_leaves": 74.35061646346698}, "datetime": {"datetime": "2022-12-09 20:03:06", "elapsed": 3564.250747, "delta": 194.71981}}
